[2022-03-01 03:53:53] local.ERROR: SQLSTATE[HY000] [2002] No connection could be made because the target machine actively refused it.
 (SQL: select * from `countries` order by `country_code` asc) {"exception":"[object] (Illuminate\\Database\\QueryException(code: 2002): SQLSTATE[HY000] [2002] No connection could be made because the target machine actively refused it.
 (SQL: select * from `countries` order by `country_code` asc) at D:\\Panya.l\\MyProject\\xampp\\htdocs\\Project\\TPC_New\\frontend\\vendor\\laravel\\framework\\src\\Illuminate\\Database\\Connection.php:669)
[stacktrace]
#0 D:\\Panya.l\\MyProject\\xampp\\htdocs\\Project\\TPC_New\\frontend\\vendor\\laravel\\framework\\src\\Illuminate\\Database\\Connection.php(629): Illuminate\\Database\\Connection->runQueryCallback('select * from `...', Array, Object(Closure))
#1 D:\\Panya.l\\MyProject\\xampp\\htdocs\\Project\\TPC_New\\frontend\\vendor\\laravel\\framework\\src\\Illuminate\\Database\\Connection.php(338): Illuminate\\Database\\Connection->run('select * from `...', Array, Object(Closure))
#2 D:\\Panya.l\\MyProject\\xampp\\htdocs\\Project\\TPC_New\\frontend\\vendor\\laravel\\framework\\src\\Illuminate\\Database\\Query\\Builder.php(2159): Illuminate\\Database\\Connection->select('select * from `...', Array, true)
#3 D:\\Panya.l\\MyProject\\xampp\\htdocs\\Project\\TPC_New\\frontend\\vendor\\laravel\\framework\\src\\Illuminate\\Database\\Query\\Builder.php(2147): Illuminate\\Database\\Query\\Builder->runSelect()
#4 D:\\Panya.l\\MyProject\\xampp\\htdocs\\Project\\TPC_New\\frontend\\vendor\\laravel\\framework\\src\\Illuminate\\Database\\Query\\Builder.php(2619): Illuminate\\Database\\Query\\Builder->Illuminate\\Database\\Query\\{closure}()
#5 D:\\Panya.l\\MyProject\\xampp\\htdocs\\Project\\TPC_New\\frontend\\vendor\\laravel\\framework\\src\\Illuminate\\Database\\Query\\Builder.php(2148): Illuminate\\Database\\Query\\Builder->onceWithColumns(Array, Object(Closure))
#6 D:\\Panya.l\\MyProject\\xampp\\htdocs\\Project\\TPC_New\\frontend\\app\\Http\\Controllers\\ip2location.php(12): Illuminate\\Database\\Query\\Builder->get()
#7 D:\\Panya.l\\MyProject\\xampp\\htdocs\\Project\\TPC_New\\frontend\\app\\Http\\Controllers\\ContactNewController.php(19): App\\Http\\Controllers\\ip2location->countries()
#8 D:\\Panya.l\\MyProject\\xampp\\htdocs\\Project\\TPC_New\\frontend\\vendor\\laravel\\framework\\src\\Illuminate\\Routing\\Controller.php(54): App\\Http\\Controllers\\ContactNewController->index()
#9 D:\\Panya.l\\MyProject\\xampp\\htdocs\\Project\\TPC_New\\frontend\\vendor\\laravel\\framework\\src\\Illuminate\\Routing\\ControllerDispatcher.php(45): Illuminate\\Routing\\Controller->callAction('index', Array)
#10 D:\\Panya.l\\MyProject\\xampp\\htdocs\\Project\\TPC_New\\frontend\\vendor\\laravel\\framework\\src\\Illuminate\\Routing\\Route.php(219): Illuminate\\Routing\\ControllerDispatcher->dispatch(Object(Illuminate\\Routing\\Route), Object(App\\Http\\Controllers\\ContactNewController), 'index')
#11 D:\\Panya.l\\MyProject\\xampp\\htdocs\\Project\\TPC_New\\frontend\\vendor\\laravel\\framework\\src\\Illuminate\\Routing\\Route.php(176): Illuminate\\Routing\\Route->runController()
#12 D:\\Panya.l\\MyProject\\xampp\\htdocs\\Project\\TPC_New\\frontend\\vendor\\laravel\\framework\\src\\Illuminate\\Routing\\Router.php(681): Illuminate\\Routing\\Route->run()
#13 D:\\Panya.l\\MyProject\\xampp\\htdocs\\Project\\TPC_New\\frontend\\vendor\\laravel\\framework\\src\\Illuminate\\Pipeline\\Pipeline.php(130): Illuminate\\Routing\\Router->Illuminate\\Routing\\{closure}(Object(Illuminate\\Http\\Request))
#14 D:\\Panya.l\\MyProject\\xampp\\htdocs\\Project\\TPC_New\\frontend\\vendor\\laravel\\framework\\src\\Illuminate\\Routing\\Middleware\\SubstituteBindings.php(41): Illuminate\\Pipeline\\Pipeline->Illuminate\\Pipeline\\{closure}(Object(Illuminate\\Http\\Request))
#15 D:\\Panya.l\\MyProject\\xampp\\htdocs\\Project\\TPC_New\\frontend\\vendor\\laravel\\framework\\src\\Illuminate\\Pipeline\\Pipeline.php(171): Illuminate\\Routing\\Middleware\\SubstituteBindings->handle(Object(Illuminate\\Http\\Request), Object(Closure))
#16 D:\\Panya.l\\MyProject\\xampp\\htdocs\\Project\\TPC_New\\frontend\\vendor\\laravel\\framework\\src\\Illuminate\\Foundation\\Http\\Middleware\\VerifyCsrfToken.php(78): Illuminate\\Pipeline\\Pipeline->Illuminate\\Pipeline\\{closure}(Object(Illuminate\\Http\\Request))
#17 D:\\Panya.l\\MyProject\\xampp\\htdocs\\Project\\TPC_New\\frontend\\vendor\\laravel\\framework\\src\\Illuminate\\Pipeline\\Pipeline.php(171): Illuminate\\Foundation\\Http\\Middleware\\VerifyCsrfToken->handle(Object(Illuminate\\Http\\Request), Object(Closure))
#18 D:\\Panya.l\\MyProject\\xampp\\htdocs\\Project\\TPC_New\\frontend\\vendor\\laravel\\framework\\src\\Illuminate\\View\\Middleware\\ShareErrorsFromSession.php(49): Illuminate\\Pipeline\\Pipeline->Illuminate\\Pipeline\\{closure}(Object(Illuminate\\Http\\Request))
#19 D:\\Panya.l\\MyProject\\xampp\\htdocs\\Project\\TPC_New\\frontend\\vendor\\laravel\\framework\\src\\Illuminate\\Pipeline\\Pipeline.php(171): Illuminate\\View\\Middleware\\ShareErrorsFromSession->handle(Object(Illuminate\\Http\\Request), Object(Closure))
#20 D:\\Panya.l\\MyProject\\xampp\\htdocs\\Project\\TPC_New\\frontend\\vendor\\laravel\\framework\\src\\Illuminate\\Session\\Middleware\\StartSession.php(56): Illuminate\\Pipeline\\Pipeline->Illuminate\\Pipeline\\{closure}(Object(Illuminate\\Http\\Request))
#21 D:\\Panya.l\\MyProject\\xampp\\htdocs\\Project\\TPC_New\\frontend\\vendor\\laravel\\framework\\src\\Illuminate\\Pipeline\\Pipeline.php(171): Illuminate\\Session\\Middleware\\StartSession->handle(Object(Illuminate\\Http\\Request), Object(Closure))
#22 D:\\Panya.l\\MyProject\\xampp\\htdocs\\Project\\TPC_New\\frontend\\vendor\\laravel\\framework\\src\\Illuminate\\Cookie\\Middleware\\AddQueuedCookiesToResponse.php(37): Illuminate\\Pipeline\\Pipeline->Illuminate\\Pipeline\\{closure}(Object(Illuminate\\Http\\Request))
#23 D:\\Panya.l\\MyProject\\xampp\\htdocs\\Project\\TPC_New\\frontend\\vendor\\laravel\\framework\\src\\Illuminate\\Pipeline\\Pipeline.php(171): Illuminate\\Cookie\\Middleware\\AddQueuedCookiesToResponse->handle(Object(Illuminate\\Http\\Request), Object(Closure))
#24 D:\\Panya.l\\MyProject\\xampp\\htdocs\\Project\\TPC_New\\frontend\\vendor\\laravel\\framework\\src\\Illuminate\\Cookie\\Middleware\\EncryptCookies.php(67): Illuminate\\Pipeline\\Pipeline->Illuminate\\Pipeline\\{closure}(Object(Illuminate\\Http\\Request))
#25 D:\\Panya.l\\MyProject\\xampp\\htdocs\\Project\\TPC_New\\frontend\\vendor\\laravel\\framework\\src\\Illuminate\\Pipeline\\Pipeline.php(171): Illuminate\\Cookie\\Middleware\\EncryptCookies->handle(Object(Illuminate\\Http\\Request), Object(Closure))
#26 D:\\Panya.l\\MyProject\\xampp\\htdocs\\Project\\TPC_New\\frontend\\vendor\\laravel\\framework\\src\\Illuminate\\Pipeline\\Pipeline.php(105): Illuminate\\Pipeline\\Pipeline->Illuminate\\Pipeline\\{closure}(Object(Illuminate\\Http\\Request))
#27 D:\\Panya.l\\MyProject\\xampp\\htdocs\\Project\\TPC_New\\frontend\\vendor\\laravel\\framework\\src\\Illuminate\\Routing\\Router.php(683): Illuminate\\Pipeline\\Pipeline->then(Object(Closure))
#28 D:\\Panya.l\\MyProject\\xampp\\htdocs\\Project\\TPC_New\\frontend\\vendor\\laravel\\framework\\src\\Illuminate\\Routing\\Router.php(658): Illuminate\\Routing\\Router->runRouteWithinStack(Object(Illuminate\\Routing\\Route), Object(Illuminate\\Http\\Request))
#29 D:\\Panya.l\\MyProject\\xampp\\htdocs\\Project\\TPC_New\\frontend\\vendor\\laravel\\framework\\src\\Illuminate\\Routing\\Router.php(624): Illuminate\\Routing\\Router->runRoute(Object(Illuminate\\Http\\Request), Object(Illuminate\\Routing\\Route))
#30 D:\\Panya.l\\MyProject\\xampp\\htdocs\\Project\\TPC_New\\frontend\\vendor\\laravel\\framework\\src\\Illuminate\\Routing\\Router.php(613): Illuminate\\Routing\\Router->dispatchToRoute(Object(Illuminate\\Http\\Request))
#31 D:\\Panya.l\\MyProject\\xampp\\htdocs\\Project\\TPC_New\\frontend\\vendor\\laravel\\framework\\src\\Illuminate\\Foundation\\Http\\Kernel.php(170): Illuminate\\Routing\\Router->dispatch(Object(Illuminate\\Http\\Request))
#32 D:\\Panya.l\\MyProject\\xampp\\htdocs\\Project\\TPC_New\\frontend\\vendor\\laravel\\framework\\src\\Illuminate\\Pipeline\\Pipeline.php(130): Illuminate\\Foundation\\Http\\Kernel->Illuminate\\Foundation\\Http\\{closure}(Object(Illuminate\\Http\\Request))
#33 D:\\Panya.l\\MyProject\\xampp\\htdocs\\Project\\TPC_New\\frontend\\vendor\\laravel\\framework\\src\\Illuminate\\Foundation\\Http\\Middleware\\TransformsRequest.php(21): Illuminate\\Pipeline\\Pipeline->Illuminate\\Pipeline\\{closure}(Object(Illuminate\\Http\\Request))
#34 D:\\Panya.l\\MyProject\\xampp\\htdocs\\Project\\TPC_New\\frontend\\vendor\\laravel\\framework\\src\\Illuminate\\Pipeline\\Pipeline.php(171): Illuminate\\Foundation\\Http\\Middleware\\TransformsRequest->handle(Object(Illuminate\\Http\\Request), Object(Closure))
#35 D:\\Panya.l\\MyProject\\xampp\\htdocs\\Project\\TPC_New\\frontend\\vendor\\laravel\\framework\\src\\Illuminate\\Foundation\\Http\\Middleware\\TransformsRequest.php(21): Illuminate\\Pipeline\\Pipeline->Illuminate\\Pipeline\\{closure}(Object(Illuminate\\Http\\Request))
#36 D:\\Panya.l\\MyProject\\xampp\\htdocs\\Project\\TPC_New\\frontend\\vendor\\laravel\\framework\\src\\Illuminate\\Pipeline\\Pipeline.php(171): Illuminate\\Foundation\\Http\\Middleware\\TransformsRequest->handle(Object(Illuminate\\Http\\Request), Object(Closure))
#37 D:\\Panya.l\\MyProject\\xampp\\htdocs\\Project\\TPC_New\\frontend\\vendor\\laravel\\framework\\src\\Illuminate\\Foundation\\Http\\Middleware\\ValidatePostSize.php(27): Illuminate\\Pipeline\\Pipeline->Illuminate\\Pipeline\\{closure}(Object(Illuminate\\Http\\Request))
#38 D:\\Panya.l\\MyProject\\xampp\\htdocs\\Project\\TPC_New\\frontend\\vendor\\laravel\\framework\\src\\Illuminate\\Pipeline\\Pipeline.php(171): Illuminate\\Foundation\\Http\\Middleware\\ValidatePostSize->handle(Object(Illuminate\\Http\\Request), Object(Closure))
#39 D:\\Panya.l\\MyProject\\xampp\\htdocs\\Project\\TPC_New\\frontend\\vendor\\laravel\\framework\\src\\Illuminate\\Foundation\\Http\\Middleware\\CheckForMaintenanceMode.php(63): Illuminate\\Pipeline\\Pipeline->Illuminate\\Pipeline\\{closure}(Object(Illuminate\\Http\\Request))
#40 D:\\Panya.l\\MyProject\\xampp\\htdocs\\Project\\TPC_New\\frontend\\vendor\\laravel\\framework\\src\\Illuminate\\Pipeline\\Pipeline.php(171): Illuminate\\Foundation\\Http\\Middleware\\CheckForMaintenanceMode->handle(Object(Illuminate\\Http\\Request), Object(Closure))
#41 D:\\Panya.l\\MyProject\\xampp\\htdocs\\Project\\TPC_New\\frontend\\vendor\\fideloper\\proxy\\src\\TrustProxies.php(57): Illuminate\\Pipeline\\Pipeline->Illuminate\\Pipeline\\{closure}(Object(Illuminate\\Http\\Request))
#42 D:\\Panya.l\\MyProject\\xampp\\htdocs\\Project\\TPC_New\\frontend\\vendor\\laravel\\framework\\src\\Illuminate\\Pipeline\\Pipeline.php(171): Fideloper\\Proxy\\TrustProxies->handle(Object(Illuminate\\Http\\Request), Object(Closure))
#43 D:\\Panya.l\\MyProject\\xampp\\htdocs\\Project\\TPC_New\\frontend\\vendor\\laravel\\framework\\src\\Illuminate\\Pipeline\\Pipeline.php(105): Illuminate\\Pipeline\\Pipeline->Illuminate\\Pipeline\\{closure}(Object(Illuminate\\Http\\Request))
#44 D:\\Panya.l\\MyProject\\xampp\\htdocs\\Project\\TPC_New\\frontend\\vendor\\laravel\\framework\\src\\Illuminate\\Foundation\\Http\\Kernel.php(145): Illuminate\\Pipeline\\Pipeline->then(Object(Closure))
#45 D:\\Panya.l\\MyProject\\xampp\\htdocs\\Project\\TPC_New\\frontend\\vendor\\laravel\\framework\\src\\Illuminate\\Foundation\\Http\\Kernel.php(110): Illuminate\\Foundation\\Http\\Kernel->sendRequestThroughRouter(Object(Illuminate\\Http\\Request))
#46 D:\\Panya.l\\MyProject\\xampp\\htdocs\\Project\\TPC_New\\frontend\\public\\index.php(55): Illuminate\\Foundation\\Http\\Kernel->handle(Object(Illuminate\\Http\\Request))
#47 D:\\Panya.l\\MyProject\\xampp\\htdocs\\Project\\TPC_New\\frontend\\server.php(21): require_once('D:\\\\Panya.l\\\\MyPr...')
#48 {main}

[previous exception] [object] (PDOException(code: 2002): SQLSTATE[HY000] [2002] No connection could be made because the target machine actively refused it.
 at D:\\Panya.l\\MyProject\\xampp\\htdocs\\Project\\TPC_New\\frontend\\vendor\\laravel\\framework\\src\\Illuminate\\Database\\Connectors\\Connector.php:70)
[stacktrace]
#0 D:\\Panya.l\\MyProject\\xampp\\htdocs\\Project\\TPC_New\\frontend\\vendor\\laravel\\framework\\src\\Illuminate\\Database\\Connectors\\Connector.php(70): PDO->__construct('mysql:host=127....', 'tpc', '@dbTpcUsr0!+', Array)
#1 D:\\Panya.l\\MyProject\\xampp\\htdocs\\Project\\TPC_New\\frontend\\vendor\\laravel\\framework\\src\\Illuminate\\Database\\Connectors\\Connector.php(46): Illuminate\\Database\\Connectors\\Connector->createPdoConnection('mysql:host=127....', 'tpc', '@dbTpcUsr0!+', Array)
#2 D:\\Panya.l\\MyProject\\xampp\\htdocs\\Project\\TPC_New\\frontend\\vendor\\laravel\\framework\\src\\Illuminate\\Database\\Connectors\\MySqlConnector.php(24): Illuminate\\Database\\Connectors\\Connector->createConnection('mysql:host=127....', Array, Array)
#3 D:\\Panya.l\\MyProject\\xampp\\htdocs\\Project\\TPC_New\\frontend\\vendor\\laravel\\framework\\src\\Illuminate\\Database\\Connectors\\ConnectionFactory.php(182): Illuminate\\Database\\Connectors\\MySqlConnector->connect(Array)
#4 [internal function]: Illuminate\\Database\\Connectors\\ConnectionFactory->Illuminate\\Database\\Connectors\\{closure}()
#5 D:\\Panya.l\\MyProject\\xampp\\htdocs\\Project\\TPC_New\\frontend\\vendor\\laravel\\framework\\src\\Illuminate\\Database\\Connection.php(924): call_user_func(Object(Closure))
#6 D:\\Panya.l\\MyProject\\xampp\\htdocs\\Project\\TPC_New\\frontend\\vendor\\laravel\\framework\\src\\Illuminate\\Database\\Connection.php(959): Illuminate\\Database\\Connection->getPdo()
#7 D:\\Panya.l\\MyProject\\xampp\\htdocs\\Project\\TPC_New\\frontend\\vendor\\laravel\\framework\\src\\Illuminate\\Database\\Connection.php(404): Illuminate\\Database\\Connection->getReadPdo()
#8 D:\\Panya.l\\MyProject\\xampp\\htdocs\\Project\\TPC_New\\frontend\\vendor\\laravel\\framework\\src\\Illuminate\\Database\\Connection.php(330): Illuminate\\Database\\Connection->getPdoForSelect(true)
#9 D:\\Panya.l\\MyProject\\xampp\\htdocs\\Project\\TPC_New\\frontend\\vendor\\laravel\\framework\\src\\Illuminate\\Database\\Connection.php(662): Illuminate\\Database\\Connection->Illuminate\\Database\\{closure}('select * from `...', Array)
#10 D:\\Panya.l\\MyProject\\xampp\\htdocs\\Project\\TPC_New\\frontend\\vendor\\laravel\\framework\\src\\Illuminate\\Database\\Connection.php(629): Illuminate\\Database\\Connection->runQueryCallback('select * from `...', Array, Object(Closure))
#11 D:\\Panya.l\\MyProject\\xampp\\htdocs\\Project\\TPC_New\\frontend\\vendor\\laravel\\framework\\src\\Illuminate\\Database\\Connection.php(338): Illuminate\\Database\\Connection->run('select * from `...', Array, Object(Closure))
#12 D:\\Panya.l\\MyProject\\xampp\\htdocs\\Project\\TPC_New\\frontend\\vendor\\laravel\\framework\\src\\Illuminate\\Database\\Query\\Builder.php(2159): Illuminate\\Database\\Connection->select('select * from `...', Array, true)
#13 D:\\Panya.l\\MyProject\\xampp\\htdocs\\Project\\TPC_New\\frontend\\vendor\\laravel\\framework\\src\\Illuminate\\Database\\Query\\Builder.php(2147): Illuminate\\Database\\Query\\Builder->runSelect()
#14 D:\\Panya.l\\MyProject\\xampp\\htdocs\\Project\\TPC_New\\frontend\\vendor\\laravel\\framework\\src\\Illuminate\\Database\\Query\\Builder.php(2619): Illuminate\\Database\\Query\\Builder->Illuminate\\Database\\Query\\{closure}()
#15 D:\\Panya.l\\MyProject\\xampp\\htdocs\\Project\\TPC_New\\frontend\\vendor\\laravel\\framework\\src\\Illuminate\\Database\\Query\\Builder.php(2148): Illuminate\\Database\\Query\\Builder->onceWithColumns(Array, Object(Closure))
#16 D:\\Panya.l\\MyProject\\xampp\\htdocs\\Project\\TPC_New\\frontend\\app\\Http\\Controllers\\ip2location.php(12): Illuminate\\Database\\Query\\Builder->get()
#17 D:\\Panya.l\\MyProject\\xampp\\htdocs\\Project\\TPC_New\\frontend\\app\\Http\\Controllers\\ContactNewController.php(19): App\\Http\\Controllers\\ip2location->countries()
#18 D:\\Panya.l\\MyProject\\xampp\\htdocs\\Project\\TPC_New\\frontend\\vendor\\laravel\\framework\\src\\Illuminate\\Routing\\Controller.php(54): App\\Http\\Controllers\\ContactNewController->index()
#19 D:\\Panya.l\\MyProject\\xampp\\htdocs\\Project\\TPC_New\\frontend\\vendor\\laravel\\framework\\src\\Illuminate\\Routing\\ControllerDispatcher.php(45): Illuminate\\Routing\\Controller->callAction('index', Array)
#20 D:\\Panya.l\\MyProject\\xampp\\htdocs\\Project\\TPC_New\\frontend\\vendor\\laravel\\framework\\src\\Illuminate\\Routing\\Route.php(219): Illuminate\\Routing\\ControllerDispatcher->dispatch(Object(Illuminate\\Routing\\Route), Object(App\\Http\\Controllers\\ContactNewController), 'index')
#21 D:\\Panya.l\\MyProject\\xampp\\htdocs\\Project\\TPC_New\\frontend\\vendor\\laravel\\framework\\src\\Illuminate\\Routing\\Route.php(176): Illuminate\\Routing\\Route->runController()
#22 D:\\Panya.l\\MyProject\\xampp\\htdocs\\Project\\TPC_New\\frontend\\vendor\\laravel\\framework\\src\\Illuminate\\Routing\\Router.php(681): Illuminate\\Routing\\Route->run()
#23 D:\\Panya.l\\MyProject\\xampp\\htdocs\\Project\\TPC_New\\frontend\\vendor\\laravel\\framework\\src\\Illuminate\\Pipeline\\Pipeline.php(130): Illuminate\\Routing\\Router->Illuminate\\Routing\\{closure}(Object(Illuminate\\Http\\Request))
#24 D:\\Panya.l\\MyProject\\xampp\\htdocs\\Project\\TPC_New\\frontend\\vendor\\laravel\\framework\\src\\Illuminate\\Routing\\Middleware\\SubstituteBindings.php(41): Illuminate\\Pipeline\\Pipeline->Illuminate\\Pipeline\\{closure}(Object(Illuminate\\Http\\Request))
#25 D:\\Panya.l\\MyProject\\xampp\\htdocs\\Project\\TPC_New\\frontend\\vendor\\laravel\\framework\\src\\Illuminate\\Pipeline\\Pipeline.php(171): Illuminate\\Routing\\Middleware\\SubstituteBindings->handle(Object(Illuminate\\Http\\Request), Object(Closure))
#26 D:\\Panya.l\\MyProject\\xampp\\htdocs\\Project\\TPC_New\\frontend\\vendor\\laravel\\framework\\src\\Illuminate\\Foundation\\Http\\Middleware\\VerifyCsrfToken.php(78): Illuminate\\Pipeline\\Pipeline->Illuminate\\Pipeline\\{closure}(Object(Illuminate\\Http\\Request))
#27 D:\\Panya.l\\MyProject\\xampp\\htdocs\\Project\\TPC_New\\frontend\\vendor\\laravel\\framework\\src\\Illuminate\\Pipeline\\Pipeline.php(171): Illuminate\\Foundation\\Http\\Middleware\\VerifyCsrfToken->handle(Object(Illuminate\\Http\\Request), Object(Closure))
#28 D:\\Panya.l\\MyProject\\xampp\\htdocs\\Project\\TPC_New\\frontend\\vendor\\laravel\\framework\\src\\Illuminate\\View\\Middleware\\ShareErrorsFromSession.php(49): Illuminate\\Pipeline\\Pipeline->Illuminate\\Pipeline\\{closure}(Object(Illuminate\\Http\\Request))
#29 D:\\Panya.l\\MyProject\\xampp\\htdocs\\Project\\TPC_New\\frontend\\vendor\\laravel\\framework\\src\\Illuminate\\Pipeline\\Pipeline.php(171): Illuminate\\View\\Middleware\\ShareErrorsFromSession->handle(Object(Illuminate\\Http\\Request), Object(Closure))
#30 D:\\Panya.l\\MyProject\\xampp\\htdocs\\Project\\TPC_New\\frontend\\vendor\\laravel\\framework\\src\\Illuminate\\Session\\Middleware\\StartSession.php(56): Illuminate\\Pipeline\\Pipeline->Illuminate\\Pipeline\\{closure}(Object(Illuminate\\Http\\Request))
#31 D:\\Panya.l\\MyProject\\xampp\\htdocs\\Project\\TPC_New\\frontend\\vendor\\laravel\\framework\\src\\Illuminate\\Pipeline\\Pipeline.php(171): Illuminate\\Session\\Middleware\\StartSession->handle(Object(Illuminate\\Http\\Request), Object(Closure))
#32 D:\\Panya.l\\MyProject\\xampp\\htdocs\\Project\\TPC_New\\frontend\\vendor\\laravel\\framework\\src\\Illuminate\\Cookie\\Middleware\\AddQueuedCookiesToResponse.php(37): Illuminate\\Pipeline\\Pipeline->Illuminate\\Pipeline\\{closure}(Object(Illuminate\\Http\\Request))
#33 D:\\Panya.l\\MyProject\\xampp\\htdocs\\Project\\TPC_New\\frontend\\vendor\\laravel\\framework\\src\\Illuminate\\Pipeline\\Pipeline.php(171): Illuminate\\Cookie\\Middleware\\AddQueuedCookiesToResponse->handle(Object(Illuminate\\Http\\Request), Object(Closure))
#34 D:\\Panya.l\\MyProject\\xampp\\htdocs\\Project\\TPC_New\\frontend\\vendor\\laravel\\framework\\src\\Illuminate\\Cookie\\Middleware\\EncryptCookies.php(67): Illuminate\\Pipeline\\Pipeline->Illuminate\\Pipeline\\{closure}(Object(Illuminate\\Http\\Request))
#35 D:\\Panya.l\\MyProject\\xampp\\htdocs\\Project\\TPC_New\\frontend\\vendor\\laravel\\framework\\src\\Illuminate\\Pipeline\\Pipeline.php(171): Illuminate\\Cookie\\Middleware\\EncryptCookies->handle(Object(Illuminate\\Http\\Request), Object(Closure))
#36 D:\\Panya.l\\MyProject\\xampp\\htdocs\\Project\\TPC_New\\frontend\\vendor\\laravel\\framework\\src\\Illuminate\\Pipeline\\Pipeline.php(105): Illuminate\\Pipeline\\Pipeline->Illuminate\\Pipeline\\{closure}(Object(Illuminate\\Http\\Request))
#37 D:\\Panya.l\\MyProject\\xampp\\htdocs\\Project\\TPC_New\\frontend\\vendor\\laravel\\framework\\src\\Illuminate\\Routing\\Router.php(683): Illuminate\\Pipeline\\Pipeline->then(Object(Closure))
#38 D:\\Panya.l\\MyProject\\xampp\\htdocs\\Project\\TPC_New\\frontend\\vendor\\laravel\\framework\\src\\Illuminate\\Routing\\Router.php(658): Illuminate\\Routing\\Router->runRouteWithinStack(Object(Illuminate\\Routing\\Route), Object(Illuminate\\Http\\Request))
#39 D:\\Panya.l\\MyProject\\xampp\\htdocs\\Project\\TPC_New\\frontend\\vendor\\laravel\\framework\\src\\Illuminate\\Routing\\Router.php(624): Illuminate\\Routing\\Router->runRoute(Object(Illuminate\\Http\\Request), Object(Illuminate\\Routing\\Route))
#40 D:\\Panya.l\\MyProject\\xampp\\htdocs\\Project\\TPC_New\\frontend\\vendor\\laravel\\framework\\src\\Illuminate\\Routing\\Router.php(613): Illuminate\\Routing\\Router->dispatchToRoute(Object(Illuminate\\Http\\Request))
#41 D:\\Panya.l\\MyProject\\xampp\\htdocs\\Project\\TPC_New\\frontend\\vendor\\laravel\\framework\\src\\Illuminate\\Foundation\\Http\\Kernel.php(170): Illuminate\\Routing\\Router->dispatch(Object(Illuminate\\Http\\Request))
#42 D:\\Panya.l\\MyProject\\xampp\\htdocs\\Project\\TPC_New\\frontend\\vendor\\laravel\\framework\\src\\Illuminate\\Pipeline\\Pipeline.php(130): Illuminate\\Foundation\\Http\\Kernel->Illuminate\\Foundation\\Http\\{closure}(Object(Illuminate\\Http\\Request))
#43 D:\\Panya.l\\MyProject\\xampp\\htdocs\\Project\\TPC_New\\frontend\\vendor\\laravel\\framework\\src\\Illuminate\\Foundation\\Http\\Middleware\\TransformsRequest.php(21): Illuminate\\Pipeline\\Pipeline->Illuminate\\Pipeline\\{closure}(Object(Illuminate\\Http\\Request))
#44 D:\\Panya.l\\MyProject\\xampp\\htdocs\\Project\\TPC_New\\frontend\\vendor\\laravel\\framework\\src\\Illuminate\\Pipeline\\Pipeline.php(171): Illuminate\\Foundation\\Http\\Middleware\\TransformsRequest->handle(Object(Illuminate\\Http\\Request), Object(Closure))
#45 D:\\Panya.l\\MyProject\\xampp\\htdocs\\Project\\TPC_New\\frontend\\vendor\\laravel\\framework\\src\\Illuminate\\Foundation\\Http\\Middleware\\TransformsRequest.php(21): Illuminate\\Pipeline\\Pipeline->Illuminate\\Pipeline\\{closure}(Object(Illuminate\\Http\\Request))
#46 D:\\Panya.l\\MyProject\\xampp\\htdocs\\Project\\TPC_New\\frontend\\vendor\\laravel\\framework\\src\\Illuminate\\Pipeline\\Pipeline.php(171): Illuminate\\Foundation\\Http\\Middleware\\TransformsRequest->handle(Object(Illuminate\\Http\\Request), Object(Closure))
#47 D:\\Panya.l\\MyProject\\xampp\\htdocs\\Project\\TPC_New\\frontend\\vendor\\laravel\\framework\\src\\Illuminate\\Foundation\\Http\\Middleware\\ValidatePostSize.php(27): Illuminate\\Pipeline\\Pipeline->Illuminate\\Pipeline\\{closure}(Object(Illuminate\\Http\\Request))
#48 D:\\Panya.l\\MyProject\\xampp\\htdocs\\Project\\TPC_New\\frontend\\vendor\\laravel\\framework\\src\\Illuminate\\Pipeline\\Pipeline.php(171): Illuminate\\Foundation\\Http\\Middleware\\ValidatePostSize->handle(Object(Illuminate\\Http\\Request), Object(Closure))
#49 D:\\Panya.l\\MyProject\\xampp\\htdocs\\Project\\TPC_New\\frontend\\vendor\\laravel\\framework\\src\\Illuminate\\Foundation\\Http\\Middleware\\CheckForMaintenanceMode.php(63): Illuminate\\Pipeline\\Pipeline->Illuminate\\Pipeline\\{closure}(Object(Illuminate\\Http\\Request))
#50 D:\\Panya.l\\MyProject\\xampp\\htdocs\\Project\\TPC_New\\frontend\\vendor\\laravel\\framework\\src\\Illuminate\\Pipeline\\Pipeline.php(171): Illuminate\\Foundation\\Http\\Middleware\\CheckForMaintenanceMode->handle(Object(Illuminate\\Http\\Request), Object(Closure))
#51 D:\\Panya.l\\MyProject\\xampp\\htdocs\\Project\\TPC_New\\frontend\\vendor\\fideloper\\proxy\\src\\TrustProxies.php(57): Illuminate\\Pipeline\\Pipeline->Illuminate\\Pipeline\\{closure}(Object(Illuminate\\Http\\Request))
#52 D:\\Panya.l\\MyProject\\xampp\\htdocs\\Project\\TPC_New\\frontend\\vendor\\laravel\\framework\\src\\Illuminate\\Pipeline\\Pipeline.php(171): Fideloper\\Proxy\\TrustProxies->handle(Object(Illuminate\\Http\\Request), Object(Closure))
#53 D:\\Panya.l\\MyProject\\xampp\\htdocs\\Project\\TPC_New\\frontend\\vendor\\laravel\\framework\\src\\Illuminate\\Pipeline\\Pipeline.php(105): Illuminate\\Pipeline\\Pipeline->Illuminate\\Pipeline\\{closure}(Object(Illuminate\\Http\\Request))
#54 D:\\Panya.l\\MyProject\\xampp\\htdocs\\Project\\TPC_New\\frontend\\vendor\\laravel\\framework\\src\\Illuminate\\Foundation\\Http\\Kernel.php(145): Illuminate\\Pipeline\\Pipeline->then(Object(Closure))
#55 D:\\Panya.l\\MyProject\\xampp\\htdocs\\Project\\TPC_New\\frontend\\vendor\\laravel\\framework\\src\\Illuminate\\Foundation\\Http\\Kernel.php(110): Illuminate\\Foundation\\Http\\Kernel->sendRequestThroughRouter(Object(Illuminate\\Http\\Request))
#56 D:\\Panya.l\\MyProject\\xampp\\htdocs\\Project\\TPC_New\\frontend\\public\\index.php(55): Illuminate\\Foundation\\Http\\Kernel->handle(Object(Illuminate\\Http\\Request))
#57 D:\\Panya.l\\MyProject\\xampp\\htdocs\\Project\\TPC_New\\frontend\\server.php(21): require_once('D:\\\\Panya.l\\\\MyPr...')
#58 {main}
"} 
[2022-03-01 03:59:25] local.ERROR: SQLSTATE[HY000] [2002] No connection could be made because the target machine actively refused it.
 (SQL: select * from `countries` order by `country_code` asc) {"exception":"[object] (Illuminate\\Database\\QueryException(code: 2002): SQLSTATE[HY000] [2002] No connection could be made because the target machine actively refused it.
 (SQL: select * from `countries` order by `country_code` asc) at D:\\Panya.l\\MyProject\\xampp\\htdocs\\Project\\TPC_New\\frontend\\vendor\\laravel\\framework\\src\\Illuminate\\Database\\Connection.php:669)
[stacktrace]
#0 D:\\Panya.l\\MyProject\\xampp\\htdocs\\Project\\TPC_New\\frontend\\vendor\\laravel\\framework\\src\\Illuminate\\Database\\Connection.php(629): Illuminate\\Database\\Connection->runQueryCallback('select * from `...', Array, Object(Closure))
#1 D:\\Panya.l\\MyProject\\xampp\\htdocs\\Project\\TPC_New\\frontend\\vendor\\laravel\\framework\\src\\Illuminate\\Database\\Connection.php(338): Illuminate\\Database\\Connection->run('select * from `...', Array, Object(Closure))
#2 D:\\Panya.l\\MyProject\\xampp\\htdocs\\Project\\TPC_New\\frontend\\vendor\\laravel\\framework\\src\\Illuminate\\Database\\Query\\Builder.php(2159): Illuminate\\Database\\Connection->select('select * from `...', Array, true)
#3 D:\\Panya.l\\MyProject\\xampp\\htdocs\\Project\\TPC_New\\frontend\\vendor\\laravel\\framework\\src\\Illuminate\\Database\\Query\\Builder.php(2147): Illuminate\\Database\\Query\\Builder->runSelect()
#4 D:\\Panya.l\\MyProject\\xampp\\htdocs\\Project\\TPC_New\\frontend\\vendor\\laravel\\framework\\src\\Illuminate\\Database\\Query\\Builder.php(2619): Illuminate\\Database\\Query\\Builder->Illuminate\\Database\\Query\\{closure}()
#5 D:\\Panya.l\\MyProject\\xampp\\htdocs\\Project\\TPC_New\\frontend\\vendor\\laravel\\framework\\src\\Illuminate\\Database\\Query\\Builder.php(2148): Illuminate\\Database\\Query\\Builder->onceWithColumns(Array, Object(Closure))
#6 D:\\Panya.l\\MyProject\\xampp\\htdocs\\Project\\TPC_New\\frontend\\app\\Http\\Controllers\\ip2location.php(12): Illuminate\\Database\\Query\\Builder->get()
#7 D:\\Panya.l\\MyProject\\xampp\\htdocs\\Project\\TPC_New\\frontend\\app\\Http\\Controllers\\ContactNewController.php(19): App\\Http\\Controllers\\ip2location->countries()
#8 D:\\Panya.l\\MyProject\\xampp\\htdocs\\Project\\TPC_New\\frontend\\vendor\\laravel\\framework\\src\\Illuminate\\Routing\\Controller.php(54): App\\Http\\Controllers\\ContactNewController->index()
#9 D:\\Panya.l\\MyProject\\xampp\\htdocs\\Project\\TPC_New\\frontend\\vendor\\laravel\\framework\\src\\Illuminate\\Routing\\ControllerDispatcher.php(45): Illuminate\\Routing\\Controller->callAction('index', Array)
#10 D:\\Panya.l\\MyProject\\xampp\\htdocs\\Project\\TPC_New\\frontend\\vendor\\laravel\\framework\\src\\Illuminate\\Routing\\Route.php(219): Illuminate\\Routing\\ControllerDispatcher->dispatch(Object(Illuminate\\Routing\\Route), Object(App\\Http\\Controllers\\ContactNewController), 'index')
#11 D:\\Panya.l\\MyProject\\xampp\\htdocs\\Project\\TPC_New\\frontend\\vendor\\laravel\\framework\\src\\Illuminate\\Routing\\Route.php(176): Illuminate\\Routing\\Route->runController()
#12 D:\\Panya.l\\MyProject\\xampp\\htdocs\\Project\\TPC_New\\frontend\\vendor\\laravel\\framework\\src\\Illuminate\\Routing\\Router.php(681): Illuminate\\Routing\\Route->run()
#13 D:\\Panya.l\\MyProject\\xampp\\htdocs\\Project\\TPC_New\\frontend\\vendor\\laravel\\framework\\src\\Illuminate\\Pipeline\\Pipeline.php(130): Illuminate\\Routing\\Router->Illuminate\\Routing\\{closure}(Object(Illuminate\\Http\\Request))
#14 D:\\Panya.l\\MyProject\\xampp\\htdocs\\Project\\TPC_New\\frontend\\vendor\\laravel\\framework\\src\\Illuminate\\Routing\\Middleware\\SubstituteBindings.php(41): Illuminate\\Pipeline\\Pipeline->Illuminate\\Pipeline\\{closure}(Object(Illuminate\\Http\\Request))
#15 D:\\Panya.l\\MyProject\\xampp\\htdocs\\Project\\TPC_New\\frontend\\vendor\\laravel\\framework\\src\\Illuminate\\Pipeline\\Pipeline.php(171): Illuminate\\Routing\\Middleware\\SubstituteBindings->handle(Object(Illuminate\\Http\\Request), Object(Closure))
#16 D:\\Panya.l\\MyProject\\xampp\\htdocs\\Project\\TPC_New\\frontend\\vendor\\laravel\\framework\\src\\Illuminate\\Foundation\\Http\\Middleware\\VerifyCsrfToken.php(78): Illuminate\\Pipeline\\Pipeline->Illuminate\\Pipeline\\{closure}(Object(Illuminate\\Http\\Request))
#17 D:\\Panya.l\\MyProject\\xampp\\htdocs\\Project\\TPC_New\\frontend\\vendor\\laravel\\framework\\src\\Illuminate\\Pipeline\\Pipeline.php(171): Illuminate\\Foundation\\Http\\Middleware\\VerifyCsrfToken->handle(Object(Illuminate\\Http\\Request), Object(Closure))
#18 D:\\Panya.l\\MyProject\\xampp\\htdocs\\Project\\TPC_New\\frontend\\vendor\\laravel\\framework\\src\\Illuminate\\View\\Middleware\\ShareErrorsFromSession.php(49): Illuminate\\Pipeline\\Pipeline->Illuminate\\Pipeline\\{closure}(Object(Illuminate\\Http\\Request))
#19 D:\\Panya.l\\MyProject\\xampp\\htdocs\\Project\\TPC_New\\frontend\\vendor\\laravel\\framework\\src\\Illuminate\\Pipeline\\Pipeline.php(171): Illuminate\\View\\Middleware\\ShareErrorsFromSession->handle(Object(Illuminate\\Http\\Request), Object(Closure))
#20 D:\\Panya.l\\MyProject\\xampp\\htdocs\\Project\\TPC_New\\frontend\\vendor\\laravel\\framework\\src\\Illuminate\\Session\\Middleware\\StartSession.php(56): Illuminate\\Pipeline\\Pipeline->Illuminate\\Pipeline\\{closure}(Object(Illuminate\\Http\\Request))
#21 D:\\Panya.l\\MyProject\\xampp\\htdocs\\Project\\TPC_New\\frontend\\vendor\\laravel\\framework\\src\\Illuminate\\Pipeline\\Pipeline.php(171): Illuminate\\Session\\Middleware\\StartSession->handle(Object(Illuminate\\Http\\Request), Object(Closure))
#22 D:\\Panya.l\\MyProject\\xampp\\htdocs\\Project\\TPC_New\\frontend\\vendor\\laravel\\framework\\src\\Illuminate\\Cookie\\Middleware\\AddQueuedCookiesToResponse.php(37): Illuminate\\Pipeline\\Pipeline->Illuminate\\Pipeline\\{closure}(Object(Illuminate\\Http\\Request))
#23 D:\\Panya.l\\MyProject\\xampp\\htdocs\\Project\\TPC_New\\frontend\\vendor\\laravel\\framework\\src\\Illuminate\\Pipeline\\Pipeline.php(171): Illuminate\\Cookie\\Middleware\\AddQueuedCookiesToResponse->handle(Object(Illuminate\\Http\\Request), Object(Closure))
#24 D:\\Panya.l\\MyProject\\xampp\\htdocs\\Project\\TPC_New\\frontend\\vendor\\laravel\\framework\\src\\Illuminate\\Cookie\\Middleware\\EncryptCookies.php(67): Illuminate\\Pipeline\\Pipeline->Illuminate\\Pipeline\\{closure}(Object(Illuminate\\Http\\Request))
#25 D:\\Panya.l\\MyProject\\xampp\\htdocs\\Project\\TPC_New\\frontend\\vendor\\laravel\\framework\\src\\Illuminate\\Pipeline\\Pipeline.php(171): Illuminate\\Cookie\\Middleware\\EncryptCookies->handle(Object(Illuminate\\Http\\Request), Object(Closure))
#26 D:\\Panya.l\\MyProject\\xampp\\htdocs\\Project\\TPC_New\\frontend\\vendor\\laravel\\framework\\src\\Illuminate\\Pipeline\\Pipeline.php(105): Illuminate\\Pipeline\\Pipeline->Illuminate\\Pipeline\\{closure}(Object(Illuminate\\Http\\Request))
#27 D:\\Panya.l\\MyProject\\xampp\\htdocs\\Project\\TPC_New\\frontend\\vendor\\laravel\\framework\\src\\Illuminate\\Routing\\Router.php(683): Illuminate\\Pipeline\\Pipeline->then(Object(Closure))
#28 D:\\Panya.l\\MyProject\\xampp\\htdocs\\Project\\TPC_New\\frontend\\vendor\\laravel\\framework\\src\\Illuminate\\Routing\\Router.php(658): Illuminate\\Routing\\Router->runRouteWithinStack(Object(Illuminate\\Routing\\Route), Object(Illuminate\\Http\\Request))
#29 D:\\Panya.l\\MyProject\\xampp\\htdocs\\Project\\TPC_New\\frontend\\vendor\\laravel\\framework\\src\\Illuminate\\Routing\\Router.php(624): Illuminate\\Routing\\Router->runRoute(Object(Illuminate\\Http\\Request), Object(Illuminate\\Routing\\Route))
#30 D:\\Panya.l\\MyProject\\xampp\\htdocs\\Project\\TPC_New\\frontend\\vendor\\laravel\\framework\\src\\Illuminate\\Routing\\Router.php(613): Illuminate\\Routing\\Router->dispatchToRoute(Object(Illuminate\\Http\\Request))
#31 D:\\Panya.l\\MyProject\\xampp\\htdocs\\Project\\TPC_New\\frontend\\vendor\\laravel\\framework\\src\\Illuminate\\Foundation\\Http\\Kernel.php(170): Illuminate\\Routing\\Router->dispatch(Object(Illuminate\\Http\\Request))
#32 D:\\Panya.l\\MyProject\\xampp\\htdocs\\Project\\TPC_New\\frontend\\vendor\\laravel\\framework\\src\\Illuminate\\Pipeline\\Pipeline.php(130): Illuminate\\Foundation\\Http\\Kernel->Illuminate\\Foundation\\Http\\{closure}(Object(Illuminate\\Http\\Request))
#33 D:\\Panya.l\\MyProject\\xampp\\htdocs\\Project\\TPC_New\\frontend\\vendor\\laravel\\framework\\src\\Illuminate\\Foundation\\Http\\Middleware\\TransformsRequest.php(21): Illuminate\\Pipeline\\Pipeline->Illuminate\\Pipeline\\{closure}(Object(Illuminate\\Http\\Request))
#34 D:\\Panya.l\\MyProject\\xampp\\htdocs\\Project\\TPC_New\\frontend\\vendor\\laravel\\framework\\src\\Illuminate\\Pipeline\\Pipeline.php(171): Illuminate\\Foundation\\Http\\Middleware\\TransformsRequest->handle(Object(Illuminate\\Http\\Request), Object(Closure))
#35 D:\\Panya.l\\MyProject\\xampp\\htdocs\\Project\\TPC_New\\frontend\\vendor\\laravel\\framework\\src\\Illuminate\\Foundation\\Http\\Middleware\\TransformsRequest.php(21): Illuminate\\Pipeline\\Pipeline->Illuminate\\Pipeline\\{closure}(Object(Illuminate\\Http\\Request))
#36 D:\\Panya.l\\MyProject\\xampp\\htdocs\\Project\\TPC_New\\frontend\\vendor\\laravel\\framework\\src\\Illuminate\\Pipeline\\Pipeline.php(171): Illuminate\\Foundation\\Http\\Middleware\\TransformsRequest->handle(Object(Illuminate\\Http\\Request), Object(Closure))
#37 D:\\Panya.l\\MyProject\\xampp\\htdocs\\Project\\TPC_New\\frontend\\vendor\\laravel\\framework\\src\\Illuminate\\Foundation\\Http\\Middleware\\ValidatePostSize.php(27): Illuminate\\Pipeline\\Pipeline->Illuminate\\Pipeline\\{closure}(Object(Illuminate\\Http\\Request))
#38 D:\\Panya.l\\MyProject\\xampp\\htdocs\\Project\\TPC_New\\frontend\\vendor\\laravel\\framework\\src\\Illuminate\\Pipeline\\Pipeline.php(171): Illuminate\\Foundation\\Http\\Middleware\\ValidatePostSize->handle(Object(Illuminate\\Http\\Request), Object(Closure))
#39 D:\\Panya.l\\MyProject\\xampp\\htdocs\\Project\\TPC_New\\frontend\\vendor\\laravel\\framework\\src\\Illuminate\\Foundation\\Http\\Middleware\\CheckForMaintenanceMode.php(63): Illuminate\\Pipeline\\Pipeline->Illuminate\\Pipeline\\{closure}(Object(Illuminate\\Http\\Request))
#40 D:\\Panya.l\\MyProject\\xampp\\htdocs\\Project\\TPC_New\\frontend\\vendor\\laravel\\framework\\src\\Illuminate\\Pipeline\\Pipeline.php(171): Illuminate\\Foundation\\Http\\Middleware\\CheckForMaintenanceMode->handle(Object(Illuminate\\Http\\Request), Object(Closure))
#41 D:\\Panya.l\\MyProject\\xampp\\htdocs\\Project\\TPC_New\\frontend\\vendor\\fideloper\\proxy\\src\\TrustProxies.php(57): Illuminate\\Pipeline\\Pipeline->Illuminate\\Pipeline\\{closure}(Object(Illuminate\\Http\\Request))
#42 D:\\Panya.l\\MyProject\\xampp\\htdocs\\Project\\TPC_New\\frontend\\vendor\\laravel\\framework\\src\\Illuminate\\Pipeline\\Pipeline.php(171): Fideloper\\Proxy\\TrustProxies->handle(Object(Illuminate\\Http\\Request), Object(Closure))
#43 D:\\Panya.l\\MyProject\\xampp\\htdocs\\Project\\TPC_New\\frontend\\vendor\\laravel\\framework\\src\\Illuminate\\Pipeline\\Pipeline.php(105): Illuminate\\Pipeline\\Pipeline->Illuminate\\Pipeline\\{closure}(Object(Illuminate\\Http\\Request))
#44 D:\\Panya.l\\MyProject\\xampp\\htdocs\\Project\\TPC_New\\frontend\\vendor\\laravel\\framework\\src\\Illuminate\\Foundation\\Http\\Kernel.php(145): Illuminate\\Pipeline\\Pipeline->then(Object(Closure))
#45 D:\\Panya.l\\MyProject\\xampp\\htdocs\\Project\\TPC_New\\frontend\\vendor\\laravel\\framework\\src\\Illuminate\\Foundation\\Http\\Kernel.php(110): Illuminate\\Foundation\\Http\\Kernel->sendRequestThroughRouter(Object(Illuminate\\Http\\Request))
#46 D:\\Panya.l\\MyProject\\xampp\\htdocs\\Project\\TPC_New\\frontend\\public\\index.php(55): Illuminate\\Foundation\\Http\\Kernel->handle(Object(Illuminate\\Http\\Request))
#47 D:\\Panya.l\\MyProject\\xampp\\htdocs\\Project\\TPC_New\\frontend\\server.php(21): require_once('D:\\\\Panya.l\\\\MyPr...')
#48 {main}

[previous exception] [object] (PDOException(code: 2002): SQLSTATE[HY000] [2002] No connection could be made because the target machine actively refused it.
 at D:\\Panya.l\\MyProject\\xampp\\htdocs\\Project\\TPC_New\\frontend\\vendor\\laravel\\framework\\src\\Illuminate\\Database\\Connectors\\Connector.php:70)
[stacktrace]
#0 D:\\Panya.l\\MyProject\\xampp\\htdocs\\Project\\TPC_New\\frontend\\vendor\\laravel\\framework\\src\\Illuminate\\Database\\Connectors\\Connector.php(70): PDO->__construct('mysql:host=127....', 'tpc', '@dbTpcUsr0!+', Array)
#1 D:\\Panya.l\\MyProject\\xampp\\htdocs\\Project\\TPC_New\\frontend\\vendor\\laravel\\framework\\src\\Illuminate\\Database\\Connectors\\Connector.php(46): Illuminate\\Database\\Connectors\\Connector->createPdoConnection('mysql:host=127....', 'tpc', '@dbTpcUsr0!+', Array)
#2 D:\\Panya.l\\MyProject\\xampp\\htdocs\\Project\\TPC_New\\frontend\\vendor\\laravel\\framework\\src\\Illuminate\\Database\\Connectors\\MySqlConnector.php(24): Illuminate\\Database\\Connectors\\Connector->createConnection('mysql:host=127....', Array, Array)
#3 D:\\Panya.l\\MyProject\\xampp\\htdocs\\Project\\TPC_New\\frontend\\vendor\\laravel\\framework\\src\\Illuminate\\Database\\Connectors\\ConnectionFactory.php(182): Illuminate\\Database\\Connectors\\MySqlConnector->connect(Array)
#4 [internal function]: Illuminate\\Database\\Connectors\\ConnectionFactory->Illuminate\\Database\\Connectors\\{closure}()
#5 D:\\Panya.l\\MyProject\\xampp\\htdocs\\Project\\TPC_New\\frontend\\vendor\\laravel\\framework\\src\\Illuminate\\Database\\Connection.php(924): call_user_func(Object(Closure))
#6 D:\\Panya.l\\MyProject\\xampp\\htdocs\\Project\\TPC_New\\frontend\\vendor\\laravel\\framework\\src\\Illuminate\\Database\\Connection.php(959): Illuminate\\Database\\Connection->getPdo()
#7 D:\\Panya.l\\MyProject\\xampp\\htdocs\\Project\\TPC_New\\frontend\\vendor\\laravel\\framework\\src\\Illuminate\\Database\\Connection.php(404): Illuminate\\Database\\Connection->getReadPdo()
#8 D:\\Panya.l\\MyProject\\xampp\\htdocs\\Project\\TPC_New\\frontend\\vendor\\laravel\\framework\\src\\Illuminate\\Database\\Connection.php(330): Illuminate\\Database\\Connection->getPdoForSelect(true)
#9 D:\\Panya.l\\MyProject\\xampp\\htdocs\\Project\\TPC_New\\frontend\\vendor\\laravel\\framework\\src\\Illuminate\\Database\\Connection.php(662): Illuminate\\Database\\Connection->Illuminate\\Database\\{closure}('select * from `...', Array)
#10 D:\\Panya.l\\MyProject\\xampp\\htdocs\\Project\\TPC_New\\frontend\\vendor\\laravel\\framework\\src\\Illuminate\\Database\\Connection.php(629): Illuminate\\Database\\Connection->runQueryCallback('select * from `...', Array, Object(Closure))
#11 D:\\Panya.l\\MyProject\\xampp\\htdocs\\Project\\TPC_New\\frontend\\vendor\\laravel\\framework\\src\\Illuminate\\Database\\Connection.php(338): Illuminate\\Database\\Connection->run('select * from `...', Array, Object(Closure))
#12 D:\\Panya.l\\MyProject\\xampp\\htdocs\\Project\\TPC_New\\frontend\\vendor\\laravel\\framework\\src\\Illuminate\\Database\\Query\\Builder.php(2159): Illuminate\\Database\\Connection->select('select * from `...', Array, true)
#13 D:\\Panya.l\\MyProject\\xampp\\htdocs\\Project\\TPC_New\\frontend\\vendor\\laravel\\framework\\src\\Illuminate\\Database\\Query\\Builder.php(2147): Illuminate\\Database\\Query\\Builder->runSelect()
#14 D:\\Panya.l\\MyProject\\xampp\\htdocs\\Project\\TPC_New\\frontend\\vendor\\laravel\\framework\\src\\Illuminate\\Database\\Query\\Builder.php(2619): Illuminate\\Database\\Query\\Builder->Illuminate\\Database\\Query\\{closure}()
#15 D:\\Panya.l\\MyProject\\xampp\\htdocs\\Project\\TPC_New\\frontend\\vendor\\laravel\\framework\\src\\Illuminate\\Database\\Query\\Builder.php(2148): Illuminate\\Database\\Query\\Builder->onceWithColumns(Array, Object(Closure))
#16 D:\\Panya.l\\MyProject\\xampp\\htdocs\\Project\\TPC_New\\frontend\\app\\Http\\Controllers\\ip2location.php(12): Illuminate\\Database\\Query\\Builder->get()
#17 D:\\Panya.l\\MyProject\\xampp\\htdocs\\Project\\TPC_New\\frontend\\app\\Http\\Controllers\\ContactNewController.php(19): App\\Http\\Controllers\\ip2location->countries()
#18 D:\\Panya.l\\MyProject\\xampp\\htdocs\\Project\\TPC_New\\frontend\\vendor\\laravel\\framework\\src\\Illuminate\\Routing\\Controller.php(54): App\\Http\\Controllers\\ContactNewController->index()
#19 D:\\Panya.l\\MyProject\\xampp\\htdocs\\Project\\TPC_New\\frontend\\vendor\\laravel\\framework\\src\\Illuminate\\Routing\\ControllerDispatcher.php(45): Illuminate\\Routing\\Controller->callAction('index', Array)
#20 D:\\Panya.l\\MyProject\\xampp\\htdocs\\Project\\TPC_New\\frontend\\vendor\\laravel\\framework\\src\\Illuminate\\Routing\\Route.php(219): Illuminate\\Routing\\ControllerDispatcher->dispatch(Object(Illuminate\\Routing\\Route), Object(App\\Http\\Controllers\\ContactNewController), 'index')
#21 D:\\Panya.l\\MyProject\\xampp\\htdocs\\Project\\TPC_New\\frontend\\vendor\\laravel\\framework\\src\\Illuminate\\Routing\\Route.php(176): Illuminate\\Routing\\Route->runController()
#22 D:\\Panya.l\\MyProject\\xampp\\htdocs\\Project\\TPC_New\\frontend\\vendor\\laravel\\framework\\src\\Illuminate\\Routing\\Router.php(681): Illuminate\\Routing\\Route->run()
#23 D:\\Panya.l\\MyProject\\xampp\\htdocs\\Project\\TPC_New\\frontend\\vendor\\laravel\\framework\\src\\Illuminate\\Pipeline\\Pipeline.php(130): Illuminate\\Routing\\Router->Illuminate\\Routing\\{closure}(Object(Illuminate\\Http\\Request))
#24 D:\\Panya.l\\MyProject\\xampp\\htdocs\\Project\\TPC_New\\frontend\\vendor\\laravel\\framework\\src\\Illuminate\\Routing\\Middleware\\SubstituteBindings.php(41): Illuminate\\Pipeline\\Pipeline->Illuminate\\Pipeline\\{closure}(Object(Illuminate\\Http\\Request))
#25 D:\\Panya.l\\MyProject\\xampp\\htdocs\\Project\\TPC_New\\frontend\\vendor\\laravel\\framework\\src\\Illuminate\\Pipeline\\Pipeline.php(171): Illuminate\\Routing\\Middleware\\SubstituteBindings->handle(Object(Illuminate\\Http\\Request), Object(Closure))
#26 D:\\Panya.l\\MyProject\\xampp\\htdocs\\Project\\TPC_New\\frontend\\vendor\\laravel\\framework\\src\\Illuminate\\Foundation\\Http\\Middleware\\VerifyCsrfToken.php(78): Illuminate\\Pipeline\\Pipeline->Illuminate\\Pipeline\\{closure}(Object(Illuminate\\Http\\Request))
#27 D:\\Panya.l\\MyProject\\xampp\\htdocs\\Project\\TPC_New\\frontend\\vendor\\laravel\\framework\\src\\Illuminate\\Pipeline\\Pipeline.php(171): Illuminate\\Foundation\\Http\\Middleware\\VerifyCsrfToken->handle(Object(Illuminate\\Http\\Request), Object(Closure))
#28 D:\\Panya.l\\MyProject\\xampp\\htdocs\\Project\\TPC_New\\frontend\\vendor\\laravel\\framework\\src\\Illuminate\\View\\Middleware\\ShareErrorsFromSession.php(49): Illuminate\\Pipeline\\Pipeline->Illuminate\\Pipeline\\{closure}(Object(Illuminate\\Http\\Request))
#29 D:\\Panya.l\\MyProject\\xampp\\htdocs\\Project\\TPC_New\\frontend\\vendor\\laravel\\framework\\src\\Illuminate\\Pipeline\\Pipeline.php(171): Illuminate\\View\\Middleware\\ShareErrorsFromSession->handle(Object(Illuminate\\Http\\Request), Object(Closure))
#30 D:\\Panya.l\\MyProject\\xampp\\htdocs\\Project\\TPC_New\\frontend\\vendor\\laravel\\framework\\src\\Illuminate\\Session\\Middleware\\StartSession.php(56): Illuminate\\Pipeline\\Pipeline->Illuminate\\Pipeline\\{closure}(Object(Illuminate\\Http\\Request))
#31 D:\\Panya.l\\MyProject\\xampp\\htdocs\\Project\\TPC_New\\frontend\\vendor\\laravel\\framework\\src\\Illuminate\\Pipeline\\Pipeline.php(171): Illuminate\\Session\\Middleware\\StartSession->handle(Object(Illuminate\\Http\\Request), Object(Closure))
#32 D:\\Panya.l\\MyProject\\xampp\\htdocs\\Project\\TPC_New\\frontend\\vendor\\laravel\\framework\\src\\Illuminate\\Cookie\\Middleware\\AddQueuedCookiesToResponse.php(37): Illuminate\\Pipeline\\Pipeline->Illuminate\\Pipeline\\{closure}(Object(Illuminate\\Http\\Request))
#33 D:\\Panya.l\\MyProject\\xampp\\htdocs\\Project\\TPC_New\\frontend\\vendor\\laravel\\framework\\src\\Illuminate\\Pipeline\\Pipeline.php(171): Illuminate\\Cookie\\Middleware\\AddQueuedCookiesToResponse->handle(Object(Illuminate\\Http\\Request), Object(Closure))
#34 D:\\Panya.l\\MyProject\\xampp\\htdocs\\Project\\TPC_New\\frontend\\vendor\\laravel\\framework\\src\\Illuminate\\Cookie\\Middleware\\EncryptCookies.php(67): Illuminate\\Pipeline\\Pipeline->Illuminate\\Pipeline\\{closure}(Object(Illuminate\\Http\\Request))
#35 D:\\Panya.l\\MyProject\\xampp\\htdocs\\Project\\TPC_New\\frontend\\vendor\\laravel\\framework\\src\\Illuminate\\Pipeline\\Pipeline.php(171): Illuminate\\Cookie\\Middleware\\EncryptCookies->handle(Object(Illuminate\\Http\\Request), Object(Closure))
#36 D:\\Panya.l\\MyProject\\xampp\\htdocs\\Project\\TPC_New\\frontend\\vendor\\laravel\\framework\\src\\Illuminate\\Pipeline\\Pipeline.php(105): Illuminate\\Pipeline\\Pipeline->Illuminate\\Pipeline\\{closure}(Object(Illuminate\\Http\\Request))
#37 D:\\Panya.l\\MyProject\\xampp\\htdocs\\Project\\TPC_New\\frontend\\vendor\\laravel\\framework\\src\\Illuminate\\Routing\\Router.php(683): Illuminate\\Pipeline\\Pipeline->then(Object(Closure))
#38 D:\\Panya.l\\MyProject\\xampp\\htdocs\\Project\\TPC_New\\frontend\\vendor\\laravel\\framework\\src\\Illuminate\\Routing\\Router.php(658): Illuminate\\Routing\\Router->runRouteWithinStack(Object(Illuminate\\Routing\\Route), Object(Illuminate\\Http\\Request))
#39 D:\\Panya.l\\MyProject\\xampp\\htdocs\\Project\\TPC_New\\frontend\\vendor\\laravel\\framework\\src\\Illuminate\\Routing\\Router.php(624): Illuminate\\Routing\\Router->runRoute(Object(Illuminate\\Http\\Request), Object(Illuminate\\Routing\\Route))
#40 D:\\Panya.l\\MyProject\\xampp\\htdocs\\Project\\TPC_New\\frontend\\vendor\\laravel\\framework\\src\\Illuminate\\Routing\\Router.php(613): Illuminate\\Routing\\Router->dispatchToRoute(Object(Illuminate\\Http\\Request))
#41 D:\\Panya.l\\MyProject\\xampp\\htdocs\\Project\\TPC_New\\frontend\\vendor\\laravel\\framework\\src\\Illuminate\\Foundation\\Http\\Kernel.php(170): Illuminate\\Routing\\Router->dispatch(Object(Illuminate\\Http\\Request))
#42 D:\\Panya.l\\MyProject\\xampp\\htdocs\\Project\\TPC_New\\frontend\\vendor\\laravel\\framework\\src\\Illuminate\\Pipeline\\Pipeline.php(130): Illuminate\\Foundation\\Http\\Kernel->Illuminate\\Foundation\\Http\\{closure}(Object(Illuminate\\Http\\Request))
#43 D:\\Panya.l\\MyProject\\xampp\\htdocs\\Project\\TPC_New\\frontend\\vendor\\laravel\\framework\\src\\Illuminate\\Foundation\\Http\\Middleware\\TransformsRequest.php(21): Illuminate\\Pipeline\\Pipeline->Illuminate\\Pipeline\\{closure}(Object(Illuminate\\Http\\Request))
#44 D:\\Panya.l\\MyProject\\xampp\\htdocs\\Project\\TPC_New\\frontend\\vendor\\laravel\\framework\\src\\Illuminate\\Pipeline\\Pipeline.php(171): Illuminate\\Foundation\\Http\\Middleware\\TransformsRequest->handle(Object(Illuminate\\Http\\Request), Object(Closure))
#45 D:\\Panya.l\\MyProject\\xampp\\htdocs\\Project\\TPC_New\\frontend\\vendor\\laravel\\framework\\src\\Illuminate\\Foundation\\Http\\Middleware\\TransformsRequest.php(21): Illuminate\\Pipeline\\Pipeline->Illuminate\\Pipeline\\{closure}(Object(Illuminate\\Http\\Request))
#46 D:\\Panya.l\\MyProject\\xampp\\htdocs\\Project\\TPC_New\\frontend\\vendor\\laravel\\framework\\src\\Illuminate\\Pipeline\\Pipeline.php(171): Illuminate\\Foundation\\Http\\Middleware\\TransformsRequest->handle(Object(Illuminate\\Http\\Request), Object(Closure))
#47 D:\\Panya.l\\MyProject\\xampp\\htdocs\\Project\\TPC_New\\frontend\\vendor\\laravel\\framework\\src\\Illuminate\\Foundation\\Http\\Middleware\\ValidatePostSize.php(27): Illuminate\\Pipeline\\Pipeline->Illuminate\\Pipeline\\{closure}(Object(Illuminate\\Http\\Request))
#48 D:\\Panya.l\\MyProject\\xampp\\htdocs\\Project\\TPC_New\\frontend\\vendor\\laravel\\framework\\src\\Illuminate\\Pipeline\\Pipeline.php(171): Illuminate\\Foundation\\Http\\Middleware\\ValidatePostSize->handle(Object(Illuminate\\Http\\Request), Object(Closure))
#49 D:\\Panya.l\\MyProject\\xampp\\htdocs\\Project\\TPC_New\\frontend\\vendor\\laravel\\framework\\src\\Illuminate\\Foundation\\Http\\Middleware\\CheckForMaintenanceMode.php(63): Illuminate\\Pipeline\\Pipeline->Illuminate\\Pipeline\\{closure}(Object(Illuminate\\Http\\Request))
#50 D:\\Panya.l\\MyProject\\xampp\\htdocs\\Project\\TPC_New\\frontend\\vendor\\laravel\\framework\\src\\Illuminate\\Pipeline\\Pipeline.php(171): Illuminate\\Foundation\\Http\\Middleware\\CheckForMaintenanceMode->handle(Object(Illuminate\\Http\\Request), Object(Closure))
#51 D:\\Panya.l\\MyProject\\xampp\\htdocs\\Project\\TPC_New\\frontend\\vendor\\fideloper\\proxy\\src\\TrustProxies.php(57): Illuminate\\Pipeline\\Pipeline->Illuminate\\Pipeline\\{closure}(Object(Illuminate\\Http\\Request))
#52 D:\\Panya.l\\MyProject\\xampp\\htdocs\\Project\\TPC_New\\frontend\\vendor\\laravel\\framework\\src\\Illuminate\\Pipeline\\Pipeline.php(171): Fideloper\\Proxy\\TrustProxies->handle(Object(Illuminate\\Http\\Request), Object(Closure))
#53 D:\\Panya.l\\MyProject\\xampp\\htdocs\\Project\\TPC_New\\frontend\\vendor\\laravel\\framework\\src\\Illuminate\\Pipeline\\Pipeline.php(105): Illuminate\\Pipeline\\Pipeline->Illuminate\\Pipeline\\{closure}(Object(Illuminate\\Http\\Request))
#54 D:\\Panya.l\\MyProject\\xampp\\htdocs\\Project\\TPC_New\\frontend\\vendor\\laravel\\framework\\src\\Illuminate\\Foundation\\Http\\Kernel.php(145): Illuminate\\Pipeline\\Pipeline->then(Object(Closure))
#55 D:\\Panya.l\\MyProject\\xampp\\htdocs\\Project\\TPC_New\\frontend\\vendor\\laravel\\framework\\src\\Illuminate\\Foundation\\Http\\Kernel.php(110): Illuminate\\Foundation\\Http\\Kernel->sendRequestThroughRouter(Object(Illuminate\\Http\\Request))
#56 D:\\Panya.l\\MyProject\\xampp\\htdocs\\Project\\TPC_New\\frontend\\public\\index.php(55): Illuminate\\Foundation\\Http\\Kernel->handle(Object(Illuminate\\Http\\Request))
#57 D:\\Panya.l\\MyProject\\xampp\\htdocs\\Project\\TPC_New\\frontend\\server.php(21): require_once('D:\\\\Panya.l\\\\MyPr...')
#58 {main}
"} 
[2022-03-01 03:59:58] local.ERROR: SQLSTATE[HY000] [2002] No connection could be made because the target machine actively refused it.
 (SQL: select * from `countries` order by `country_code` asc) {"exception":"[object] (Illuminate\\Database\\QueryException(code: 2002): SQLSTATE[HY000] [2002] No connection could be made because the target machine actively refused it.
 (SQL: select * from `countries` order by `country_code` asc) at D:\\Panya.l\\MyProject\\xampp\\htdocs\\Project\\TPC_New\\frontend\\vendor\\laravel\\framework\\src\\Illuminate\\Database\\Connection.php:669)
[stacktrace]
#0 D:\\Panya.l\\MyProject\\xampp\\htdocs\\Project\\TPC_New\\frontend\\vendor\\laravel\\framework\\src\\Illuminate\\Database\\Connection.php(629): Illuminate\\Database\\Connection->runQueryCallback('select * from `...', Array, Object(Closure))
#1 D:\\Panya.l\\MyProject\\xampp\\htdocs\\Project\\TPC_New\\frontend\\vendor\\laravel\\framework\\src\\Illuminate\\Database\\Connection.php(338): Illuminate\\Database\\Connection->run('select * from `...', Array, Object(Closure))
#2 D:\\Panya.l\\MyProject\\xampp\\htdocs\\Project\\TPC_New\\frontend\\vendor\\laravel\\framework\\src\\Illuminate\\Database\\Query\\Builder.php(2159): Illuminate\\Database\\Connection->select('select * from `...', Array, true)
#3 D:\\Panya.l\\MyProject\\xampp\\htdocs\\Project\\TPC_New\\frontend\\vendor\\laravel\\framework\\src\\Illuminate\\Database\\Query\\Builder.php(2147): Illuminate\\Database\\Query\\Builder->runSelect()
#4 D:\\Panya.l\\MyProject\\xampp\\htdocs\\Project\\TPC_New\\frontend\\vendor\\laravel\\framework\\src\\Illuminate\\Database\\Query\\Builder.php(2619): Illuminate\\Database\\Query\\Builder->Illuminate\\Database\\Query\\{closure}()
#5 D:\\Panya.l\\MyProject\\xampp\\htdocs\\Project\\TPC_New\\frontend\\vendor\\laravel\\framework\\src\\Illuminate\\Database\\Query\\Builder.php(2148): Illuminate\\Database\\Query\\Builder->onceWithColumns(Array, Object(Closure))
#6 D:\\Panya.l\\MyProject\\xampp\\htdocs\\Project\\TPC_New\\frontend\\app\\Http\\Controllers\\ip2location.php(12): Illuminate\\Database\\Query\\Builder->get()
#7 D:\\Panya.l\\MyProject\\xampp\\htdocs\\Project\\TPC_New\\frontend\\app\\Http\\Controllers\\ContactNewController.php(19): App\\Http\\Controllers\\ip2location->countries()
#8 D:\\Panya.l\\MyProject\\xampp\\htdocs\\Project\\TPC_New\\frontend\\vendor\\laravel\\framework\\src\\Illuminate\\Routing\\Controller.php(54): App\\Http\\Controllers\\ContactNewController->index()
#9 D:\\Panya.l\\MyProject\\xampp\\htdocs\\Project\\TPC_New\\frontend\\vendor\\laravel\\framework\\src\\Illuminate\\Routing\\ControllerDispatcher.php(45): Illuminate\\Routing\\Controller->callAction('index', Array)
#10 D:\\Panya.l\\MyProject\\xampp\\htdocs\\Project\\TPC_New\\frontend\\vendor\\laravel\\framework\\src\\Illuminate\\Routing\\Route.php(219): Illuminate\\Routing\\ControllerDispatcher->dispatch(Object(Illuminate\\Routing\\Route), Object(App\\Http\\Controllers\\ContactNewController), 'index')
#11 D:\\Panya.l\\MyProject\\xampp\\htdocs\\Project\\TPC_New\\frontend\\vendor\\laravel\\framework\\src\\Illuminate\\Routing\\Route.php(176): Illuminate\\Routing\\Route->runController()
#12 D:\\Panya.l\\MyProject\\xampp\\htdocs\\Project\\TPC_New\\frontend\\vendor\\laravel\\framework\\src\\Illuminate\\Routing\\Router.php(681): Illuminate\\Routing\\Route->run()
#13 D:\\Panya.l\\MyProject\\xampp\\htdocs\\Project\\TPC_New\\frontend\\vendor\\laravel\\framework\\src\\Illuminate\\Pipeline\\Pipeline.php(130): Illuminate\\Routing\\Router->Illuminate\\Routing\\{closure}(Object(Illuminate\\Http\\Request))
#14 D:\\Panya.l\\MyProject\\xampp\\htdocs\\Project\\TPC_New\\frontend\\vendor\\laravel\\framework\\src\\Illuminate\\Routing\\Middleware\\SubstituteBindings.php(41): Illuminate\\Pipeline\\Pipeline->Illuminate\\Pipeline\\{closure}(Object(Illuminate\\Http\\Request))
#15 D:\\Panya.l\\MyProject\\xampp\\htdocs\\Project\\TPC_New\\frontend\\vendor\\laravel\\framework\\src\\Illuminate\\Pipeline\\Pipeline.php(171): Illuminate\\Routing\\Middleware\\SubstituteBindings->handle(Object(Illuminate\\Http\\Request), Object(Closure))
#16 D:\\Panya.l\\MyProject\\xampp\\htdocs\\Project\\TPC_New\\frontend\\vendor\\laravel\\framework\\src\\Illuminate\\Foundation\\Http\\Middleware\\VerifyCsrfToken.php(78): Illuminate\\Pipeline\\Pipeline->Illuminate\\Pipeline\\{closure}(Object(Illuminate\\Http\\Request))
#17 D:\\Panya.l\\MyProject\\xampp\\htdocs\\Project\\TPC_New\\frontend\\vendor\\laravel\\framework\\src\\Illuminate\\Pipeline\\Pipeline.php(171): Illuminate\\Foundation\\Http\\Middleware\\VerifyCsrfToken->handle(Object(Illuminate\\Http\\Request), Object(Closure))
#18 D:\\Panya.l\\MyProject\\xampp\\htdocs\\Project\\TPC_New\\frontend\\vendor\\laravel\\framework\\src\\Illuminate\\View\\Middleware\\ShareErrorsFromSession.php(49): Illuminate\\Pipeline\\Pipeline->Illuminate\\Pipeline\\{closure}(Object(Illuminate\\Http\\Request))
#19 D:\\Panya.l\\MyProject\\xampp\\htdocs\\Project\\TPC_New\\frontend\\vendor\\laravel\\framework\\src\\Illuminate\\Pipeline\\Pipeline.php(171): Illuminate\\View\\Middleware\\ShareErrorsFromSession->handle(Object(Illuminate\\Http\\Request), Object(Closure))
#20 D:\\Panya.l\\MyProject\\xampp\\htdocs\\Project\\TPC_New\\frontend\\vendor\\laravel\\framework\\src\\Illuminate\\Session\\Middleware\\StartSession.php(56): Illuminate\\Pipeline\\Pipeline->Illuminate\\Pipeline\\{closure}(Object(Illuminate\\Http\\Request))
#21 D:\\Panya.l\\MyProject\\xampp\\htdocs\\Project\\TPC_New\\frontend\\vendor\\laravel\\framework\\src\\Illuminate\\Pipeline\\Pipeline.php(171): Illuminate\\Session\\Middleware\\StartSession->handle(Object(Illuminate\\Http\\Request), Object(Closure))
#22 D:\\Panya.l\\MyProject\\xampp\\htdocs\\Project\\TPC_New\\frontend\\vendor\\laravel\\framework\\src\\Illuminate\\Cookie\\Middleware\\AddQueuedCookiesToResponse.php(37): Illuminate\\Pipeline\\Pipeline->Illuminate\\Pipeline\\{closure}(Object(Illuminate\\Http\\Request))
#23 D:\\Panya.l\\MyProject\\xampp\\htdocs\\Project\\TPC_New\\frontend\\vendor\\laravel\\framework\\src\\Illuminate\\Pipeline\\Pipeline.php(171): Illuminate\\Cookie\\Middleware\\AddQueuedCookiesToResponse->handle(Object(Illuminate\\Http\\Request), Object(Closure))
#24 D:\\Panya.l\\MyProject\\xampp\\htdocs\\Project\\TPC_New\\frontend\\vendor\\laravel\\framework\\src\\Illuminate\\Cookie\\Middleware\\EncryptCookies.php(67): Illuminate\\Pipeline\\Pipeline->Illuminate\\Pipeline\\{closure}(Object(Illuminate\\Http\\Request))
#25 D:\\Panya.l\\MyProject\\xampp\\htdocs\\Project\\TPC_New\\frontend\\vendor\\laravel\\framework\\src\\Illuminate\\Pipeline\\Pipeline.php(171): Illuminate\\Cookie\\Middleware\\EncryptCookies->handle(Object(Illuminate\\Http\\Request), Object(Closure))
#26 D:\\Panya.l\\MyProject\\xampp\\htdocs\\Project\\TPC_New\\frontend\\vendor\\laravel\\framework\\src\\Illuminate\\Pipeline\\Pipeline.php(105): Illuminate\\Pipeline\\Pipeline->Illuminate\\Pipeline\\{closure}(Object(Illuminate\\Http\\Request))
#27 D:\\Panya.l\\MyProject\\xampp\\htdocs\\Project\\TPC_New\\frontend\\vendor\\laravel\\framework\\src\\Illuminate\\Routing\\Router.php(683): Illuminate\\Pipeline\\Pipeline->then(Object(Closure))
#28 D:\\Panya.l\\MyProject\\xampp\\htdocs\\Project\\TPC_New\\frontend\\vendor\\laravel\\framework\\src\\Illuminate\\Routing\\Router.php(658): Illuminate\\Routing\\Router->runRouteWithinStack(Object(Illuminate\\Routing\\Route), Object(Illuminate\\Http\\Request))
#29 D:\\Panya.l\\MyProject\\xampp\\htdocs\\Project\\TPC_New\\frontend\\vendor\\laravel\\framework\\src\\Illuminate\\Routing\\Router.php(624): Illuminate\\Routing\\Router->runRoute(Object(Illuminate\\Http\\Request), Object(Illuminate\\Routing\\Route))
#30 D:\\Panya.l\\MyProject\\xampp\\htdocs\\Project\\TPC_New\\frontend\\vendor\\laravel\\framework\\src\\Illuminate\\Routing\\Router.php(613): Illuminate\\Routing\\Router->dispatchToRoute(Object(Illuminate\\Http\\Request))
#31 D:\\Panya.l\\MyProject\\xampp\\htdocs\\Project\\TPC_New\\frontend\\vendor\\laravel\\framework\\src\\Illuminate\\Foundation\\Http\\Kernel.php(170): Illuminate\\Routing\\Router->dispatch(Object(Illuminate\\Http\\Request))
#32 D:\\Panya.l\\MyProject\\xampp\\htdocs\\Project\\TPC_New\\frontend\\vendor\\laravel\\framework\\src\\Illuminate\\Pipeline\\Pipeline.php(130): Illuminate\\Foundation\\Http\\Kernel->Illuminate\\Foundation\\Http\\{closure}(Object(Illuminate\\Http\\Request))
#33 D:\\Panya.l\\MyProject\\xampp\\htdocs\\Project\\TPC_New\\frontend\\vendor\\laravel\\framework\\src\\Illuminate\\Foundation\\Http\\Middleware\\TransformsRequest.php(21): Illuminate\\Pipeline\\Pipeline->Illuminate\\Pipeline\\{closure}(Object(Illuminate\\Http\\Request))
#34 D:\\Panya.l\\MyProject\\xampp\\htdocs\\Project\\TPC_New\\frontend\\vendor\\laravel\\framework\\src\\Illuminate\\Pipeline\\Pipeline.php(171): Illuminate\\Foundation\\Http\\Middleware\\TransformsRequest->handle(Object(Illuminate\\Http\\Request), Object(Closure))
#35 D:\\Panya.l\\MyProject\\xampp\\htdocs\\Project\\TPC_New\\frontend\\vendor\\laravel\\framework\\src\\Illuminate\\Foundation\\Http\\Middleware\\TransformsRequest.php(21): Illuminate\\Pipeline\\Pipeline->Illuminate\\Pipeline\\{closure}(Object(Illuminate\\Http\\Request))
#36 D:\\Panya.l\\MyProject\\xampp\\htdocs\\Project\\TPC_New\\frontend\\vendor\\laravel\\framework\\src\\Illuminate\\Pipeline\\Pipeline.php(171): Illuminate\\Foundation\\Http\\Middleware\\TransformsRequest->handle(Object(Illuminate\\Http\\Request), Object(Closure))
#37 D:\\Panya.l\\MyProject\\xampp\\htdocs\\Project\\TPC_New\\frontend\\vendor\\laravel\\framework\\src\\Illuminate\\Foundation\\Http\\Middleware\\ValidatePostSize.php(27): Illuminate\\Pipeline\\Pipeline->Illuminate\\Pipeline\\{closure}(Object(Illuminate\\Http\\Request))
#38 D:\\Panya.l\\MyProject\\xampp\\htdocs\\Project\\TPC_New\\frontend\\vendor\\laravel\\framework\\src\\Illuminate\\Pipeline\\Pipeline.php(171): Illuminate\\Foundation\\Http\\Middleware\\ValidatePostSize->handle(Object(Illuminate\\Http\\Request), Object(Closure))
#39 D:\\Panya.l\\MyProject\\xampp\\htdocs\\Project\\TPC_New\\frontend\\vendor\\laravel\\framework\\src\\Illuminate\\Foundation\\Http\\Middleware\\CheckForMaintenanceMode.php(63): Illuminate\\Pipeline\\Pipeline->Illuminate\\Pipeline\\{closure}(Object(Illuminate\\Http\\Request))
#40 D:\\Panya.l\\MyProject\\xampp\\htdocs\\Project\\TPC_New\\frontend\\vendor\\laravel\\framework\\src\\Illuminate\\Pipeline\\Pipeline.php(171): Illuminate\\Foundation\\Http\\Middleware\\CheckForMaintenanceMode->handle(Object(Illuminate\\Http\\Request), Object(Closure))
#41 D:\\Panya.l\\MyProject\\xampp\\htdocs\\Project\\TPC_New\\frontend\\vendor\\fideloper\\proxy\\src\\TrustProxies.php(57): Illuminate\\Pipeline\\Pipeline->Illuminate\\Pipeline\\{closure}(Object(Illuminate\\Http\\Request))
#42 D:\\Panya.l\\MyProject\\xampp\\htdocs\\Project\\TPC_New\\frontend\\vendor\\laravel\\framework\\src\\Illuminate\\Pipeline\\Pipeline.php(171): Fideloper\\Proxy\\TrustProxies->handle(Object(Illuminate\\Http\\Request), Object(Closure))
#43 D:\\Panya.l\\MyProject\\xampp\\htdocs\\Project\\TPC_New\\frontend\\vendor\\laravel\\framework\\src\\Illuminate\\Pipeline\\Pipeline.php(105): Illuminate\\Pipeline\\Pipeline->Illuminate\\Pipeline\\{closure}(Object(Illuminate\\Http\\Request))
#44 D:\\Panya.l\\MyProject\\xampp\\htdocs\\Project\\TPC_New\\frontend\\vendor\\laravel\\framework\\src\\Illuminate\\Foundation\\Http\\Kernel.php(145): Illuminate\\Pipeline\\Pipeline->then(Object(Closure))
#45 D:\\Panya.l\\MyProject\\xampp\\htdocs\\Project\\TPC_New\\frontend\\vendor\\laravel\\framework\\src\\Illuminate\\Foundation\\Http\\Kernel.php(110): Illuminate\\Foundation\\Http\\Kernel->sendRequestThroughRouter(Object(Illuminate\\Http\\Request))
#46 D:\\Panya.l\\MyProject\\xampp\\htdocs\\Project\\TPC_New\\frontend\\public\\index.php(55): Illuminate\\Foundation\\Http\\Kernel->handle(Object(Illuminate\\Http\\Request))
#47 D:\\Panya.l\\MyProject\\xampp\\htdocs\\Project\\TPC_New\\frontend\\server.php(21): require_once('D:\\\\Panya.l\\\\MyPr...')
#48 {main}

[previous exception] [object] (PDOException(code: 2002): SQLSTATE[HY000] [2002] No connection could be made because the target machine actively refused it.
 at D:\\Panya.l\\MyProject\\xampp\\htdocs\\Project\\TPC_New\\frontend\\vendor\\laravel\\framework\\src\\Illuminate\\Database\\Connectors\\Connector.php:70)
[stacktrace]
#0 D:\\Panya.l\\MyProject\\xampp\\htdocs\\Project\\TPC_New\\frontend\\vendor\\laravel\\framework\\src\\Illuminate\\Database\\Connectors\\Connector.php(70): PDO->__construct('mysql:host=127....', 'tpc', '@dbTpcUsr0!+', Array)
#1 D:\\Panya.l\\MyProject\\xampp\\htdocs\\Project\\TPC_New\\frontend\\vendor\\laravel\\framework\\src\\Illuminate\\Database\\Connectors\\Connector.php(46): Illuminate\\Database\\Connectors\\Connector->createPdoConnection('mysql:host=127....', 'tpc', '@dbTpcUsr0!+', Array)
#2 D:\\Panya.l\\MyProject\\xampp\\htdocs\\Project\\TPC_New\\frontend\\vendor\\laravel\\framework\\src\\Illuminate\\Database\\Connectors\\MySqlConnector.php(24): Illuminate\\Database\\Connectors\\Connector->createConnection('mysql:host=127....', Array, Array)
#3 D:\\Panya.l\\MyProject\\xampp\\htdocs\\Project\\TPC_New\\frontend\\vendor\\laravel\\framework\\src\\Illuminate\\Database\\Connectors\\ConnectionFactory.php(182): Illuminate\\Database\\Connectors\\MySqlConnector->connect(Array)
#4 [internal function]: Illuminate\\Database\\Connectors\\ConnectionFactory->Illuminate\\Database\\Connectors\\{closure}()
#5 D:\\Panya.l\\MyProject\\xampp\\htdocs\\Project\\TPC_New\\frontend\\vendor\\laravel\\framework\\src\\Illuminate\\Database\\Connection.php(924): call_user_func(Object(Closure))
#6 D:\\Panya.l\\MyProject\\xampp\\htdocs\\Project\\TPC_New\\frontend\\vendor\\laravel\\framework\\src\\Illuminate\\Database\\Connection.php(959): Illuminate\\Database\\Connection->getPdo()
#7 D:\\Panya.l\\MyProject\\xampp\\htdocs\\Project\\TPC_New\\frontend\\vendor\\laravel\\framework\\src\\Illuminate\\Database\\Connection.php(404): Illuminate\\Database\\Connection->getReadPdo()
#8 D:\\Panya.l\\MyProject\\xampp\\htdocs\\Project\\TPC_New\\frontend\\vendor\\laravel\\framework\\src\\Illuminate\\Database\\Connection.php(330): Illuminate\\Database\\Connection->getPdoForSelect(true)
#9 D:\\Panya.l\\MyProject\\xampp\\htdocs\\Project\\TPC_New\\frontend\\vendor\\laravel\\framework\\src\\Illuminate\\Database\\Connection.php(662): Illuminate\\Database\\Connection->Illuminate\\Database\\{closure}('select * from `...', Array)
#10 D:\\Panya.l\\MyProject\\xampp\\htdocs\\Project\\TPC_New\\frontend\\vendor\\laravel\\framework\\src\\Illuminate\\Database\\Connection.php(629): Illuminate\\Database\\Connection->runQueryCallback('select * from `...', Array, Object(Closure))
#11 D:\\Panya.l\\MyProject\\xampp\\htdocs\\Project\\TPC_New\\frontend\\vendor\\laravel\\framework\\src\\Illuminate\\Database\\Connection.php(338): Illuminate\\Database\\Connection->run('select * from `...', Array, Object(Closure))
#12 D:\\Panya.l\\MyProject\\xampp\\htdocs\\Project\\TPC_New\\frontend\\vendor\\laravel\\framework\\src\\Illuminate\\Database\\Query\\Builder.php(2159): Illuminate\\Database\\Connection->select('select * from `...', Array, true)
#13 D:\\Panya.l\\MyProject\\xampp\\htdocs\\Project\\TPC_New\\frontend\\vendor\\laravel\\framework\\src\\Illuminate\\Database\\Query\\Builder.php(2147): Illuminate\\Database\\Query\\Builder->runSelect()
#14 D:\\Panya.l\\MyProject\\xampp\\htdocs\\Project\\TPC_New\\frontend\\vendor\\laravel\\framework\\src\\Illuminate\\Database\\Query\\Builder.php(2619): Illuminate\\Database\\Query\\Builder->Illuminate\\Database\\Query\\{closure}()
#15 D:\\Panya.l\\MyProject\\xampp\\htdocs\\Project\\TPC_New\\frontend\\vendor\\laravel\\framework\\src\\Illuminate\\Database\\Query\\Builder.php(2148): Illuminate\\Database\\Query\\Builder->onceWithColumns(Array, Object(Closure))
#16 D:\\Panya.l\\MyProject\\xampp\\htdocs\\Project\\TPC_New\\frontend\\app\\Http\\Controllers\\ip2location.php(12): Illuminate\\Database\\Query\\Builder->get()
#17 D:\\Panya.l\\MyProject\\xampp\\htdocs\\Project\\TPC_New\\frontend\\app\\Http\\Controllers\\ContactNewController.php(19): App\\Http\\Controllers\\ip2location->countries()
#18 D:\\Panya.l\\MyProject\\xampp\\htdocs\\Project\\TPC_New\\frontend\\vendor\\laravel\\framework\\src\\Illuminate\\Routing\\Controller.php(54): App\\Http\\Controllers\\ContactNewController->index()
#19 D:\\Panya.l\\MyProject\\xampp\\htdocs\\Project\\TPC_New\\frontend\\vendor\\laravel\\framework\\src\\Illuminate\\Routing\\ControllerDispatcher.php(45): Illuminate\\Routing\\Controller->callAction('index', Array)
#20 D:\\Panya.l\\MyProject\\xampp\\htdocs\\Project\\TPC_New\\frontend\\vendor\\laravel\\framework\\src\\Illuminate\\Routing\\Route.php(219): Illuminate\\Routing\\ControllerDispatcher->dispatch(Object(Illuminate\\Routing\\Route), Object(App\\Http\\Controllers\\ContactNewController), 'index')
#21 D:\\Panya.l\\MyProject\\xampp\\htdocs\\Project\\TPC_New\\frontend\\vendor\\laravel\\framework\\src\\Illuminate\\Routing\\Route.php(176): Illuminate\\Routing\\Route->runController()
#22 D:\\Panya.l\\MyProject\\xampp\\htdocs\\Project\\TPC_New\\frontend\\vendor\\laravel\\framework\\src\\Illuminate\\Routing\\Router.php(681): Illuminate\\Routing\\Route->run()
#23 D:\\Panya.l\\MyProject\\xampp\\htdocs\\Project\\TPC_New\\frontend\\vendor\\laravel\\framework\\src\\Illuminate\\Pipeline\\Pipeline.php(130): Illuminate\\Routing\\Router->Illuminate\\Routing\\{closure}(Object(Illuminate\\Http\\Request))
#24 D:\\Panya.l\\MyProject\\xampp\\htdocs\\Project\\TPC_New\\frontend\\vendor\\laravel\\framework\\src\\Illuminate\\Routing\\Middleware\\SubstituteBindings.php(41): Illuminate\\Pipeline\\Pipeline->Illuminate\\Pipeline\\{closure}(Object(Illuminate\\Http\\Request))
#25 D:\\Panya.l\\MyProject\\xampp\\htdocs\\Project\\TPC_New\\frontend\\vendor\\laravel\\framework\\src\\Illuminate\\Pipeline\\Pipeline.php(171): Illuminate\\Routing\\Middleware\\SubstituteBindings->handle(Object(Illuminate\\Http\\Request), Object(Closure))
#26 D:\\Panya.l\\MyProject\\xampp\\htdocs\\Project\\TPC_New\\frontend\\vendor\\laravel\\framework\\src\\Illuminate\\Foundation\\Http\\Middleware\\VerifyCsrfToken.php(78): Illuminate\\Pipeline\\Pipeline->Illuminate\\Pipeline\\{closure}(Object(Illuminate\\Http\\Request))
#27 D:\\Panya.l\\MyProject\\xampp\\htdocs\\Project\\TPC_New\\frontend\\vendor\\laravel\\framework\\src\\Illuminate\\Pipeline\\Pipeline.php(171): Illuminate\\Foundation\\Http\\Middleware\\VerifyCsrfToken->handle(Object(Illuminate\\Http\\Request), Object(Closure))
#28 D:\\Panya.l\\MyProject\\xampp\\htdocs\\Project\\TPC_New\\frontend\\vendor\\laravel\\framework\\src\\Illuminate\\View\\Middleware\\ShareErrorsFromSession.php(49): Illuminate\\Pipeline\\Pipeline->Illuminate\\Pipeline\\{closure}(Object(Illuminate\\Http\\Request))
#29 D:\\Panya.l\\MyProject\\xampp\\htdocs\\Project\\TPC_New\\frontend\\vendor\\laravel\\framework\\src\\Illuminate\\Pipeline\\Pipeline.php(171): Illuminate\\View\\Middleware\\ShareErrorsFromSession->handle(Object(Illuminate\\Http\\Request), Object(Closure))
#30 D:\\Panya.l\\MyProject\\xampp\\htdocs\\Project\\TPC_New\\frontend\\vendor\\laravel\\framework\\src\\Illuminate\\Session\\Middleware\\StartSession.php(56): Illuminate\\Pipeline\\Pipeline->Illuminate\\Pipeline\\{closure}(Object(Illuminate\\Http\\Request))
#31 D:\\Panya.l\\MyProject\\xampp\\htdocs\\Project\\TPC_New\\frontend\\vendor\\laravel\\framework\\src\\Illuminate\\Pipeline\\Pipeline.php(171): Illuminate\\Session\\Middleware\\StartSession->handle(Object(Illuminate\\Http\\Request), Object(Closure))
#32 D:\\Panya.l\\MyProject\\xampp\\htdocs\\Project\\TPC_New\\frontend\\vendor\\laravel\\framework\\src\\Illuminate\\Cookie\\Middleware\\AddQueuedCookiesToResponse.php(37): Illuminate\\Pipeline\\Pipeline->Illuminate\\Pipeline\\{closure}(Object(Illuminate\\Http\\Request))
#33 D:\\Panya.l\\MyProject\\xampp\\htdocs\\Project\\TPC_New\\frontend\\vendor\\laravel\\framework\\src\\Illuminate\\Pipeline\\Pipeline.php(171): Illuminate\\Cookie\\Middleware\\AddQueuedCookiesToResponse->handle(Object(Illuminate\\Http\\Request), Object(Closure))
#34 D:\\Panya.l\\MyProject\\xampp\\htdocs\\Project\\TPC_New\\frontend\\vendor\\laravel\\framework\\src\\Illuminate\\Cookie\\Middleware\\EncryptCookies.php(67): Illuminate\\Pipeline\\Pipeline->Illuminate\\Pipeline\\{closure}(Object(Illuminate\\Http\\Request))
#35 D:\\Panya.l\\MyProject\\xampp\\htdocs\\Project\\TPC_New\\frontend\\vendor\\laravel\\framework\\src\\Illuminate\\Pipeline\\Pipeline.php(171): Illuminate\\Cookie\\Middleware\\EncryptCookies->handle(Object(Illuminate\\Http\\Request), Object(Closure))
#36 D:\\Panya.l\\MyProject\\xampp\\htdocs\\Project\\TPC_New\\frontend\\vendor\\laravel\\framework\\src\\Illuminate\\Pipeline\\Pipeline.php(105): Illuminate\\Pipeline\\Pipeline->Illuminate\\Pipeline\\{closure}(Object(Illuminate\\Http\\Request))
#37 D:\\Panya.l\\MyProject\\xampp\\htdocs\\Project\\TPC_New\\frontend\\vendor\\laravel\\framework\\src\\Illuminate\\Routing\\Router.php(683): Illuminate\\Pipeline\\Pipeline->then(Object(Closure))
#38 D:\\Panya.l\\MyProject\\xampp\\htdocs\\Project\\TPC_New\\frontend\\vendor\\laravel\\framework\\src\\Illuminate\\Routing\\Router.php(658): Illuminate\\Routing\\Router->runRouteWithinStack(Object(Illuminate\\Routing\\Route), Object(Illuminate\\Http\\Request))
#39 D:\\Panya.l\\MyProject\\xampp\\htdocs\\Project\\TPC_New\\frontend\\vendor\\laravel\\framework\\src\\Illuminate\\Routing\\Router.php(624): Illuminate\\Routing\\Router->runRoute(Object(Illuminate\\Http\\Request), Object(Illuminate\\Routing\\Route))
#40 D:\\Panya.l\\MyProject\\xampp\\htdocs\\Project\\TPC_New\\frontend\\vendor\\laravel\\framework\\src\\Illuminate\\Routing\\Router.php(613): Illuminate\\Routing\\Router->dispatchToRoute(Object(Illuminate\\Http\\Request))
#41 D:\\Panya.l\\MyProject\\xampp\\htdocs\\Project\\TPC_New\\frontend\\vendor\\laravel\\framework\\src\\Illuminate\\Foundation\\Http\\Kernel.php(170): Illuminate\\Routing\\Router->dispatch(Object(Illuminate\\Http\\Request))
#42 D:\\Panya.l\\MyProject\\xampp\\htdocs\\Project\\TPC_New\\frontend\\vendor\\laravel\\framework\\src\\Illuminate\\Pipeline\\Pipeline.php(130): Illuminate\\Foundation\\Http\\Kernel->Illuminate\\Foundation\\Http\\{closure}(Object(Illuminate\\Http\\Request))
#43 D:\\Panya.l\\MyProject\\xampp\\htdocs\\Project\\TPC_New\\frontend\\vendor\\laravel\\framework\\src\\Illuminate\\Foundation\\Http\\Middleware\\TransformsRequest.php(21): Illuminate\\Pipeline\\Pipeline->Illuminate\\Pipeline\\{closure}(Object(Illuminate\\Http\\Request))
#44 D:\\Panya.l\\MyProject\\xampp\\htdocs\\Project\\TPC_New\\frontend\\vendor\\laravel\\framework\\src\\Illuminate\\Pipeline\\Pipeline.php(171): Illuminate\\Foundation\\Http\\Middleware\\TransformsRequest->handle(Object(Illuminate\\Http\\Request), Object(Closure))
#45 D:\\Panya.l\\MyProject\\xampp\\htdocs\\Project\\TPC_New\\frontend\\vendor\\laravel\\framework\\src\\Illuminate\\Foundation\\Http\\Middleware\\TransformsRequest.php(21): Illuminate\\Pipeline\\Pipeline->Illuminate\\Pipeline\\{closure}(Object(Illuminate\\Http\\Request))
#46 D:\\Panya.l\\MyProject\\xampp\\htdocs\\Project\\TPC_New\\frontend\\vendor\\laravel\\framework\\src\\Illuminate\\Pipeline\\Pipeline.php(171): Illuminate\\Foundation\\Http\\Middleware\\TransformsRequest->handle(Object(Illuminate\\Http\\Request), Object(Closure))
#47 D:\\Panya.l\\MyProject\\xampp\\htdocs\\Project\\TPC_New\\frontend\\vendor\\laravel\\framework\\src\\Illuminate\\Foundation\\Http\\Middleware\\ValidatePostSize.php(27): Illuminate\\Pipeline\\Pipeline->Illuminate\\Pipeline\\{closure}(Object(Illuminate\\Http\\Request))
#48 D:\\Panya.l\\MyProject\\xampp\\htdocs\\Project\\TPC_New\\frontend\\vendor\\laravel\\framework\\src\\Illuminate\\Pipeline\\Pipeline.php(171): Illuminate\\Foundation\\Http\\Middleware\\ValidatePostSize->handle(Object(Illuminate\\Http\\Request), Object(Closure))
#49 D:\\Panya.l\\MyProject\\xampp\\htdocs\\Project\\TPC_New\\frontend\\vendor\\laravel\\framework\\src\\Illuminate\\Foundation\\Http\\Middleware\\CheckForMaintenanceMode.php(63): Illuminate\\Pipeline\\Pipeline->Illuminate\\Pipeline\\{closure}(Object(Illuminate\\Http\\Request))
#50 D:\\Panya.l\\MyProject\\xampp\\htdocs\\Project\\TPC_New\\frontend\\vendor\\laravel\\framework\\src\\Illuminate\\Pipeline\\Pipeline.php(171): Illuminate\\Foundation\\Http\\Middleware\\CheckForMaintenanceMode->handle(Object(Illuminate\\Http\\Request), Object(Closure))
#51 D:\\Panya.l\\MyProject\\xampp\\htdocs\\Project\\TPC_New\\frontend\\vendor\\fideloper\\proxy\\src\\TrustProxies.php(57): Illuminate\\Pipeline\\Pipeline->Illuminate\\Pipeline\\{closure}(Object(Illuminate\\Http\\Request))
#52 D:\\Panya.l\\MyProject\\xampp\\htdocs\\Project\\TPC_New\\frontend\\vendor\\laravel\\framework\\src\\Illuminate\\Pipeline\\Pipeline.php(171): Fideloper\\Proxy\\TrustProxies->handle(Object(Illuminate\\Http\\Request), Object(Closure))
#53 D:\\Panya.l\\MyProject\\xampp\\htdocs\\Project\\TPC_New\\frontend\\vendor\\laravel\\framework\\src\\Illuminate\\Pipeline\\Pipeline.php(105): Illuminate\\Pipeline\\Pipeline->Illuminate\\Pipeline\\{closure}(Object(Illuminate\\Http\\Request))
#54 D:\\Panya.l\\MyProject\\xampp\\htdocs\\Project\\TPC_New\\frontend\\vendor\\laravel\\framework\\src\\Illuminate\\Foundation\\Http\\Kernel.php(145): Illuminate\\Pipeline\\Pipeline->then(Object(Closure))
#55 D:\\Panya.l\\MyProject\\xampp\\htdocs\\Project\\TPC_New\\frontend\\vendor\\laravel\\framework\\src\\Illuminate\\Foundation\\Http\\Kernel.php(110): Illuminate\\Foundation\\Http\\Kernel->sendRequestThroughRouter(Object(Illuminate\\Http\\Request))
#56 D:\\Panya.l\\MyProject\\xampp\\htdocs\\Project\\TPC_New\\frontend\\public\\index.php(55): Illuminate\\Foundation\\Http\\Kernel->handle(Object(Illuminate\\Http\\Request))
#57 D:\\Panya.l\\MyProject\\xampp\\htdocs\\Project\\TPC_New\\frontend\\server.php(21): require_once('D:\\\\Panya.l\\\\MyPr...')
#58 {main}
"} 
