[2022-07-11 02:06:02] local.DEBUG: error exception | AgentController -> get()  
[2022-07-11 02:06:02] local.DEBUG: user agent : Mozilla/5.0 (Windows NT 6.1) AppleWebKit/537.36 (KHTML, like Gecko) Chrome/103.0.0.0 Safari/537.36  
[2022-07-11 02:06:02] local.DEBUG: -> error string  
[2022-07-11 02:06:02] local.DEBUG: SQLSTATE[HY000] [1044] Access denied for user 'tpc'@'localhost' to database 'master_agent' (SQL: select * from `platform`)  
[2022-07-11 02:06:02] local.DEBUG: -> end  
[2022-07-11 02:07:57] local.DEBUG: error exception | AgentController -> get()  
[2022-07-11 02:07:57] local.DEBUG: user agent : Mozilla/5.0 (Windows NT 6.1) AppleWebKit/537.36 (KHTML, like Gecko) Chrome/103.0.0.0 Safari/537.36  
[2022-07-11 02:07:57] local.DEBUG: -> error string  
[2022-07-11 02:07:57] local.DEBUG: SQLSTATE[HY000] [1044] Access denied for user 'tpc'@'localhost' to database 'master_agent' (SQL: select * from `platform`)  
[2022-07-11 02:07:57] local.DEBUG: -> end  
[2022-07-11 02:12:18] local.DEBUG: error exception | AgentController -> get()  
[2022-07-11 02:12:18] local.DEBUG: user agent : Mozilla/5.0 (Windows NT 6.1) AppleWebKit/537.36 (KHTML, like Gecko) Chrome/103.0.0.0 Safari/537.36  
[2022-07-11 02:12:18] local.DEBUG: -> error string  
[2022-07-11 02:12:18] local.DEBUG: SQLSTATE[HY000] [1044] Access denied for user 'tpc'@'localhost' to database 'master_agent' (SQL: select * from `platform`)  
[2022-07-11 02:12:18] local.DEBUG: -> end  
[2022-07-11 02:15:09] local.DEBUG: error exception | AgentController -> get()  
[2022-07-11 02:15:09] local.DEBUG: user agent : Mozilla/5.0 (Windows NT 6.1) AppleWebKit/537.36 (KHTML, like Gecko) Chrome/103.0.0.0 Safari/537.36  
[2022-07-11 02:15:09] local.DEBUG: -> error string  
[2022-07-11 02:15:09] local.DEBUG: SQLSTATE[HY000] [1044] Access denied for user 'tpc'@'localhost' to database 'master_agent' (SQL: select * from `platform`)  
[2022-07-11 02:15:09] local.DEBUG: -> end  
[2022-07-11 02:20:53] local.DEBUG: error exception | AgentController -> get()  
[2022-07-11 02:20:53] local.DEBUG: user agent : Mozilla/5.0 (Windows NT 6.1) AppleWebKit/537.36 (KHTML, like Gecko) Chrome/103.0.0.0 Safari/537.36  
[2022-07-11 02:20:53] local.DEBUG: -> error string  
[2022-07-11 02:20:53] local.DEBUG: SQLSTATE[HY000] [1044] Access denied for user 'tpc'@'localhost' to database 'master_agent' (SQL: select * from `platform`)  
[2022-07-11 02:20:53] local.DEBUG: -> end  
[2022-07-11 02:22:01] local.DEBUG: error exception | AgentController -> get()  
[2022-07-11 02:22:01] local.DEBUG: user agent : Mozilla/5.0 (Linux; Android 4.1.1; X909 Build/JRO03L) AppleWebKit/537.36 (KHTML, like Gecko) Chrome/30.0.1599.92 Mobile Safari/537.36  
[2022-07-11 02:22:01] local.DEBUG: -> error string  
[2022-07-11 02:22:01] local.DEBUG: SQLSTATE[HY000] [1044] Access denied for user 'tpc'@'localhost' to database 'master_agent' (SQL: select * from `platform`)  
[2022-07-11 02:22:01] local.DEBUG: -> end  
[2022-07-11 02:23:12] local.DEBUG: error exception | AgentController -> get()  
[2022-07-11 02:23:12] local.DEBUG: user agent : Mozilla/5.0 (Linux; Android 4.1.1; X909 Build/JRO03L) AppleWebKit/537.36 (KHTML, like Gecko) Chrome/30.0.1599.92 Mobile Safari/537.36  
[2022-07-11 02:23:12] local.DEBUG: -> error string  
[2022-07-11 02:23:12] local.DEBUG: SQLSTATE[HY000] [1044] Access denied for user 'tpc'@'localhost' to database 'master_agent' (SQL: select * from `platform`)  
[2022-07-11 02:23:12] local.DEBUG: -> end  
[2022-07-11 02:26:02] local.DEBUG: error exception | AgentController -> get()  
[2022-07-11 02:26:02] local.DEBUG: user agent : Mozilla/5.0 (Linux; Android 4.1.1; X909 Build/JRO03L) AppleWebKit/537.36 (KHTML, like Gecko) Chrome/30.0.1599.92 Mobile Safari/537.36  
[2022-07-11 02:26:02] local.DEBUG: -> error string  
[2022-07-11 02:26:02] local.DEBUG: SQLSTATE[HY000] [1044] Access denied for user 'tpc'@'localhost' to database 'master_agent' (SQL: select * from `platform`)  
[2022-07-11 02:26:02] local.DEBUG: -> end  
[2022-07-11 02:34:39] local.DEBUG: error exception | AgentController -> get()  
[2022-07-11 02:34:39] local.DEBUG: user agent : Mozilla/5.0 (Windows NT 6.1) AppleWebKit/537.36 (KHTML, like Gecko) Chrome/103.0.0.0 Safari/537.36  
[2022-07-11 02:34:39] local.DEBUG: -> error string  
[2022-07-11 02:34:39] local.DEBUG: SQLSTATE[HY000] [1044] Access denied for user 'tpc'@'localhost' to database 'master_agent' (SQL: select * from `platform`)  
[2022-07-11 02:34:39] local.DEBUG: -> end  
[2022-07-11 02:36:06] local.DEBUG: error exception | AgentController -> get()  
[2022-07-11 02:36:06] local.DEBUG: user agent : Mozilla/5.0 (Windows NT 6.1) AppleWebKit/537.36 (KHTML, like Gecko) Chrome/103.0.0.0 Safari/537.36  
[2022-07-11 02:36:06] local.DEBUG: -> error string  
[2022-07-11 02:36:06] local.DEBUG: SQLSTATE[HY000] [1044] Access denied for user 'tpc'@'localhost' to database 'master_agent' (SQL: select * from `platform`)  
[2022-07-11 02:36:06] local.DEBUG: -> end  
[2022-07-11 02:36:33] local.DEBUG: error exception | AgentController -> get()  
[2022-07-11 02:36:33] local.DEBUG: user agent : Mozilla/5.0 (Windows NT 6.1) AppleWebKit/537.36 (KHTML, like Gecko) Chrome/103.0.0.0 Safari/537.36  
[2022-07-11 02:36:33] local.DEBUG: -> error string  
[2022-07-11 02:36:33] local.DEBUG: SQLSTATE[HY000] [1044] Access denied for user 'tpc'@'localhost' to database 'master_agent' (SQL: select * from `platform`)  
[2022-07-11 02:36:33] local.DEBUG: -> end  
[2022-07-11 02:38:52] local.DEBUG: error exception | AgentController -> get()  
[2022-07-11 02:38:52] local.DEBUG: user agent : Mozilla/5.0 (Windows NT 6.1) AppleWebKit/537.36 (KHTML, like Gecko) Chrome/103.0.0.0 Safari/537.36  
[2022-07-11 02:38:52] local.DEBUG: -> error string  
[2022-07-11 02:38:52] local.DEBUG: SQLSTATE[HY000] [1044] Access denied for user 'tpc'@'localhost' to database 'master_agent' (SQL: select * from `platform`)  
[2022-07-11 02:38:52] local.DEBUG: -> end  
[2022-07-11 02:39:19] local.DEBUG: error exception | AgentController -> get()  
[2022-07-11 02:39:19] local.DEBUG: user agent : Mozilla/5.0 (Windows NT 6.1) AppleWebKit/537.36 (KHTML, like Gecko) Chrome/103.0.0.0 Safari/537.36  
[2022-07-11 02:39:19] local.DEBUG: -> error string  
[2022-07-11 02:39:19] local.DEBUG: SQLSTATE[HY000] [1044] Access denied for user 'tpc'@'localhost' to database 'master_agent' (SQL: select * from `platform`)  
[2022-07-11 02:39:19] local.DEBUG: -> end  
[2022-07-11 02:43:12] local.DEBUG: error exception | AgentController -> get()  
[2022-07-11 02:43:12] local.DEBUG: user agent : Mozilla/5.0 (Windows NT 6.1) AppleWebKit/537.36 (KHTML, like Gecko) Chrome/103.0.0.0 Safari/537.36  
[2022-07-11 02:43:12] local.DEBUG: -> error string  
[2022-07-11 02:43:12] local.DEBUG: SQLSTATE[HY000] [1044] Access denied for user 'tpc'@'localhost' to database 'master_agent' (SQL: select * from `platform`)  
[2022-07-11 02:43:12] local.DEBUG: -> end  
[2022-07-11 02:49:39] local.DEBUG: error exception | AgentController -> get()  
[2022-07-11 02:49:39] local.DEBUG: user agent : Mozilla/5.0 (Windows NT 6.1) AppleWebKit/537.36 (KHTML, like Gecko) Chrome/103.0.0.0 Safari/537.36  
[2022-07-11 02:49:39] local.DEBUG: -> error string  
[2022-07-11 02:49:39] local.DEBUG: SQLSTATE[HY000] [1044] Access denied for user 'tpc'@'localhost' to database 'master_agent' (SQL: select * from `platform`)  
[2022-07-11 02:49:39] local.DEBUG: -> end  
[2022-07-11 02:50:17] local.DEBUG: error exception | AgentController -> get()  
[2022-07-11 02:50:17] local.DEBUG: user agent : Mozilla/5.0 (Windows NT 6.1) AppleWebKit/537.36 (KHTML, like Gecko) Chrome/103.0.0.0 Safari/537.36  
[2022-07-11 02:50:17] local.DEBUG: -> error string  
[2022-07-11 02:50:17] local.DEBUG: SQLSTATE[HY000] [1044] Access denied for user 'tpc'@'localhost' to database 'master_agent' (SQL: select * from `platform`)  
[2022-07-11 02:50:17] local.DEBUG: -> end  
[2022-07-11 02:51:43] local.DEBUG: error exception | AgentController -> get()  
[2022-07-11 02:51:43] local.DEBUG: user agent : Mozilla/5.0 (Windows NT 6.1) AppleWebKit/537.36 (KHTML, like Gecko) Chrome/103.0.0.0 Safari/537.36  
[2022-07-11 02:51:43] local.DEBUG: -> error string  
[2022-07-11 02:51:43] local.DEBUG: SQLSTATE[HY000] [1044] Access denied for user 'tpc'@'localhost' to database 'master_agent' (SQL: select * from `platform`)  
[2022-07-11 02:51:43] local.DEBUG: -> end  
[2022-07-11 02:54:56] local.DEBUG: error exception | AgentController -> get()  
[2022-07-11 02:54:56] local.DEBUG: user agent : Mozilla/5.0 (Windows NT 6.1) AppleWebKit/537.36 (KHTML, like Gecko) Chrome/103.0.0.0 Safari/537.36  
[2022-07-11 02:54:56] local.DEBUG: -> error string  
[2022-07-11 02:54:56] local.DEBUG: SQLSTATE[HY000] [1044] Access denied for user 'tpc'@'localhost' to database 'master_agent' (SQL: select * from `platform`)  
[2022-07-11 02:54:56] local.DEBUG: -> end  
[2022-07-11 02:55:43] local.DEBUG: error exception | AgentController -> get()  
[2022-07-11 02:55:43] local.DEBUG: user agent : Mozilla/5.0 (Windows NT 6.1) AppleWebKit/537.36 (KHTML, like Gecko) Chrome/103.0.0.0 Safari/537.36  
[2022-07-11 02:55:43] local.DEBUG: -> error string  
[2022-07-11 02:55:43] local.DEBUG: SQLSTATE[HY000] [1044] Access denied for user 'tpc'@'localhost' to database 'master_agent' (SQL: select * from `platform`)  
[2022-07-11 02:55:43] local.DEBUG: -> end  
[2022-07-11 02:57:19] local.DEBUG: error exception | AgentController -> get()  
[2022-07-11 02:57:19] local.DEBUG: user agent : Mozilla/5.0 (Windows NT 6.1) AppleWebKit/537.36 (KHTML, like Gecko) Chrome/103.0.0.0 Safari/537.36  
[2022-07-11 02:57:19] local.DEBUG: -> error string  
[2022-07-11 02:57:19] local.DEBUG: SQLSTATE[HY000] [1044] Access denied for user 'tpc'@'localhost' to database 'master_agent' (SQL: select * from `platform`)  
[2022-07-11 02:57:19] local.DEBUG: -> end  
[2022-07-11 02:57:58] local.DEBUG: error exception | AgentController -> get()  
[2022-07-11 02:57:58] local.DEBUG: user agent : Mozilla/5.0 (Windows NT 6.1) AppleWebKit/537.36 (KHTML, like Gecko) Chrome/103.0.0.0 Safari/537.36  
[2022-07-11 02:57:58] local.DEBUG: -> error string  
[2022-07-11 02:57:58] local.DEBUG: SQLSTATE[HY000] [1044] Access denied for user 'tpc'@'localhost' to database 'master_agent' (SQL: select * from `platform`)  
[2022-07-11 02:57:58] local.DEBUG: -> end  
[2022-07-11 03:00:49] local.DEBUG: error exception | AgentController -> get()  
[2022-07-11 03:00:49] local.DEBUG: user agent : Mozilla/5.0 (Linux; Android 4.1.1; X909 Build/JRO03L) AppleWebKit/537.36 (KHTML, like Gecko) Chrome/30.0.1599.92 Mobile Safari/537.36  
[2022-07-11 03:00:49] local.DEBUG: -> error string  
[2022-07-11 03:00:49] local.DEBUG: SQLSTATE[HY000] [1044] Access denied for user 'tpc'@'localhost' to database 'master_agent' (SQL: select * from `platform`)  
[2022-07-11 03:00:49] local.DEBUG: -> end  
[2022-07-11 03:02:13] local.DEBUG: error exception | AgentController -> get()  
[2022-07-11 03:02:13] local.DEBUG: user agent : Mozilla/5.0 (Linux; Android 4.1.1; X909 Build/JRO03L) AppleWebKit/537.36 (KHTML, like Gecko) Chrome/30.0.1599.92 Mobile Safari/537.36  
[2022-07-11 03:02:13] local.DEBUG: -> error string  
[2022-07-11 03:02:13] local.DEBUG: SQLSTATE[HY000] [1044] Access denied for user 'tpc'@'localhost' to database 'master_agent' (SQL: select * from `platform`)  
[2022-07-11 03:02:13] local.DEBUG: -> end  
[2022-07-11 03:03:49] local.DEBUG: error exception | AgentController -> get()  
[2022-07-11 03:03:49] local.DEBUG: user agent : Mozilla/5.0 (Linux; Android 4.1.1; X909 Build/JRO03L) AppleWebKit/537.36 (KHTML, like Gecko) Chrome/30.0.1599.92 Mobile Safari/537.36  
[2022-07-11 03:03:49] local.DEBUG: -> error string  
[2022-07-11 03:03:49] local.DEBUG: SQLSTATE[HY000] [1044] Access denied for user 'tpc'@'localhost' to database 'master_agent' (SQL: select * from `platform`)  
[2022-07-11 03:03:49] local.DEBUG: -> end  
[2022-07-11 03:05:55] local.DEBUG: error exception | AgentController -> get()  
[2022-07-11 03:05:55] local.DEBUG: user agent : Mozilla/5.0 (Linux; Android 4.1.1; X909 Build/JRO03L) AppleWebKit/537.36 (KHTML, like Gecko) Chrome/30.0.1599.92 Mobile Safari/537.36  
[2022-07-11 03:05:55] local.DEBUG: -> error string  
[2022-07-11 03:05:55] local.DEBUG: SQLSTATE[HY000] [1044] Access denied for user 'tpc'@'localhost' to database 'master_agent' (SQL: select * from `platform`)  
[2022-07-11 03:05:55] local.DEBUG: -> end  
[2022-07-11 03:07:11] local.DEBUG: error exception | AgentController -> get()  
[2022-07-11 03:07:11] local.DEBUG: user agent : Mozilla/5.0 (Linux; Android 4.1.1; X909 Build/JRO03L) AppleWebKit/537.36 (KHTML, like Gecko) Chrome/30.0.1599.92 Mobile Safari/537.36  
[2022-07-11 03:07:11] local.DEBUG: -> error string  
[2022-07-11 03:07:11] local.DEBUG: SQLSTATE[HY000] [1044] Access denied for user 'tpc'@'localhost' to database 'master_agent' (SQL: select * from `platform`)  
[2022-07-11 03:07:11] local.DEBUG: -> end  
[2022-07-11 03:09:31] local.DEBUG: error exception | AgentController -> get()  
[2022-07-11 03:09:31] local.DEBUG: user agent : Mozilla/5.0 (Linux; Android 4.1.1; X909 Build/JRO03L) AppleWebKit/537.36 (KHTML, like Gecko) Chrome/30.0.1599.92 Mobile Safari/537.36  
[2022-07-11 03:09:31] local.DEBUG: -> error string  
[2022-07-11 03:09:31] local.DEBUG: SQLSTATE[HY000] [1044] Access denied for user 'tpc'@'localhost' to database 'master_agent' (SQL: select * from `platform`)  
[2022-07-11 03:09:31] local.DEBUG: -> end  
[2022-07-11 03:10:14] local.DEBUG: error exception | AgentController -> get()  
[2022-07-11 03:10:14] local.DEBUG: user agent : Mozilla/5.0 (Linux; Android 4.1.1; X909 Build/JRO03L) AppleWebKit/537.36 (KHTML, like Gecko) Chrome/30.0.1599.92 Mobile Safari/537.36  
[2022-07-11 03:10:14] local.DEBUG: -> error string  
[2022-07-11 03:10:14] local.DEBUG: SQLSTATE[HY000] [1044] Access denied for user 'tpc'@'localhost' to database 'master_agent' (SQL: select * from `platform`)  
[2022-07-11 03:10:14] local.DEBUG: -> end  
[2022-07-11 03:11:37] local.DEBUG: error exception | AgentController -> get()  
[2022-07-11 03:11:37] local.DEBUG: user agent : Mozilla/5.0 (iPhone; CPU iPhone OS 13_2_3 like Mac OS X) AppleWebKit/605.1.15 (KHTML, like Gecko) Version/13.0.3 Mobile/15E148 Safari/604.1  
[2022-07-11 03:11:37] local.DEBUG: -> error string  
[2022-07-11 03:11:37] local.DEBUG: SQLSTATE[HY000] [1044] Access denied for user 'tpc'@'localhost' to database 'master_agent' (SQL: select * from `platform`)  
[2022-07-11 03:11:37] local.DEBUG: -> end  
[2022-07-11 03:11:45] local.DEBUG: error exception | AgentController -> get()  
[2022-07-11 03:11:45] local.DEBUG: user agent : Mozilla/5.0 (iPhone; CPU iPhone OS 13_2_3 like Mac OS X) AppleWebKit/605.1.15 (KHTML, like Gecko) Version/13.0.3 Mobile/15E148 Safari/604.1  
[2022-07-11 03:11:45] local.DEBUG: -> error string  
[2022-07-11 03:11:45] local.DEBUG: SQLSTATE[HY000] [1044] Access denied for user 'tpc'@'localhost' to database 'master_agent' (SQL: select * from `platform`)  
[2022-07-11 03:11:45] local.DEBUG: -> end  
[2022-07-11 03:15:05] local.DEBUG: error exception | AgentController -> get()  
[2022-07-11 03:15:05] local.DEBUG: user agent : Mozilla/5.0 (Windows NT 6.1) AppleWebKit/537.36 (KHTML, like Gecko) Chrome/103.0.0.0 Safari/537.36  
[2022-07-11 03:15:05] local.DEBUG: -> error string  
[2022-07-11 03:15:05] local.DEBUG: SQLSTATE[HY000] [1044] Access denied for user 'tpc'@'localhost' to database 'master_agent' (SQL: select * from `platform`)  
[2022-07-11 03:15:05] local.DEBUG: -> end  
[2022-07-11 03:15:47] local.DEBUG: error exception | AgentController -> get()  
[2022-07-11 03:15:47] local.DEBUG: user agent : Mozilla/5.0 (iPhone; CPU iPhone OS 13_2_3 like Mac OS X) AppleWebKit/605.1.15 (KHTML, like Gecko) Version/13.0.3 Mobile/15E148 Safari/604.1  
[2022-07-11 03:15:47] local.DEBUG: -> error string  
[2022-07-11 03:15:47] local.DEBUG: SQLSTATE[HY000] [1044] Access denied for user 'tpc'@'localhost' to database 'master_agent' (SQL: select * from `platform`)  
[2022-07-11 03:15:47] local.DEBUG: -> end  
