[2022-06-14 01:25:31] local.DEBUG: error exception | AgentController -> get()  
[2022-06-14 01:25:31] local.DEBUG: user agent : Mozilla/5.0 (Windows NT 6.1) AppleWebKit/537.36 (KHTML, like Gecko) Chrome/102.0.0.0 Safari/537.36  
[2022-06-14 01:25:31] local.DEBUG: -> error string  
[2022-06-14 01:25:31] local.DEBUG: SQLSTATE[HY000] [1044] Access denied for user 'tpc'@'localhost' to database 'master_agent' (SQL: select * from `platform`)  
[2022-06-14 01:25:31] local.DEBUG: -> end  
[2022-06-14 01:26:09] local.DEBUG: error exception | AgentController -> get()  
[2022-06-14 01:26:09] local.DEBUG: user agent : Mozilla/5.0 (Windows NT 6.1) AppleWebKit/537.36 (KHTML, like Gecko) Chrome/102.0.0.0 Safari/537.36  
[2022-06-14 01:26:09] local.DEBUG: -> error string  
[2022-06-14 01:26:09] local.DEBUG: SQLSTATE[HY000] [1044] Access denied for user 'tpc'@'localhost' to database 'master_agent' (SQL: select * from `platform`)  
[2022-06-14 01:26:09] local.DEBUG: -> end  
[2022-06-14 01:47:32] local.DEBUG: error exception | AgentController -> get()  
[2022-06-14 01:47:32] local.DEBUG: user agent : Mozilla/5.0 (Windows NT 6.1) AppleWebKit/537.36 (KHTML, like Gecko) Chrome/102.0.0.0 Safari/537.36  
[2022-06-14 01:47:32] local.DEBUG: -> error string  
[2022-06-14 01:47:32] local.DEBUG: SQLSTATE[HY000] [1044] Access denied for user 'tpc'@'localhost' to database 'master_agent' (SQL: select * from `platform`)  
[2022-06-14 01:47:32] local.DEBUG: -> end  
[2022-06-14 01:47:47] local.DEBUG: error exception | AgentController -> get()  
[2022-06-14 01:47:47] local.DEBUG: user agent : Mozilla/5.0 (Windows NT 6.1) AppleWebKit/537.36 (KHTML, like Gecko) Chrome/102.0.0.0 Safari/537.36  
[2022-06-14 01:47:47] local.DEBUG: -> error string  
[2022-06-14 01:47:47] local.DEBUG: SQLSTATE[HY000] [1044] Access denied for user 'tpc'@'localhost' to database 'master_agent' (SQL: select * from `platform`)  
[2022-06-14 01:47:47] local.DEBUG: -> end  
[2022-06-14 01:48:56] local.DEBUG: error exception | AgentController -> get()  
[2022-06-14 01:48:56] local.DEBUG: user agent : Mozilla/5.0 (Windows NT 6.1) AppleWebKit/537.36 (KHTML, like Gecko) Chrome/102.0.0.0 Safari/537.36  
[2022-06-14 01:48:56] local.DEBUG: -> error string  
[2022-06-14 01:48:56] local.DEBUG: SQLSTATE[HY000] [1044] Access denied for user 'tpc'@'localhost' to database 'master_agent' (SQL: select * from `platform`)  
[2022-06-14 01:48:56] local.DEBUG: -> end  
[2022-06-14 01:53:33] local.DEBUG: error exception | AgentController -> get()  
[2022-06-14 01:53:33] local.DEBUG: user agent : Mozilla/5.0 (Windows NT 6.1) AppleWebKit/537.36 (KHTML, like Gecko) Chrome/102.0.0.0 Safari/537.36  
[2022-06-14 01:53:33] local.DEBUG: -> error string  
[2022-06-14 01:53:33] local.DEBUG: SQLSTATE[HY000] [1044] Access denied for user 'tpc'@'localhost' to database 'master_agent' (SQL: select * from `platform`)  
[2022-06-14 01:53:33] local.DEBUG: -> end  
[2022-06-14 01:54:02] local.DEBUG: error exception | AgentController -> get()  
[2022-06-14 01:54:02] local.DEBUG: user agent : Mozilla/5.0 (Windows NT 6.1) AppleWebKit/537.36 (KHTML, like Gecko) Chrome/102.0.0.0 Safari/537.36  
[2022-06-14 01:54:02] local.DEBUG: -> error string  
[2022-06-14 01:54:02] local.DEBUG: SQLSTATE[HY000] [1044] Access denied for user 'tpc'@'localhost' to database 'master_agent' (SQL: select * from `platform`)  
[2022-06-14 01:54:02] local.DEBUG: -> end  
[2022-06-14 01:54:30] local.DEBUG: error exception | AgentController -> get()  
[2022-06-14 01:54:30] local.DEBUG: user agent : Mozilla/5.0 (Windows NT 6.1) AppleWebKit/537.36 (KHTML, like Gecko) Chrome/102.0.0.0 Safari/537.36  
[2022-06-14 01:54:30] local.DEBUG: -> error string  
[2022-06-14 01:54:30] local.DEBUG: SQLSTATE[HY000] [1044] Access denied for user 'tpc'@'localhost' to database 'master_agent' (SQL: select * from `platform`)  
[2022-06-14 01:54:30] local.DEBUG: -> end  
[2022-06-14 01:55:37] local.DEBUG: error exception | AgentController -> get()  
[2022-06-14 01:55:37] local.DEBUG: user agent : Mozilla/5.0 (Windows NT 6.1) AppleWebKit/537.36 (KHTML, like Gecko) Chrome/102.0.0.0 Safari/537.36  
[2022-06-14 01:55:37] local.DEBUG: -> error string  
[2022-06-14 01:55:37] local.DEBUG: SQLSTATE[HY000] [1044] Access denied for user 'tpc'@'localhost' to database 'master_agent' (SQL: select * from `platform`)  
[2022-06-14 01:55:37] local.DEBUG: -> end  
[2022-06-14 01:56:52] local.DEBUG: error exception | AgentController -> get()  
[2022-06-14 01:56:52] local.DEBUG: user agent : Mozilla/5.0 (Windows NT 6.1) AppleWebKit/537.36 (KHTML, like Gecko) Chrome/102.0.0.0 Safari/537.36  
[2022-06-14 01:56:52] local.DEBUG: -> error string  
[2022-06-14 01:56:52] local.DEBUG: SQLSTATE[HY000] [1044] Access denied for user 'tpc'@'localhost' to database 'master_agent' (SQL: select * from `platform`)  
[2022-06-14 01:56:52] local.DEBUG: -> end  
[2022-06-14 02:08:35] local.DEBUG: error exception | AgentController -> get()  
[2022-06-14 02:08:35] local.DEBUG: user agent : Mozilla/5.0 (Windows NT 6.1) AppleWebKit/537.36 (KHTML, like Gecko) Chrome/102.0.0.0 Safari/537.36  
[2022-06-14 02:08:35] local.DEBUG: -> error string  
[2022-06-14 02:08:35] local.DEBUG: SQLSTATE[HY000] [1044] Access denied for user 'tpc'@'localhost' to database 'master_agent' (SQL: select * from `platform`)  
[2022-06-14 02:08:35] local.DEBUG: -> end  
[2022-06-14 02:16:47] local.DEBUG: error exception | AgentController -> get()  
[2022-06-14 02:16:47] local.DEBUG: user agent : Mozilla/5.0 (Windows NT 6.1) AppleWebKit/537.36 (KHTML, like Gecko) Chrome/102.0.0.0 Safari/537.36  
[2022-06-14 02:16:47] local.DEBUG: -> error string  
[2022-06-14 02:16:47] local.DEBUG: SQLSTATE[HY000] [1044] Access denied for user 'tpc'@'localhost' to database 'master_agent' (SQL: select * from `platform`)  
[2022-06-14 02:16:47] local.DEBUG: -> end  
[2022-06-14 02:17:29] local.DEBUG: error exception | AgentController -> get()  
[2022-06-14 02:17:29] local.DEBUG: user agent : Mozilla/5.0 (Windows NT 6.1) AppleWebKit/537.36 (KHTML, like Gecko) Chrome/102.0.0.0 Safari/537.36  
[2022-06-14 02:17:29] local.DEBUG: -> error string  
[2022-06-14 02:17:29] local.DEBUG: SQLSTATE[HY000] [1044] Access denied for user 'tpc'@'localhost' to database 'master_agent' (SQL: select * from `platform`)  
[2022-06-14 02:17:29] local.DEBUG: -> end  
[2022-06-14 02:22:53] local.DEBUG: error exception | AgentController -> get()  
[2022-06-14 02:22:53] local.DEBUG: user agent : Mozilla/5.0 (Windows NT 6.1) AppleWebKit/537.36 (KHTML, like Gecko) Chrome/102.0.0.0 Safari/537.36  
[2022-06-14 02:22:53] local.DEBUG: -> error string  
[2022-06-14 02:22:53] local.DEBUG: SQLSTATE[HY000] [1044] Access denied for user 'tpc'@'localhost' to database 'master_agent' (SQL: select * from `platform`)  
[2022-06-14 02:22:53] local.DEBUG: -> end  
[2022-06-14 02:27:18] local.DEBUG: error exception | AgentController -> get()  
[2022-06-14 02:27:18] local.DEBUG: user agent : Mozilla/5.0 (Linux; Android 10; Redmi Note 9 Pro) AppleWebKit/537.36 (KHTML, like Gecko) Chrome/87.0.4280.86 Mobile Safari/537.36  
[2022-06-14 02:27:18] local.DEBUG: -> error string  
[2022-06-14 02:27:18] local.DEBUG: SQLSTATE[HY000] [1044] Access denied for user 'tpc'@'localhost' to database 'master_agent' (SQL: select * from `platform`)  
[2022-06-14 02:27:18] local.DEBUG: -> end  
[2022-06-14 02:45:58] local.DEBUG: error exception | AgentController -> get()  
[2022-06-14 02:45:58] local.DEBUG: user agent : Mozilla/5.0 (Windows NT 6.1) AppleWebKit/537.36 (KHTML, like Gecko) Chrome/102.0.0.0 Safari/537.36  
[2022-06-14 02:45:58] local.DEBUG: -> error string  
[2022-06-14 02:45:58] local.DEBUG: SQLSTATE[HY000] [1044] Access denied for user 'tpc'@'localhost' to database 'master_agent' (SQL: select * from `platform`)  
[2022-06-14 02:45:58] local.DEBUG: -> end  
[2022-06-14 03:14:47] local.DEBUG: error exception | AgentController -> get()  
[2022-06-14 03:14:47] local.DEBUG: user agent : Mozilla/5.0 (Windows NT 6.1) AppleWebKit/537.36 (KHTML, like Gecko) Chrome/102.0.0.0 Safari/537.36  
[2022-06-14 03:14:47] local.DEBUG: -> error string  
[2022-06-14 03:14:47] local.DEBUG: SQLSTATE[HY000] [1044] Access denied for user 'tpc'@'localhost' to database 'master_agent' (SQL: select * from `platform`)  
[2022-06-14 03:14:47] local.DEBUG: -> end  
[2022-06-14 03:16:07] local.DEBUG: error exception | AgentController -> get()  
[2022-06-14 03:16:07] local.DEBUG: user agent : Mozilla/5.0 (Windows NT 6.1) AppleWebKit/537.36 (KHTML, like Gecko) Chrome/102.0.0.0 Safari/537.36  
[2022-06-14 03:16:07] local.DEBUG: -> error string  
[2022-06-14 03:16:07] local.DEBUG: SQLSTATE[HY000] [1044] Access denied for user 'tpc'@'localhost' to database 'master_agent' (SQL: select * from `platform`)  
[2022-06-14 03:16:07] local.DEBUG: -> end  
