[2022-06-01 07:42:31] local.DEBUG: error exception | AgentController -> get()  
[2022-06-01 07:42:31] local.DEBUG: user agent : Mozilla/5.0 (Windows NT 6.1) AppleWebKit/537.36 (KHTML, like Gecko) Chrome/102.0.5005.63 Safari/537.36  
[2022-06-01 07:42:31] local.DEBUG: -> error string  
[2022-06-01 07:42:31] local.DEBUG: SQLSTATE[HY000] [1044] Access denied for user 'tpc'@'localhost' to database 'master_agent' (SQL: select * from `platform`)  
[2022-06-01 07:42:31] local.DEBUG: -> end  
[2022-06-01 07:45:48] local.DEBUG: error exception | AgentController -> get()  
[2022-06-01 07:45:48] local.DEBUG: user agent : Mozilla/5.0 (Windows NT 6.1) AppleWebKit/537.36 (KHTML, like Gecko) Chrome/102.0.5005.63 Safari/537.36  
[2022-06-01 07:45:48] local.DEBUG: -> error string  
[2022-06-01 07:45:48] local.DEBUG: SQLSTATE[HY000] [1044] Access denied for user 'tpc'@'localhost' to database 'master_agent' (SQL: select * from `platform`)  
[2022-06-01 07:45:48] local.DEBUG: -> end  
[2022-06-01 07:46:28] local.DEBUG: error exception | AgentController -> get()  
[2022-06-01 07:46:28] local.DEBUG: user agent : Mozilla/5.0 (Windows NT 6.1) AppleWebKit/537.36 (KHTML, like Gecko) Chrome/102.0.5005.63 Safari/537.36  
[2022-06-01 07:46:28] local.DEBUG: -> error string  
[2022-06-01 07:46:28] local.DEBUG: SQLSTATE[HY000] [1044] Access denied for user 'tpc'@'localhost' to database 'master_agent' (SQL: select * from `platform`)  
[2022-06-01 07:46:28] local.DEBUG: -> end  
[2022-06-01 07:50:24] local.DEBUG: error exception | AgentController -> get()  
[2022-06-01 07:50:24] local.DEBUG: user agent : Mozilla/5.0 (Windows NT 6.1) AppleWebKit/537.36 (KHTML, like Gecko) Chrome/102.0.5005.63 Safari/537.36  
[2022-06-01 07:50:24] local.DEBUG: -> error string  
[2022-06-01 07:50:24] local.DEBUG: SQLSTATE[HY000] [1044] Access denied for user 'tpc'@'localhost' to database 'master_agent' (SQL: select * from `platform`)  
[2022-06-01 07:50:24] local.DEBUG: -> end  
[2022-06-01 07:50:28] local.DEBUG: error exception | AgentController -> get()  
[2022-06-01 07:50:28] local.DEBUG: user agent : Mozilla/5.0 (Windows NT 6.1) AppleWebKit/537.36 (KHTML, like Gecko) Chrome/102.0.5005.63 Safari/537.36  
[2022-06-01 07:50:28] local.DEBUG: -> error string  
[2022-06-01 07:50:28] local.DEBUG: SQLSTATE[HY000] [1044] Access denied for user 'tpc'@'localhost' to database 'master_agent' (SQL: select * from `platform`)  
[2022-06-01 07:50:28] local.DEBUG: -> end  
[2022-06-01 07:50:28] local.DEBUG: error exception | AgentController -> get()  
[2022-06-01 07:50:28] local.DEBUG: user agent : Mozilla/5.0 (Windows NT 6.1) AppleWebKit/537.36 (KHTML, like Gecko) Chrome/102.0.5005.63 Safari/537.36  
[2022-06-01 07:50:28] local.DEBUG: -> error string  
[2022-06-01 07:50:28] local.DEBUG: SQLSTATE[HY000] [1044] Access denied for user 'tpc'@'localhost' to database 'master_agent' (SQL: select * from `platform`)  
[2022-06-01 07:50:28] local.DEBUG: -> end  
[2022-06-01 08:54:35] local.DEBUG: error exception | AgentController -> get()  
[2022-06-01 08:54:35] local.DEBUG: user agent : Mozilla/5.0 (Windows NT 6.1) AppleWebKit/537.36 (KHTML, like Gecko) Chrome/102.0.5005.63 Safari/537.36  
[2022-06-01 08:54:35] local.DEBUG: -> error string  
[2022-06-01 08:54:35] local.DEBUG: SQLSTATE[HY000] [1044] Access denied for user 'tpc'@'localhost' to database 'master_agent' (SQL: select * from `platform`)  
[2022-06-01 08:54:35] local.DEBUG: -> end  
[2022-06-01 08:54:37] local.DEBUG: error exception | AgentController -> get()  
[2022-06-01 08:54:37] local.DEBUG: user agent : Mozilla/5.0 (Windows NT 6.1) AppleWebKit/537.36 (KHTML, like Gecko) Chrome/102.0.5005.63 Safari/537.36  
[2022-06-01 08:54:37] local.DEBUG: -> error string  
[2022-06-01 08:54:37] local.DEBUG: SQLSTATE[HY000] [1044] Access denied for user 'tpc'@'localhost' to database 'master_agent' (SQL: select * from `platform`)  
[2022-06-01 08:54:37] local.DEBUG: -> end  
[2022-06-01 09:08:12] local.DEBUG: error exception | AgentController -> get()  
[2022-06-01 09:08:12] local.DEBUG: user agent : Mozilla/5.0 (Windows NT 6.1) AppleWebKit/537.36 (KHTML, like Gecko) Chrome/102.0.5005.63 Safari/537.36  
[2022-06-01 09:08:12] local.DEBUG: -> error string  
[2022-06-01 09:08:12] local.DEBUG: SQLSTATE[HY000] [1044] Access denied for user 'tpc'@'localhost' to database 'master_agent' (SQL: select * from `platform`)  
[2022-06-01 09:08:12] local.DEBUG: -> end  
[2022-06-01 09:13:55] local.DEBUG: error exception | AgentController -> get()  
[2022-06-01 09:13:55] local.DEBUG: user agent : Mozilla/5.0 (Windows NT 6.1) AppleWebKit/537.36 (KHTML, like Gecko) Chrome/102.0.5005.63 Safari/537.36  
[2022-06-01 09:13:55] local.DEBUG: -> error string  
[2022-06-01 09:13:55] local.DEBUG: SQLSTATE[HY000] [1044] Access denied for user 'tpc'@'localhost' to database 'master_agent' (SQL: select * from `platform`)  
[2022-06-01 09:13:55] local.DEBUG: -> end  
[2022-06-01 09:13:55] local.DEBUG: error exception | AgentController -> get()  
[2022-06-01 09:13:55] local.DEBUG: user agent : Mozilla/5.0 (Windows NT 6.1) AppleWebKit/537.36 (KHTML, like Gecko) Chrome/102.0.5005.63 Safari/537.36  
[2022-06-01 09:13:55] local.DEBUG: -> error string  
[2022-06-01 09:13:55] local.DEBUG: SQLSTATE[HY000] [1044] Access denied for user 'tpc'@'localhost' to database 'master_agent' (SQL: select * from `platform`)  
[2022-06-01 09:13:55] local.DEBUG: -> end  
[2022-06-01 09:15:03] local.DEBUG: error exception | AgentController -> get()  
[2022-06-01 09:15:03] local.DEBUG: user agent : Mozilla/5.0 (Windows NT 6.1) AppleWebKit/537.36 (KHTML, like Gecko) Chrome/102.0.5005.63 Safari/537.36  
[2022-06-01 09:15:03] local.DEBUG: -> error string  
[2022-06-01 09:15:03] local.DEBUG: SQLSTATE[HY000] [1044] Access denied for user 'tpc'@'localhost' to database 'master_agent' (SQL: select * from `platform`)  
[2022-06-01 09:15:03] local.DEBUG: -> end  
[2022-06-01 09:19:24] local.DEBUG: error exception | AgentController -> get()  
[2022-06-01 09:19:24] local.DEBUG: user agent : Mozilla/5.0 (Windows NT 6.1) AppleWebKit/537.36 (KHTML, like Gecko) Chrome/102.0.5005.63 Safari/537.36  
[2022-06-01 09:19:24] local.DEBUG: -> error string  
[2022-06-01 09:19:24] local.DEBUG: SQLSTATE[HY000] [1044] Access denied for user 'tpc'@'localhost' to database 'master_agent' (SQL: select * from `platform`)  
[2022-06-01 09:19:24] local.DEBUG: -> end  
[2022-06-01 09:20:44] local.DEBUG: error exception | AgentController -> get()  
[2022-06-01 09:20:44] local.DEBUG: user agent : Mozilla/5.0 (Windows NT 6.1) AppleWebKit/537.36 (KHTML, like Gecko) Chrome/102.0.5005.63 Safari/537.36  
[2022-06-01 09:20:44] local.DEBUG: -> error string  
[2022-06-01 09:20:44] local.DEBUG: SQLSTATE[HY000] [1044] Access denied for user 'tpc'@'localhost' to database 'master_agent' (SQL: select * from `platform`)  
[2022-06-01 09:20:44] local.DEBUG: -> end  
[2022-06-01 09:20:53] local.DEBUG: error exception | AgentController -> get()  
[2022-06-01 09:20:53] local.DEBUG: user agent : Mozilla/5.0 (Linux; Android 4.1.1; X909 Build/JRO03L) AppleWebKit/537.36 (KHTML, like Gecko) Chrome/30.0.1599.92 Mobile Safari/537.36  
[2022-06-01 09:20:53] local.DEBUG: -> error string  
[2022-06-01 09:20:53] local.DEBUG: SQLSTATE[HY000] [1044] Access denied for user 'tpc'@'localhost' to database 'master_agent' (SQL: select * from `platform`)  
[2022-06-01 09:20:53] local.DEBUG: -> end  
[2022-06-01 09:21:06] local.DEBUG: error exception | AgentController -> get()  
[2022-06-01 09:21:06] local.DEBUG: user agent : Mozilla/5.0 (Linux; Android 4.1.1; X909 Build/JRO03L) AppleWebKit/537.36 (KHTML, like Gecko) Chrome/30.0.1599.92 Mobile Safari/537.36  
[2022-06-01 09:21:06] local.DEBUG: -> error string  
[2022-06-01 09:21:06] local.DEBUG: SQLSTATE[HY000] [1044] Access denied for user 'tpc'@'localhost' to database 'master_agent' (SQL: select * from `platform`)  
[2022-06-01 09:21:06] local.DEBUG: -> end  
[2022-06-01 09:21:12] local.DEBUG: error exception | AgentController -> get()  
[2022-06-01 09:21:12] local.DEBUG: user agent : Mozilla/5.0 (Linux; Android 4.1.1; X909 Build/JRO03L) AppleWebKit/537.36 (KHTML, like Gecko) Chrome/30.0.1599.92 Mobile Safari/537.36  
[2022-06-01 09:21:12] local.DEBUG: -> error string  
[2022-06-01 09:21:12] local.DEBUG: SQLSTATE[HY000] [1044] Access denied for user 'tpc'@'localhost' to database 'master_agent' (SQL: select * from `platform`)  
[2022-06-01 09:21:12] local.DEBUG: -> end  
[2022-06-01 09:23:26] local.DEBUG: error exception | AgentController -> get()  
[2022-06-01 09:23:26] local.DEBUG: user agent : Mozilla/5.0 (Windows NT 6.1) AppleWebKit/537.36 (KHTML, like Gecko) Chrome/102.0.5005.63 Safari/537.36  
[2022-06-01 09:23:26] local.DEBUG: -> error string  
[2022-06-01 09:23:26] local.DEBUG: SQLSTATE[HY000] [1044] Access denied for user 'tpc'@'localhost' to database 'master_agent' (SQL: select * from `platform`)  
[2022-06-01 09:23:26] local.DEBUG: -> end  
[2022-06-01 09:24:26] local.DEBUG: error exception | AgentController -> get()  
[2022-06-01 09:24:26] local.DEBUG: user agent : Mozilla/5.0 (Windows NT 6.1) AppleWebKit/537.36 (KHTML, like Gecko) Chrome/102.0.5005.63 Safari/537.36  
[2022-06-01 09:24:26] local.DEBUG: -> error string  
[2022-06-01 09:24:26] local.DEBUG: SQLSTATE[HY000] [1044] Access denied for user 'tpc'@'localhost' to database 'master_agent' (SQL: select * from `platform`)  
[2022-06-01 09:24:26] local.DEBUG: -> end  
[2022-06-01 09:25:21] local.DEBUG: error exception | AgentController -> get()  
[2022-06-01 09:25:21] local.DEBUG: user agent : Mozilla/5.0 (Windows NT 6.1) AppleWebKit/537.36 (KHTML, like Gecko) Chrome/102.0.5005.63 Safari/537.36  
[2022-06-01 09:25:21] local.DEBUG: -> error string  
[2022-06-01 09:25:21] local.DEBUG: SQLSTATE[HY000] [1044] Access denied for user 'tpc'@'localhost' to database 'master_agent' (SQL: select * from `platform`)  
[2022-06-01 09:25:21] local.DEBUG: -> end  
[2022-06-01 09:26:05] local.DEBUG: error exception | AgentController -> get()  
[2022-06-01 09:26:05] local.DEBUG: user agent : Mozilla/5.0 (Windows NT 6.1) AppleWebKit/537.36 (KHTML, like Gecko) Chrome/102.0.5005.63 Safari/537.36  
[2022-06-01 09:26:05] local.DEBUG: -> error string  
[2022-06-01 09:26:05] local.DEBUG: SQLSTATE[HY000] [1044] Access denied for user 'tpc'@'localhost' to database 'master_agent' (SQL: select * from `platform`)  
[2022-06-01 09:26:05] local.DEBUG: -> end  
[2022-06-01 09:26:43] local.DEBUG: error exception | AgentController -> get()  
[2022-06-01 09:26:43] local.DEBUG: user agent : Mozilla/5.0 (Windows NT 6.1) AppleWebKit/537.36 (KHTML, like Gecko) Chrome/102.0.5005.63 Safari/537.36  
[2022-06-01 09:26:43] local.DEBUG: -> error string  
[2022-06-01 09:26:43] local.DEBUG: SQLSTATE[HY000] [1044] Access denied for user 'tpc'@'localhost' to database 'master_agent' (SQL: select * from `platform`)  
[2022-06-01 09:26:43] local.DEBUG: -> end  
[2022-06-01 09:27:52] local.DEBUG: error exception | AgentController -> get()  
[2022-06-01 09:27:52] local.DEBUG: user agent : Mozilla/5.0 (Windows NT 6.1) AppleWebKit/537.36 (KHTML, like Gecko) Chrome/102.0.5005.63 Safari/537.36  
[2022-06-01 09:27:52] local.DEBUG: -> error string  
[2022-06-01 09:27:52] local.DEBUG: SQLSTATE[HY000] [1044] Access denied for user 'tpc'@'localhost' to database 'master_agent' (SQL: select * from `platform`)  
[2022-06-01 09:27:52] local.DEBUG: -> end  
[2022-06-01 09:29:16] local.DEBUG: error exception | AgentController -> get()  
[2022-06-01 09:29:16] local.DEBUG: user agent : Mozilla/5.0 (Windows NT 6.1) AppleWebKit/537.36 (KHTML, like Gecko) Chrome/102.0.5005.63 Safari/537.36  
[2022-06-01 09:29:16] local.DEBUG: -> error string  
[2022-06-01 09:29:16] local.DEBUG: SQLSTATE[HY000] [1044] Access denied for user 'tpc'@'localhost' to database 'master_agent' (SQL: select * from `platform`)  
[2022-06-01 09:29:16] local.DEBUG: -> end  
[2022-06-01 09:30:08] local.DEBUG: error exception | AgentController -> get()  
[2022-06-01 09:30:08] local.DEBUG: user agent : Mozilla/5.0 (Linux; Android 4.1.1; X909 Build/JRO03L) AppleWebKit/537.36 (KHTML, like Gecko) Chrome/30.0.1599.92 Mobile Safari/537.36  
[2022-06-01 09:30:08] local.DEBUG: -> error string  
[2022-06-01 09:30:08] local.DEBUG: SQLSTATE[HY000] [1044] Access denied for user 'tpc'@'localhost' to database 'master_agent' (SQL: select * from `platform`)  
[2022-06-01 09:30:08] local.DEBUG: -> end  
[2022-06-01 09:30:41] local.DEBUG: error exception | AgentController -> get()  
[2022-06-01 09:30:41] local.DEBUG: user agent : Mozilla/5.0 (Windows NT 6.1) AppleWebKit/537.36 (KHTML, like Gecko) Chrome/102.0.5005.63 Safari/537.36  
[2022-06-01 09:30:41] local.DEBUG: -> error string  
[2022-06-01 09:30:41] local.DEBUG: SQLSTATE[HY000] [1044] Access denied for user 'tpc'@'localhost' to database 'master_agent' (SQL: select * from `platform`)  
[2022-06-01 09:30:41] local.DEBUG: -> end  
[2022-06-01 09:31:21] local.DEBUG: error exception | AgentController -> get()  
[2022-06-01 09:31:21] local.DEBUG: user agent : Mozilla/5.0 (Windows NT 6.1) AppleWebKit/537.36 (KHTML, like Gecko) Chrome/102.0.5005.63 Safari/537.36  
[2022-06-01 09:31:21] local.DEBUG: -> error string  
[2022-06-01 09:31:21] local.DEBUG: SQLSTATE[HY000] [1044] Access denied for user 'tpc'@'localhost' to database 'master_agent' (SQL: select * from `platform`)  
[2022-06-01 09:31:21] local.DEBUG: -> end  
[2022-06-01 09:32:10] local.DEBUG: error exception | AgentController -> get()  
[2022-06-01 09:32:10] local.DEBUG: user agent : Mozilla/5.0 (Windows NT 6.1) AppleWebKit/537.36 (KHTML, like Gecko) Chrome/102.0.5005.63 Safari/537.36  
[2022-06-01 09:32:10] local.DEBUG: -> error string  
[2022-06-01 09:32:10] local.DEBUG: SQLSTATE[HY000] [1044] Access denied for user 'tpc'@'localhost' to database 'master_agent' (SQL: select * from `platform`)  
[2022-06-01 09:32:10] local.DEBUG: -> end  
[2022-06-01 09:32:47] local.DEBUG: error exception | AgentController -> get()  
[2022-06-01 09:32:47] local.DEBUG: user agent : Mozilla/5.0 (Windows NT 6.1) AppleWebKit/537.36 (KHTML, like Gecko) Chrome/102.0.5005.63 Safari/537.36  
[2022-06-01 09:32:47] local.DEBUG: -> error string  
[2022-06-01 09:32:47] local.DEBUG: SQLSTATE[HY000] [1044] Access denied for user 'tpc'@'localhost' to database 'master_agent' (SQL: select * from `platform`)  
[2022-06-01 09:32:47] local.DEBUG: -> end  
[2022-06-01 09:33:16] local.DEBUG: error exception | AgentController -> get()  
[2022-06-01 09:33:16] local.DEBUG: user agent : Mozilla/5.0 (Windows NT 6.1) AppleWebKit/537.36 (KHTML, like Gecko) Chrome/102.0.5005.63 Safari/537.36  
[2022-06-01 09:33:16] local.DEBUG: -> error string  
[2022-06-01 09:33:16] local.DEBUG: SQLSTATE[HY000] [1044] Access denied for user 'tpc'@'localhost' to database 'master_agent' (SQL: select * from `platform`)  
[2022-06-01 09:33:16] local.DEBUG: -> end  
[2022-06-01 09:33:29] local.DEBUG: error exception | AgentController -> get()  
[2022-06-01 09:33:29] local.DEBUG: user agent : Mozilla/5.0 (Windows NT 6.1) AppleWebKit/537.36 (KHTML, like Gecko) Chrome/102.0.5005.63 Safari/537.36  
[2022-06-01 09:33:29] local.DEBUG: -> error string  
[2022-06-01 09:33:29] local.DEBUG: SQLSTATE[HY000] [1044] Access denied for user 'tpc'@'localhost' to database 'master_agent' (SQL: select * from `platform`)  
[2022-06-01 09:33:29] local.DEBUG: -> end  
[2022-06-01 09:34:03] local.DEBUG: error exception | AgentController -> get()  
[2022-06-01 09:34:03] local.DEBUG: user agent : Mozilla/5.0 (Windows NT 6.1) AppleWebKit/537.36 (KHTML, like Gecko) Chrome/102.0.5005.63 Safari/537.36  
[2022-06-01 09:34:03] local.DEBUG: -> error string  
[2022-06-01 09:34:03] local.DEBUG: SQLSTATE[HY000] [1044] Access denied for user 'tpc'@'localhost' to database 'master_agent' (SQL: select * from `platform`)  
[2022-06-01 09:34:03] local.DEBUG: -> end  
[2022-06-01 09:34:31] local.DEBUG: error exception | AgentController -> get()  
[2022-06-01 09:34:31] local.DEBUG: user agent : Mozilla/5.0 (Windows NT 6.1) AppleWebKit/537.36 (KHTML, like Gecko) Chrome/102.0.5005.63 Safari/537.36  
[2022-06-01 09:34:31] local.DEBUG: -> error string  
[2022-06-01 09:34:31] local.DEBUG: SQLSTATE[HY000] [1044] Access denied for user 'tpc'@'localhost' to database 'master_agent' (SQL: select * from `platform`)  
[2022-06-01 09:34:31] local.DEBUG: -> end  
[2022-06-01 09:35:59] local.DEBUG: error exception | AgentController -> get()  
[2022-06-01 09:35:59] local.DEBUG: user agent : Mozilla/5.0 (Linux; Android 4.1.1; X909 Build/JRO03L) AppleWebKit/537.36 (KHTML, like Gecko) Chrome/30.0.1599.92 Mobile Safari/537.36  
[2022-06-01 09:35:59] local.DEBUG: -> error string  
[2022-06-01 09:35:59] local.DEBUG: SQLSTATE[HY000] [1044] Access denied for user 'tpc'@'localhost' to database 'master_agent' (SQL: select * from `platform`)  
[2022-06-01 09:35:59] local.DEBUG: -> end  
[2022-06-01 09:36:17] local.DEBUG: error exception | AgentController -> get()  
[2022-06-01 09:36:17] local.DEBUG: user agent : Mozilla/5.0 (Windows NT 6.1) AppleWebKit/537.36 (KHTML, like Gecko) Chrome/102.0.5005.63 Safari/537.36  
[2022-06-01 09:36:17] local.DEBUG: -> error string  
[2022-06-01 09:36:17] local.DEBUG: SQLSTATE[HY000] [1044] Access denied for user 'tpc'@'localhost' to database 'master_agent' (SQL: select * from `platform`)  
[2022-06-01 09:36:17] local.DEBUG: -> end  
[2022-06-01 09:36:45] local.DEBUG: error exception | AgentController -> get()  
[2022-06-01 09:36:45] local.DEBUG: user agent : Mozilla/5.0 (Windows NT 6.1) AppleWebKit/537.36 (KHTML, like Gecko) Chrome/102.0.5005.63 Safari/537.36  
[2022-06-01 09:36:45] local.DEBUG: -> error string  
[2022-06-01 09:36:45] local.DEBUG: SQLSTATE[HY000] [1044] Access denied for user 'tpc'@'localhost' to database 'master_agent' (SQL: select * from `platform`)  
[2022-06-01 09:36:45] local.DEBUG: -> end  
[2022-06-01 09:38:03] local.DEBUG: error exception | AgentController -> get()  
[2022-06-01 09:38:03] local.DEBUG: user agent : Mozilla/5.0 (Windows NT 6.1) AppleWebKit/537.36 (KHTML, like Gecko) Chrome/102.0.5005.63 Safari/537.36  
[2022-06-01 09:38:03] local.DEBUG: -> error string  
[2022-06-01 09:38:03] local.DEBUG: SQLSTATE[HY000] [1044] Access denied for user 'tpc'@'localhost' to database 'master_agent' (SQL: select * from `platform`)  
[2022-06-01 09:38:03] local.DEBUG: -> end  
[2022-06-01 09:39:06] local.DEBUG: error exception | AgentController -> get()  
[2022-06-01 09:39:06] local.DEBUG: user agent : Mozilla/5.0 (Windows NT 6.1) AppleWebKit/537.36 (KHTML, like Gecko) Chrome/102.0.5005.63 Safari/537.36  
[2022-06-01 09:39:06] local.DEBUG: -> error string  
[2022-06-01 09:39:06] local.DEBUG: SQLSTATE[HY000] [1044] Access denied for user 'tpc'@'localhost' to database 'master_agent' (SQL: select * from `platform`)  
[2022-06-01 09:39:06] local.DEBUG: -> end  
[2022-06-01 09:39:50] local.DEBUG: error exception | AgentController -> get()  
[2022-06-01 09:39:50] local.DEBUG: user agent : Mozilla/5.0 (Windows NT 6.1) AppleWebKit/537.36 (KHTML, like Gecko) Chrome/102.0.5005.63 Safari/537.36  
[2022-06-01 09:39:50] local.DEBUG: -> error string  
[2022-06-01 09:39:50] local.DEBUG: SQLSTATE[HY000] [1044] Access denied for user 'tpc'@'localhost' to database 'master_agent' (SQL: select * from `platform`)  
[2022-06-01 09:39:50] local.DEBUG: -> end  
[2022-06-01 09:43:58] local.DEBUG: error exception | AgentController -> get()  
[2022-06-01 09:43:58] local.DEBUG: user agent : Mozilla/5.0 (Windows NT 6.1) AppleWebKit/537.36 (KHTML, like Gecko) Chrome/102.0.5005.63 Safari/537.36  
[2022-06-01 09:43:58] local.DEBUG: -> error string  
[2022-06-01 09:43:58] local.DEBUG: SQLSTATE[HY000] [1044] Access denied for user 'tpc'@'localhost' to database 'master_agent' (SQL: select * from `platform`)  
[2022-06-01 09:43:58] local.DEBUG: -> end  
[2022-06-01 09:44:57] local.DEBUG: error exception | AgentController -> get()  
[2022-06-01 09:44:57] local.DEBUG: user agent : Mozilla/5.0 (Windows NT 6.1) AppleWebKit/537.36 (KHTML, like Gecko) Chrome/102.0.5005.63 Safari/537.36  
[2022-06-01 09:44:57] local.DEBUG: -> error string  
[2022-06-01 09:44:57] local.DEBUG: SQLSTATE[HY000] [1044] Access denied for user 'tpc'@'localhost' to database 'master_agent' (SQL: select * from `platform`)  
[2022-06-01 09:44:57] local.DEBUG: -> end  
[2022-06-01 09:45:12] local.DEBUG: error exception | AgentController -> get()  
[2022-06-01 09:45:12] local.DEBUG: user agent : Mozilla/5.0 (Windows NT 6.1) AppleWebKit/537.36 (KHTML, like Gecko) Chrome/102.0.5005.63 Safari/537.36  
[2022-06-01 09:45:12] local.DEBUG: -> error string  
[2022-06-01 09:45:12] local.DEBUG: SQLSTATE[HY000] [1044] Access denied for user 'tpc'@'localhost' to database 'master_agent' (SQL: select * from `platform`)  
[2022-06-01 09:45:12] local.DEBUG: -> end  
[2022-06-01 09:45:55] local.DEBUG: error exception | AgentController -> get()  
[2022-06-01 09:45:55] local.DEBUG: user agent : Mozilla/5.0 (Windows NT 6.1) AppleWebKit/537.36 (KHTML, like Gecko) Chrome/102.0.5005.63 Safari/537.36  
[2022-06-01 09:45:55] local.DEBUG: -> error string  
[2022-06-01 09:45:55] local.DEBUG: SQLSTATE[HY000] [1044] Access denied for user 'tpc'@'localhost' to database 'master_agent' (SQL: select * from `platform`)  
[2022-06-01 09:45:55] local.DEBUG: -> end  
[2022-06-01 09:46:40] local.DEBUG: error exception | AgentController -> get()  
[2022-06-01 09:46:40] local.DEBUG: user agent : Mozilla/5.0 (Windows NT 6.1) AppleWebKit/537.36 (KHTML, like Gecko) Chrome/102.0.5005.63 Safari/537.36  
[2022-06-01 09:46:40] local.DEBUG: -> error string  
[2022-06-01 09:46:40] local.DEBUG: SQLSTATE[HY000] [1044] Access denied for user 'tpc'@'localhost' to database 'master_agent' (SQL: select * from `platform`)  
[2022-06-01 09:46:40] local.DEBUG: -> end  
[2022-06-01 09:49:34] local.DEBUG: error exception | AgentController -> get()  
[2022-06-01 09:49:34] local.DEBUG: user agent : Mozilla/5.0 (Windows NT 6.1) AppleWebKit/537.36 (KHTML, like Gecko) Chrome/102.0.5005.63 Safari/537.36  
[2022-06-01 09:49:34] local.DEBUG: -> error string  
[2022-06-01 09:49:34] local.DEBUG: SQLSTATE[HY000] [1044] Access denied for user 'tpc'@'localhost' to database 'master_agent' (SQL: select * from `platform`)  
[2022-06-01 09:49:34] local.DEBUG: -> end  
[2022-06-01 09:50:26] local.DEBUG: error exception | AgentController -> get()  
[2022-06-01 09:50:26] local.DEBUG: user agent : Mozilla/5.0 (Windows NT 6.1) AppleWebKit/537.36 (KHTML, like Gecko) Chrome/102.0.5005.63 Safari/537.36  
[2022-06-01 09:50:26] local.DEBUG: -> error string  
[2022-06-01 09:50:26] local.DEBUG: SQLSTATE[HY000] [1044] Access denied for user 'tpc'@'localhost' to database 'master_agent' (SQL: select * from `platform`)  
[2022-06-01 09:50:26] local.DEBUG: -> end  
[2022-06-01 09:51:38] local.DEBUG: error exception | AgentController -> get()  
[2022-06-01 09:51:38] local.DEBUG: user agent : Mozilla/5.0 (Windows NT 6.1) AppleWebKit/537.36 (KHTML, like Gecko) Chrome/102.0.5005.63 Safari/537.36  
[2022-06-01 09:51:38] local.DEBUG: -> error string  
[2022-06-01 09:51:38] local.DEBUG: SQLSTATE[HY000] [1044] Access denied for user 'tpc'@'localhost' to database 'master_agent' (SQL: select * from `platform`)  
[2022-06-01 09:51:38] local.DEBUG: -> end  
[2022-06-01 09:53:10] local.DEBUG: error exception | AgentController -> get()  
[2022-06-01 09:53:10] local.DEBUG: user agent : Mozilla/5.0 (Windows NT 6.1) AppleWebKit/537.36 (KHTML, like Gecko) Chrome/102.0.5005.63 Safari/537.36  
[2022-06-01 09:53:10] local.DEBUG: -> error string  
[2022-06-01 09:53:10] local.DEBUG: SQLSTATE[HY000] [1044] Access denied for user 'tpc'@'localhost' to database 'master_agent' (SQL: select * from `platform`)  
[2022-06-01 09:53:10] local.DEBUG: -> end  
[2022-06-01 09:53:30] local.DEBUG: error exception | AgentController -> get()  
[2022-06-01 09:53:30] local.DEBUG: user agent : Mozilla/5.0 (Windows NT 6.1) AppleWebKit/537.36 (KHTML, like Gecko) Chrome/102.0.5005.63 Safari/537.36  
[2022-06-01 09:53:30] local.DEBUG: -> error string  
[2022-06-01 09:53:30] local.DEBUG: SQLSTATE[HY000] [1044] Access denied for user 'tpc'@'localhost' to database 'master_agent' (SQL: select * from `platform`)  
[2022-06-01 09:53:30] local.DEBUG: -> end  
[2022-06-01 09:54:17] local.DEBUG: error exception | AgentController -> get()  
[2022-06-01 09:54:17] local.DEBUG: user agent : Mozilla/5.0 (Windows NT 6.1) AppleWebKit/537.36 (KHTML, like Gecko) Chrome/102.0.5005.63 Safari/537.36  
[2022-06-01 09:54:17] local.DEBUG: -> error string  
[2022-06-01 09:54:17] local.DEBUG: SQLSTATE[HY000] [1044] Access denied for user 'tpc'@'localhost' to database 'master_agent' (SQL: select * from `platform`)  
[2022-06-01 09:54:17] local.DEBUG: -> end  
[2022-06-01 09:54:59] local.DEBUG: error exception | AgentController -> get()  
[2022-06-01 09:54:59] local.DEBUG: user agent : Mozilla/5.0 (Windows NT 6.1) AppleWebKit/537.36 (KHTML, like Gecko) Chrome/102.0.5005.63 Safari/537.36  
[2022-06-01 09:54:59] local.DEBUG: -> error string  
[2022-06-01 09:54:59] local.DEBUG: SQLSTATE[HY000] [1044] Access denied for user 'tpc'@'localhost' to database 'master_agent' (SQL: select * from `platform`)  
[2022-06-01 09:54:59] local.DEBUG: -> end  
[2022-06-01 09:55:19] local.DEBUG: error exception | AgentController -> get()  
[2022-06-01 09:55:19] local.DEBUG: user agent : Mozilla/5.0 (Windows NT 6.1) AppleWebKit/537.36 (KHTML, like Gecko) Chrome/102.0.5005.63 Safari/537.36  
[2022-06-01 09:55:19] local.DEBUG: -> error string  
[2022-06-01 09:55:19] local.DEBUG: SQLSTATE[HY000] [1044] Access denied for user 'tpc'@'localhost' to database 'master_agent' (SQL: select * from `platform`)  
[2022-06-01 09:55:19] local.DEBUG: -> end  
[2022-06-01 09:55:33] local.DEBUG: error exception | AgentController -> get()  
[2022-06-01 09:55:33] local.DEBUG: user agent : Mozilla/5.0 (Windows NT 6.1) AppleWebKit/537.36 (KHTML, like Gecko) Chrome/102.0.5005.63 Safari/537.36  
[2022-06-01 09:55:33] local.DEBUG: -> error string  
[2022-06-01 09:55:33] local.DEBUG: SQLSTATE[HY000] [1044] Access denied for user 'tpc'@'localhost' to database 'master_agent' (SQL: select * from `platform`)  
[2022-06-01 09:55:33] local.DEBUG: -> end  
[2022-06-01 09:57:09] local.DEBUG: error exception | AgentController -> get()  
[2022-06-01 09:57:09] local.DEBUG: user agent : Mozilla/5.0 (Windows NT 6.1) AppleWebKit/537.36 (KHTML, like Gecko) Chrome/102.0.5005.63 Safari/537.36  
[2022-06-01 09:57:09] local.DEBUG: -> error string  
[2022-06-01 09:57:09] local.DEBUG: SQLSTATE[HY000] [1044] Access denied for user 'tpc'@'localhost' to database 'master_agent' (SQL: select * from `platform`)  
[2022-06-01 09:57:09] local.DEBUG: -> end  
[2022-06-01 09:58:59] local.DEBUG: error exception | AgentController -> get()  
[2022-06-01 09:58:59] local.DEBUG: user agent : Mozilla/5.0 (Windows NT 6.1) AppleWebKit/537.36 (KHTML, like Gecko) Chrome/102.0.5005.63 Safari/537.36  
[2022-06-01 09:58:59] local.DEBUG: -> error string  
[2022-06-01 09:58:59] local.DEBUG: SQLSTATE[HY000] [1044] Access denied for user 'tpc'@'localhost' to database 'master_agent' (SQL: select * from `platform`)  
[2022-06-01 09:58:59] local.DEBUG: -> end  
[2022-06-01 10:00:50] local.DEBUG: error exception | AgentController -> get()  
[2022-06-01 10:00:50] local.DEBUG: user agent : Mozilla/5.0 (Windows NT 6.1) AppleWebKit/537.36 (KHTML, like Gecko) Chrome/102.0.5005.63 Safari/537.36  
[2022-06-01 10:00:50] local.DEBUG: -> error string  
[2022-06-01 10:00:50] local.DEBUG: SQLSTATE[HY000] [1044] Access denied for user 'tpc'@'localhost' to database 'master_agent' (SQL: select * from `platform`)  
[2022-06-01 10:00:50] local.DEBUG: -> end  
[2022-06-01 10:01:30] local.DEBUG: error exception | AgentController -> get()  
[2022-06-01 10:01:30] local.DEBUG: user agent : Mozilla/5.0 (Windows NT 6.1) AppleWebKit/537.36 (KHTML, like Gecko) Chrome/102.0.5005.63 Safari/537.36  
[2022-06-01 10:01:30] local.DEBUG: -> error string  
[2022-06-01 10:01:30] local.DEBUG: SQLSTATE[HY000] [1044] Access denied for user 'tpc'@'localhost' to database 'master_agent' (SQL: select * from `platform`)  
[2022-06-01 10:01:30] local.DEBUG: -> end  
[2022-06-01 10:01:51] local.DEBUG: error exception | AgentController -> get()  
[2022-06-01 10:01:51] local.DEBUG: user agent : Mozilla/5.0 (Windows NT 6.1) AppleWebKit/537.36 (KHTML, like Gecko) Chrome/102.0.5005.63 Safari/537.36  
[2022-06-01 10:01:51] local.DEBUG: -> error string  
[2022-06-01 10:01:51] local.DEBUG: SQLSTATE[HY000] [1044] Access denied for user 'tpc'@'localhost' to database 'master_agent' (SQL: select * from `platform`)  
[2022-06-01 10:01:51] local.DEBUG: -> end  
[2022-06-01 10:06:12] local.DEBUG: error exception | AgentController -> get()  
[2022-06-01 10:06:12] local.DEBUG: user agent : Mozilla/5.0 (Windows NT 6.1) AppleWebKit/537.36 (KHTML, like Gecko) Chrome/102.0.5005.63 Safari/537.36  
[2022-06-01 10:06:12] local.DEBUG: -> error string  
[2022-06-01 10:06:12] local.DEBUG: SQLSTATE[HY000] [1044] Access denied for user 'tpc'@'localhost' to database 'master_agent' (SQL: select * from `platform`)  
[2022-06-01 10:06:12] local.DEBUG: -> end  
[2022-06-01 10:07:11] local.DEBUG: error exception | AgentController -> get()  
[2022-06-01 10:07:11] local.DEBUG: user agent : Mozilla/5.0 (Windows NT 6.1) AppleWebKit/537.36 (KHTML, like Gecko) Chrome/102.0.5005.63 Safari/537.36  
[2022-06-01 10:07:11] local.DEBUG: -> error string  
[2022-06-01 10:07:11] local.DEBUG: SQLSTATE[HY000] [1044] Access denied for user 'tpc'@'localhost' to database 'master_agent' (SQL: select * from `platform`)  
[2022-06-01 10:07:11] local.DEBUG: -> end  
[2022-06-01 10:09:05] local.DEBUG: error exception | AgentController -> get()  
[2022-06-01 10:09:05] local.DEBUG: user agent : Mozilla/5.0 (Windows NT 6.1) AppleWebKit/537.36 (KHTML, like Gecko) Chrome/102.0.5005.63 Safari/537.36  
[2022-06-01 10:09:05] local.DEBUG: -> error string  
[2022-06-01 10:09:05] local.DEBUG: SQLSTATE[HY000] [1044] Access denied for user 'tpc'@'localhost' to database 'master_agent' (SQL: select * from `platform`)  
[2022-06-01 10:09:05] local.DEBUG: -> end  
[2022-06-01 10:09:28] local.DEBUG: error exception | AgentController -> get()  
[2022-06-01 10:09:28] local.DEBUG: user agent : Mozilla/5.0 (Windows NT 6.1) AppleWebKit/537.36 (KHTML, like Gecko) Chrome/102.0.5005.63 Safari/537.36  
[2022-06-01 10:09:28] local.DEBUG: -> error string  
[2022-06-01 10:09:28] local.DEBUG: SQLSTATE[HY000] [1044] Access denied for user 'tpc'@'localhost' to database 'master_agent' (SQL: select * from `platform`)  
[2022-06-01 10:09:28] local.DEBUG: -> end  
[2022-06-01 10:10:14] local.DEBUG: error exception | AgentController -> get()  
[2022-06-01 10:10:14] local.DEBUG: user agent : Mozilla/5.0 (Windows NT 6.1) AppleWebKit/537.36 (KHTML, like Gecko) Chrome/102.0.5005.63 Safari/537.36  
[2022-06-01 10:10:14] local.DEBUG: -> error string  
[2022-06-01 10:10:14] local.DEBUG: SQLSTATE[HY000] [1044] Access denied for user 'tpc'@'localhost' to database 'master_agent' (SQL: select * from `platform`)  
[2022-06-01 10:10:14] local.DEBUG: -> end  
[2022-06-01 10:13:07] local.DEBUG: error exception | AgentController -> get()  
[2022-06-01 10:13:07] local.DEBUG: user agent : Mozilla/5.0 (Windows NT 6.1) AppleWebKit/537.36 (KHTML, like Gecko) Chrome/102.0.5005.63 Safari/537.36  
[2022-06-01 10:13:07] local.DEBUG: -> error string  
[2022-06-01 10:13:07] local.DEBUG: SQLSTATE[HY000] [1044] Access denied for user 'tpc'@'localhost' to database 'master_agent' (SQL: select * from `platform`)  
[2022-06-01 10:13:07] local.DEBUG: -> end  
[2022-06-01 10:13:30] local.DEBUG: error exception | AgentController -> get()  
[2022-06-01 10:13:30] local.DEBUG: user agent : Mozilla/5.0 (Windows NT 6.1) AppleWebKit/537.36 (KHTML, like Gecko) Chrome/102.0.5005.63 Safari/537.36  
[2022-06-01 10:13:30] local.DEBUG: -> error string  
[2022-06-01 10:13:30] local.DEBUG: SQLSTATE[HY000] [1044] Access denied for user 'tpc'@'localhost' to database 'master_agent' (SQL: select * from `platform`)  
[2022-06-01 10:13:30] local.DEBUG: -> end  
[2022-06-01 10:14:10] local.DEBUG: error exception | AgentController -> get()  
[2022-06-01 10:14:10] local.DEBUG: user agent : Mozilla/5.0 (Windows NT 6.1) AppleWebKit/537.36 (KHTML, like Gecko) Chrome/102.0.5005.63 Safari/537.36  
[2022-06-01 10:14:10] local.DEBUG: -> error string  
[2022-06-01 10:14:10] local.DEBUG: SQLSTATE[HY000] [1044] Access denied for user 'tpc'@'localhost' to database 'master_agent' (SQL: select * from `platform`)  
[2022-06-01 10:14:10] local.DEBUG: -> end  
[2022-06-01 10:15:10] local.DEBUG: error exception | AgentController -> get()  
[2022-06-01 10:15:10] local.DEBUG: user agent : Mozilla/5.0 (Windows NT 6.1) AppleWebKit/537.36 (KHTML, like Gecko) Chrome/102.0.5005.63 Safari/537.36  
[2022-06-01 10:15:10] local.DEBUG: -> error string  
[2022-06-01 10:15:10] local.DEBUG: SQLSTATE[HY000] [1044] Access denied for user 'tpc'@'localhost' to database 'master_agent' (SQL: select * from `platform`)  
[2022-06-01 10:15:10] local.DEBUG: -> end  
[2022-06-01 10:16:36] local.DEBUG: error exception | AgentController -> get()  
[2022-06-01 10:16:36] local.DEBUG: user agent : Mozilla/5.0 (Windows NT 6.1) AppleWebKit/537.36 (KHTML, like Gecko) Chrome/102.0.5005.63 Safari/537.36  
[2022-06-01 10:16:36] local.DEBUG: -> error string  
[2022-06-01 10:16:36] local.DEBUG: SQLSTATE[HY000] [1044] Access denied for user 'tpc'@'localhost' to database 'master_agent' (SQL: select * from `platform`)  
[2022-06-01 10:16:36] local.DEBUG: -> end  
[2022-06-01 10:16:58] local.DEBUG: error exception | AgentController -> get()  
[2022-06-01 10:16:58] local.DEBUG: user agent : Mozilla/5.0 (Windows NT 6.1) AppleWebKit/537.36 (KHTML, like Gecko) Chrome/102.0.5005.63 Safari/537.36  
[2022-06-01 10:16:58] local.DEBUG: -> error string  
[2022-06-01 10:16:58] local.DEBUG: SQLSTATE[HY000] [1044] Access denied for user 'tpc'@'localhost' to database 'master_agent' (SQL: select * from `platform`)  
[2022-06-01 10:16:58] local.DEBUG: -> end  
[2022-06-01 10:17:41] local.DEBUG: error exception | AgentController -> get()  
[2022-06-01 10:17:41] local.DEBUG: user agent : Mozilla/5.0 (Windows NT 6.1) AppleWebKit/537.36 (KHTML, like Gecko) Chrome/102.0.5005.63 Safari/537.36  
[2022-06-01 10:17:41] local.DEBUG: -> error string  
[2022-06-01 10:17:41] local.DEBUG: SQLSTATE[HY000] [1044] Access denied for user 'tpc'@'localhost' to database 'master_agent' (SQL: select * from `platform`)  
[2022-06-01 10:17:41] local.DEBUG: -> end  
[2022-06-01 10:18:18] local.DEBUG: error exception | AgentController -> get()  
[2022-06-01 10:18:18] local.DEBUG: user agent : Mozilla/5.0 (Windows NT 6.1) AppleWebKit/537.36 (KHTML, like Gecko) Chrome/102.0.5005.63 Safari/537.36  
[2022-06-01 10:18:18] local.DEBUG: -> error string  
[2022-06-01 10:18:18] local.DEBUG: SQLSTATE[HY000] [1044] Access denied for user 'tpc'@'localhost' to database 'master_agent' (SQL: select * from `platform`)  
[2022-06-01 10:18:18] local.DEBUG: -> end  
[2022-06-01 10:19:05] local.DEBUG: error exception | AgentController -> get()  
[2022-06-01 10:19:05] local.DEBUG: user agent : Mozilla/5.0 (Windows NT 6.1) AppleWebKit/537.36 (KHTML, like Gecko) Chrome/102.0.5005.63 Safari/537.36  
[2022-06-01 10:19:05] local.DEBUG: -> error string  
[2022-06-01 10:19:05] local.DEBUG: SQLSTATE[HY000] [1044] Access denied for user 'tpc'@'localhost' to database 'master_agent' (SQL: select * from `platform`)  
[2022-06-01 10:19:05] local.DEBUG: -> end  
[2022-06-01 10:19:40] local.DEBUG: error exception | AgentController -> get()  
[2022-06-01 10:19:40] local.DEBUG: user agent : Mozilla/5.0 (Windows NT 6.1) AppleWebKit/537.36 (KHTML, like Gecko) Chrome/102.0.5005.63 Safari/537.36  
[2022-06-01 10:19:40] local.DEBUG: -> error string  
[2022-06-01 10:19:40] local.DEBUG: SQLSTATE[HY000] [1044] Access denied for user 'tpc'@'localhost' to database 'master_agent' (SQL: select * from `platform`)  
[2022-06-01 10:19:40] local.DEBUG: -> end  
[2022-06-01 10:21:41] local.DEBUG: error exception | AgentController -> get()  
[2022-06-01 10:21:41] local.DEBUG: user agent : Mozilla/5.0 (Windows NT 6.1) AppleWebKit/537.36 (KHTML, like Gecko) Chrome/102.0.5005.63 Safari/537.36  
[2022-06-01 10:21:41] local.DEBUG: -> error string  
[2022-06-01 10:21:41] local.DEBUG: SQLSTATE[HY000] [1044] Access denied for user 'tpc'@'localhost' to database 'master_agent' (SQL: select * from `platform`)  
[2022-06-01 10:21:41] local.DEBUG: -> end  
[2022-06-01 10:24:13] local.DEBUG: error exception | AgentController -> get()  
[2022-06-01 10:24:13] local.DEBUG: user agent : Mozilla/5.0 (Windows NT 6.1) AppleWebKit/537.36 (KHTML, like Gecko) Chrome/102.0.5005.63 Safari/537.36  
[2022-06-01 10:24:13] local.DEBUG: -> error string  
[2022-06-01 10:24:13] local.DEBUG: SQLSTATE[HY000] [1044] Access denied for user 'tpc'@'localhost' to database 'master_agent' (SQL: select * from `platform`)  
[2022-06-01 10:24:13] local.DEBUG: -> end  
[2022-06-01 10:24:46] local.DEBUG: error exception | AgentController -> get()  
[2022-06-01 10:24:46] local.DEBUG: user agent : Mozilla/5.0 (Windows NT 6.1) AppleWebKit/537.36 (KHTML, like Gecko) Chrome/102.0.5005.63 Safari/537.36  
[2022-06-01 10:24:46] local.DEBUG: -> error string  
[2022-06-01 10:24:46] local.DEBUG: SQLSTATE[HY000] [1044] Access denied for user 'tpc'@'localhost' to database 'master_agent' (SQL: select * from `platform`)  
[2022-06-01 10:24:46] local.DEBUG: -> end  
[2022-06-01 10:25:35] local.DEBUG: error exception | AgentController -> get()  
[2022-06-01 10:25:35] local.DEBUG: user agent : Mozilla/5.0 (Windows NT 6.1) AppleWebKit/537.36 (KHTML, like Gecko) Chrome/102.0.5005.63 Safari/537.36  
[2022-06-01 10:25:35] local.DEBUG: -> error string  
[2022-06-01 10:25:35] local.DEBUG: SQLSTATE[HY000] [1044] Access denied for user 'tpc'@'localhost' to database 'master_agent' (SQL: select * from `platform`)  
[2022-06-01 10:25:35] local.DEBUG: -> end  
[2022-06-01 10:26:29] local.DEBUG: error exception | AgentController -> get()  
[2022-06-01 10:26:29] local.DEBUG: user agent : Mozilla/5.0 (Windows NT 6.1) AppleWebKit/537.36 (KHTML, like Gecko) Chrome/102.0.5005.63 Safari/537.36  
[2022-06-01 10:26:29] local.DEBUG: -> error string  
[2022-06-01 10:26:29] local.DEBUG: SQLSTATE[HY000] [1044] Access denied for user 'tpc'@'localhost' to database 'master_agent' (SQL: select * from `platform`)  
[2022-06-01 10:26:29] local.DEBUG: -> end  
[2022-06-01 10:26:51] local.DEBUG: error exception | AgentController -> get()  
[2022-06-01 10:26:51] local.DEBUG: user agent : Mozilla/5.0 (Windows NT 6.1) AppleWebKit/537.36 (KHTML, like Gecko) Chrome/102.0.5005.63 Safari/537.36  
[2022-06-01 10:26:51] local.DEBUG: -> error string  
[2022-06-01 10:26:51] local.DEBUG: SQLSTATE[HY000] [1044] Access denied for user 'tpc'@'localhost' to database 'master_agent' (SQL: select * from `platform`)  
[2022-06-01 10:26:51] local.DEBUG: -> end  
[2022-06-01 10:27:06] local.DEBUG: error exception | AgentController -> get()  
[2022-06-01 10:27:06] local.DEBUG: user agent : Mozilla/5.0 (Windows NT 6.1) AppleWebKit/537.36 (KHTML, like Gecko) Chrome/102.0.5005.63 Safari/537.36  
[2022-06-01 10:27:06] local.DEBUG: -> error string  
[2022-06-01 10:27:06] local.DEBUG: SQLSTATE[HY000] [1044] Access denied for user 'tpc'@'localhost' to database 'master_agent' (SQL: select * from `platform`)  
[2022-06-01 10:27:06] local.DEBUG: -> end  
[2022-06-01 10:28:15] local.DEBUG: error exception | AgentController -> get()  
[2022-06-01 10:28:15] local.DEBUG: user agent : Mozilla/5.0 (Windows NT 6.1) AppleWebKit/537.36 (KHTML, like Gecko) Chrome/102.0.5005.63 Safari/537.36  
[2022-06-01 10:28:15] local.DEBUG: -> error string  
[2022-06-01 10:28:15] local.DEBUG: SQLSTATE[HY000] [1044] Access denied for user 'tpc'@'localhost' to database 'master_agent' (SQL: select * from `platform`)  
[2022-06-01 10:28:15] local.DEBUG: -> end  
[2022-06-01 10:28:25] local.DEBUG: error exception | AgentController -> get()  
[2022-06-01 10:28:25] local.DEBUG: user agent : Mozilla/5.0 (Windows NT 6.1) AppleWebKit/537.36 (KHTML, like Gecko) Chrome/102.0.5005.63 Safari/537.36  
[2022-06-01 10:28:25] local.DEBUG: -> error string  
[2022-06-01 10:28:25] local.DEBUG: SQLSTATE[HY000] [1044] Access denied for user 'tpc'@'localhost' to database 'master_agent' (SQL: select * from `platform`)  
[2022-06-01 10:28:25] local.DEBUG: -> end  
[2022-06-01 10:28:39] local.DEBUG: error exception | AgentController -> get()  
[2022-06-01 10:28:39] local.DEBUG: user agent : Mozilla/5.0 (Windows NT 6.1) AppleWebKit/537.36 (KHTML, like Gecko) Chrome/102.0.5005.63 Safari/537.36  
[2022-06-01 10:28:39] local.DEBUG: -> error string  
[2022-06-01 10:28:39] local.DEBUG: SQLSTATE[HY000] [1044] Access denied for user 'tpc'@'localhost' to database 'master_agent' (SQL: select * from `platform`)  
[2022-06-01 10:28:39] local.DEBUG: -> end  
[2022-06-01 10:28:53] local.DEBUG: error exception | AgentController -> get()  
[2022-06-01 10:28:53] local.DEBUG: user agent : Mozilla/5.0 (Windows NT 6.1) AppleWebKit/537.36 (KHTML, like Gecko) Chrome/102.0.5005.63 Safari/537.36  
[2022-06-01 10:28:53] local.DEBUG: -> error string  
[2022-06-01 10:28:53] local.DEBUG: SQLSTATE[HY000] [1044] Access denied for user 'tpc'@'localhost' to database 'master_agent' (SQL: select * from `platform`)  
[2022-06-01 10:28:53] local.DEBUG: -> end  
[2022-06-01 10:29:10] local.DEBUG: error exception | AgentController -> get()  
[2022-06-01 10:29:10] local.DEBUG: user agent : Mozilla/5.0 (Windows NT 6.1) AppleWebKit/537.36 (KHTML, like Gecko) Chrome/102.0.5005.63 Safari/537.36  
[2022-06-01 10:29:10] local.DEBUG: -> error string  
[2022-06-01 10:29:10] local.DEBUG: SQLSTATE[HY000] [1044] Access denied for user 'tpc'@'localhost' to database 'master_agent' (SQL: select * from `platform`)  
[2022-06-01 10:29:10] local.DEBUG: -> end  
[2022-06-01 10:29:25] local.DEBUG: error exception | AgentController -> get()  
[2022-06-01 10:29:25] local.DEBUG: user agent : Mozilla/5.0 (Windows NT 6.1) AppleWebKit/537.36 (KHTML, like Gecko) Chrome/102.0.5005.63 Safari/537.36  
[2022-06-01 10:29:25] local.DEBUG: -> error string  
[2022-06-01 10:29:25] local.DEBUG: SQLSTATE[HY000] [1044] Access denied for user 'tpc'@'localhost' to database 'master_agent' (SQL: select * from `platform`)  
[2022-06-01 10:29:25] local.DEBUG: -> end  
[2022-06-01 10:29:59] local.DEBUG: error exception | AgentController -> get()  
[2022-06-01 10:29:59] local.DEBUG: user agent : Mozilla/5.0 (Windows NT 6.1) AppleWebKit/537.36 (KHTML, like Gecko) Chrome/102.0.5005.63 Safari/537.36  
[2022-06-01 10:29:59] local.DEBUG: -> error string  
[2022-06-01 10:29:59] local.DEBUG: SQLSTATE[HY000] [1044] Access denied for user 'tpc'@'localhost' to database 'master_agent' (SQL: select * from `platform`)  
[2022-06-01 10:29:59] local.DEBUG: -> end  
[2022-06-01 10:30:13] local.DEBUG: error exception | AgentController -> get()  
[2022-06-01 10:30:13] local.DEBUG: user agent : Mozilla/5.0 (Windows NT 6.1) AppleWebKit/537.36 (KHTML, like Gecko) Chrome/102.0.5005.63 Safari/537.36  
[2022-06-01 10:30:13] local.DEBUG: -> error string  
[2022-06-01 10:30:13] local.DEBUG: SQLSTATE[HY000] [1044] Access denied for user 'tpc'@'localhost' to database 'master_agent' (SQL: select * from `platform`)  
[2022-06-01 10:30:13] local.DEBUG: -> end  
[2022-06-01 10:30:43] local.DEBUG: error exception | AgentController -> get()  
[2022-06-01 10:30:43] local.DEBUG: user agent : Mozilla/5.0 (Windows NT 6.1) AppleWebKit/537.36 (KHTML, like Gecko) Chrome/102.0.5005.63 Safari/537.36  
[2022-06-01 10:30:43] local.DEBUG: -> error string  
[2022-06-01 10:30:43] local.DEBUG: SQLSTATE[HY000] [1044] Access denied for user 'tpc'@'localhost' to database 'master_agent' (SQL: select * from `platform`)  
[2022-06-01 10:30:43] local.DEBUG: -> end  
[2022-06-01 10:30:56] local.DEBUG: error exception | AgentController -> get()  
[2022-06-01 10:30:56] local.DEBUG: user agent : Mozilla/5.0 (Windows NT 6.1) AppleWebKit/537.36 (KHTML, like Gecko) Chrome/102.0.5005.63 Safari/537.36  
[2022-06-01 10:30:56] local.DEBUG: -> error string  
[2022-06-01 10:30:56] local.DEBUG: SQLSTATE[HY000] [1044] Access denied for user 'tpc'@'localhost' to database 'master_agent' (SQL: select * from `platform`)  
[2022-06-01 10:30:56] local.DEBUG: -> end  
[2022-06-01 10:31:09] local.DEBUG: error exception | AgentController -> get()  
[2022-06-01 10:31:09] local.DEBUG: user agent : Mozilla/5.0 (Windows NT 6.1) AppleWebKit/537.36 (KHTML, like Gecko) Chrome/102.0.5005.63 Safari/537.36  
[2022-06-01 10:31:09] local.DEBUG: -> error string  
[2022-06-01 10:31:09] local.DEBUG: SQLSTATE[HY000] [1044] Access denied for user 'tpc'@'localhost' to database 'master_agent' (SQL: select * from `platform`)  
[2022-06-01 10:31:09] local.DEBUG: -> end  
[2022-06-01 10:31:35] local.DEBUG: error exception | AgentController -> get()  
[2022-06-01 10:31:35] local.DEBUG: user agent : Mozilla/5.0 (Windows NT 6.1) AppleWebKit/537.36 (KHTML, like Gecko) Chrome/102.0.5005.63 Safari/537.36  
[2022-06-01 10:31:35] local.DEBUG: -> error string  
[2022-06-01 10:31:35] local.DEBUG: SQLSTATE[HY000] [1044] Access denied for user 'tpc'@'localhost' to database 'master_agent' (SQL: select * from `platform`)  
[2022-06-01 10:31:35] local.DEBUG: -> end  
[2022-06-01 10:31:52] local.DEBUG: error exception | AgentController -> get()  
[2022-06-01 10:31:52] local.DEBUG: user agent : Mozilla/5.0 (Windows NT 6.1) AppleWebKit/537.36 (KHTML, like Gecko) Chrome/102.0.5005.63 Safari/537.36  
[2022-06-01 10:31:52] local.DEBUG: -> error string  
[2022-06-01 10:31:52] local.DEBUG: SQLSTATE[HY000] [1044] Access denied for user 'tpc'@'localhost' to database 'master_agent' (SQL: select * from `platform`)  
[2022-06-01 10:31:52] local.DEBUG: -> end  
[2022-06-01 10:32:02] local.DEBUG: error exception | AgentController -> get()  
[2022-06-01 10:32:02] local.DEBUG: user agent : Mozilla/5.0 (Windows NT 6.1) AppleWebKit/537.36 (KHTML, like Gecko) Chrome/102.0.5005.63 Safari/537.36  
[2022-06-01 10:32:02] local.DEBUG: -> error string  
[2022-06-01 10:32:02] local.DEBUG: SQLSTATE[HY000] [1044] Access denied for user 'tpc'@'localhost' to database 'master_agent' (SQL: select * from `platform`)  
[2022-06-01 10:32:02] local.DEBUG: -> end  
