[2022-05-02 02:12:25] local.ERROR: filesize(): stat failed for D:\Panya.l\MyProject\xampp\htdocs\Project\TPC_New\frontend\storage\blog/images/1/cover/cover_20220208090149.webp {"exception":"[object] (ErrorException(code: 0): filesize(): stat failed for D:\\Panya.l\\MyProject\\xampp\\htdocs\\Project\\TPC_New\\frontend\\storage\\blog/images/1/cover/cover_20220208090149.webp at D:\\Panya.l\\MyProject\\xampp\\htdocs\\Project\\TPC_New\\frontend\\vendor\\laravel\\framework\\src\\Illuminate\\Filesystem\\Filesystem.php:345)
[stacktrace]
#0 [internal function]: Illuminate\\Foundation\\Bootstrap\\HandleExceptions->handleError(2, 'filesize(): sta...', 'D:\\\\Panya.l\\\\MyPr...', 345, Array)
#1 D:\\Panya.l\\MyProject\\xampp\\htdocs\\Project\\TPC_New\\frontend\\vendor\\laravel\\framework\\src\\Illuminate\\Filesystem\\Filesystem.php(345): filesize('D:\\\\Panya.l\\\\MyPr...')
#2 D:\\Panya.l\\MyProject\\xampp\\htdocs\\Project\\TPC_New\\frontend\\vendor\\laravel\\framework\\src\\Illuminate\\Support\\Facades\\Facade.php(261): Illuminate\\Filesystem\\Filesystem->size('D:\\\\Panya.l\\\\MyPr...')
#3 D:\\Panya.l\\MyProject\\xampp\\htdocs\\Project\\TPC_New\\frontend\\app\\Http\\Controllers\\backend\\blog\\blogController.php(77): Illuminate\\Support\\Facades\\Facade::__callStatic('size', Array)
#4 D:\\Panya.l\\MyProject\\xampp\\htdocs\\Project\\TPC_New\\frontend\\vendor\\laravel\\framework\\src\\Illuminate\\Routing\\Controller.php(54): App\\Http\\Controllers\\backend\\blog\\blogController->edit(1)
#5 D:\\Panya.l\\MyProject\\xampp\\htdocs\\Project\\TPC_New\\frontend\\vendor\\laravel\\framework\\src\\Illuminate\\Routing\\ControllerDispatcher.php(45): Illuminate\\Routing\\Controller->callAction('edit', Array)
#6 D:\\Panya.l\\MyProject\\xampp\\htdocs\\Project\\TPC_New\\frontend\\vendor\\laravel\\framework\\src\\Illuminate\\Routing\\Route.php(219): Illuminate\\Routing\\ControllerDispatcher->dispatch(Object(Illuminate\\Routing\\Route), Object(App\\Http\\Controllers\\backend\\blog\\blogController), 'edit')
#7 D:\\Panya.l\\MyProject\\xampp\\htdocs\\Project\\TPC_New\\frontend\\vendor\\laravel\\framework\\src\\Illuminate\\Routing\\Route.php(176): Illuminate\\Routing\\Route->runController()
#8 D:\\Panya.l\\MyProject\\xampp\\htdocs\\Project\\TPC_New\\frontend\\vendor\\laravel\\framework\\src\\Illuminate\\Routing\\Router.php(681): Illuminate\\Routing\\Route->run()
#9 D:\\Panya.l\\MyProject\\xampp\\htdocs\\Project\\TPC_New\\frontend\\vendor\\laravel\\framework\\src\\Illuminate\\Pipeline\\Pipeline.php(130): Illuminate\\Routing\\Router->Illuminate\\Routing\\{closure}(Object(Illuminate\\Http\\Request))
#10 D:\\Panya.l\\MyProject\\xampp\\htdocs\\Project\\TPC_New\\frontend\\app\\Http\\Middleware\\Admin.php(13): Illuminate\\Pipeline\\Pipeline->Illuminate\\Pipeline\\{closure}(Object(Illuminate\\Http\\Request))
#11 D:\\Panya.l\\MyProject\\xampp\\htdocs\\Project\\TPC_New\\frontend\\vendor\\laravel\\framework\\src\\Illuminate\\Pipeline\\Pipeline.php(171): App\\Http\\Middleware\\Admin->handle(Object(Illuminate\\Http\\Request), Object(Closure))
#12 D:\\Panya.l\\MyProject\\xampp\\htdocs\\Project\\TPC_New\\frontend\\vendor\\laravel\\framework\\src\\Illuminate\\Routing\\Middleware\\SubstituteBindings.php(41): Illuminate\\Pipeline\\Pipeline->Illuminate\\Pipeline\\{closure}(Object(Illuminate\\Http\\Request))
#13 D:\\Panya.l\\MyProject\\xampp\\htdocs\\Project\\TPC_New\\frontend\\vendor\\laravel\\framework\\src\\Illuminate\\Pipeline\\Pipeline.php(171): Illuminate\\Routing\\Middleware\\SubstituteBindings->handle(Object(Illuminate\\Http\\Request), Object(Closure))
#14 D:\\Panya.l\\MyProject\\xampp\\htdocs\\Project\\TPC_New\\frontend\\vendor\\laravel\\framework\\src\\Illuminate\\Foundation\\Http\\Middleware\\VerifyCsrfToken.php(78): Illuminate\\Pipeline\\Pipeline->Illuminate\\Pipeline\\{closure}(Object(Illuminate\\Http\\Request))
#15 D:\\Panya.l\\MyProject\\xampp\\htdocs\\Project\\TPC_New\\frontend\\vendor\\laravel\\framework\\src\\Illuminate\\Pipeline\\Pipeline.php(171): Illuminate\\Foundation\\Http\\Middleware\\VerifyCsrfToken->handle(Object(Illuminate\\Http\\Request), Object(Closure))
#16 D:\\Panya.l\\MyProject\\xampp\\htdocs\\Project\\TPC_New\\frontend\\vendor\\laravel\\framework\\src\\Illuminate\\View\\Middleware\\ShareErrorsFromSession.php(49): Illuminate\\Pipeline\\Pipeline->Illuminate\\Pipeline\\{closure}(Object(Illuminate\\Http\\Request))
#17 D:\\Panya.l\\MyProject\\xampp\\htdocs\\Project\\TPC_New\\frontend\\vendor\\laravel\\framework\\src\\Illuminate\\Pipeline\\Pipeline.php(171): Illuminate\\View\\Middleware\\ShareErrorsFromSession->handle(Object(Illuminate\\Http\\Request), Object(Closure))
#18 D:\\Panya.l\\MyProject\\xampp\\htdocs\\Project\\TPC_New\\frontend\\vendor\\laravel\\framework\\src\\Illuminate\\Session\\Middleware\\StartSession.php(56): Illuminate\\Pipeline\\Pipeline->Illuminate\\Pipeline\\{closure}(Object(Illuminate\\Http\\Request))
#19 D:\\Panya.l\\MyProject\\xampp\\htdocs\\Project\\TPC_New\\frontend\\vendor\\laravel\\framework\\src\\Illuminate\\Pipeline\\Pipeline.php(171): Illuminate\\Session\\Middleware\\StartSession->handle(Object(Illuminate\\Http\\Request), Object(Closure))
#20 D:\\Panya.l\\MyProject\\xampp\\htdocs\\Project\\TPC_New\\frontend\\vendor\\laravel\\framework\\src\\Illuminate\\Cookie\\Middleware\\AddQueuedCookiesToResponse.php(37): Illuminate\\Pipeline\\Pipeline->Illuminate\\Pipeline\\{closure}(Object(Illuminate\\Http\\Request))
#21 D:\\Panya.l\\MyProject\\xampp\\htdocs\\Project\\TPC_New\\frontend\\vendor\\laravel\\framework\\src\\Illuminate\\Pipeline\\Pipeline.php(171): Illuminate\\Cookie\\Middleware\\AddQueuedCookiesToResponse->handle(Object(Illuminate\\Http\\Request), Object(Closure))
#22 D:\\Panya.l\\MyProject\\xampp\\htdocs\\Project\\TPC_New\\frontend\\vendor\\laravel\\framework\\src\\Illuminate\\Cookie\\Middleware\\EncryptCookies.php(67): Illuminate\\Pipeline\\Pipeline->Illuminate\\Pipeline\\{closure}(Object(Illuminate\\Http\\Request))
#23 D:\\Panya.l\\MyProject\\xampp\\htdocs\\Project\\TPC_New\\frontend\\vendor\\laravel\\framework\\src\\Illuminate\\Pipeline\\Pipeline.php(171): Illuminate\\Cookie\\Middleware\\EncryptCookies->handle(Object(Illuminate\\Http\\Request), Object(Closure))
#24 D:\\Panya.l\\MyProject\\xampp\\htdocs\\Project\\TPC_New\\frontend\\vendor\\laravel\\framework\\src\\Illuminate\\Pipeline\\Pipeline.php(105): Illuminate\\Pipeline\\Pipeline->Illuminate\\Pipeline\\{closure}(Object(Illuminate\\Http\\Request))
#25 D:\\Panya.l\\MyProject\\xampp\\htdocs\\Project\\TPC_New\\frontend\\vendor\\laravel\\framework\\src\\Illuminate\\Routing\\Router.php(683): Illuminate\\Pipeline\\Pipeline->then(Object(Closure))
#26 D:\\Panya.l\\MyProject\\xampp\\htdocs\\Project\\TPC_New\\frontend\\vendor\\laravel\\framework\\src\\Illuminate\\Routing\\Router.php(658): Illuminate\\Routing\\Router->runRouteWithinStack(Object(Illuminate\\Routing\\Route), Object(Illuminate\\Http\\Request))
#27 D:\\Panya.l\\MyProject\\xampp\\htdocs\\Project\\TPC_New\\frontend\\vendor\\laravel\\framework\\src\\Illuminate\\Routing\\Router.php(624): Illuminate\\Routing\\Router->runRoute(Object(Illuminate\\Http\\Request), Object(Illuminate\\Routing\\Route))
#28 D:\\Panya.l\\MyProject\\xampp\\htdocs\\Project\\TPC_New\\frontend\\vendor\\laravel\\framework\\src\\Illuminate\\Routing\\Router.php(613): Illuminate\\Routing\\Router->dispatchToRoute(Object(Illuminate\\Http\\Request))
#29 D:\\Panya.l\\MyProject\\xampp\\htdocs\\Project\\TPC_New\\frontend\\vendor\\laravel\\framework\\src\\Illuminate\\Foundation\\Http\\Kernel.php(170): Illuminate\\Routing\\Router->dispatch(Object(Illuminate\\Http\\Request))
#30 D:\\Panya.l\\MyProject\\xampp\\htdocs\\Project\\TPC_New\\frontend\\vendor\\laravel\\framework\\src\\Illuminate\\Pipeline\\Pipeline.php(130): Illuminate\\Foundation\\Http\\Kernel->Illuminate\\Foundation\\Http\\{closure}(Object(Illuminate\\Http\\Request))
#31 D:\\Panya.l\\MyProject\\xampp\\htdocs\\Project\\TPC_New\\frontend\\vendor\\laravel\\framework\\src\\Illuminate\\Foundation\\Http\\Middleware\\TransformsRequest.php(21): Illuminate\\Pipeline\\Pipeline->Illuminate\\Pipeline\\{closure}(Object(Illuminate\\Http\\Request))
#32 D:\\Panya.l\\MyProject\\xampp\\htdocs\\Project\\TPC_New\\frontend\\vendor\\laravel\\framework\\src\\Illuminate\\Pipeline\\Pipeline.php(171): Illuminate\\Foundation\\Http\\Middleware\\TransformsRequest->handle(Object(Illuminate\\Http\\Request), Object(Closure))
#33 D:\\Panya.l\\MyProject\\xampp\\htdocs\\Project\\TPC_New\\frontend\\vendor\\laravel\\framework\\src\\Illuminate\\Foundation\\Http\\Middleware\\TransformsRequest.php(21): Illuminate\\Pipeline\\Pipeline->Illuminate\\Pipeline\\{closure}(Object(Illuminate\\Http\\Request))
#34 D:\\Panya.l\\MyProject\\xampp\\htdocs\\Project\\TPC_New\\frontend\\vendor\\laravel\\framework\\src\\Illuminate\\Pipeline\\Pipeline.php(171): Illuminate\\Foundation\\Http\\Middleware\\TransformsRequest->handle(Object(Illuminate\\Http\\Request), Object(Closure))
#35 D:\\Panya.l\\MyProject\\xampp\\htdocs\\Project\\TPC_New\\frontend\\vendor\\laravel\\framework\\src\\Illuminate\\Foundation\\Http\\Middleware\\ValidatePostSize.php(27): Illuminate\\Pipeline\\Pipeline->Illuminate\\Pipeline\\{closure}(Object(Illuminate\\Http\\Request))
#36 D:\\Panya.l\\MyProject\\xampp\\htdocs\\Project\\TPC_New\\frontend\\vendor\\laravel\\framework\\src\\Illuminate\\Pipeline\\Pipeline.php(171): Illuminate\\Foundation\\Http\\Middleware\\ValidatePostSize->handle(Object(Illuminate\\Http\\Request), Object(Closure))
#37 D:\\Panya.l\\MyProject\\xampp\\htdocs\\Project\\TPC_New\\frontend\\vendor\\laravel\\framework\\src\\Illuminate\\Foundation\\Http\\Middleware\\CheckForMaintenanceMode.php(63): Illuminate\\Pipeline\\Pipeline->Illuminate\\Pipeline\\{closure}(Object(Illuminate\\Http\\Request))
#38 D:\\Panya.l\\MyProject\\xampp\\htdocs\\Project\\TPC_New\\frontend\\vendor\\laravel\\framework\\src\\Illuminate\\Pipeline\\Pipeline.php(171): Illuminate\\Foundation\\Http\\Middleware\\CheckForMaintenanceMode->handle(Object(Illuminate\\Http\\Request), Object(Closure))
#39 D:\\Panya.l\\MyProject\\xampp\\htdocs\\Project\\TPC_New\\frontend\\vendor\\fideloper\\proxy\\src\\TrustProxies.php(57): Illuminate\\Pipeline\\Pipeline->Illuminate\\Pipeline\\{closure}(Object(Illuminate\\Http\\Request))
#40 D:\\Panya.l\\MyProject\\xampp\\htdocs\\Project\\TPC_New\\frontend\\vendor\\laravel\\framework\\src\\Illuminate\\Pipeline\\Pipeline.php(171): Fideloper\\Proxy\\TrustProxies->handle(Object(Illuminate\\Http\\Request), Object(Closure))
#41 D:\\Panya.l\\MyProject\\xampp\\htdocs\\Project\\TPC_New\\frontend\\vendor\\laravel\\framework\\src\\Illuminate\\Pipeline\\Pipeline.php(105): Illuminate\\Pipeline\\Pipeline->Illuminate\\Pipeline\\{closure}(Object(Illuminate\\Http\\Request))
#42 D:\\Panya.l\\MyProject\\xampp\\htdocs\\Project\\TPC_New\\frontend\\vendor\\laravel\\framework\\src\\Illuminate\\Foundation\\Http\\Kernel.php(145): Illuminate\\Pipeline\\Pipeline->then(Object(Closure))
#43 D:\\Panya.l\\MyProject\\xampp\\htdocs\\Project\\TPC_New\\frontend\\vendor\\laravel\\framework\\src\\Illuminate\\Foundation\\Http\\Kernel.php(110): Illuminate\\Foundation\\Http\\Kernel->sendRequestThroughRouter(Object(Illuminate\\Http\\Request))
#44 D:\\Panya.l\\MyProject\\xampp\\htdocs\\Project\\TPC_New\\frontend\\public\\index.php(55): Illuminate\\Foundation\\Http\\Kernel->handle(Object(Illuminate\\Http\\Request))
#45 D:\\Panya.l\\MyProject\\xampp\\htdocs\\Project\\TPC_New\\frontend\\server.php(21): require_once('D:\\\\Panya.l\\\\MyPr...')
#46 {main}
"} 
[2022-05-02 03:21:05] local.ERROR: SQLSTATE[42S22]: Column not found: 1054 Unknown column 'sort' in 'order clause' (SQL: select * from `article` where `id` = 1 and `active` = 1 and `article_date_start` <= 2022-05-02 03:21:05 order by `sort` asc) {"exception":"[object] (Illuminate\\Database\\QueryException(code: 42S22): SQLSTATE[42S22]: Column not found: 1054 Unknown column 'sort' in 'order clause' (SQL: select * from `article` where `id` = 1 and `active` = 1 and `article_date_start` <= 2022-05-02 03:21:05 order by `sort` asc) at D:\\Panya.l\\MyProject\\xampp\\htdocs\\Project\\TPC_New\\frontend\\vendor\\laravel\\framework\\src\\Illuminate\\Database\\Connection.php:669)
[stacktrace]
#0 D:\\Panya.l\\MyProject\\xampp\\htdocs\\Project\\TPC_New\\frontend\\vendor\\laravel\\framework\\src\\Illuminate\\Database\\Connection.php(629): Illuminate\\Database\\Connection->runQueryCallback('select * from `...', Array, Object(Closure))
#1 D:\\Panya.l\\MyProject\\xampp\\htdocs\\Project\\TPC_New\\frontend\\vendor\\laravel\\framework\\src\\Illuminate\\Database\\Connection.php(338): Illuminate\\Database\\Connection->run('select * from `...', Array, Object(Closure))
#2 D:\\Panya.l\\MyProject\\xampp\\htdocs\\Project\\TPC_New\\frontend\\vendor\\laravel\\framework\\src\\Illuminate\\Database\\Query\\Builder.php(2159): Illuminate\\Database\\Connection->select('select * from `...', Array, true)
#3 D:\\Panya.l\\MyProject\\xampp\\htdocs\\Project\\TPC_New\\frontend\\vendor\\laravel\\framework\\src\\Illuminate\\Database\\Query\\Builder.php(2147): Illuminate\\Database\\Query\\Builder->runSelect()
#4 D:\\Panya.l\\MyProject\\xampp\\htdocs\\Project\\TPC_New\\frontend\\vendor\\laravel\\framework\\src\\Illuminate\\Database\\Query\\Builder.php(2619): Illuminate\\Database\\Query\\Builder->Illuminate\\Database\\Query\\{closure}()
#5 D:\\Panya.l\\MyProject\\xampp\\htdocs\\Project\\TPC_New\\frontend\\vendor\\laravel\\framework\\src\\Illuminate\\Database\\Query\\Builder.php(2148): Illuminate\\Database\\Query\\Builder->onceWithColumns(Array, Object(Closure))
#6 D:\\Panya.l\\MyProject\\xampp\\htdocs\\Project\\TPC_New\\frontend\\vendor\\laravel\\framework\\src\\Illuminate\\Database\\Eloquent\\Builder.php(546): Illuminate\\Database\\Query\\Builder->get(Array)
#7 D:\\Panya.l\\MyProject\\xampp\\htdocs\\Project\\TPC_New\\frontend\\vendor\\laravel\\framework\\src\\Illuminate\\Database\\Eloquent\\Builder.php(530): Illuminate\\Database\\Eloquent\\Builder->getModels(Array)
#8 D:\\Panya.l\\MyProject\\xampp\\htdocs\\Project\\TPC_New\\frontend\\app\\Http\\Controllers\\frontend\\blog\\blogController.php(146): Illuminate\\Database\\Eloquent\\Builder->get()
#9 D:\\Panya.l\\MyProject\\xampp\\htdocs\\Project\\TPC_New\\frontend\\vendor\\laravel\\framework\\src\\Illuminate\\Cache\\Repository.php(383): App\\Http\\Controllers\\frontend\\blog\\blogController->App\\Http\\Controllers\\frontend\\blog\\{closure}()
#10 D:\\Panya.l\\MyProject\\xampp\\htdocs\\Project\\TPC_New\\frontend\\vendor\\laravel\\framework\\src\\Illuminate\\Cache\\CacheManager.php(390): Illuminate\\Cache\\Repository->remember('blog_cover', Object(Illuminate\\Support\\Carbon), Object(Closure))
#11 D:\\Panya.l\\MyProject\\xampp\\htdocs\\Project\\TPC_New\\frontend\\app\\Http\\Controllers\\frontend\\blog\\blogController.php(159): Illuminate\\Cache\\CacheManager->__call('remember', Array)
#12 D:\\Panya.l\\MyProject\\xampp\\htdocs\\Project\\TPC_New\\frontend\\app\\Http\\Controllers\\frontend\\blog\\blogController.php(101): App\\Http\\Controllers\\frontend\\blog\\blogController->cover(1)
#13 D:\\Panya.l\\MyProject\\xampp\\htdocs\\Project\\TPC_New\\frontend\\app\\Http\\Controllers\\frontend\\blog\\blogController.php(22): App\\Http\\Controllers\\frontend\\blog\\blogController->get_cover(1)
#14 D:\\Panya.l\\MyProject\\xampp\\htdocs\\Project\\TPC_New\\frontend\\vendor\\laravel\\framework\\src\\Illuminate\\Routing\\Controller.php(54): App\\Http\\Controllers\\frontend\\blog\\blogController->index()
#15 D:\\Panya.l\\MyProject\\xampp\\htdocs\\Project\\TPC_New\\frontend\\vendor\\laravel\\framework\\src\\Illuminate\\Routing\\ControllerDispatcher.php(45): Illuminate\\Routing\\Controller->callAction('index', Array)
#16 D:\\Panya.l\\MyProject\\xampp\\htdocs\\Project\\TPC_New\\frontend\\vendor\\laravel\\framework\\src\\Illuminate\\Routing\\Route.php(219): Illuminate\\Routing\\ControllerDispatcher->dispatch(Object(Illuminate\\Routing\\Route), Object(App\\Http\\Controllers\\frontend\\blog\\blogController), 'index')
#17 D:\\Panya.l\\MyProject\\xampp\\htdocs\\Project\\TPC_New\\frontend\\vendor\\laravel\\framework\\src\\Illuminate\\Routing\\Route.php(176): Illuminate\\Routing\\Route->runController()
#18 D:\\Panya.l\\MyProject\\xampp\\htdocs\\Project\\TPC_New\\frontend\\vendor\\laravel\\framework\\src\\Illuminate\\Routing\\Router.php(681): Illuminate\\Routing\\Route->run()
#19 D:\\Panya.l\\MyProject\\xampp\\htdocs\\Project\\TPC_New\\frontend\\vendor\\laravel\\framework\\src\\Illuminate\\Pipeline\\Pipeline.php(130): Illuminate\\Routing\\Router->Illuminate\\Routing\\{closure}(Object(Illuminate\\Http\\Request))
#20 D:\\Panya.l\\MyProject\\xampp\\htdocs\\Project\\TPC_New\\frontend\\vendor\\laravel\\framework\\src\\Illuminate\\Routing\\Middleware\\SubstituteBindings.php(41): Illuminate\\Pipeline\\Pipeline->Illuminate\\Pipeline\\{closure}(Object(Illuminate\\Http\\Request))
#21 D:\\Panya.l\\MyProject\\xampp\\htdocs\\Project\\TPC_New\\frontend\\vendor\\laravel\\framework\\src\\Illuminate\\Pipeline\\Pipeline.php(171): Illuminate\\Routing\\Middleware\\SubstituteBindings->handle(Object(Illuminate\\Http\\Request), Object(Closure))
#22 D:\\Panya.l\\MyProject\\xampp\\htdocs\\Project\\TPC_New\\frontend\\vendor\\laravel\\framework\\src\\Illuminate\\Foundation\\Http\\Middleware\\VerifyCsrfToken.php(78): Illuminate\\Pipeline\\Pipeline->Illuminate\\Pipeline\\{closure}(Object(Illuminate\\Http\\Request))
#23 D:\\Panya.l\\MyProject\\xampp\\htdocs\\Project\\TPC_New\\frontend\\vendor\\laravel\\framework\\src\\Illuminate\\Pipeline\\Pipeline.php(171): Illuminate\\Foundation\\Http\\Middleware\\VerifyCsrfToken->handle(Object(Illuminate\\Http\\Request), Object(Closure))
#24 D:\\Panya.l\\MyProject\\xampp\\htdocs\\Project\\TPC_New\\frontend\\vendor\\laravel\\framework\\src\\Illuminate\\View\\Middleware\\ShareErrorsFromSession.php(49): Illuminate\\Pipeline\\Pipeline->Illuminate\\Pipeline\\{closure}(Object(Illuminate\\Http\\Request))
#25 D:\\Panya.l\\MyProject\\xampp\\htdocs\\Project\\TPC_New\\frontend\\vendor\\laravel\\framework\\src\\Illuminate\\Pipeline\\Pipeline.php(171): Illuminate\\View\\Middleware\\ShareErrorsFromSession->handle(Object(Illuminate\\Http\\Request), Object(Closure))
#26 D:\\Panya.l\\MyProject\\xampp\\htdocs\\Project\\TPC_New\\frontend\\vendor\\laravel\\framework\\src\\Illuminate\\Session\\Middleware\\StartSession.php(56): Illuminate\\Pipeline\\Pipeline->Illuminate\\Pipeline\\{closure}(Object(Illuminate\\Http\\Request))
#27 D:\\Panya.l\\MyProject\\xampp\\htdocs\\Project\\TPC_New\\frontend\\vendor\\laravel\\framework\\src\\Illuminate\\Pipeline\\Pipeline.php(171): Illuminate\\Session\\Middleware\\StartSession->handle(Object(Illuminate\\Http\\Request), Object(Closure))
#28 D:\\Panya.l\\MyProject\\xampp\\htdocs\\Project\\TPC_New\\frontend\\vendor\\laravel\\framework\\src\\Illuminate\\Cookie\\Middleware\\AddQueuedCookiesToResponse.php(37): Illuminate\\Pipeline\\Pipeline->Illuminate\\Pipeline\\{closure}(Object(Illuminate\\Http\\Request))
#29 D:\\Panya.l\\MyProject\\xampp\\htdocs\\Project\\TPC_New\\frontend\\vendor\\laravel\\framework\\src\\Illuminate\\Pipeline\\Pipeline.php(171): Illuminate\\Cookie\\Middleware\\AddQueuedCookiesToResponse->handle(Object(Illuminate\\Http\\Request), Object(Closure))
#30 D:\\Panya.l\\MyProject\\xampp\\htdocs\\Project\\TPC_New\\frontend\\vendor\\laravel\\framework\\src\\Illuminate\\Cookie\\Middleware\\EncryptCookies.php(67): Illuminate\\Pipeline\\Pipeline->Illuminate\\Pipeline\\{closure}(Object(Illuminate\\Http\\Request))
#31 D:\\Panya.l\\MyProject\\xampp\\htdocs\\Project\\TPC_New\\frontend\\vendor\\laravel\\framework\\src\\Illuminate\\Pipeline\\Pipeline.php(171): Illuminate\\Cookie\\Middleware\\EncryptCookies->handle(Object(Illuminate\\Http\\Request), Object(Closure))
#32 D:\\Panya.l\\MyProject\\xampp\\htdocs\\Project\\TPC_New\\frontend\\vendor\\laravel\\framework\\src\\Illuminate\\Pipeline\\Pipeline.php(105): Illuminate\\Pipeline\\Pipeline->Illuminate\\Pipeline\\{closure}(Object(Illuminate\\Http\\Request))
#33 D:\\Panya.l\\MyProject\\xampp\\htdocs\\Project\\TPC_New\\frontend\\vendor\\laravel\\framework\\src\\Illuminate\\Routing\\Router.php(683): Illuminate\\Pipeline\\Pipeline->then(Object(Closure))
#34 D:\\Panya.l\\MyProject\\xampp\\htdocs\\Project\\TPC_New\\frontend\\vendor\\laravel\\framework\\src\\Illuminate\\Routing\\Router.php(658): Illuminate\\Routing\\Router->runRouteWithinStack(Object(Illuminate\\Routing\\Route), Object(Illuminate\\Http\\Request))
#35 D:\\Panya.l\\MyProject\\xampp\\htdocs\\Project\\TPC_New\\frontend\\vendor\\laravel\\framework\\src\\Illuminate\\Routing\\Router.php(624): Illuminate\\Routing\\Router->runRoute(Object(Illuminate\\Http\\Request), Object(Illuminate\\Routing\\Route))
#36 D:\\Panya.l\\MyProject\\xampp\\htdocs\\Project\\TPC_New\\frontend\\vendor\\laravel\\framework\\src\\Illuminate\\Routing\\Router.php(613): Illuminate\\Routing\\Router->dispatchToRoute(Object(Illuminate\\Http\\Request))
#37 D:\\Panya.l\\MyProject\\xampp\\htdocs\\Project\\TPC_New\\frontend\\vendor\\laravel\\framework\\src\\Illuminate\\Foundation\\Http\\Kernel.php(170): Illuminate\\Routing\\Router->dispatch(Object(Illuminate\\Http\\Request))
#38 D:\\Panya.l\\MyProject\\xampp\\htdocs\\Project\\TPC_New\\frontend\\vendor\\laravel\\framework\\src\\Illuminate\\Pipeline\\Pipeline.php(130): Illuminate\\Foundation\\Http\\Kernel->Illuminate\\Foundation\\Http\\{closure}(Object(Illuminate\\Http\\Request))
#39 D:\\Panya.l\\MyProject\\xampp\\htdocs\\Project\\TPC_New\\frontend\\vendor\\laravel\\framework\\src\\Illuminate\\Foundation\\Http\\Middleware\\TransformsRequest.php(21): Illuminate\\Pipeline\\Pipeline->Illuminate\\Pipeline\\{closure}(Object(Illuminate\\Http\\Request))
#40 D:\\Panya.l\\MyProject\\xampp\\htdocs\\Project\\TPC_New\\frontend\\vendor\\laravel\\framework\\src\\Illuminate\\Pipeline\\Pipeline.php(171): Illuminate\\Foundation\\Http\\Middleware\\TransformsRequest->handle(Object(Illuminate\\Http\\Request), Object(Closure))
#41 D:\\Panya.l\\MyProject\\xampp\\htdocs\\Project\\TPC_New\\frontend\\vendor\\laravel\\framework\\src\\Illuminate\\Foundation\\Http\\Middleware\\TransformsRequest.php(21): Illuminate\\Pipeline\\Pipeline->Illuminate\\Pipeline\\{closure}(Object(Illuminate\\Http\\Request))
#42 D:\\Panya.l\\MyProject\\xampp\\htdocs\\Project\\TPC_New\\frontend\\vendor\\laravel\\framework\\src\\Illuminate\\Pipeline\\Pipeline.php(171): Illuminate\\Foundation\\Http\\Middleware\\TransformsRequest->handle(Object(Illuminate\\Http\\Request), Object(Closure))
#43 D:\\Panya.l\\MyProject\\xampp\\htdocs\\Project\\TPC_New\\frontend\\vendor\\laravel\\framework\\src\\Illuminate\\Foundation\\Http\\Middleware\\ValidatePostSize.php(27): Illuminate\\Pipeline\\Pipeline->Illuminate\\Pipeline\\{closure}(Object(Illuminate\\Http\\Request))
#44 D:\\Panya.l\\MyProject\\xampp\\htdocs\\Project\\TPC_New\\frontend\\vendor\\laravel\\framework\\src\\Illuminate\\Pipeline\\Pipeline.php(171): Illuminate\\Foundation\\Http\\Middleware\\ValidatePostSize->handle(Object(Illuminate\\Http\\Request), Object(Closure))
#45 D:\\Panya.l\\MyProject\\xampp\\htdocs\\Project\\TPC_New\\frontend\\vendor\\laravel\\framework\\src\\Illuminate\\Foundation\\Http\\Middleware\\CheckForMaintenanceMode.php(63): Illuminate\\Pipeline\\Pipeline->Illuminate\\Pipeline\\{closure}(Object(Illuminate\\Http\\Request))
#46 D:\\Panya.l\\MyProject\\xampp\\htdocs\\Project\\TPC_New\\frontend\\vendor\\laravel\\framework\\src\\Illuminate\\Pipeline\\Pipeline.php(171): Illuminate\\Foundation\\Http\\Middleware\\CheckForMaintenanceMode->handle(Object(Illuminate\\Http\\Request), Object(Closure))
#47 D:\\Panya.l\\MyProject\\xampp\\htdocs\\Project\\TPC_New\\frontend\\vendor\\fideloper\\proxy\\src\\TrustProxies.php(57): Illuminate\\Pipeline\\Pipeline->Illuminate\\Pipeline\\{closure}(Object(Illuminate\\Http\\Request))
#48 D:\\Panya.l\\MyProject\\xampp\\htdocs\\Project\\TPC_New\\frontend\\vendor\\laravel\\framework\\src\\Illuminate\\Pipeline\\Pipeline.php(171): Fideloper\\Proxy\\TrustProxies->handle(Object(Illuminate\\Http\\Request), Object(Closure))
#49 D:\\Panya.l\\MyProject\\xampp\\htdocs\\Project\\TPC_New\\frontend\\vendor\\laravel\\framework\\src\\Illuminate\\Pipeline\\Pipeline.php(105): Illuminate\\Pipeline\\Pipeline->Illuminate\\Pipeline\\{closure}(Object(Illuminate\\Http\\Request))
#50 D:\\Panya.l\\MyProject\\xampp\\htdocs\\Project\\TPC_New\\frontend\\vendor\\laravel\\framework\\src\\Illuminate\\Foundation\\Http\\Kernel.php(145): Illuminate\\Pipeline\\Pipeline->then(Object(Closure))
#51 D:\\Panya.l\\MyProject\\xampp\\htdocs\\Project\\TPC_New\\frontend\\vendor\\laravel\\framework\\src\\Illuminate\\Foundation\\Http\\Kernel.php(110): Illuminate\\Foundation\\Http\\Kernel->sendRequestThroughRouter(Object(Illuminate\\Http\\Request))
#52 D:\\Panya.l\\MyProject\\xampp\\htdocs\\Project\\TPC_New\\frontend\\public\\index.php(55): Illuminate\\Foundation\\Http\\Kernel->handle(Object(Illuminate\\Http\\Request))
#53 D:\\Panya.l\\MyProject\\xampp\\htdocs\\Project\\TPC_New\\frontend\\server.php(21): require_once('D:\\\\Panya.l\\\\MyPr...')
#54 {main}

[previous exception] [object] (PDOException(code: 42S22): SQLSTATE[42S22]: Column not found: 1054 Unknown column 'sort' in 'order clause' at D:\\Panya.l\\MyProject\\xampp\\htdocs\\Project\\TPC_New\\frontend\\vendor\\laravel\\framework\\src\\Illuminate\\Database\\Connection.php:331)
[stacktrace]
#0 D:\\Panya.l\\MyProject\\xampp\\htdocs\\Project\\TPC_New\\frontend\\vendor\\laravel\\framework\\src\\Illuminate\\Database\\Connection.php(331): PDO->prepare('select * from `...')
#1 D:\\Panya.l\\MyProject\\xampp\\htdocs\\Project\\TPC_New\\frontend\\vendor\\laravel\\framework\\src\\Illuminate\\Database\\Connection.php(662): Illuminate\\Database\\Connection->Illuminate\\Database\\{closure}('select * from `...', Array)
#2 D:\\Panya.l\\MyProject\\xampp\\htdocs\\Project\\TPC_New\\frontend\\vendor\\laravel\\framework\\src\\Illuminate\\Database\\Connection.php(629): Illuminate\\Database\\Connection->runQueryCallback('select * from `...', Array, Object(Closure))
#3 D:\\Panya.l\\MyProject\\xampp\\htdocs\\Project\\TPC_New\\frontend\\vendor\\laravel\\framework\\src\\Illuminate\\Database\\Connection.php(338): Illuminate\\Database\\Connection->run('select * from `...', Array, Object(Closure))
#4 D:\\Panya.l\\MyProject\\xampp\\htdocs\\Project\\TPC_New\\frontend\\vendor\\laravel\\framework\\src\\Illuminate\\Database\\Query\\Builder.php(2159): Illuminate\\Database\\Connection->select('select * from `...', Array, true)
#5 D:\\Panya.l\\MyProject\\xampp\\htdocs\\Project\\TPC_New\\frontend\\vendor\\laravel\\framework\\src\\Illuminate\\Database\\Query\\Builder.php(2147): Illuminate\\Database\\Query\\Builder->runSelect()
#6 D:\\Panya.l\\MyProject\\xampp\\htdocs\\Project\\TPC_New\\frontend\\vendor\\laravel\\framework\\src\\Illuminate\\Database\\Query\\Builder.php(2619): Illuminate\\Database\\Query\\Builder->Illuminate\\Database\\Query\\{closure}()
#7 D:\\Panya.l\\MyProject\\xampp\\htdocs\\Project\\TPC_New\\frontend\\vendor\\laravel\\framework\\src\\Illuminate\\Database\\Query\\Builder.php(2148): Illuminate\\Database\\Query\\Builder->onceWithColumns(Array, Object(Closure))
#8 D:\\Panya.l\\MyProject\\xampp\\htdocs\\Project\\TPC_New\\frontend\\vendor\\laravel\\framework\\src\\Illuminate\\Database\\Eloquent\\Builder.php(546): Illuminate\\Database\\Query\\Builder->get(Array)
#9 D:\\Panya.l\\MyProject\\xampp\\htdocs\\Project\\TPC_New\\frontend\\vendor\\laravel\\framework\\src\\Illuminate\\Database\\Eloquent\\Builder.php(530): Illuminate\\Database\\Eloquent\\Builder->getModels(Array)
#10 D:\\Panya.l\\MyProject\\xampp\\htdocs\\Project\\TPC_New\\frontend\\app\\Http\\Controllers\\frontend\\blog\\blogController.php(146): Illuminate\\Database\\Eloquent\\Builder->get()
#11 D:\\Panya.l\\MyProject\\xampp\\htdocs\\Project\\TPC_New\\frontend\\vendor\\laravel\\framework\\src\\Illuminate\\Cache\\Repository.php(383): App\\Http\\Controllers\\frontend\\blog\\blogController->App\\Http\\Controllers\\frontend\\blog\\{closure}()
#12 D:\\Panya.l\\MyProject\\xampp\\htdocs\\Project\\TPC_New\\frontend\\vendor\\laravel\\framework\\src\\Illuminate\\Cache\\CacheManager.php(390): Illuminate\\Cache\\Repository->remember('blog_cover', Object(Illuminate\\Support\\Carbon), Object(Closure))
#13 D:\\Panya.l\\MyProject\\xampp\\htdocs\\Project\\TPC_New\\frontend\\app\\Http\\Controllers\\frontend\\blog\\blogController.php(159): Illuminate\\Cache\\CacheManager->__call('remember', Array)
#14 D:\\Panya.l\\MyProject\\xampp\\htdocs\\Project\\TPC_New\\frontend\\app\\Http\\Controllers\\frontend\\blog\\blogController.php(101): App\\Http\\Controllers\\frontend\\blog\\blogController->cover(1)
#15 D:\\Panya.l\\MyProject\\xampp\\htdocs\\Project\\TPC_New\\frontend\\app\\Http\\Controllers\\frontend\\blog\\blogController.php(22): App\\Http\\Controllers\\frontend\\blog\\blogController->get_cover(1)
#16 D:\\Panya.l\\MyProject\\xampp\\htdocs\\Project\\TPC_New\\frontend\\vendor\\laravel\\framework\\src\\Illuminate\\Routing\\Controller.php(54): App\\Http\\Controllers\\frontend\\blog\\blogController->index()
#17 D:\\Panya.l\\MyProject\\xampp\\htdocs\\Project\\TPC_New\\frontend\\vendor\\laravel\\framework\\src\\Illuminate\\Routing\\ControllerDispatcher.php(45): Illuminate\\Routing\\Controller->callAction('index', Array)
#18 D:\\Panya.l\\MyProject\\xampp\\htdocs\\Project\\TPC_New\\frontend\\vendor\\laravel\\framework\\src\\Illuminate\\Routing\\Route.php(219): Illuminate\\Routing\\ControllerDispatcher->dispatch(Object(Illuminate\\Routing\\Route), Object(App\\Http\\Controllers\\frontend\\blog\\blogController), 'index')
#19 D:\\Panya.l\\MyProject\\xampp\\htdocs\\Project\\TPC_New\\frontend\\vendor\\laravel\\framework\\src\\Illuminate\\Routing\\Route.php(176): Illuminate\\Routing\\Route->runController()
#20 D:\\Panya.l\\MyProject\\xampp\\htdocs\\Project\\TPC_New\\frontend\\vendor\\laravel\\framework\\src\\Illuminate\\Routing\\Router.php(681): Illuminate\\Routing\\Route->run()
#21 D:\\Panya.l\\MyProject\\xampp\\htdocs\\Project\\TPC_New\\frontend\\vendor\\laravel\\framework\\src\\Illuminate\\Pipeline\\Pipeline.php(130): Illuminate\\Routing\\Router->Illuminate\\Routing\\{closure}(Object(Illuminate\\Http\\Request))
#22 D:\\Panya.l\\MyProject\\xampp\\htdocs\\Project\\TPC_New\\frontend\\vendor\\laravel\\framework\\src\\Illuminate\\Routing\\Middleware\\SubstituteBindings.php(41): Illuminate\\Pipeline\\Pipeline->Illuminate\\Pipeline\\{closure}(Object(Illuminate\\Http\\Request))
#23 D:\\Panya.l\\MyProject\\xampp\\htdocs\\Project\\TPC_New\\frontend\\vendor\\laravel\\framework\\src\\Illuminate\\Pipeline\\Pipeline.php(171): Illuminate\\Routing\\Middleware\\SubstituteBindings->handle(Object(Illuminate\\Http\\Request), Object(Closure))
#24 D:\\Panya.l\\MyProject\\xampp\\htdocs\\Project\\TPC_New\\frontend\\vendor\\laravel\\framework\\src\\Illuminate\\Foundation\\Http\\Middleware\\VerifyCsrfToken.php(78): Illuminate\\Pipeline\\Pipeline->Illuminate\\Pipeline\\{closure}(Object(Illuminate\\Http\\Request))
#25 D:\\Panya.l\\MyProject\\xampp\\htdocs\\Project\\TPC_New\\frontend\\vendor\\laravel\\framework\\src\\Illuminate\\Pipeline\\Pipeline.php(171): Illuminate\\Foundation\\Http\\Middleware\\VerifyCsrfToken->handle(Object(Illuminate\\Http\\Request), Object(Closure))
#26 D:\\Panya.l\\MyProject\\xampp\\htdocs\\Project\\TPC_New\\frontend\\vendor\\laravel\\framework\\src\\Illuminate\\View\\Middleware\\ShareErrorsFromSession.php(49): Illuminate\\Pipeline\\Pipeline->Illuminate\\Pipeline\\{closure}(Object(Illuminate\\Http\\Request))
#27 D:\\Panya.l\\MyProject\\xampp\\htdocs\\Project\\TPC_New\\frontend\\vendor\\laravel\\framework\\src\\Illuminate\\Pipeline\\Pipeline.php(171): Illuminate\\View\\Middleware\\ShareErrorsFromSession->handle(Object(Illuminate\\Http\\Request), Object(Closure))
#28 D:\\Panya.l\\MyProject\\xampp\\htdocs\\Project\\TPC_New\\frontend\\vendor\\laravel\\framework\\src\\Illuminate\\Session\\Middleware\\StartSession.php(56): Illuminate\\Pipeline\\Pipeline->Illuminate\\Pipeline\\{closure}(Object(Illuminate\\Http\\Request))
#29 D:\\Panya.l\\MyProject\\xampp\\htdocs\\Project\\TPC_New\\frontend\\vendor\\laravel\\framework\\src\\Illuminate\\Pipeline\\Pipeline.php(171): Illuminate\\Session\\Middleware\\StartSession->handle(Object(Illuminate\\Http\\Request), Object(Closure))
#30 D:\\Panya.l\\MyProject\\xampp\\htdocs\\Project\\TPC_New\\frontend\\vendor\\laravel\\framework\\src\\Illuminate\\Cookie\\Middleware\\AddQueuedCookiesToResponse.php(37): Illuminate\\Pipeline\\Pipeline->Illuminate\\Pipeline\\{closure}(Object(Illuminate\\Http\\Request))
#31 D:\\Panya.l\\MyProject\\xampp\\htdocs\\Project\\TPC_New\\frontend\\vendor\\laravel\\framework\\src\\Illuminate\\Pipeline\\Pipeline.php(171): Illuminate\\Cookie\\Middleware\\AddQueuedCookiesToResponse->handle(Object(Illuminate\\Http\\Request), Object(Closure))
#32 D:\\Panya.l\\MyProject\\xampp\\htdocs\\Project\\TPC_New\\frontend\\vendor\\laravel\\framework\\src\\Illuminate\\Cookie\\Middleware\\EncryptCookies.php(67): Illuminate\\Pipeline\\Pipeline->Illuminate\\Pipeline\\{closure}(Object(Illuminate\\Http\\Request))
#33 D:\\Panya.l\\MyProject\\xampp\\htdocs\\Project\\TPC_New\\frontend\\vendor\\laravel\\framework\\src\\Illuminate\\Pipeline\\Pipeline.php(171): Illuminate\\Cookie\\Middleware\\EncryptCookies->handle(Object(Illuminate\\Http\\Request), Object(Closure))
#34 D:\\Panya.l\\MyProject\\xampp\\htdocs\\Project\\TPC_New\\frontend\\vendor\\laravel\\framework\\src\\Illuminate\\Pipeline\\Pipeline.php(105): Illuminate\\Pipeline\\Pipeline->Illuminate\\Pipeline\\{closure}(Object(Illuminate\\Http\\Request))
#35 D:\\Panya.l\\MyProject\\xampp\\htdocs\\Project\\TPC_New\\frontend\\vendor\\laravel\\framework\\src\\Illuminate\\Routing\\Router.php(683): Illuminate\\Pipeline\\Pipeline->then(Object(Closure))
#36 D:\\Panya.l\\MyProject\\xampp\\htdocs\\Project\\TPC_New\\frontend\\vendor\\laravel\\framework\\src\\Illuminate\\Routing\\Router.php(658): Illuminate\\Routing\\Router->runRouteWithinStack(Object(Illuminate\\Routing\\Route), Object(Illuminate\\Http\\Request))
#37 D:\\Panya.l\\MyProject\\xampp\\htdocs\\Project\\TPC_New\\frontend\\vendor\\laravel\\framework\\src\\Illuminate\\Routing\\Router.php(624): Illuminate\\Routing\\Router->runRoute(Object(Illuminate\\Http\\Request), Object(Illuminate\\Routing\\Route))
#38 D:\\Panya.l\\MyProject\\xampp\\htdocs\\Project\\TPC_New\\frontend\\vendor\\laravel\\framework\\src\\Illuminate\\Routing\\Router.php(613): Illuminate\\Routing\\Router->dispatchToRoute(Object(Illuminate\\Http\\Request))
#39 D:\\Panya.l\\MyProject\\xampp\\htdocs\\Project\\TPC_New\\frontend\\vendor\\laravel\\framework\\src\\Illuminate\\Foundation\\Http\\Kernel.php(170): Illuminate\\Routing\\Router->dispatch(Object(Illuminate\\Http\\Request))
#40 D:\\Panya.l\\MyProject\\xampp\\htdocs\\Project\\TPC_New\\frontend\\vendor\\laravel\\framework\\src\\Illuminate\\Pipeline\\Pipeline.php(130): Illuminate\\Foundation\\Http\\Kernel->Illuminate\\Foundation\\Http\\{closure}(Object(Illuminate\\Http\\Request))
#41 D:\\Panya.l\\MyProject\\xampp\\htdocs\\Project\\TPC_New\\frontend\\vendor\\laravel\\framework\\src\\Illuminate\\Foundation\\Http\\Middleware\\TransformsRequest.php(21): Illuminate\\Pipeline\\Pipeline->Illuminate\\Pipeline\\{closure}(Object(Illuminate\\Http\\Request))
#42 D:\\Panya.l\\MyProject\\xampp\\htdocs\\Project\\TPC_New\\frontend\\vendor\\laravel\\framework\\src\\Illuminate\\Pipeline\\Pipeline.php(171): Illuminate\\Foundation\\Http\\Middleware\\TransformsRequest->handle(Object(Illuminate\\Http\\Request), Object(Closure))
#43 D:\\Panya.l\\MyProject\\xampp\\htdocs\\Project\\TPC_New\\frontend\\vendor\\laravel\\framework\\src\\Illuminate\\Foundation\\Http\\Middleware\\TransformsRequest.php(21): Illuminate\\Pipeline\\Pipeline->Illuminate\\Pipeline\\{closure}(Object(Illuminate\\Http\\Request))
#44 D:\\Panya.l\\MyProject\\xampp\\htdocs\\Project\\TPC_New\\frontend\\vendor\\laravel\\framework\\src\\Illuminate\\Pipeline\\Pipeline.php(171): Illuminate\\Foundation\\Http\\Middleware\\TransformsRequest->handle(Object(Illuminate\\Http\\Request), Object(Closure))
#45 D:\\Panya.l\\MyProject\\xampp\\htdocs\\Project\\TPC_New\\frontend\\vendor\\laravel\\framework\\src\\Illuminate\\Foundation\\Http\\Middleware\\ValidatePostSize.php(27): Illuminate\\Pipeline\\Pipeline->Illuminate\\Pipeline\\{closure}(Object(Illuminate\\Http\\Request))
#46 D:\\Panya.l\\MyProject\\xampp\\htdocs\\Project\\TPC_New\\frontend\\vendor\\laravel\\framework\\src\\Illuminate\\Pipeline\\Pipeline.php(171): Illuminate\\Foundation\\Http\\Middleware\\ValidatePostSize->handle(Object(Illuminate\\Http\\Request), Object(Closure))
#47 D:\\Panya.l\\MyProject\\xampp\\htdocs\\Project\\TPC_New\\frontend\\vendor\\laravel\\framework\\src\\Illuminate\\Foundation\\Http\\Middleware\\CheckForMaintenanceMode.php(63): Illuminate\\Pipeline\\Pipeline->Illuminate\\Pipeline\\{closure}(Object(Illuminate\\Http\\Request))
#48 D:\\Panya.l\\MyProject\\xampp\\htdocs\\Project\\TPC_New\\frontend\\vendor\\laravel\\framework\\src\\Illuminate\\Pipeline\\Pipeline.php(171): Illuminate\\Foundation\\Http\\Middleware\\CheckForMaintenanceMode->handle(Object(Illuminate\\Http\\Request), Object(Closure))
#49 D:\\Panya.l\\MyProject\\xampp\\htdocs\\Project\\TPC_New\\frontend\\vendor\\fideloper\\proxy\\src\\TrustProxies.php(57): Illuminate\\Pipeline\\Pipeline->Illuminate\\Pipeline\\{closure}(Object(Illuminate\\Http\\Request))
#50 D:\\Panya.l\\MyProject\\xampp\\htdocs\\Project\\TPC_New\\frontend\\vendor\\laravel\\framework\\src\\Illuminate\\Pipeline\\Pipeline.php(171): Fideloper\\Proxy\\TrustProxies->handle(Object(Illuminate\\Http\\Request), Object(Closure))
#51 D:\\Panya.l\\MyProject\\xampp\\htdocs\\Project\\TPC_New\\frontend\\vendor\\laravel\\framework\\src\\Illuminate\\Pipeline\\Pipeline.php(105): Illuminate\\Pipeline\\Pipeline->Illuminate\\Pipeline\\{closure}(Object(Illuminate\\Http\\Request))
#52 D:\\Panya.l\\MyProject\\xampp\\htdocs\\Project\\TPC_New\\frontend\\vendor\\laravel\\framework\\src\\Illuminate\\Foundation\\Http\\Kernel.php(145): Illuminate\\Pipeline\\Pipeline->then(Object(Closure))
#53 D:\\Panya.l\\MyProject\\xampp\\htdocs\\Project\\TPC_New\\frontend\\vendor\\laravel\\framework\\src\\Illuminate\\Foundation\\Http\\Kernel.php(110): Illuminate\\Foundation\\Http\\Kernel->sendRequestThroughRouter(Object(Illuminate\\Http\\Request))
#54 D:\\Panya.l\\MyProject\\xampp\\htdocs\\Project\\TPC_New\\frontend\\public\\index.php(55): Illuminate\\Foundation\\Http\\Kernel->handle(Object(Illuminate\\Http\\Request))
#55 D:\\Panya.l\\MyProject\\xampp\\htdocs\\Project\\TPC_New\\frontend\\server.php(21): require_once('D:\\\\Panya.l\\\\MyPr...')
#56 {main}
"} 
[2022-05-02 03:21:44] local.ERROR: Undefined variable: b {"exception":"[object] (ErrorException(code: 0): Undefined variable: b at D:\\Panya.l\\MyProject\\xampp\\htdocs\\Project\\TPC_New\\frontend\\app\\Http\\Controllers\\frontend\\blog\\blogController.php:152)
[stacktrace]
#0 D:\\Panya.l\\MyProject\\xampp\\htdocs\\Project\\TPC_New\\frontend\\app\\Http\\Controllers\\frontend\\blog\\blogController.php(152): Illuminate\\Foundation\\Bootstrap\\HandleExceptions->handleError(8, 'Undefined varia...', 'D:\\\\Panya.l\\\\MyPr...', 152, Array)
#1 D:\\Panya.l\\MyProject\\xampp\\htdocs\\Project\\TPC_New\\frontend\\vendor\\laravel\\framework\\src\\Illuminate\\Cache\\Repository.php(383): App\\Http\\Controllers\\frontend\\blog\\blogController->App\\Http\\Controllers\\frontend\\blog\\{closure}()
#2 D:\\Panya.l\\MyProject\\xampp\\htdocs\\Project\\TPC_New\\frontend\\vendor\\laravel\\framework\\src\\Illuminate\\Cache\\CacheManager.php(390): Illuminate\\Cache\\Repository->remember('blog_cover', Object(Illuminate\\Support\\Carbon), Object(Closure))
#3 D:\\Panya.l\\MyProject\\xampp\\htdocs\\Project\\TPC_New\\frontend\\app\\Http\\Controllers\\frontend\\blog\\blogController.php(159): Illuminate\\Cache\\CacheManager->__call('remember', Array)
#4 D:\\Panya.l\\MyProject\\xampp\\htdocs\\Project\\TPC_New\\frontend\\app\\Http\\Controllers\\frontend\\blog\\blogController.php(101): App\\Http\\Controllers\\frontend\\blog\\blogController->cover(1)
#5 D:\\Panya.l\\MyProject\\xampp\\htdocs\\Project\\TPC_New\\frontend\\app\\Http\\Controllers\\frontend\\blog\\blogController.php(22): App\\Http\\Controllers\\frontend\\blog\\blogController->get_cover(1)
#6 D:\\Panya.l\\MyProject\\xampp\\htdocs\\Project\\TPC_New\\frontend\\vendor\\laravel\\framework\\src\\Illuminate\\Routing\\Controller.php(54): App\\Http\\Controllers\\frontend\\blog\\blogController->index()
#7 D:\\Panya.l\\MyProject\\xampp\\htdocs\\Project\\TPC_New\\frontend\\vendor\\laravel\\framework\\src\\Illuminate\\Routing\\ControllerDispatcher.php(45): Illuminate\\Routing\\Controller->callAction('index', Array)
#8 D:\\Panya.l\\MyProject\\xampp\\htdocs\\Project\\TPC_New\\frontend\\vendor\\laravel\\framework\\src\\Illuminate\\Routing\\Route.php(219): Illuminate\\Routing\\ControllerDispatcher->dispatch(Object(Illuminate\\Routing\\Route), Object(App\\Http\\Controllers\\frontend\\blog\\blogController), 'index')
#9 D:\\Panya.l\\MyProject\\xampp\\htdocs\\Project\\TPC_New\\frontend\\vendor\\laravel\\framework\\src\\Illuminate\\Routing\\Route.php(176): Illuminate\\Routing\\Route->runController()
#10 D:\\Panya.l\\MyProject\\xampp\\htdocs\\Project\\TPC_New\\frontend\\vendor\\laravel\\framework\\src\\Illuminate\\Routing\\Router.php(681): Illuminate\\Routing\\Route->run()
#11 D:\\Panya.l\\MyProject\\xampp\\htdocs\\Project\\TPC_New\\frontend\\vendor\\laravel\\framework\\src\\Illuminate\\Pipeline\\Pipeline.php(130): Illuminate\\Routing\\Router->Illuminate\\Routing\\{closure}(Object(Illuminate\\Http\\Request))
#12 D:\\Panya.l\\MyProject\\xampp\\htdocs\\Project\\TPC_New\\frontend\\vendor\\laravel\\framework\\src\\Illuminate\\Routing\\Middleware\\SubstituteBindings.php(41): Illuminate\\Pipeline\\Pipeline->Illuminate\\Pipeline\\{closure}(Object(Illuminate\\Http\\Request))
#13 D:\\Panya.l\\MyProject\\xampp\\htdocs\\Project\\TPC_New\\frontend\\vendor\\laravel\\framework\\src\\Illuminate\\Pipeline\\Pipeline.php(171): Illuminate\\Routing\\Middleware\\SubstituteBindings->handle(Object(Illuminate\\Http\\Request), Object(Closure))
#14 D:\\Panya.l\\MyProject\\xampp\\htdocs\\Project\\TPC_New\\frontend\\vendor\\laravel\\framework\\src\\Illuminate\\Foundation\\Http\\Middleware\\VerifyCsrfToken.php(78): Illuminate\\Pipeline\\Pipeline->Illuminate\\Pipeline\\{closure}(Object(Illuminate\\Http\\Request))
#15 D:\\Panya.l\\MyProject\\xampp\\htdocs\\Project\\TPC_New\\frontend\\vendor\\laravel\\framework\\src\\Illuminate\\Pipeline\\Pipeline.php(171): Illuminate\\Foundation\\Http\\Middleware\\VerifyCsrfToken->handle(Object(Illuminate\\Http\\Request), Object(Closure))
#16 D:\\Panya.l\\MyProject\\xampp\\htdocs\\Project\\TPC_New\\frontend\\vendor\\laravel\\framework\\src\\Illuminate\\View\\Middleware\\ShareErrorsFromSession.php(49): Illuminate\\Pipeline\\Pipeline->Illuminate\\Pipeline\\{closure}(Object(Illuminate\\Http\\Request))
#17 D:\\Panya.l\\MyProject\\xampp\\htdocs\\Project\\TPC_New\\frontend\\vendor\\laravel\\framework\\src\\Illuminate\\Pipeline\\Pipeline.php(171): Illuminate\\View\\Middleware\\ShareErrorsFromSession->handle(Object(Illuminate\\Http\\Request), Object(Closure))
#18 D:\\Panya.l\\MyProject\\xampp\\htdocs\\Project\\TPC_New\\frontend\\vendor\\laravel\\framework\\src\\Illuminate\\Session\\Middleware\\StartSession.php(56): Illuminate\\Pipeline\\Pipeline->Illuminate\\Pipeline\\{closure}(Object(Illuminate\\Http\\Request))
#19 D:\\Panya.l\\MyProject\\xampp\\htdocs\\Project\\TPC_New\\frontend\\vendor\\laravel\\framework\\src\\Illuminate\\Pipeline\\Pipeline.php(171): Illuminate\\Session\\Middleware\\StartSession->handle(Object(Illuminate\\Http\\Request), Object(Closure))
#20 D:\\Panya.l\\MyProject\\xampp\\htdocs\\Project\\TPC_New\\frontend\\vendor\\laravel\\framework\\src\\Illuminate\\Cookie\\Middleware\\AddQueuedCookiesToResponse.php(37): Illuminate\\Pipeline\\Pipeline->Illuminate\\Pipeline\\{closure}(Object(Illuminate\\Http\\Request))
#21 D:\\Panya.l\\MyProject\\xampp\\htdocs\\Project\\TPC_New\\frontend\\vendor\\laravel\\framework\\src\\Illuminate\\Pipeline\\Pipeline.php(171): Illuminate\\Cookie\\Middleware\\AddQueuedCookiesToResponse->handle(Object(Illuminate\\Http\\Request), Object(Closure))
#22 D:\\Panya.l\\MyProject\\xampp\\htdocs\\Project\\TPC_New\\frontend\\vendor\\laravel\\framework\\src\\Illuminate\\Cookie\\Middleware\\EncryptCookies.php(67): Illuminate\\Pipeline\\Pipeline->Illuminate\\Pipeline\\{closure}(Object(Illuminate\\Http\\Request))
#23 D:\\Panya.l\\MyProject\\xampp\\htdocs\\Project\\TPC_New\\frontend\\vendor\\laravel\\framework\\src\\Illuminate\\Pipeline\\Pipeline.php(171): Illuminate\\Cookie\\Middleware\\EncryptCookies->handle(Object(Illuminate\\Http\\Request), Object(Closure))
#24 D:\\Panya.l\\MyProject\\xampp\\htdocs\\Project\\TPC_New\\frontend\\vendor\\laravel\\framework\\src\\Illuminate\\Pipeline\\Pipeline.php(105): Illuminate\\Pipeline\\Pipeline->Illuminate\\Pipeline\\{closure}(Object(Illuminate\\Http\\Request))
#25 D:\\Panya.l\\MyProject\\xampp\\htdocs\\Project\\TPC_New\\frontend\\vendor\\laravel\\framework\\src\\Illuminate\\Routing\\Router.php(683): Illuminate\\Pipeline\\Pipeline->then(Object(Closure))
#26 D:\\Panya.l\\MyProject\\xampp\\htdocs\\Project\\TPC_New\\frontend\\vendor\\laravel\\framework\\src\\Illuminate\\Routing\\Router.php(658): Illuminate\\Routing\\Router->runRouteWithinStack(Object(Illuminate\\Routing\\Route), Object(Illuminate\\Http\\Request))
#27 D:\\Panya.l\\MyProject\\xampp\\htdocs\\Project\\TPC_New\\frontend\\vendor\\laravel\\framework\\src\\Illuminate\\Routing\\Router.php(624): Illuminate\\Routing\\Router->runRoute(Object(Illuminate\\Http\\Request), Object(Illuminate\\Routing\\Route))
#28 D:\\Panya.l\\MyProject\\xampp\\htdocs\\Project\\TPC_New\\frontend\\vendor\\laravel\\framework\\src\\Illuminate\\Routing\\Router.php(613): Illuminate\\Routing\\Router->dispatchToRoute(Object(Illuminate\\Http\\Request))
#29 D:\\Panya.l\\MyProject\\xampp\\htdocs\\Project\\TPC_New\\frontend\\vendor\\laravel\\framework\\src\\Illuminate\\Foundation\\Http\\Kernel.php(170): Illuminate\\Routing\\Router->dispatch(Object(Illuminate\\Http\\Request))
#30 D:\\Panya.l\\MyProject\\xampp\\htdocs\\Project\\TPC_New\\frontend\\vendor\\laravel\\framework\\src\\Illuminate\\Pipeline\\Pipeline.php(130): Illuminate\\Foundation\\Http\\Kernel->Illuminate\\Foundation\\Http\\{closure}(Object(Illuminate\\Http\\Request))
#31 D:\\Panya.l\\MyProject\\xampp\\htdocs\\Project\\TPC_New\\frontend\\vendor\\laravel\\framework\\src\\Illuminate\\Foundation\\Http\\Middleware\\TransformsRequest.php(21): Illuminate\\Pipeline\\Pipeline->Illuminate\\Pipeline\\{closure}(Object(Illuminate\\Http\\Request))
#32 D:\\Panya.l\\MyProject\\xampp\\htdocs\\Project\\TPC_New\\frontend\\vendor\\laravel\\framework\\src\\Illuminate\\Pipeline\\Pipeline.php(171): Illuminate\\Foundation\\Http\\Middleware\\TransformsRequest->handle(Object(Illuminate\\Http\\Request), Object(Closure))
#33 D:\\Panya.l\\MyProject\\xampp\\htdocs\\Project\\TPC_New\\frontend\\vendor\\laravel\\framework\\src\\Illuminate\\Foundation\\Http\\Middleware\\TransformsRequest.php(21): Illuminate\\Pipeline\\Pipeline->Illuminate\\Pipeline\\{closure}(Object(Illuminate\\Http\\Request))
#34 D:\\Panya.l\\MyProject\\xampp\\htdocs\\Project\\TPC_New\\frontend\\vendor\\laravel\\framework\\src\\Illuminate\\Pipeline\\Pipeline.php(171): Illuminate\\Foundation\\Http\\Middleware\\TransformsRequest->handle(Object(Illuminate\\Http\\Request), Object(Closure))
#35 D:\\Panya.l\\MyProject\\xampp\\htdocs\\Project\\TPC_New\\frontend\\vendor\\laravel\\framework\\src\\Illuminate\\Foundation\\Http\\Middleware\\ValidatePostSize.php(27): Illuminate\\Pipeline\\Pipeline->Illuminate\\Pipeline\\{closure}(Object(Illuminate\\Http\\Request))
#36 D:\\Panya.l\\MyProject\\xampp\\htdocs\\Project\\TPC_New\\frontend\\vendor\\laravel\\framework\\src\\Illuminate\\Pipeline\\Pipeline.php(171): Illuminate\\Foundation\\Http\\Middleware\\ValidatePostSize->handle(Object(Illuminate\\Http\\Request), Object(Closure))
#37 D:\\Panya.l\\MyProject\\xampp\\htdocs\\Project\\TPC_New\\frontend\\vendor\\laravel\\framework\\src\\Illuminate\\Foundation\\Http\\Middleware\\CheckForMaintenanceMode.php(63): Illuminate\\Pipeline\\Pipeline->Illuminate\\Pipeline\\{closure}(Object(Illuminate\\Http\\Request))
#38 D:\\Panya.l\\MyProject\\xampp\\htdocs\\Project\\TPC_New\\frontend\\vendor\\laravel\\framework\\src\\Illuminate\\Pipeline\\Pipeline.php(171): Illuminate\\Foundation\\Http\\Middleware\\CheckForMaintenanceMode->handle(Object(Illuminate\\Http\\Request), Object(Closure))
#39 D:\\Panya.l\\MyProject\\xampp\\htdocs\\Project\\TPC_New\\frontend\\vendor\\fideloper\\proxy\\src\\TrustProxies.php(57): Illuminate\\Pipeline\\Pipeline->Illuminate\\Pipeline\\{closure}(Object(Illuminate\\Http\\Request))
#40 D:\\Panya.l\\MyProject\\xampp\\htdocs\\Project\\TPC_New\\frontend\\vendor\\laravel\\framework\\src\\Illuminate\\Pipeline\\Pipeline.php(171): Fideloper\\Proxy\\TrustProxies->handle(Object(Illuminate\\Http\\Request), Object(Closure))
#41 D:\\Panya.l\\MyProject\\xampp\\htdocs\\Project\\TPC_New\\frontend\\vendor\\laravel\\framework\\src\\Illuminate\\Pipeline\\Pipeline.php(105): Illuminate\\Pipeline\\Pipeline->Illuminate\\Pipeline\\{closure}(Object(Illuminate\\Http\\Request))
#42 D:\\Panya.l\\MyProject\\xampp\\htdocs\\Project\\TPC_New\\frontend\\vendor\\laravel\\framework\\src\\Illuminate\\Foundation\\Http\\Kernel.php(145): Illuminate\\Pipeline\\Pipeline->then(Object(Closure))
#43 D:\\Panya.l\\MyProject\\xampp\\htdocs\\Project\\TPC_New\\frontend\\vendor\\laravel\\framework\\src\\Illuminate\\Foundation\\Http\\Kernel.php(110): Illuminate\\Foundation\\Http\\Kernel->sendRequestThroughRouter(Object(Illuminate\\Http\\Request))
#44 D:\\Panya.l\\MyProject\\xampp\\htdocs\\Project\\TPC_New\\frontend\\public\\index.php(55): Illuminate\\Foundation\\Http\\Kernel->handle(Object(Illuminate\\Http\\Request))
#45 D:\\Panya.l\\MyProject\\xampp\\htdocs\\Project\\TPC_New\\frontend\\server.php(21): require_once('D:\\\\Panya.l\\\\MyPr...')
#46 {main}
"} 
[2022-05-02 04:05:48] local.ERROR: Target class [App\Http\Controllers\cache_clear\cacheClearController] does not exist. {"exception":"[object] (Illuminate\\Contracts\\Container\\BindingResolutionException(code: 0): Target class [App\\Http\\Controllers\\cache_clear\\cacheClearController] does not exist. at D:\\Panya.l\\MyProject\\xampp\\htdocs\\Project\\TPC_New\\frontend\\vendor\\laravel\\framework\\src\\Illuminate\\Container\\Container.php:805)
[stacktrace]
#0 D:\\Panya.l\\MyProject\\xampp\\htdocs\\Project\\TPC_New\\frontend\\vendor\\laravel\\framework\\src\\Illuminate\\Container\\Container.php(681): Illuminate\\Container\\Container->build('App\\\\Http\\\\Contro...')
#1 D:\\Panya.l\\MyProject\\xampp\\htdocs\\Project\\TPC_New\\frontend\\vendor\\laravel\\framework\\src\\Illuminate\\Foundation\\Application.php(785): Illuminate\\Container\\Container->resolve('App\\\\Http\\\\Contro...', Array, true)
#2 D:\\Panya.l\\MyProject\\xampp\\htdocs\\Project\\TPC_New\\frontend\\vendor\\laravel\\framework\\src\\Illuminate\\Container\\Container.php(629): Illuminate\\Foundation\\Application->resolve('App\\\\Http\\\\Contro...', Array)
#3 D:\\Panya.l\\MyProject\\xampp\\htdocs\\Project\\TPC_New\\frontend\\vendor\\laravel\\framework\\src\\Illuminate\\Foundation\\Application.php(770): Illuminate\\Container\\Container->make('App\\\\Http\\\\Contro...', Array)
#4 D:\\Panya.l\\MyProject\\xampp\\htdocs\\Project\\TPC_New\\frontend\\vendor\\laravel\\framework\\src\\Illuminate\\Routing\\Route.php(233): Illuminate\\Foundation\\Application->make('App\\\\Http\\\\Contro...')
#5 D:\\Panya.l\\MyProject\\xampp\\htdocs\\Project\\TPC_New\\frontend\\vendor\\laravel\\framework\\src\\Illuminate\\Routing\\Route.php(833): Illuminate\\Routing\\Route->getController()
#6 D:\\Panya.l\\MyProject\\xampp\\htdocs\\Project\\TPC_New\\frontend\\vendor\\laravel\\framework\\src\\Illuminate\\Routing\\Route.php(794): Illuminate\\Routing\\Route->controllerMiddleware()
#7 D:\\Panya.l\\MyProject\\xampp\\htdocs\\Project\\TPC_New\\frontend\\vendor\\laravel\\framework\\src\\Illuminate\\Routing\\Router.php(694): Illuminate\\Routing\\Route->gatherMiddleware()
#8 D:\\Panya.l\\MyProject\\xampp\\htdocs\\Project\\TPC_New\\frontend\\vendor\\laravel\\framework\\src\\Illuminate\\Routing\\Router.php(674): Illuminate\\Routing\\Router->gatherRouteMiddleware(Object(Illuminate\\Routing\\Route))
#9 D:\\Panya.l\\MyProject\\xampp\\htdocs\\Project\\TPC_New\\frontend\\vendor\\laravel\\framework\\src\\Illuminate\\Routing\\Router.php(658): Illuminate\\Routing\\Router->runRouteWithinStack(Object(Illuminate\\Routing\\Route), Object(Illuminate\\Http\\Request))
#10 D:\\Panya.l\\MyProject\\xampp\\htdocs\\Project\\TPC_New\\frontend\\vendor\\laravel\\framework\\src\\Illuminate\\Routing\\Router.php(624): Illuminate\\Routing\\Router->runRoute(Object(Illuminate\\Http\\Request), Object(Illuminate\\Routing\\Route))
#11 D:\\Panya.l\\MyProject\\xampp\\htdocs\\Project\\TPC_New\\frontend\\vendor\\laravel\\framework\\src\\Illuminate\\Routing\\Router.php(613): Illuminate\\Routing\\Router->dispatchToRoute(Object(Illuminate\\Http\\Request))
#12 D:\\Panya.l\\MyProject\\xampp\\htdocs\\Project\\TPC_New\\frontend\\vendor\\laravel\\framework\\src\\Illuminate\\Foundation\\Http\\Kernel.php(170): Illuminate\\Routing\\Router->dispatch(Object(Illuminate\\Http\\Request))
#13 D:\\Panya.l\\MyProject\\xampp\\htdocs\\Project\\TPC_New\\frontend\\vendor\\laravel\\framework\\src\\Illuminate\\Pipeline\\Pipeline.php(130): Illuminate\\Foundation\\Http\\Kernel->Illuminate\\Foundation\\Http\\{closure}(Object(Illuminate\\Http\\Request))
#14 D:\\Panya.l\\MyProject\\xampp\\htdocs\\Project\\TPC_New\\frontend\\vendor\\laravel\\framework\\src\\Illuminate\\Foundation\\Http\\Middleware\\TransformsRequest.php(21): Illuminate\\Pipeline\\Pipeline->Illuminate\\Pipeline\\{closure}(Object(Illuminate\\Http\\Request))
#15 D:\\Panya.l\\MyProject\\xampp\\htdocs\\Project\\TPC_New\\frontend\\vendor\\laravel\\framework\\src\\Illuminate\\Pipeline\\Pipeline.php(171): Illuminate\\Foundation\\Http\\Middleware\\TransformsRequest->handle(Object(Illuminate\\Http\\Request), Object(Closure))
#16 D:\\Panya.l\\MyProject\\xampp\\htdocs\\Project\\TPC_New\\frontend\\vendor\\laravel\\framework\\src\\Illuminate\\Foundation\\Http\\Middleware\\TransformsRequest.php(21): Illuminate\\Pipeline\\Pipeline->Illuminate\\Pipeline\\{closure}(Object(Illuminate\\Http\\Request))
#17 D:\\Panya.l\\MyProject\\xampp\\htdocs\\Project\\TPC_New\\frontend\\vendor\\laravel\\framework\\src\\Illuminate\\Pipeline\\Pipeline.php(171): Illuminate\\Foundation\\Http\\Middleware\\TransformsRequest->handle(Object(Illuminate\\Http\\Request), Object(Closure))
#18 D:\\Panya.l\\MyProject\\xampp\\htdocs\\Project\\TPC_New\\frontend\\vendor\\laravel\\framework\\src\\Illuminate\\Foundation\\Http\\Middleware\\ValidatePostSize.php(27): Illuminate\\Pipeline\\Pipeline->Illuminate\\Pipeline\\{closure}(Object(Illuminate\\Http\\Request))
#19 D:\\Panya.l\\MyProject\\xampp\\htdocs\\Project\\TPC_New\\frontend\\vendor\\laravel\\framework\\src\\Illuminate\\Pipeline\\Pipeline.php(171): Illuminate\\Foundation\\Http\\Middleware\\ValidatePostSize->handle(Object(Illuminate\\Http\\Request), Object(Closure))
#20 D:\\Panya.l\\MyProject\\xampp\\htdocs\\Project\\TPC_New\\frontend\\vendor\\laravel\\framework\\src\\Illuminate\\Foundation\\Http\\Middleware\\CheckForMaintenanceMode.php(63): Illuminate\\Pipeline\\Pipeline->Illuminate\\Pipeline\\{closure}(Object(Illuminate\\Http\\Request))
#21 D:\\Panya.l\\MyProject\\xampp\\htdocs\\Project\\TPC_New\\frontend\\vendor\\laravel\\framework\\src\\Illuminate\\Pipeline\\Pipeline.php(171): Illuminate\\Foundation\\Http\\Middleware\\CheckForMaintenanceMode->handle(Object(Illuminate\\Http\\Request), Object(Closure))
#22 D:\\Panya.l\\MyProject\\xampp\\htdocs\\Project\\TPC_New\\frontend\\vendor\\fideloper\\proxy\\src\\TrustProxies.php(57): Illuminate\\Pipeline\\Pipeline->Illuminate\\Pipeline\\{closure}(Object(Illuminate\\Http\\Request))
#23 D:\\Panya.l\\MyProject\\xampp\\htdocs\\Project\\TPC_New\\frontend\\vendor\\laravel\\framework\\src\\Illuminate\\Pipeline\\Pipeline.php(171): Fideloper\\Proxy\\TrustProxies->handle(Object(Illuminate\\Http\\Request), Object(Closure))
#24 D:\\Panya.l\\MyProject\\xampp\\htdocs\\Project\\TPC_New\\frontend\\vendor\\laravel\\framework\\src\\Illuminate\\Pipeline\\Pipeline.php(105): Illuminate\\Pipeline\\Pipeline->Illuminate\\Pipeline\\{closure}(Object(Illuminate\\Http\\Request))
#25 D:\\Panya.l\\MyProject\\xampp\\htdocs\\Project\\TPC_New\\frontend\\vendor\\laravel\\framework\\src\\Illuminate\\Foundation\\Http\\Kernel.php(145): Illuminate\\Pipeline\\Pipeline->then(Object(Closure))
#26 D:\\Panya.l\\MyProject\\xampp\\htdocs\\Project\\TPC_New\\frontend\\vendor\\laravel\\framework\\src\\Illuminate\\Foundation\\Http\\Kernel.php(110): Illuminate\\Foundation\\Http\\Kernel->sendRequestThroughRouter(Object(Illuminate\\Http\\Request))
#27 D:\\Panya.l\\MyProject\\xampp\\htdocs\\Project\\TPC_New\\frontend\\public\\index.php(55): Illuminate\\Foundation\\Http\\Kernel->handle(Object(Illuminate\\Http\\Request))
#28 D:\\Panya.l\\MyProject\\xampp\\htdocs\\Project\\TPC_New\\frontend\\server.php(21): require_once('D:\\\\Panya.l\\\\MyPr...')
#29 {main}

[previous exception] [object] (ReflectionException(code: -1): Class App\\Http\\Controllers\\cache_clear\\cacheClearController does not exist at D:\\Panya.l\\MyProject\\xampp\\htdocs\\Project\\TPC_New\\frontend\\vendor\\laravel\\framework\\src\\Illuminate\\Container\\Container.php:803)
[stacktrace]
#0 D:\\Panya.l\\MyProject\\xampp\\htdocs\\Project\\TPC_New\\frontend\\vendor\\laravel\\framework\\src\\Illuminate\\Container\\Container.php(803): ReflectionClass->__construct('App\\\\Http\\\\Contro...')
#1 D:\\Panya.l\\MyProject\\xampp\\htdocs\\Project\\TPC_New\\frontend\\vendor\\laravel\\framework\\src\\Illuminate\\Container\\Container.php(681): Illuminate\\Container\\Container->build('App\\\\Http\\\\Contro...')
#2 D:\\Panya.l\\MyProject\\xampp\\htdocs\\Project\\TPC_New\\frontend\\vendor\\laravel\\framework\\src\\Illuminate\\Foundation\\Application.php(785): Illuminate\\Container\\Container->resolve('App\\\\Http\\\\Contro...', Array, true)
#3 D:\\Panya.l\\MyProject\\xampp\\htdocs\\Project\\TPC_New\\frontend\\vendor\\laravel\\framework\\src\\Illuminate\\Container\\Container.php(629): Illuminate\\Foundation\\Application->resolve('App\\\\Http\\\\Contro...', Array)
#4 D:\\Panya.l\\MyProject\\xampp\\htdocs\\Project\\TPC_New\\frontend\\vendor\\laravel\\framework\\src\\Illuminate\\Foundation\\Application.php(770): Illuminate\\Container\\Container->make('App\\\\Http\\\\Contro...', Array)
#5 D:\\Panya.l\\MyProject\\xampp\\htdocs\\Project\\TPC_New\\frontend\\vendor\\laravel\\framework\\src\\Illuminate\\Routing\\Route.php(233): Illuminate\\Foundation\\Application->make('App\\\\Http\\\\Contro...')
#6 D:\\Panya.l\\MyProject\\xampp\\htdocs\\Project\\TPC_New\\frontend\\vendor\\laravel\\framework\\src\\Illuminate\\Routing\\Route.php(833): Illuminate\\Routing\\Route->getController()
#7 D:\\Panya.l\\MyProject\\xampp\\htdocs\\Project\\TPC_New\\frontend\\vendor\\laravel\\framework\\src\\Illuminate\\Routing\\Route.php(794): Illuminate\\Routing\\Route->controllerMiddleware()
#8 D:\\Panya.l\\MyProject\\xampp\\htdocs\\Project\\TPC_New\\frontend\\vendor\\laravel\\framework\\src\\Illuminate\\Routing\\Router.php(694): Illuminate\\Routing\\Route->gatherMiddleware()
#9 D:\\Panya.l\\MyProject\\xampp\\htdocs\\Project\\TPC_New\\frontend\\vendor\\laravel\\framework\\src\\Illuminate\\Routing\\Router.php(674): Illuminate\\Routing\\Router->gatherRouteMiddleware(Object(Illuminate\\Routing\\Route))
#10 D:\\Panya.l\\MyProject\\xampp\\htdocs\\Project\\TPC_New\\frontend\\vendor\\laravel\\framework\\src\\Illuminate\\Routing\\Router.php(658): Illuminate\\Routing\\Router->runRouteWithinStack(Object(Illuminate\\Routing\\Route), Object(Illuminate\\Http\\Request))
#11 D:\\Panya.l\\MyProject\\xampp\\htdocs\\Project\\TPC_New\\frontend\\vendor\\laravel\\framework\\src\\Illuminate\\Routing\\Router.php(624): Illuminate\\Routing\\Router->runRoute(Object(Illuminate\\Http\\Request), Object(Illuminate\\Routing\\Route))
#12 D:\\Panya.l\\MyProject\\xampp\\htdocs\\Project\\TPC_New\\frontend\\vendor\\laravel\\framework\\src\\Illuminate\\Routing\\Router.php(613): Illuminate\\Routing\\Router->dispatchToRoute(Object(Illuminate\\Http\\Request))
#13 D:\\Panya.l\\MyProject\\xampp\\htdocs\\Project\\TPC_New\\frontend\\vendor\\laravel\\framework\\src\\Illuminate\\Foundation\\Http\\Kernel.php(170): Illuminate\\Routing\\Router->dispatch(Object(Illuminate\\Http\\Request))
#14 D:\\Panya.l\\MyProject\\xampp\\htdocs\\Project\\TPC_New\\frontend\\vendor\\laravel\\framework\\src\\Illuminate\\Pipeline\\Pipeline.php(130): Illuminate\\Foundation\\Http\\Kernel->Illuminate\\Foundation\\Http\\{closure}(Object(Illuminate\\Http\\Request))
#15 D:\\Panya.l\\MyProject\\xampp\\htdocs\\Project\\TPC_New\\frontend\\vendor\\laravel\\framework\\src\\Illuminate\\Foundation\\Http\\Middleware\\TransformsRequest.php(21): Illuminate\\Pipeline\\Pipeline->Illuminate\\Pipeline\\{closure}(Object(Illuminate\\Http\\Request))
#16 D:\\Panya.l\\MyProject\\xampp\\htdocs\\Project\\TPC_New\\frontend\\vendor\\laravel\\framework\\src\\Illuminate\\Pipeline\\Pipeline.php(171): Illuminate\\Foundation\\Http\\Middleware\\TransformsRequest->handle(Object(Illuminate\\Http\\Request), Object(Closure))
#17 D:\\Panya.l\\MyProject\\xampp\\htdocs\\Project\\TPC_New\\frontend\\vendor\\laravel\\framework\\src\\Illuminate\\Foundation\\Http\\Middleware\\TransformsRequest.php(21): Illuminate\\Pipeline\\Pipeline->Illuminate\\Pipeline\\{closure}(Object(Illuminate\\Http\\Request))
#18 D:\\Panya.l\\MyProject\\xampp\\htdocs\\Project\\TPC_New\\frontend\\vendor\\laravel\\framework\\src\\Illuminate\\Pipeline\\Pipeline.php(171): Illuminate\\Foundation\\Http\\Middleware\\TransformsRequest->handle(Object(Illuminate\\Http\\Request), Object(Closure))
#19 D:\\Panya.l\\MyProject\\xampp\\htdocs\\Project\\TPC_New\\frontend\\vendor\\laravel\\framework\\src\\Illuminate\\Foundation\\Http\\Middleware\\ValidatePostSize.php(27): Illuminate\\Pipeline\\Pipeline->Illuminate\\Pipeline\\{closure}(Object(Illuminate\\Http\\Request))
#20 D:\\Panya.l\\MyProject\\xampp\\htdocs\\Project\\TPC_New\\frontend\\vendor\\laravel\\framework\\src\\Illuminate\\Pipeline\\Pipeline.php(171): Illuminate\\Foundation\\Http\\Middleware\\ValidatePostSize->handle(Object(Illuminate\\Http\\Request), Object(Closure))
#21 D:\\Panya.l\\MyProject\\xampp\\htdocs\\Project\\TPC_New\\frontend\\vendor\\laravel\\framework\\src\\Illuminate\\Foundation\\Http\\Middleware\\CheckForMaintenanceMode.php(63): Illuminate\\Pipeline\\Pipeline->Illuminate\\Pipeline\\{closure}(Object(Illuminate\\Http\\Request))
#22 D:\\Panya.l\\MyProject\\xampp\\htdocs\\Project\\TPC_New\\frontend\\vendor\\laravel\\framework\\src\\Illuminate\\Pipeline\\Pipeline.php(171): Illuminate\\Foundation\\Http\\Middleware\\CheckForMaintenanceMode->handle(Object(Illuminate\\Http\\Request), Object(Closure))
#23 D:\\Panya.l\\MyProject\\xampp\\htdocs\\Project\\TPC_New\\frontend\\vendor\\fideloper\\proxy\\src\\TrustProxies.php(57): Illuminate\\Pipeline\\Pipeline->Illuminate\\Pipeline\\{closure}(Object(Illuminate\\Http\\Request))
#24 D:\\Panya.l\\MyProject\\xampp\\htdocs\\Project\\TPC_New\\frontend\\vendor\\laravel\\framework\\src\\Illuminate\\Pipeline\\Pipeline.php(171): Fideloper\\Proxy\\TrustProxies->handle(Object(Illuminate\\Http\\Request), Object(Closure))
#25 D:\\Panya.l\\MyProject\\xampp\\htdocs\\Project\\TPC_New\\frontend\\vendor\\laravel\\framework\\src\\Illuminate\\Pipeline\\Pipeline.php(105): Illuminate\\Pipeline\\Pipeline->Illuminate\\Pipeline\\{closure}(Object(Illuminate\\Http\\Request))
#26 D:\\Panya.l\\MyProject\\xampp\\htdocs\\Project\\TPC_New\\frontend\\vendor\\laravel\\framework\\src\\Illuminate\\Foundation\\Http\\Kernel.php(145): Illuminate\\Pipeline\\Pipeline->then(Object(Closure))
#27 D:\\Panya.l\\MyProject\\xampp\\htdocs\\Project\\TPC_New\\frontend\\vendor\\laravel\\framework\\src\\Illuminate\\Foundation\\Http\\Kernel.php(110): Illuminate\\Foundation\\Http\\Kernel->sendRequestThroughRouter(Object(Illuminate\\Http\\Request))
#28 D:\\Panya.l\\MyProject\\xampp\\htdocs\\Project\\TPC_New\\frontend\\public\\index.php(55): Illuminate\\Foundation\\Http\\Kernel->handle(Object(Illuminate\\Http\\Request))
#29 D:\\Panya.l\\MyProject\\xampp\\htdocs\\Project\\TPC_New\\frontend\\server.php(21): require_once('D:\\\\Panya.l\\\\MyPr...')
#30 {main}
"} 
[2022-05-02 04:10:53] local.ERROR: Target class [App\Http\Controllers\cache_clear\cacheClearController] does not exist. {"exception":"[object] (Illuminate\\Contracts\\Container\\BindingResolutionException(code: 0): Target class [App\\Http\\Controllers\\cache_clear\\cacheClearController] does not exist. at D:\\Panya.l\\MyProject\\xampp\\htdocs\\Project\\TPC_New\\frontend\\vendor\\laravel\\framework\\src\\Illuminate\\Container\\Container.php:805)
[stacktrace]
#0 D:\\Panya.l\\MyProject\\xampp\\htdocs\\Project\\TPC_New\\frontend\\vendor\\laravel\\framework\\src\\Illuminate\\Container\\Container.php(681): Illuminate\\Container\\Container->build('App\\\\Http\\\\Contro...')
#1 D:\\Panya.l\\MyProject\\xampp\\htdocs\\Project\\TPC_New\\frontend\\vendor\\laravel\\framework\\src\\Illuminate\\Foundation\\Application.php(785): Illuminate\\Container\\Container->resolve('App\\\\Http\\\\Contro...', Array, true)
#2 D:\\Panya.l\\MyProject\\xampp\\htdocs\\Project\\TPC_New\\frontend\\vendor\\laravel\\framework\\src\\Illuminate\\Container\\Container.php(629): Illuminate\\Foundation\\Application->resolve('App\\\\Http\\\\Contro...', Array)
#3 D:\\Panya.l\\MyProject\\xampp\\htdocs\\Project\\TPC_New\\frontend\\vendor\\laravel\\framework\\src\\Illuminate\\Foundation\\Application.php(770): Illuminate\\Container\\Container->make('App\\\\Http\\\\Contro...', Array)
#4 D:\\Panya.l\\MyProject\\xampp\\htdocs\\Project\\TPC_New\\frontend\\vendor\\laravel\\framework\\src\\Illuminate\\Routing\\Route.php(233): Illuminate\\Foundation\\Application->make('App\\\\Http\\\\Contro...')
#5 D:\\Panya.l\\MyProject\\xampp\\htdocs\\Project\\TPC_New\\frontend\\vendor\\laravel\\framework\\src\\Illuminate\\Routing\\Route.php(833): Illuminate\\Routing\\Route->getController()
#6 D:\\Panya.l\\MyProject\\xampp\\htdocs\\Project\\TPC_New\\frontend\\vendor\\laravel\\framework\\src\\Illuminate\\Routing\\Route.php(794): Illuminate\\Routing\\Route->controllerMiddleware()
#7 D:\\Panya.l\\MyProject\\xampp\\htdocs\\Project\\TPC_New\\frontend\\vendor\\laravel\\framework\\src\\Illuminate\\Routing\\Router.php(694): Illuminate\\Routing\\Route->gatherMiddleware()
#8 D:\\Panya.l\\MyProject\\xampp\\htdocs\\Project\\TPC_New\\frontend\\vendor\\laravel\\framework\\src\\Illuminate\\Routing\\Router.php(674): Illuminate\\Routing\\Router->gatherRouteMiddleware(Object(Illuminate\\Routing\\Route))
#9 D:\\Panya.l\\MyProject\\xampp\\htdocs\\Project\\TPC_New\\frontend\\vendor\\laravel\\framework\\src\\Illuminate\\Routing\\Router.php(658): Illuminate\\Routing\\Router->runRouteWithinStack(Object(Illuminate\\Routing\\Route), Object(Illuminate\\Http\\Request))
#10 D:\\Panya.l\\MyProject\\xampp\\htdocs\\Project\\TPC_New\\frontend\\vendor\\laravel\\framework\\src\\Illuminate\\Routing\\Router.php(624): Illuminate\\Routing\\Router->runRoute(Object(Illuminate\\Http\\Request), Object(Illuminate\\Routing\\Route))
#11 D:\\Panya.l\\MyProject\\xampp\\htdocs\\Project\\TPC_New\\frontend\\vendor\\laravel\\framework\\src\\Illuminate\\Routing\\Router.php(613): Illuminate\\Routing\\Router->dispatchToRoute(Object(Illuminate\\Http\\Request))
#12 D:\\Panya.l\\MyProject\\xampp\\htdocs\\Project\\TPC_New\\frontend\\vendor\\laravel\\framework\\src\\Illuminate\\Foundation\\Http\\Kernel.php(170): Illuminate\\Routing\\Router->dispatch(Object(Illuminate\\Http\\Request))
#13 D:\\Panya.l\\MyProject\\xampp\\htdocs\\Project\\TPC_New\\frontend\\vendor\\laravel\\framework\\src\\Illuminate\\Pipeline\\Pipeline.php(130): Illuminate\\Foundation\\Http\\Kernel->Illuminate\\Foundation\\Http\\{closure}(Object(Illuminate\\Http\\Request))
#14 D:\\Panya.l\\MyProject\\xampp\\htdocs\\Project\\TPC_New\\frontend\\vendor\\laravel\\framework\\src\\Illuminate\\Foundation\\Http\\Middleware\\TransformsRequest.php(21): Illuminate\\Pipeline\\Pipeline->Illuminate\\Pipeline\\{closure}(Object(Illuminate\\Http\\Request))
#15 D:\\Panya.l\\MyProject\\xampp\\htdocs\\Project\\TPC_New\\frontend\\vendor\\laravel\\framework\\src\\Illuminate\\Pipeline\\Pipeline.php(171): Illuminate\\Foundation\\Http\\Middleware\\TransformsRequest->handle(Object(Illuminate\\Http\\Request), Object(Closure))
#16 D:\\Panya.l\\MyProject\\xampp\\htdocs\\Project\\TPC_New\\frontend\\vendor\\laravel\\framework\\src\\Illuminate\\Foundation\\Http\\Middleware\\TransformsRequest.php(21): Illuminate\\Pipeline\\Pipeline->Illuminate\\Pipeline\\{closure}(Object(Illuminate\\Http\\Request))
#17 D:\\Panya.l\\MyProject\\xampp\\htdocs\\Project\\TPC_New\\frontend\\vendor\\laravel\\framework\\src\\Illuminate\\Pipeline\\Pipeline.php(171): Illuminate\\Foundation\\Http\\Middleware\\TransformsRequest->handle(Object(Illuminate\\Http\\Request), Object(Closure))
#18 D:\\Panya.l\\MyProject\\xampp\\htdocs\\Project\\TPC_New\\frontend\\vendor\\laravel\\framework\\src\\Illuminate\\Foundation\\Http\\Middleware\\ValidatePostSize.php(27): Illuminate\\Pipeline\\Pipeline->Illuminate\\Pipeline\\{closure}(Object(Illuminate\\Http\\Request))
#19 D:\\Panya.l\\MyProject\\xampp\\htdocs\\Project\\TPC_New\\frontend\\vendor\\laravel\\framework\\src\\Illuminate\\Pipeline\\Pipeline.php(171): Illuminate\\Foundation\\Http\\Middleware\\ValidatePostSize->handle(Object(Illuminate\\Http\\Request), Object(Closure))
#20 D:\\Panya.l\\MyProject\\xampp\\htdocs\\Project\\TPC_New\\frontend\\vendor\\laravel\\framework\\src\\Illuminate\\Foundation\\Http\\Middleware\\CheckForMaintenanceMode.php(63): Illuminate\\Pipeline\\Pipeline->Illuminate\\Pipeline\\{closure}(Object(Illuminate\\Http\\Request))
#21 D:\\Panya.l\\MyProject\\xampp\\htdocs\\Project\\TPC_New\\frontend\\vendor\\laravel\\framework\\src\\Illuminate\\Pipeline\\Pipeline.php(171): Illuminate\\Foundation\\Http\\Middleware\\CheckForMaintenanceMode->handle(Object(Illuminate\\Http\\Request), Object(Closure))
#22 D:\\Panya.l\\MyProject\\xampp\\htdocs\\Project\\TPC_New\\frontend\\vendor\\fideloper\\proxy\\src\\TrustProxies.php(57): Illuminate\\Pipeline\\Pipeline->Illuminate\\Pipeline\\{closure}(Object(Illuminate\\Http\\Request))
#23 D:\\Panya.l\\MyProject\\xampp\\htdocs\\Project\\TPC_New\\frontend\\vendor\\laravel\\framework\\src\\Illuminate\\Pipeline\\Pipeline.php(171): Fideloper\\Proxy\\TrustProxies->handle(Object(Illuminate\\Http\\Request), Object(Closure))
#24 D:\\Panya.l\\MyProject\\xampp\\htdocs\\Project\\TPC_New\\frontend\\vendor\\laravel\\framework\\src\\Illuminate\\Pipeline\\Pipeline.php(105): Illuminate\\Pipeline\\Pipeline->Illuminate\\Pipeline\\{closure}(Object(Illuminate\\Http\\Request))
#25 D:\\Panya.l\\MyProject\\xampp\\htdocs\\Project\\TPC_New\\frontend\\vendor\\laravel\\framework\\src\\Illuminate\\Foundation\\Http\\Kernel.php(145): Illuminate\\Pipeline\\Pipeline->then(Object(Closure))
#26 D:\\Panya.l\\MyProject\\xampp\\htdocs\\Project\\TPC_New\\frontend\\vendor\\laravel\\framework\\src\\Illuminate\\Foundation\\Http\\Kernel.php(110): Illuminate\\Foundation\\Http\\Kernel->sendRequestThroughRouter(Object(Illuminate\\Http\\Request))
#27 D:\\Panya.l\\MyProject\\xampp\\htdocs\\Project\\TPC_New\\frontend\\public\\index.php(55): Illuminate\\Foundation\\Http\\Kernel->handle(Object(Illuminate\\Http\\Request))
#28 D:\\Panya.l\\MyProject\\xampp\\htdocs\\Project\\TPC_New\\frontend\\server.php(21): require_once('D:\\\\Panya.l\\\\MyPr...')
#29 {main}

[previous exception] [object] (ReflectionException(code: -1): Class App\\Http\\Controllers\\cache_clear\\cacheClearController does not exist at D:\\Panya.l\\MyProject\\xampp\\htdocs\\Project\\TPC_New\\frontend\\vendor\\laravel\\framework\\src\\Illuminate\\Container\\Container.php:803)
[stacktrace]
#0 D:\\Panya.l\\MyProject\\xampp\\htdocs\\Project\\TPC_New\\frontend\\vendor\\laravel\\framework\\src\\Illuminate\\Container\\Container.php(803): ReflectionClass->__construct('App\\\\Http\\\\Contro...')
#1 D:\\Panya.l\\MyProject\\xampp\\htdocs\\Project\\TPC_New\\frontend\\vendor\\laravel\\framework\\src\\Illuminate\\Container\\Container.php(681): Illuminate\\Container\\Container->build('App\\\\Http\\\\Contro...')
#2 D:\\Panya.l\\MyProject\\xampp\\htdocs\\Project\\TPC_New\\frontend\\vendor\\laravel\\framework\\src\\Illuminate\\Foundation\\Application.php(785): Illuminate\\Container\\Container->resolve('App\\\\Http\\\\Contro...', Array, true)
#3 D:\\Panya.l\\MyProject\\xampp\\htdocs\\Project\\TPC_New\\frontend\\vendor\\laravel\\framework\\src\\Illuminate\\Container\\Container.php(629): Illuminate\\Foundation\\Application->resolve('App\\\\Http\\\\Contro...', Array)
#4 D:\\Panya.l\\MyProject\\xampp\\htdocs\\Project\\TPC_New\\frontend\\vendor\\laravel\\framework\\src\\Illuminate\\Foundation\\Application.php(770): Illuminate\\Container\\Container->make('App\\\\Http\\\\Contro...', Array)
#5 D:\\Panya.l\\MyProject\\xampp\\htdocs\\Project\\TPC_New\\frontend\\vendor\\laravel\\framework\\src\\Illuminate\\Routing\\Route.php(233): Illuminate\\Foundation\\Application->make('App\\\\Http\\\\Contro...')
#6 D:\\Panya.l\\MyProject\\xampp\\htdocs\\Project\\TPC_New\\frontend\\vendor\\laravel\\framework\\src\\Illuminate\\Routing\\Route.php(833): Illuminate\\Routing\\Route->getController()
#7 D:\\Panya.l\\MyProject\\xampp\\htdocs\\Project\\TPC_New\\frontend\\vendor\\laravel\\framework\\src\\Illuminate\\Routing\\Route.php(794): Illuminate\\Routing\\Route->controllerMiddleware()
#8 D:\\Panya.l\\MyProject\\xampp\\htdocs\\Project\\TPC_New\\frontend\\vendor\\laravel\\framework\\src\\Illuminate\\Routing\\Router.php(694): Illuminate\\Routing\\Route->gatherMiddleware()
#9 D:\\Panya.l\\MyProject\\xampp\\htdocs\\Project\\TPC_New\\frontend\\vendor\\laravel\\framework\\src\\Illuminate\\Routing\\Router.php(674): Illuminate\\Routing\\Router->gatherRouteMiddleware(Object(Illuminate\\Routing\\Route))
#10 D:\\Panya.l\\MyProject\\xampp\\htdocs\\Project\\TPC_New\\frontend\\vendor\\laravel\\framework\\src\\Illuminate\\Routing\\Router.php(658): Illuminate\\Routing\\Router->runRouteWithinStack(Object(Illuminate\\Routing\\Route), Object(Illuminate\\Http\\Request))
#11 D:\\Panya.l\\MyProject\\xampp\\htdocs\\Project\\TPC_New\\frontend\\vendor\\laravel\\framework\\src\\Illuminate\\Routing\\Router.php(624): Illuminate\\Routing\\Router->runRoute(Object(Illuminate\\Http\\Request), Object(Illuminate\\Routing\\Route))
#12 D:\\Panya.l\\MyProject\\xampp\\htdocs\\Project\\TPC_New\\frontend\\vendor\\laravel\\framework\\src\\Illuminate\\Routing\\Router.php(613): Illuminate\\Routing\\Router->dispatchToRoute(Object(Illuminate\\Http\\Request))
#13 D:\\Panya.l\\MyProject\\xampp\\htdocs\\Project\\TPC_New\\frontend\\vendor\\laravel\\framework\\src\\Illuminate\\Foundation\\Http\\Kernel.php(170): Illuminate\\Routing\\Router->dispatch(Object(Illuminate\\Http\\Request))
#14 D:\\Panya.l\\MyProject\\xampp\\htdocs\\Project\\TPC_New\\frontend\\vendor\\laravel\\framework\\src\\Illuminate\\Pipeline\\Pipeline.php(130): Illuminate\\Foundation\\Http\\Kernel->Illuminate\\Foundation\\Http\\{closure}(Object(Illuminate\\Http\\Request))
#15 D:\\Panya.l\\MyProject\\xampp\\htdocs\\Project\\TPC_New\\frontend\\vendor\\laravel\\framework\\src\\Illuminate\\Foundation\\Http\\Middleware\\TransformsRequest.php(21): Illuminate\\Pipeline\\Pipeline->Illuminate\\Pipeline\\{closure}(Object(Illuminate\\Http\\Request))
#16 D:\\Panya.l\\MyProject\\xampp\\htdocs\\Project\\TPC_New\\frontend\\vendor\\laravel\\framework\\src\\Illuminate\\Pipeline\\Pipeline.php(171): Illuminate\\Foundation\\Http\\Middleware\\TransformsRequest->handle(Object(Illuminate\\Http\\Request), Object(Closure))
#17 D:\\Panya.l\\MyProject\\xampp\\htdocs\\Project\\TPC_New\\frontend\\vendor\\laravel\\framework\\src\\Illuminate\\Foundation\\Http\\Middleware\\TransformsRequest.php(21): Illuminate\\Pipeline\\Pipeline->Illuminate\\Pipeline\\{closure}(Object(Illuminate\\Http\\Request))
#18 D:\\Panya.l\\MyProject\\xampp\\htdocs\\Project\\TPC_New\\frontend\\vendor\\laravel\\framework\\src\\Illuminate\\Pipeline\\Pipeline.php(171): Illuminate\\Foundation\\Http\\Middleware\\TransformsRequest->handle(Object(Illuminate\\Http\\Request), Object(Closure))
#19 D:\\Panya.l\\MyProject\\xampp\\htdocs\\Project\\TPC_New\\frontend\\vendor\\laravel\\framework\\src\\Illuminate\\Foundation\\Http\\Middleware\\ValidatePostSize.php(27): Illuminate\\Pipeline\\Pipeline->Illuminate\\Pipeline\\{closure}(Object(Illuminate\\Http\\Request))
#20 D:\\Panya.l\\MyProject\\xampp\\htdocs\\Project\\TPC_New\\frontend\\vendor\\laravel\\framework\\src\\Illuminate\\Pipeline\\Pipeline.php(171): Illuminate\\Foundation\\Http\\Middleware\\ValidatePostSize->handle(Object(Illuminate\\Http\\Request), Object(Closure))
#21 D:\\Panya.l\\MyProject\\xampp\\htdocs\\Project\\TPC_New\\frontend\\vendor\\laravel\\framework\\src\\Illuminate\\Foundation\\Http\\Middleware\\CheckForMaintenanceMode.php(63): Illuminate\\Pipeline\\Pipeline->Illuminate\\Pipeline\\{closure}(Object(Illuminate\\Http\\Request))
#22 D:\\Panya.l\\MyProject\\xampp\\htdocs\\Project\\TPC_New\\frontend\\vendor\\laravel\\framework\\src\\Illuminate\\Pipeline\\Pipeline.php(171): Illuminate\\Foundation\\Http\\Middleware\\CheckForMaintenanceMode->handle(Object(Illuminate\\Http\\Request), Object(Closure))
#23 D:\\Panya.l\\MyProject\\xampp\\htdocs\\Project\\TPC_New\\frontend\\vendor\\fideloper\\proxy\\src\\TrustProxies.php(57): Illuminate\\Pipeline\\Pipeline->Illuminate\\Pipeline\\{closure}(Object(Illuminate\\Http\\Request))
#24 D:\\Panya.l\\MyProject\\xampp\\htdocs\\Project\\TPC_New\\frontend\\vendor\\laravel\\framework\\src\\Illuminate\\Pipeline\\Pipeline.php(171): Fideloper\\Proxy\\TrustProxies->handle(Object(Illuminate\\Http\\Request), Object(Closure))
#25 D:\\Panya.l\\MyProject\\xampp\\htdocs\\Project\\TPC_New\\frontend\\vendor\\laravel\\framework\\src\\Illuminate\\Pipeline\\Pipeline.php(105): Illuminate\\Pipeline\\Pipeline->Illuminate\\Pipeline\\{closure}(Object(Illuminate\\Http\\Request))
#26 D:\\Panya.l\\MyProject\\xampp\\htdocs\\Project\\TPC_New\\frontend\\vendor\\laravel\\framework\\src\\Illuminate\\Foundation\\Http\\Kernel.php(145): Illuminate\\Pipeline\\Pipeline->then(Object(Closure))
#27 D:\\Panya.l\\MyProject\\xampp\\htdocs\\Project\\TPC_New\\frontend\\vendor\\laravel\\framework\\src\\Illuminate\\Foundation\\Http\\Kernel.php(110): Illuminate\\Foundation\\Http\\Kernel->sendRequestThroughRouter(Object(Illuminate\\Http\\Request))
#28 D:\\Panya.l\\MyProject\\xampp\\htdocs\\Project\\TPC_New\\frontend\\public\\index.php(55): Illuminate\\Foundation\\Http\\Kernel->handle(Object(Illuminate\\Http\\Request))
#29 D:\\Panya.l\\MyProject\\xampp\\htdocs\\Project\\TPC_New\\frontend\\server.php(21): require_once('D:\\\\Panya.l\\\\MyPr...')
#30 {main}
"} 
