[2022-07-16 01:48:38] local.DEBUG: error exception | AgentController -> get()  
[2022-07-16 01:48:38] local.DEBUG: user agent : Mozilla/5.0 (Windows NT 6.1) AppleWebKit/537.36 (KHTML, like Gecko) Chrome/103.0.0.0 Safari/537.36  
[2022-07-16 01:48:38] local.DEBUG: -> error string  
[2022-07-16 01:48:38] local.DEBUG: SQLSTATE[HY000] [2002] No connection could be made because the target machine actively refused it.
 (SQL: select * from `platform`)  
[2022-07-16 01:48:38] local.DEBUG: -> end  
[2022-07-16 01:49:03] local.DEBUG: error exception | AgentController -> get()  
[2022-07-16 01:49:03] local.DEBUG: user agent : Mozilla/5.0 (Windows NT 6.1) AppleWebKit/537.36 (KHTML, like Gecko) Chrome/103.0.0.0 Safari/537.36  
[2022-07-16 01:49:03] local.DEBUG: -> error string  
[2022-07-16 01:49:03] local.DEBUG: SQLSTATE[HY000] [2002] No connection could be made because the target machine actively refused it.
 (SQL: select * from `platform`)  
[2022-07-16 01:49:03] local.DEBUG: -> end  
[2022-07-16 01:49:07] local.DEBUG: error exception | AgentController -> get()  
[2022-07-16 01:49:07] local.DEBUG: user agent : Mozilla/5.0 (Windows NT 6.1) AppleWebKit/537.36 (KHTML, like Gecko) Chrome/103.0.0.0 Safari/537.36  
[2022-07-16 01:49:07] local.DEBUG: -> error string  
[2022-07-16 01:49:07] local.DEBUG: SQLSTATE[HY000] [2002] No connection could be made because the target machine actively refused it.
 (SQL: select * from `platform`)  
[2022-07-16 01:49:07] local.DEBUG: -> end  
[2022-07-16 01:49:29] local.DEBUG: error exception | AgentController -> get()  
[2022-07-16 01:49:29] local.DEBUG: user agent : Mozilla/5.0 (Windows NT 6.1) AppleWebKit/537.36 (KHTML, like Gecko) Chrome/103.0.0.0 Safari/537.36  
[2022-07-16 01:49:29] local.DEBUG: -> error string  
[2022-07-16 01:49:29] local.DEBUG: SQLSTATE[HY000] [2002] No connection could be made because the target machine actively refused it.
 (SQL: select * from `platform`)  
[2022-07-16 01:49:29] local.DEBUG: -> end  
[2022-07-16 01:49:33] local.DEBUG: error exception | AgentController -> get()  
[2022-07-16 01:49:33] local.DEBUG: user agent : Mozilla/5.0 (Windows NT 6.1) AppleWebKit/537.36 (KHTML, like Gecko) Chrome/103.0.0.0 Safari/537.36  
[2022-07-16 01:49:33] local.DEBUG: -> error string  
[2022-07-16 01:49:33] local.DEBUG: SQLSTATE[HY000] [2002] No connection could be made because the target machine actively refused it.
 (SQL: select * from `platform`)  
[2022-07-16 01:49:33] local.DEBUG: -> end  
[2022-07-16 01:50:22] local.DEBUG: error exception | AgentController -> get()  
[2022-07-16 01:50:22] local.DEBUG: user agent : Mozilla/5.0 (Windows NT 6.1) AppleWebKit/537.36 (KHTML, like Gecko) Chrome/103.0.0.0 Safari/537.36  
[2022-07-16 01:50:22] local.DEBUG: -> error string  
[2022-07-16 01:50:22] local.DEBUG: SQLSTATE[HY000] [2002] No connection could be made because the target machine actively refused it.
 (SQL: select * from `platform`)  
[2022-07-16 01:50:22] local.DEBUG: -> end  
[2022-07-16 01:51:16] local.DEBUG: error exception | AgentController -> get()  
[2022-07-16 01:51:16] local.DEBUG: user agent : Mozilla/5.0 (Windows NT 6.1) AppleWebKit/537.36 (KHTML, like Gecko) Chrome/103.0.0.0 Safari/537.36  
[2022-07-16 01:51:16] local.DEBUG: -> error string  
[2022-07-16 01:51:16] local.DEBUG: SQLSTATE[HY000] [2002] No connection could be made because the target machine actively refused it.
 (SQL: select * from `platform`)  
[2022-07-16 01:51:16] local.DEBUG: -> end  
[2022-07-16 01:51:18] local.DEBUG: error exception | AgentController -> get()  
[2022-07-16 01:51:18] local.DEBUG: user agent : Mozilla/5.0 (Windows NT 6.1) AppleWebKit/537.36 (KHTML, like Gecko) Chrome/103.0.0.0 Safari/537.36  
[2022-07-16 01:51:18] local.DEBUG: -> error string  
[2022-07-16 01:51:18] local.DEBUG: SQLSTATE[HY000] [2002] No connection could be made because the target machine actively refused it.
 (SQL: select * from `platform`)  
[2022-07-16 01:51:18] local.DEBUG: -> end  
[2022-07-16 01:51:20] local.DEBUG: error exception | AgentController -> get()  
[2022-07-16 01:51:20] local.DEBUG: user agent : Mozilla/5.0 (Windows NT 6.1) AppleWebKit/537.36 (KHTML, like Gecko) Chrome/103.0.0.0 Safari/537.36  
[2022-07-16 01:51:20] local.DEBUG: -> error string  
[2022-07-16 01:51:20] local.DEBUG: SQLSTATE[HY000] [2002] No connection could be made because the target machine actively refused it.
 (SQL: select * from `platform`)  
[2022-07-16 01:51:20] local.DEBUG: -> end  
[2022-07-16 01:51:22] local.DEBUG: error exception | AgentController -> get()  
[2022-07-16 01:51:22] local.DEBUG: user agent : Mozilla/5.0 (Windows NT 6.1) AppleWebKit/537.36 (KHTML, like Gecko) Chrome/103.0.0.0 Safari/537.36  
[2022-07-16 01:51:22] local.DEBUG: -> error string  
[2022-07-16 01:51:22] local.DEBUG: SQLSTATE[HY000] [2002] No connection could be made because the target machine actively refused it.
 (SQL: select * from `platform`)  
[2022-07-16 01:51:22] local.DEBUG: -> end  
[2022-07-16 01:51:24] local.DEBUG: error exception | AgentController -> get()  
[2022-07-16 01:51:24] local.DEBUG: user agent : Mozilla/5.0 (Windows NT 6.1) AppleWebKit/537.36 (KHTML, like Gecko) Chrome/103.0.0.0 Safari/537.36  
[2022-07-16 01:51:24] local.DEBUG: -> error string  
[2022-07-16 01:51:24] local.DEBUG: SQLSTATE[HY000] [2002] No connection could be made because the target machine actively refused it.
 (SQL: select * from `platform`)  
[2022-07-16 01:51:24] local.DEBUG: -> end  
[2022-07-16 01:51:26] local.DEBUG: error exception | AgentController -> get()  
[2022-07-16 01:51:26] local.DEBUG: user agent : Mozilla/5.0 (Windows NT 6.1) AppleWebKit/537.36 (KHTML, like Gecko) Chrome/103.0.0.0 Safari/537.36  
[2022-07-16 01:51:26] local.DEBUG: -> error string  
[2022-07-16 01:51:26] local.DEBUG: SQLSTATE[HY000] [2002] No connection could be made because the target machine actively refused it.
 (SQL: select * from `platform`)  
[2022-07-16 01:51:26] local.DEBUG: -> end  
[2022-07-16 02:03:44] local.DEBUG: error exception | AgentController -> get()  
[2022-07-16 02:03:44] local.DEBUG: user agent : Mozilla/5.0 (Windows NT 6.1) AppleWebKit/537.36 (KHTML, like Gecko) Chrome/103.0.0.0 Safari/537.36  
[2022-07-16 02:03:44] local.DEBUG: -> error string  
[2022-07-16 02:03:44] local.DEBUG: SQLSTATE[HY000] [2002] No connection could be made because the target machine actively refused it.
 (SQL: select * from `platform`)  
[2022-07-16 02:03:44] local.DEBUG: -> end  
[2022-07-16 02:13:19] local.DEBUG: error exception | AgentController -> get()  
[2022-07-16 02:13:19] local.DEBUG: user agent : Mozilla/5.0 (Windows NT 6.1) AppleWebKit/537.36 (KHTML, like Gecko) Chrome/103.0.0.0 Safari/537.36  
[2022-07-16 02:13:19] local.DEBUG: -> error string  
[2022-07-16 02:13:19] local.DEBUG: SQLSTATE[HY000] [1044] Access denied for user 'tpc'@'localhost' to database 'master_agent' (SQL: select * from `platform`)  
[2022-07-16 02:13:19] local.DEBUG: -> end  
[2022-07-16 02:13:26] local.DEBUG: error exception | AgentController -> get()  
[2022-07-16 02:13:26] local.DEBUG: user agent : Mozilla/5.0 (Windows NT 6.1) AppleWebKit/537.36 (KHTML, like Gecko) Chrome/103.0.0.0 Safari/537.36  
[2022-07-16 02:13:26] local.DEBUG: -> error string  
[2022-07-16 02:13:26] local.DEBUG: SQLSTATE[HY000] [1044] Access denied for user 'tpc'@'localhost' to database 'master_agent' (SQL: select * from `platform`)  
[2022-07-16 02:13:26] local.DEBUG: -> end  
[2022-07-16 02:14:10] local.DEBUG: error exception | AgentController -> get()  
[2022-07-16 02:14:10] local.DEBUG: user agent : Mozilla/5.0 (Windows NT 6.1) AppleWebKit/537.36 (KHTML, like Gecko) Chrome/103.0.0.0 Safari/537.36  
[2022-07-16 02:14:10] local.DEBUG: -> error string  
[2022-07-16 02:14:10] local.DEBUG: SQLSTATE[HY000] [1044] Access denied for user 'tpc'@'localhost' to database 'master_agent' (SQL: select * from `platform`)  
[2022-07-16 02:14:10] local.DEBUG: -> end  
[2022-07-16 02:14:16] local.DEBUG: error exception | AgentController -> get()  
[2022-07-16 02:14:16] local.DEBUG: user agent : Mozilla/5.0 (Windows NT 6.1) AppleWebKit/537.36 (KHTML, like Gecko) Chrome/103.0.0.0 Safari/537.36  
[2022-07-16 02:14:16] local.DEBUG: -> error string  
[2022-07-16 02:14:16] local.DEBUG: SQLSTATE[HY000] [1044] Access denied for user 'tpc'@'localhost' to database 'master_agent' (SQL: select * from `platform`)  
[2022-07-16 02:14:16] local.DEBUG: -> end  
[2022-07-16 02:15:50] local.DEBUG: error exception | AgentController -> get()  
[2022-07-16 02:15:50] local.DEBUG: user agent : Mozilla/5.0 (Windows NT 6.1) AppleWebKit/537.36 (KHTML, like Gecko) Chrome/103.0.0.0 Safari/537.36  
[2022-07-16 02:15:50] local.DEBUG: -> error string  
[2022-07-16 02:15:50] local.DEBUG: SQLSTATE[HY000] [1044] Access denied for user 'tpc'@'localhost' to database 'master_agent' (SQL: select * from `platform`)  
[2022-07-16 02:15:50] local.DEBUG: -> end  
[2022-07-16 02:15:55] local.DEBUG: error exception | AgentController -> get()  
[2022-07-16 02:15:55] local.DEBUG: user agent : Mozilla/5.0 (Windows NT 6.1) AppleWebKit/537.36 (KHTML, like Gecko) Chrome/103.0.0.0 Safari/537.36  
[2022-07-16 02:15:55] local.DEBUG: -> error string  
[2022-07-16 02:15:55] local.DEBUG: SQLSTATE[HY000] [1044] Access denied for user 'tpc'@'localhost' to database 'master_agent' (SQL: select * from `platform`)  
[2022-07-16 02:15:55] local.DEBUG: -> end  
[2022-07-16 02:17:27] local.DEBUG: error exception | AgentController -> get()  
[2022-07-16 02:17:27] local.DEBUG: user agent : Mozilla/5.0 (Windows NT 6.1) AppleWebKit/537.36 (KHTML, like Gecko) Chrome/103.0.0.0 Safari/537.36  
[2022-07-16 02:17:27] local.DEBUG: -> error string  
[2022-07-16 02:17:27] local.DEBUG: SQLSTATE[HY000] [1044] Access denied for user 'tpc'@'localhost' to database 'master_agent' (SQL: select * from `platform`)  
[2022-07-16 02:17:27] local.DEBUG: -> end  
[2022-07-16 02:17:33] local.DEBUG: error exception | AgentController -> get()  
[2022-07-16 02:17:33] local.DEBUG: user agent : Mozilla/5.0 (Windows NT 6.1) AppleWebKit/537.36 (KHTML, like Gecko) Chrome/103.0.0.0 Safari/537.36  
[2022-07-16 02:17:33] local.DEBUG: -> error string  
[2022-07-16 02:17:33] local.DEBUG: SQLSTATE[HY000] [1044] Access denied for user 'tpc'@'localhost' to database 'master_agent' (SQL: select * from `platform`)  
[2022-07-16 02:17:33] local.DEBUG: -> end  
[2022-07-16 02:17:47] local.DEBUG: error exception | AgentController -> get()  
[2022-07-16 02:17:47] local.DEBUG: user agent : Mozilla/5.0 (Windows NT 6.1) AppleWebKit/537.36 (KHTML, like Gecko) Chrome/103.0.0.0 Safari/537.36  
[2022-07-16 02:17:47] local.DEBUG: -> error string  
[2022-07-16 02:17:47] local.DEBUG: SQLSTATE[HY000] [1044] Access denied for user 'tpc'@'localhost' to database 'master_agent' (SQL: select * from `platform`)  
[2022-07-16 02:17:47] local.DEBUG: -> end  
[2022-07-16 02:17:58] local.DEBUG: error exception | AgentController -> get()  
[2022-07-16 02:17:58] local.DEBUG: user agent : Mozilla/5.0 (Windows NT 6.1) AppleWebKit/537.36 (KHTML, like Gecko) Chrome/103.0.0.0 Safari/537.36  
[2022-07-16 02:17:58] local.DEBUG: -> error string  
[2022-07-16 02:17:58] local.DEBUG: SQLSTATE[HY000] [1044] Access denied for user 'tpc'@'localhost' to database 'master_agent' (SQL: select * from `platform`)  
[2022-07-16 02:17:58] local.DEBUG: -> end  
[2022-07-16 02:19:23] local.DEBUG: error exception | AgentController -> get()  
[2022-07-16 02:19:23] local.DEBUG: user agent : Mozilla/5.0 (Windows NT 6.1) AppleWebKit/537.36 (KHTML, like Gecko) Chrome/103.0.0.0 Safari/537.36  
[2022-07-16 02:19:23] local.DEBUG: -> error string  
[2022-07-16 02:19:23] local.DEBUG: SQLSTATE[HY000] [1044] Access denied for user 'tpc'@'localhost' to database 'master_agent' (SQL: select * from `platform`)  
[2022-07-16 02:19:23] local.DEBUG: -> end  
[2022-07-16 02:19:29] local.DEBUG: error exception | AgentController -> get()  
[2022-07-16 02:19:29] local.DEBUG: user agent : Mozilla/5.0 (Windows NT 6.1) AppleWebKit/537.36 (KHTML, like Gecko) Chrome/103.0.0.0 Safari/537.36  
[2022-07-16 02:19:29] local.DEBUG: -> error string  
[2022-07-16 02:19:29] local.DEBUG: SQLSTATE[HY000] [1044] Access denied for user 'tpc'@'localhost' to database 'master_agent' (SQL: select * from `platform`)  
[2022-07-16 02:19:29] local.DEBUG: -> end  
[2022-07-16 02:32:46] local.DEBUG: error exception | AgentController -> get()  
[2022-07-16 02:32:46] local.DEBUG: user agent : Mozilla/5.0 (Windows NT 6.1) AppleWebKit/537.36 (KHTML, like Gecko) Chrome/103.0.0.0 Safari/537.36  
[2022-07-16 02:32:46] local.DEBUG: -> error string  
[2022-07-16 02:32:46] local.DEBUG: SQLSTATE[HY000] [1044] Access denied for user 'tpc'@'localhost' to database 'master_agent' (SQL: select * from `platform`)  
[2022-07-16 02:32:46] local.DEBUG: -> end  
[2022-07-16 07:42:36] local.DEBUG: error exception | AgentController -> get()  
[2022-07-16 07:42:37] local.DEBUG: user agent : Mozilla/5.0 (Windows NT 6.1) AppleWebKit/537.36 (KHTML, like Gecko) Chrome/103.0.0.0 Safari/537.36  
[2022-07-16 07:42:37] local.DEBUG: -> error string  
[2022-07-16 07:42:37] local.DEBUG: SQLSTATE[HY000] [1044] Access denied for user 'tpc'@'localhost' to database 'master_agent' (SQL: select * from `platform`)  
[2022-07-16 07:42:37] local.DEBUG: -> end  
[2022-07-16 07:44:42] local.DEBUG: error exception | AgentController -> get()  
[2022-07-16 07:44:42] local.DEBUG: user agent : Mozilla/5.0 (Windows NT 6.1) AppleWebKit/537.36 (KHTML, like Gecko) Chrome/103.0.0.0 Safari/537.36  
[2022-07-16 07:44:42] local.DEBUG: -> error string  
[2022-07-16 07:44:42] local.DEBUG: SQLSTATE[HY000] [1044] Access denied for user 'tpc'@'localhost' to database 'master_agent' (SQL: select * from `platform`)  
[2022-07-16 07:44:42] local.DEBUG: -> end  
[2022-07-16 07:56:12] local.DEBUG: error exception | AgentController -> get()  
[2022-07-16 07:56:12] local.DEBUG: user agent : Mozilla/5.0 (Windows NT 6.1) AppleWebKit/537.36 (KHTML, like Gecko) Chrome/103.0.0.0 Safari/537.36  
[2022-07-16 07:56:12] local.DEBUG: -> error string  
[2022-07-16 07:56:12] local.DEBUG: SQLSTATE[HY000] [1044] Access denied for user 'tpc'@'localhost' to database 'master_agent' (SQL: select * from `platform`)  
[2022-07-16 07:56:12] local.DEBUG: -> end  
[2022-07-16 07:59:39] local.DEBUG: error exception | AgentController -> get()  
[2022-07-16 07:59:39] local.DEBUG: user agent : Mozilla/5.0 (Windows NT 6.1) AppleWebKit/537.36 (KHTML, like Gecko) Chrome/103.0.0.0 Safari/537.36  
[2022-07-16 07:59:39] local.DEBUG: -> error string  
[2022-07-16 07:59:39] local.DEBUG: SQLSTATE[HY000] [1044] Access denied for user 'tpc'@'localhost' to database 'master_agent' (SQL: select * from `platform`)  
[2022-07-16 07:59:39] local.DEBUG: -> end  
[2022-07-16 08:00:36] local.DEBUG: error exception | AgentController -> get()  
[2022-07-16 08:00:36] local.DEBUG: user agent : Mozilla/5.0 (Linux; Android 4.1.1; X909 Build/JRO03L) AppleWebKit/537.36 (KHTML, like Gecko) Chrome/30.0.1599.92 Mobile Safari/537.36  
[2022-07-16 08:00:36] local.DEBUG: -> error string  
[2022-07-16 08:00:36] local.DEBUG: SQLSTATE[HY000] [1044] Access denied for user 'tpc'@'localhost' to database 'master_agent' (SQL: select * from `platform`)  
[2022-07-16 08:00:36] local.DEBUG: -> end  
[2022-07-16 08:00:45] local.DEBUG: error exception | AgentController -> get()  
[2022-07-16 08:00:45] local.DEBUG: user agent : Mozilla/5.0 (Linux; Android 4.1.1; X909 Build/JRO03L) AppleWebKit/537.36 (KHTML, like Gecko) Chrome/30.0.1599.92 Mobile Safari/537.36  
[2022-07-16 08:00:45] local.DEBUG: -> error string  
[2022-07-16 08:00:45] local.DEBUG: SQLSTATE[HY000] [1044] Access denied for user 'tpc'@'localhost' to database 'master_agent' (SQL: select * from `platform`)  
[2022-07-16 08:00:45] local.DEBUG: -> end  
[2022-07-16 08:10:55] local.DEBUG: error exception | AgentController -> get()  
[2022-07-16 08:10:55] local.DEBUG: user agent : Mozilla/5.0 (Windows NT 6.1) AppleWebKit/537.36 (KHTML, like Gecko) Chrome/103.0.0.0 Safari/537.36  
[2022-07-16 08:10:55] local.DEBUG: -> error string  
[2022-07-16 08:10:55] local.DEBUG: SQLSTATE[HY000] [1044] Access denied for user 'tpc'@'localhost' to database 'master_agent' (SQL: select * from `platform`)  
[2022-07-16 08:10:55] local.DEBUG: -> end  
[2022-07-16 08:11:17] local.DEBUG: error exception | AgentController -> get()  
[2022-07-16 08:11:17] local.DEBUG: user agent : Mozilla/5.0 (Linux; Android 4.1.1; X909 Build/JRO03L) AppleWebKit/537.36 (KHTML, like Gecko) Chrome/30.0.1599.92 Mobile Safari/537.36  
[2022-07-16 08:11:17] local.DEBUG: -> error string  
[2022-07-16 08:11:17] local.DEBUG: SQLSTATE[HY000] [1044] Access denied for user 'tpc'@'localhost' to database 'master_agent' (SQL: select * from `platform`)  
[2022-07-16 08:11:17] local.DEBUG: -> end  
[2022-07-16 08:11:19] local.DEBUG: error exception | AgentController -> get()  
[2022-07-16 08:11:19] local.DEBUG: user agent : Mozilla/5.0 (Linux; Android 4.1.1; X909 Build/JRO03L) AppleWebKit/537.36 (KHTML, like Gecko) Chrome/30.0.1599.92 Mobile Safari/537.36  
[2022-07-16 08:11:19] local.DEBUG: -> error string  
[2022-07-16 08:11:19] local.DEBUG: SQLSTATE[HY000] [1044] Access denied for user 'tpc'@'localhost' to database 'master_agent' (SQL: select * from `platform`)  
[2022-07-16 08:11:19] local.DEBUG: -> end  
[2022-07-16 08:11:20] local.DEBUG: error exception | AgentController -> get()  
[2022-07-16 08:11:20] local.DEBUG: user agent : Mozilla/5.0 (Linux; Android 4.1.1; X909 Build/JRO03L) AppleWebKit/537.36 (KHTML, like Gecko) Chrome/30.0.1599.92 Mobile Safari/537.36  
[2022-07-16 08:11:20] local.DEBUG: -> error string  
[2022-07-16 08:11:20] local.DEBUG: SQLSTATE[HY000] [1044] Access denied for user 'tpc'@'localhost' to database 'master_agent' (SQL: select * from `platform`)  
[2022-07-16 08:11:20] local.DEBUG: -> end  
[2022-07-16 08:11:20] local.DEBUG: error exception | AgentController -> get()  
[2022-07-16 08:11:20] local.DEBUG: user agent : Mozilla/5.0 (Linux; Android 4.1.1; X909 Build/JRO03L) AppleWebKit/537.36 (KHTML, like Gecko) Chrome/30.0.1599.92 Mobile Safari/537.36  
[2022-07-16 08:11:20] local.DEBUG: -> error string  
[2022-07-16 08:11:20] local.DEBUG: SQLSTATE[HY000] [1044] Access denied for user 'tpc'@'localhost' to database 'master_agent' (SQL: select * from `platform`)  
[2022-07-16 08:11:20] local.DEBUG: -> end  
[2022-07-16 08:11:20] local.DEBUG: error exception | AgentController -> get()  
[2022-07-16 08:11:20] local.DEBUG: user agent : Mozilla/5.0 (Linux; Android 4.1.1; X909 Build/JRO03L) AppleWebKit/537.36 (KHTML, like Gecko) Chrome/30.0.1599.92 Mobile Safari/537.36  
[2022-07-16 08:11:20] local.DEBUG: -> error string  
[2022-07-16 08:11:20] local.DEBUG: SQLSTATE[HY000] [1044] Access denied for user 'tpc'@'localhost' to database 'master_agent' (SQL: select * from `platform`)  
[2022-07-16 08:11:20] local.DEBUG: -> end  
[2022-07-16 08:11:21] local.DEBUG: error exception | AgentController -> get()  
[2022-07-16 08:11:21] local.DEBUG: user agent : Mozilla/5.0 (Linux; Android 4.1.1; X909 Build/JRO03L) AppleWebKit/537.36 (KHTML, like Gecko) Chrome/30.0.1599.92 Mobile Safari/537.36  
[2022-07-16 08:11:21] local.DEBUG: -> error string  
[2022-07-16 08:11:21] local.DEBUG: SQLSTATE[HY000] [1044] Access denied for user 'tpc'@'localhost' to database 'master_agent' (SQL: select * from `platform`)  
[2022-07-16 08:11:21] local.DEBUG: -> end  
[2022-07-16 08:11:21] local.DEBUG: error exception | AgentController -> get()  
[2022-07-16 08:11:21] local.DEBUG: user agent : Mozilla/5.0 (Linux; Android 4.1.1; X909 Build/JRO03L) AppleWebKit/537.36 (KHTML, like Gecko) Chrome/30.0.1599.92 Mobile Safari/537.36  
[2022-07-16 08:11:21] local.DEBUG: -> error string  
[2022-07-16 08:11:21] local.DEBUG: SQLSTATE[HY000] [1044] Access denied for user 'tpc'@'localhost' to database 'master_agent' (SQL: select * from `platform`)  
[2022-07-16 08:11:21] local.DEBUG: -> end  
[2022-07-16 08:11:55] local.DEBUG: error exception | AgentController -> get()  
[2022-07-16 08:11:55] local.DEBUG: user agent : Mozilla/5.0 (Linux; Android 4.1.1; X909 Build/JRO03L) AppleWebKit/537.36 (KHTML, like Gecko) Chrome/30.0.1599.92 Mobile Safari/537.36  
[2022-07-16 08:11:55] local.DEBUG: -> error string  
[2022-07-16 08:11:55] local.DEBUG: SQLSTATE[HY000] [1044] Access denied for user 'tpc'@'localhost' to database 'master_agent' (SQL: select * from `platform`)  
[2022-07-16 08:11:55] local.DEBUG: -> end  
[2022-07-16 08:11:56] local.DEBUG: error exception | AgentController -> get()  
[2022-07-16 08:11:56] local.DEBUG: user agent : Mozilla/5.0 (Linux; Android 4.1.1; X909 Build/JRO03L) AppleWebKit/537.36 (KHTML, like Gecko) Chrome/30.0.1599.92 Mobile Safari/537.36  
[2022-07-16 08:11:56] local.DEBUG: -> error string  
[2022-07-16 08:11:56] local.DEBUG: SQLSTATE[HY000] [1044] Access denied for user 'tpc'@'localhost' to database 'master_agent' (SQL: select * from `platform`)  
[2022-07-16 08:11:56] local.DEBUG: -> end  
[2022-07-16 08:11:56] local.DEBUG: error exception | AgentController -> get()  
[2022-07-16 08:11:56] local.DEBUG: user agent : Mozilla/5.0 (Linux; Android 4.1.1; X909 Build/JRO03L) AppleWebKit/537.36 (KHTML, like Gecko) Chrome/30.0.1599.92 Mobile Safari/537.36  
[2022-07-16 08:11:56] local.DEBUG: -> error string  
[2022-07-16 08:11:56] local.DEBUG: SQLSTATE[HY000] [1044] Access denied for user 'tpc'@'localhost' to database 'master_agent' (SQL: select * from `platform`)  
[2022-07-16 08:11:56] local.DEBUG: -> end  
[2022-07-16 08:11:57] local.DEBUG: error exception | AgentController -> get()  
[2022-07-16 08:11:57] local.DEBUG: user agent : Mozilla/5.0 (Linux; Android 4.1.1; X909 Build/JRO03L) AppleWebKit/537.36 (KHTML, like Gecko) Chrome/30.0.1599.92 Mobile Safari/537.36  
[2022-07-16 08:11:57] local.DEBUG: -> error string  
[2022-07-16 08:11:57] local.DEBUG: SQLSTATE[HY000] [1044] Access denied for user 'tpc'@'localhost' to database 'master_agent' (SQL: select * from `platform`)  
[2022-07-16 08:11:57] local.DEBUG: -> end  
[2022-07-16 08:11:57] local.DEBUG: error exception | AgentController -> get()  
[2022-07-16 08:11:57] local.DEBUG: user agent : Mozilla/5.0 (Linux; Android 4.1.1; X909 Build/JRO03L) AppleWebKit/537.36 (KHTML, like Gecko) Chrome/30.0.1599.92 Mobile Safari/537.36  
[2022-07-16 08:11:57] local.DEBUG: -> error string  
[2022-07-16 08:11:57] local.DEBUG: SQLSTATE[HY000] [1044] Access denied for user 'tpc'@'localhost' to database 'master_agent' (SQL: select * from `platform`)  
[2022-07-16 08:11:57] local.DEBUG: -> end  
[2022-07-16 08:11:58] local.DEBUG: error exception | AgentController -> get()  
[2022-07-16 08:11:58] local.DEBUG: user agent : Mozilla/5.0 (Linux; Android 4.1.1; X909 Build/JRO03L) AppleWebKit/537.36 (KHTML, like Gecko) Chrome/30.0.1599.92 Mobile Safari/537.36  
[2022-07-16 08:11:58] local.DEBUG: -> error string  
[2022-07-16 08:11:58] local.DEBUG: SQLSTATE[HY000] [1044] Access denied for user 'tpc'@'localhost' to database 'master_agent' (SQL: select * from `platform`)  
[2022-07-16 08:11:58] local.DEBUG: -> end  
[2022-07-16 08:11:58] local.DEBUG: error exception | AgentController -> get()  
[2022-07-16 08:11:58] local.DEBUG: user agent : Mozilla/5.0 (Linux; Android 4.1.1; X909 Build/JRO03L) AppleWebKit/537.36 (KHTML, like Gecko) Chrome/30.0.1599.92 Mobile Safari/537.36  
[2022-07-16 08:11:58] local.DEBUG: -> error string  
[2022-07-16 08:11:58] local.DEBUG: SQLSTATE[HY000] [1044] Access denied for user 'tpc'@'localhost' to database 'master_agent' (SQL: select * from `platform`)  
[2022-07-16 08:11:58] local.DEBUG: -> end  
