[2022-07-01 01:38:00] local.DEBUG: error exception | AgentController -> get()  
[2022-07-01 01:38:00] local.DEBUG: user agent : Mozilla/5.0 (Windows NT 6.1) AppleWebKit/537.36 (KHTML, like Gecko) Chrome/103.0.0.0 Safari/537.36  
[2022-07-01 01:38:00] local.DEBUG: -> error string  
[2022-07-01 01:38:00] local.DEBUG: SQLSTATE[HY000] [1044] Access denied for user 'tpc'@'localhost' to database 'master_agent' (SQL: select * from `platform`)  
[2022-07-01 01:38:00] local.DEBUG: -> end  
[2022-07-01 01:38:04] local.DEBUG: error exception | AgentController -> get()  
[2022-07-01 01:38:04] local.DEBUG: user agent : Mozilla/5.0 (Windows NT 6.1) AppleWebKit/537.36 (KHTML, like Gecko) Chrome/103.0.0.0 Safari/537.36  
[2022-07-01 01:38:05] local.DEBUG: -> error string  
[2022-07-01 01:38:05] local.DEBUG: SQLSTATE[HY000] [1044] Access denied for user 'tpc'@'localhost' to database 'master_agent' (SQL: select * from `platform`)  
[2022-07-01 01:38:05] local.DEBUG: -> end  
[2022-07-01 01:38:39] local.DEBUG: error exception | AgentController -> get()  
[2022-07-01 01:38:39] local.DEBUG: user agent : Mozilla/5.0 (Windows NT 6.1) AppleWebKit/537.36 (KHTML, like Gecko) Chrome/103.0.0.0 Safari/537.36  
[2022-07-01 01:38:39] local.DEBUG: -> error string  
[2022-07-01 01:38:39] local.DEBUG: SQLSTATE[HY000] [1044] Access denied for user 'tpc'@'localhost' to database 'master_agent' (SQL: select * from `platform`)  
[2022-07-01 01:38:39] local.DEBUG: -> end  
[2022-07-01 01:38:49] local.DEBUG: error exception | AgentController -> get()  
[2022-07-01 01:38:49] local.DEBUG: user agent : Mozilla/5.0 (Windows NT 6.1) AppleWebKit/537.36 (KHTML, like Gecko) Chrome/103.0.0.0 Safari/537.36  
[2022-07-01 01:38:49] local.DEBUG: -> error string  
[2022-07-01 01:38:49] local.DEBUG: SQLSTATE[HY000] [1044] Access denied for user 'tpc'@'localhost' to database 'master_agent' (SQL: select * from `platform`)  
[2022-07-01 01:38:49] local.DEBUG: -> end  
[2022-07-01 01:54:09] local.DEBUG: error exception | AgentController -> get()  
[2022-07-01 01:54:09] local.DEBUG: user agent : Mozilla/5.0 (Windows NT 6.1) AppleWebKit/537.36 (KHTML, like Gecko) Chrome/103.0.0.0 Safari/537.36  
[2022-07-01 01:54:09] local.DEBUG: -> error string  
[2022-07-01 01:54:09] local.DEBUG: SQLSTATE[HY000] [1044] Access denied for user 'tpc'@'localhost' to database 'master_agent' (SQL: select * from `platform`)  
[2022-07-01 01:54:09] local.DEBUG: -> end  
[2022-07-01 01:54:13] local.DEBUG: error exception | AgentController -> get()  
[2022-07-01 01:54:13] local.DEBUG: user agent : Mozilla/5.0 (Windows NT 6.1) AppleWebKit/537.36 (KHTML, like Gecko) Chrome/103.0.0.0 Safari/537.36  
[2022-07-01 01:54:13] local.DEBUG: -> error string  
[2022-07-01 01:54:13] local.DEBUG: SQLSTATE[HY000] [1044] Access denied for user 'tpc'@'localhost' to database 'master_agent' (SQL: select * from `platform`)  
[2022-07-01 01:54:13] local.DEBUG: -> end  
[2022-07-01 01:54:31] local.DEBUG: error exception | AgentController -> get()  
[2022-07-01 01:54:31] local.DEBUG: user agent : Mozilla/5.0 (Windows NT 6.1) AppleWebKit/537.36 (KHTML, like Gecko) Chrome/103.0.0.0 Safari/537.36  
[2022-07-01 01:54:31] local.DEBUG: -> error string  
[2022-07-01 01:54:31] local.DEBUG: SQLSTATE[HY000] [1044] Access denied for user 'tpc'@'localhost' to database 'master_agent' (SQL: select * from `platform`)  
[2022-07-01 01:54:31] local.DEBUG: -> end  
[2022-07-01 01:54:32] local.DEBUG: error exception | AgentController -> get()  
[2022-07-01 01:54:32] local.DEBUG: user agent : Mozilla/5.0 (Windows NT 6.1) AppleWebKit/537.36 (KHTML, like Gecko) Chrome/103.0.0.0 Safari/537.36  
[2022-07-01 01:54:32] local.DEBUG: -> error string  
[2022-07-01 01:54:32] local.DEBUG: SQLSTATE[HY000] [1044] Access denied for user 'tpc'@'localhost' to database 'master_agent' (SQL: select * from `platform`)  
[2022-07-01 01:54:32] local.DEBUG: -> end  
[2022-07-01 01:55:53] local.DEBUG: error exception | AgentController -> get()  
[2022-07-01 01:55:53] local.DEBUG: user agent : Mozilla/5.0 (Windows NT 6.1) AppleWebKit/537.36 (KHTML, like Gecko) Chrome/103.0.0.0 Safari/537.36  
[2022-07-01 01:55:53] local.DEBUG: -> error string  
[2022-07-01 01:55:53] local.DEBUG: SQLSTATE[HY000] [1044] Access denied for user 'tpc'@'localhost' to database 'master_agent' (SQL: select * from `platform`)  
[2022-07-01 01:55:53] local.DEBUG: -> end  
[2022-07-01 01:59:28] local.DEBUG: error exception | AgentController -> get()  
[2022-07-01 01:59:28] local.DEBUG: user agent : Mozilla/5.0 (Windows NT 6.1) AppleWebKit/537.36 (KHTML, like Gecko) Chrome/103.0.0.0 Safari/537.36  
[2022-07-01 01:59:28] local.DEBUG: -> error string  
[2022-07-01 01:59:28] local.DEBUG: SQLSTATE[HY000] [1044] Access denied for user 'tpc'@'localhost' to database 'master_agent' (SQL: select * from `platform`)  
[2022-07-01 01:59:28] local.DEBUG: -> end  
[2022-07-01 01:59:50] local.DEBUG: error exception | AgentController -> get()  
[2022-07-01 01:59:50] local.DEBUG: user agent : Mozilla/5.0 (Windows NT 6.1) AppleWebKit/537.36 (KHTML, like Gecko) Chrome/103.0.0.0 Safari/537.36  
[2022-07-01 01:59:50] local.DEBUG: -> error string  
[2022-07-01 01:59:50] local.DEBUG: SQLSTATE[HY000] [1044] Access denied for user 'tpc'@'localhost' to database 'master_agent' (SQL: select * from `platform`)  
[2022-07-01 01:59:50] local.DEBUG: -> end  
[2022-07-01 02:00:30] local.DEBUG: error exception | AgentController -> get()  
[2022-07-01 02:00:30] local.DEBUG: user agent : Mozilla/5.0 (Windows NT 6.1) AppleWebKit/537.36 (KHTML, like Gecko) Chrome/103.0.0.0 Safari/537.36  
[2022-07-01 02:00:30] local.DEBUG: -> error string  
[2022-07-01 02:00:30] local.DEBUG: SQLSTATE[HY000] [1044] Access denied for user 'tpc'@'localhost' to database 'master_agent' (SQL: select * from `platform`)  
[2022-07-01 02:00:30] local.DEBUG: -> end  
[2022-07-01 02:01:02] local.DEBUG: error exception | AgentController -> get()  
[2022-07-01 02:01:02] local.DEBUG: user agent : Mozilla/5.0 (Windows NT 6.1) AppleWebKit/537.36 (KHTML, like Gecko) Chrome/103.0.0.0 Safari/537.36  
[2022-07-01 02:01:02] local.DEBUG: -> error string  
[2022-07-01 02:01:02] local.DEBUG: SQLSTATE[HY000] [1044] Access denied for user 'tpc'@'localhost' to database 'master_agent' (SQL: select * from `platform`)  
[2022-07-01 02:01:02] local.DEBUG: -> end  
[2022-07-01 02:08:25] local.DEBUG: error exception | AgentController -> get()  
[2022-07-01 02:08:25] local.DEBUG: user agent : Mozilla/5.0 (Windows NT 6.1) AppleWebKit/537.36 (KHTML, like Gecko) Chrome/103.0.0.0 Safari/537.36  
[2022-07-01 02:08:25] local.DEBUG: -> error string  
[2022-07-01 02:08:25] local.DEBUG: SQLSTATE[HY000] [1044] Access denied for user 'tpc'@'localhost' to database 'master_agent' (SQL: select * from `platform`)  
[2022-07-01 02:08:25] local.DEBUG: -> end  
[2022-07-01 02:10:58] local.DEBUG: error exception | AgentController -> get()  
[2022-07-01 02:10:58] local.DEBUG: user agent : Mozilla/5.0 (Windows NT 6.1) AppleWebKit/537.36 (KHTML, like Gecko) Chrome/103.0.0.0 Safari/537.36  
[2022-07-01 02:10:58] local.DEBUG: -> error string  
[2022-07-01 02:10:58] local.DEBUG: SQLSTATE[HY000] [1044] Access denied for user 'tpc'@'localhost' to database 'master_agent' (SQL: select * from `platform`)  
[2022-07-01 02:10:58] local.DEBUG: -> end  
[2022-07-01 02:13:49] local.DEBUG: error exception | AgentController -> get()  
[2022-07-01 02:13:49] local.DEBUG: user agent : Mozilla/5.0 (Windows NT 6.1) AppleWebKit/537.36 (KHTML, like Gecko) Chrome/103.0.0.0 Safari/537.36  
[2022-07-01 02:13:49] local.DEBUG: -> error string  
[2022-07-01 02:13:49] local.DEBUG: SQLSTATE[HY000] [1044] Access denied for user 'tpc'@'localhost' to database 'master_agent' (SQL: select * from `platform`)  
[2022-07-01 02:13:49] local.DEBUG: -> end  
[2022-07-01 02:15:26] local.DEBUG: error exception | AgentController -> get()  
[2022-07-01 02:15:26] local.DEBUG: user agent : Mozilla/5.0 (Windows NT 6.1) AppleWebKit/537.36 (KHTML, like Gecko) Chrome/103.0.0.0 Safari/537.36  
[2022-07-01 02:15:26] local.DEBUG: -> error string  
[2022-07-01 02:15:26] local.DEBUG: SQLSTATE[HY000] [1044] Access denied for user 'tpc'@'localhost' to database 'master_agent' (SQL: select * from `platform`)  
[2022-07-01 02:15:26] local.DEBUG: -> end  
[2022-07-01 02:15:56] local.DEBUG: error exception | AgentController -> get()  
[2022-07-01 02:15:56] local.DEBUG: user agent : Mozilla/5.0 (Windows NT 6.1) AppleWebKit/537.36 (KHTML, like Gecko) Chrome/103.0.0.0 Safari/537.36  
[2022-07-01 02:15:56] local.DEBUG: -> error string  
[2022-07-01 02:15:56] local.DEBUG: SQLSTATE[HY000] [1044] Access denied for user 'tpc'@'localhost' to database 'master_agent' (SQL: select * from `platform`)  
[2022-07-01 02:15:56] local.DEBUG: -> end  
[2022-07-01 02:16:26] local.DEBUG: error exception | AgentController -> get()  
[2022-07-01 02:16:26] local.DEBUG: user agent : Mozilla/5.0 (Windows NT 6.1) AppleWebKit/537.36 (KHTML, like Gecko) Chrome/103.0.0.0 Safari/537.36  
[2022-07-01 02:16:26] local.DEBUG: -> error string  
[2022-07-01 02:16:26] local.DEBUG: SQLSTATE[HY000] [1044] Access denied for user 'tpc'@'localhost' to database 'master_agent' (SQL: select * from `platform`)  
[2022-07-01 02:16:26] local.DEBUG: -> end  
[2022-07-01 02:17:20] local.DEBUG: error exception | AgentController -> get()  
[2022-07-01 02:17:20] local.DEBUG: user agent : Mozilla/5.0 (Windows NT 6.1) AppleWebKit/537.36 (KHTML, like Gecko) Chrome/103.0.0.0 Safari/537.36  
[2022-07-01 02:17:20] local.DEBUG: -> error string  
[2022-07-01 02:17:20] local.DEBUG: SQLSTATE[HY000] [1044] Access denied for user 'tpc'@'localhost' to database 'master_agent' (SQL: select * from `platform`)  
[2022-07-01 02:17:20] local.DEBUG: -> end  
[2022-07-01 02:17:54] local.DEBUG: error exception | AgentController -> get()  
[2022-07-01 02:17:54] local.DEBUG: user agent : Mozilla/5.0 (Windows NT 6.1) AppleWebKit/537.36 (KHTML, like Gecko) Chrome/103.0.0.0 Safari/537.36  
[2022-07-01 02:17:54] local.DEBUG: -> error string  
[2022-07-01 02:17:54] local.DEBUG: SQLSTATE[HY000] [1044] Access denied for user 'tpc'@'localhost' to database 'master_agent' (SQL: select * from `platform`)  
[2022-07-01 02:17:54] local.DEBUG: -> end  
[2022-07-01 02:18:45] local.DEBUG: error exception | AgentController -> get()  
[2022-07-01 02:18:45] local.DEBUG: user agent : Mozilla/5.0 (Windows NT 6.1) AppleWebKit/537.36 (KHTML, like Gecko) Chrome/103.0.0.0 Safari/537.36  
[2022-07-01 02:18:45] local.DEBUG: -> error string  
[2022-07-01 02:18:45] local.DEBUG: SQLSTATE[HY000] [1044] Access denied for user 'tpc'@'localhost' to database 'master_agent' (SQL: select * from `platform`)  
[2022-07-01 02:18:45] local.DEBUG: -> end  
[2022-07-01 02:19:40] local.DEBUG: error exception | AgentController -> get()  
[2022-07-01 02:19:40] local.DEBUG: user agent : Mozilla/5.0 (Windows NT 6.1) AppleWebKit/537.36 (KHTML, like Gecko) Chrome/103.0.0.0 Safari/537.36  
[2022-07-01 02:19:40] local.DEBUG: -> error string  
[2022-07-01 02:19:40] local.DEBUG: SQLSTATE[HY000] [1044] Access denied for user 'tpc'@'localhost' to database 'master_agent' (SQL: select * from `platform`)  
[2022-07-01 02:19:40] local.DEBUG: -> end  
[2022-07-01 02:19:54] local.DEBUG: error exception | AgentController -> get()  
[2022-07-01 02:19:54] local.DEBUG: user agent : Mozilla/5.0 (Windows NT 6.1) AppleWebKit/537.36 (KHTML, like Gecko) Chrome/103.0.0.0 Safari/537.36  
[2022-07-01 02:19:54] local.DEBUG: -> error string  
[2022-07-01 02:19:54] local.DEBUG: SQLSTATE[HY000] [1044] Access denied for user 'tpc'@'localhost' to database 'master_agent' (SQL: select * from `platform`)  
[2022-07-01 02:19:54] local.DEBUG: -> end  
[2022-07-01 02:23:49] local.DEBUG: error exception | AgentController -> get()  
[2022-07-01 02:23:49] local.DEBUG: user agent : Mozilla/5.0 (Windows NT 6.1) AppleWebKit/537.36 (KHTML, like Gecko) Chrome/103.0.0.0 Safari/537.36  
[2022-07-01 02:23:49] local.DEBUG: -> error string  
[2022-07-01 02:23:49] local.DEBUG: SQLSTATE[HY000] [1044] Access denied for user 'tpc'@'localhost' to database 'master_agent' (SQL: select * from `platform`)  
[2022-07-01 02:23:49] local.DEBUG: -> end  
[2022-07-01 02:25:17] local.DEBUG: error exception | AgentController -> get()  
[2022-07-01 02:25:17] local.DEBUG: user agent : Mozilla/5.0 (Windows NT 6.1) AppleWebKit/537.36 (KHTML, like Gecko) Chrome/103.0.0.0 Safari/537.36  
[2022-07-01 02:25:17] local.DEBUG: -> error string  
[2022-07-01 02:25:17] local.DEBUG: SQLSTATE[HY000] [1044] Access denied for user 'tpc'@'localhost' to database 'master_agent' (SQL: select * from `platform`)  
[2022-07-01 02:25:17] local.DEBUG: -> end  
[2022-07-01 02:25:31] local.DEBUG: error exception | AgentController -> get()  
[2022-07-01 02:25:31] local.DEBUG: user agent : Mozilla/5.0 (Windows NT 6.1) AppleWebKit/537.36 (KHTML, like Gecko) Chrome/103.0.0.0 Safari/537.36  
[2022-07-01 02:25:31] local.DEBUG: -> error string  
[2022-07-01 02:25:31] local.DEBUG: SQLSTATE[HY000] [1044] Access denied for user 'tpc'@'localhost' to database 'master_agent' (SQL: select * from `platform`)  
[2022-07-01 02:25:31] local.DEBUG: -> end  
[2022-07-01 02:27:34] local.DEBUG: error exception | AgentController -> get()  
[2022-07-01 02:27:34] local.DEBUG: user agent : Mozilla/5.0 (Windows NT 6.1) AppleWebKit/537.36 (KHTML, like Gecko) Chrome/103.0.0.0 Safari/537.36  
[2022-07-01 02:27:34] local.DEBUG: -> error string  
[2022-07-01 02:27:34] local.DEBUG: SQLSTATE[HY000] [1044] Access denied for user 'tpc'@'localhost' to database 'master_agent' (SQL: select * from `platform`)  
[2022-07-01 02:27:34] local.DEBUG: -> end  
[2022-07-01 02:30:11] local.DEBUG: error exception | AgentController -> get()  
[2022-07-01 02:30:11] local.DEBUG: user agent : Mozilla/5.0 (Windows NT 6.1) AppleWebKit/537.36 (KHTML, like Gecko) Chrome/103.0.0.0 Safari/537.36  
[2022-07-01 02:30:11] local.DEBUG: -> error string  
[2022-07-01 02:30:11] local.DEBUG: SQLSTATE[HY000] [1044] Access denied for user 'tpc'@'localhost' to database 'master_agent' (SQL: select * from `platform`)  
[2022-07-01 02:30:11] local.DEBUG: -> end  
[2022-07-01 02:32:40] local.DEBUG: error exception | AgentController -> get()  
[2022-07-01 02:32:40] local.DEBUG: user agent : Mozilla/5.0 (Linux; Android 4.1.1; X909 Build/JRO03L) AppleWebKit/537.36 (KHTML, like Gecko) Chrome/30.0.1599.92 Mobile Safari/537.36  
[2022-07-01 02:32:40] local.DEBUG: -> error string  
[2022-07-01 02:32:40] local.DEBUG: SQLSTATE[HY000] [1044] Access denied for user 'tpc'@'localhost' to database 'master_agent' (SQL: select * from `platform`)  
[2022-07-01 02:32:40] local.DEBUG: -> end  
[2022-07-01 02:32:59] local.DEBUG: error exception | AgentController -> get()  
[2022-07-01 02:32:59] local.DEBUG: user agent : Mozilla/5.0 (Windows NT 6.1) AppleWebKit/537.36 (KHTML, like Gecko) Chrome/103.0.0.0 Safari/537.36  
[2022-07-01 02:32:59] local.DEBUG: -> error string  
[2022-07-01 02:32:59] local.DEBUG: SQLSTATE[HY000] [1044] Access denied for user 'tpc'@'localhost' to database 'master_agent' (SQL: select * from `platform`)  
[2022-07-01 02:32:59] local.DEBUG: -> end  
[2022-07-01 02:33:11] local.DEBUG: error exception | AgentController -> get()  
[2022-07-01 02:33:11] local.DEBUG: user agent : Mozilla/5.0 (Windows NT 6.1) AppleWebKit/537.36 (KHTML, like Gecko) Chrome/103.0.0.0 Safari/537.36  
[2022-07-01 02:33:11] local.DEBUG: -> error string  
[2022-07-01 02:33:11] local.DEBUG: SQLSTATE[HY000] [1044] Access denied for user 'tpc'@'localhost' to database 'master_agent' (SQL: select * from `platform`)  
[2022-07-01 02:33:11] local.DEBUG: -> end  
[2022-07-01 02:33:34] local.DEBUG: error exception | AgentController -> get()  
[2022-07-01 02:33:34] local.DEBUG: user agent : Mozilla/5.0 (Windows NT 6.1) AppleWebKit/537.36 (KHTML, like Gecko) Chrome/103.0.0.0 Safari/537.36  
[2022-07-01 02:33:34] local.DEBUG: -> error string  
[2022-07-01 02:33:34] local.DEBUG: SQLSTATE[HY000] [1044] Access denied for user 'tpc'@'localhost' to database 'master_agent' (SQL: select * from `platform`)  
[2022-07-01 02:33:34] local.DEBUG: -> end  
[2022-07-01 02:33:44] local.DEBUG: error exception | AgentController -> get()  
[2022-07-01 02:33:44] local.DEBUG: user agent : Mozilla/5.0 (Windows NT 6.1) AppleWebKit/537.36 (KHTML, like Gecko) Chrome/103.0.0.0 Safari/537.36  
[2022-07-01 02:33:44] local.DEBUG: -> error string  
[2022-07-01 02:33:44] local.DEBUG: SQLSTATE[HY000] [1044] Access denied for user 'tpc'@'localhost' to database 'master_agent' (SQL: select * from `platform`)  
[2022-07-01 02:33:44] local.DEBUG: -> end  
[2022-07-01 02:34:04] local.DEBUG: error exception | AgentController -> get()  
[2022-07-01 02:34:04] local.DEBUG: user agent : Mozilla/5.0 (Windows NT 6.1) AppleWebKit/537.36 (KHTML, like Gecko) Chrome/103.0.0.0 Safari/537.36  
[2022-07-01 02:34:04] local.DEBUG: -> error string  
[2022-07-01 02:34:04] local.DEBUG: SQLSTATE[HY000] [1044] Access denied for user 'tpc'@'localhost' to database 'master_agent' (SQL: select * from `platform`)  
[2022-07-01 02:34:04] local.DEBUG: -> end  
[2022-07-01 02:34:25] local.DEBUG: error exception | AgentController -> get()  
[2022-07-01 02:34:25] local.DEBUG: user agent : Mozilla/5.0 (Linux; Android 4.1.1; X909 Build/JRO03L) AppleWebKit/537.36 (KHTML, like Gecko) Chrome/30.0.1599.92 Mobile Safari/537.36  
[2022-07-01 02:34:25] local.DEBUG: -> error string  
[2022-07-01 02:34:25] local.DEBUG: SQLSTATE[HY000] [1044] Access denied for user 'tpc'@'localhost' to database 'master_agent' (SQL: select * from `platform`)  
[2022-07-01 02:34:25] local.DEBUG: -> end  
[2022-07-01 02:43:08] local.DEBUG: error exception | AgentController -> get()  
[2022-07-01 02:43:08] local.DEBUG: user agent : Mozilla/5.0 (Windows NT 6.1) AppleWebKit/537.36 (KHTML, like Gecko) Chrome/103.0.0.0 Safari/537.36  
[2022-07-01 02:43:08] local.DEBUG: -> error string  
[2022-07-01 02:43:08] local.DEBUG: SQLSTATE[HY000] [1044] Access denied for user 'tpc'@'localhost' to database 'master_agent' (SQL: select * from `platform`)  
[2022-07-01 02:43:08] local.DEBUG: -> end  
[2022-07-01 02:43:24] local.DEBUG: error exception | AgentController -> get()  
[2022-07-01 02:43:24] local.DEBUG: user agent : Mozilla/5.0 (Windows NT 6.1) AppleWebKit/537.36 (KHTML, like Gecko) Chrome/103.0.0.0 Safari/537.36  
[2022-07-01 02:43:24] local.DEBUG: -> error string  
[2022-07-01 02:43:24] local.DEBUG: SQLSTATE[HY000] [1044] Access denied for user 'tpc'@'localhost' to database 'master_agent' (SQL: select * from `platform`)  
[2022-07-01 02:43:24] local.DEBUG: -> end  
[2022-07-01 02:47:51] local.DEBUG: error exception | AgentController -> get()  
[2022-07-01 02:47:51] local.DEBUG: user agent : Mozilla/5.0 (Windows NT 6.1) AppleWebKit/537.36 (KHTML, like Gecko) Chrome/103.0.0.0 Safari/537.36  
[2022-07-01 02:47:51] local.DEBUG: -> error string  
[2022-07-01 02:47:51] local.DEBUG: SQLSTATE[HY000] [1044] Access denied for user 'tpc'@'localhost' to database 'master_agent' (SQL: select * from `platform`)  
[2022-07-01 02:47:51] local.DEBUG: -> end  
[2022-07-01 02:49:18] local.DEBUG: error exception | AgentController -> get()  
[2022-07-01 02:49:18] local.DEBUG: user agent : Mozilla/5.0 (Windows NT 6.1) AppleWebKit/537.36 (KHTML, like Gecko) Chrome/103.0.0.0 Safari/537.36  
[2022-07-01 02:49:18] local.DEBUG: -> error string  
[2022-07-01 02:49:18] local.DEBUG: SQLSTATE[HY000] [1044] Access denied for user 'tpc'@'localhost' to database 'master_agent' (SQL: select * from `platform`)  
[2022-07-01 02:49:18] local.DEBUG: -> end  
[2022-07-01 02:50:11] local.DEBUG: error exception | AgentController -> get()  
[2022-07-01 02:50:11] local.DEBUG: user agent : Mozilla/5.0 (Windows NT 6.1) AppleWebKit/537.36 (KHTML, like Gecko) Chrome/103.0.0.0 Safari/537.36  
[2022-07-01 02:50:11] local.DEBUG: -> error string  
[2022-07-01 02:50:11] local.DEBUG: SQLSTATE[HY000] [1044] Access denied for user 'tpc'@'localhost' to database 'master_agent' (SQL: select * from `platform`)  
[2022-07-01 02:50:11] local.DEBUG: -> end  
[2022-07-01 02:51:48] local.DEBUG: error exception | AgentController -> get()  
[2022-07-01 02:51:48] local.DEBUG: user agent : Mozilla/5.0 (Windows NT 6.1) AppleWebKit/537.36 (KHTML, like Gecko) Chrome/103.0.0.0 Safari/537.36  
[2022-07-01 02:51:48] local.DEBUG: -> error string  
[2022-07-01 02:51:48] local.DEBUG: SQLSTATE[HY000] [1044] Access denied for user 'tpc'@'localhost' to database 'master_agent' (SQL: select * from `platform`)  
[2022-07-01 02:51:48] local.DEBUG: -> end  
[2022-07-01 02:53:19] local.DEBUG: error exception | AgentController -> get()  
[2022-07-01 02:53:19] local.DEBUG: user agent : Mozilla/5.0 (Windows NT 6.1) AppleWebKit/537.36 (KHTML, like Gecko) Chrome/103.0.0.0 Safari/537.36  
[2022-07-01 02:53:19] local.DEBUG: -> error string  
[2022-07-01 02:53:19] local.DEBUG: SQLSTATE[HY000] [1044] Access denied for user 'tpc'@'localhost' to database 'master_agent' (SQL: select * from `platform`)  
[2022-07-01 02:53:19] local.DEBUG: -> end  
[2022-07-01 02:54:22] local.DEBUG: error exception | AgentController -> get()  
[2022-07-01 02:54:22] local.DEBUG: user agent : Mozilla/5.0 (Windows NT 6.1) AppleWebKit/537.36 (KHTML, like Gecko) Chrome/103.0.0.0 Safari/537.36  
[2022-07-01 02:54:22] local.DEBUG: -> error string  
[2022-07-01 02:54:22] local.DEBUG: SQLSTATE[HY000] [1044] Access denied for user 'tpc'@'localhost' to database 'master_agent' (SQL: select * from `platform`)  
[2022-07-01 02:54:22] local.DEBUG: -> end  
[2022-07-01 02:55:50] local.DEBUG: error exception | AgentController -> get()  
[2022-07-01 02:55:50] local.DEBUG: user agent : Mozilla/5.0 (Windows NT 6.1) AppleWebKit/537.36 (KHTML, like Gecko) Chrome/103.0.0.0 Safari/537.36  
[2022-07-01 02:55:50] local.DEBUG: -> error string  
[2022-07-01 02:55:50] local.DEBUG: SQLSTATE[HY000] [1044] Access denied for user 'tpc'@'localhost' to database 'master_agent' (SQL: select * from `platform`)  
[2022-07-01 02:55:50] local.DEBUG: -> end  
[2022-07-01 02:56:32] local.DEBUG: error exception | AgentController -> get()  
[2022-07-01 02:56:32] local.DEBUG: user agent : Mozilla/5.0 (Windows NT 6.1) AppleWebKit/537.36 (KHTML, like Gecko) Chrome/103.0.0.0 Safari/537.36  
[2022-07-01 02:56:32] local.DEBUG: -> error string  
[2022-07-01 02:56:32] local.DEBUG: SQLSTATE[HY000] [1044] Access denied for user 'tpc'@'localhost' to database 'master_agent' (SQL: select * from `platform`)  
[2022-07-01 02:56:32] local.DEBUG: -> end  
[2022-07-01 02:57:18] local.DEBUG: error exception | AgentController -> get()  
[2022-07-01 02:57:18] local.DEBUG: user agent : Mozilla/5.0 (Windows NT 6.1) AppleWebKit/537.36 (KHTML, like Gecko) Chrome/103.0.0.0 Safari/537.36  
[2022-07-01 02:57:18] local.DEBUG: -> error string  
[2022-07-01 02:57:18] local.DEBUG: SQLSTATE[HY000] [1044] Access denied for user 'tpc'@'localhost' to database 'master_agent' (SQL: select * from `platform`)  
[2022-07-01 02:57:18] local.DEBUG: -> end  
[2022-07-01 02:58:35] local.DEBUG: error exception | AgentController -> get()  
[2022-07-01 02:58:35] local.DEBUG: user agent : Mozilla/5.0 (Windows NT 6.1) AppleWebKit/537.36 (KHTML, like Gecko) Chrome/103.0.0.0 Safari/537.36  
[2022-07-01 02:58:35] local.DEBUG: -> error string  
[2022-07-01 02:58:35] local.DEBUG: SQLSTATE[HY000] [1044] Access denied for user 'tpc'@'localhost' to database 'master_agent' (SQL: select * from `platform`)  
[2022-07-01 02:58:35] local.DEBUG: -> end  
[2022-07-01 02:59:51] local.DEBUG: error exception | AgentController -> get()  
[2022-07-01 02:59:51] local.DEBUG: user agent : Mozilla/5.0 (Windows NT 6.1) AppleWebKit/537.36 (KHTML, like Gecko) Chrome/103.0.0.0 Safari/537.36  
[2022-07-01 02:59:51] local.DEBUG: -> error string  
[2022-07-01 02:59:51] local.DEBUG: SQLSTATE[HY000] [1044] Access denied for user 'tpc'@'localhost' to database 'master_agent' (SQL: select * from `platform`)  
[2022-07-01 02:59:51] local.DEBUG: -> end  
[2022-07-01 03:00:39] local.DEBUG: error exception | AgentController -> get()  
[2022-07-01 03:00:39] local.DEBUG: user agent : Mozilla/5.0 (Windows NT 6.1) AppleWebKit/537.36 (KHTML, like Gecko) Chrome/103.0.0.0 Safari/537.36  
[2022-07-01 03:00:39] local.DEBUG: -> error string  
[2022-07-01 03:00:39] local.DEBUG: SQLSTATE[HY000] [1044] Access denied for user 'tpc'@'localhost' to database 'master_agent' (SQL: select * from `platform`)  
[2022-07-01 03:00:39] local.DEBUG: -> end  
[2022-07-01 03:01:24] local.DEBUG: error exception | AgentController -> get()  
[2022-07-01 03:01:24] local.DEBUG: user agent : Mozilla/5.0 (Windows NT 6.1) AppleWebKit/537.36 (KHTML, like Gecko) Chrome/103.0.0.0 Safari/537.36  
[2022-07-01 03:01:24] local.DEBUG: -> error string  
[2022-07-01 03:01:24] local.DEBUG: SQLSTATE[HY000] [1044] Access denied for user 'tpc'@'localhost' to database 'master_agent' (SQL: select * from `platform`)  
[2022-07-01 03:01:24] local.DEBUG: -> end  
[2022-07-01 03:03:09] local.DEBUG: error exception | AgentController -> get()  
[2022-07-01 03:03:09] local.DEBUG: user agent : Mozilla/5.0 (Windows NT 6.1) AppleWebKit/537.36 (KHTML, like Gecko) Chrome/103.0.0.0 Safari/537.36  
[2022-07-01 03:03:09] local.DEBUG: -> error string  
[2022-07-01 03:03:09] local.DEBUG: SQLSTATE[HY000] [1044] Access denied for user 'tpc'@'localhost' to database 'master_agent' (SQL: select * from `platform`)  
[2022-07-01 03:03:09] local.DEBUG: -> end  
[2022-07-01 03:04:04] local.DEBUG: error exception | AgentController -> get()  
[2022-07-01 03:04:04] local.DEBUG: user agent : Mozilla/5.0 (Windows NT 6.1) AppleWebKit/537.36 (KHTML, like Gecko) Chrome/103.0.0.0 Safari/537.36  
[2022-07-01 03:04:04] local.DEBUG: -> error string  
[2022-07-01 03:04:04] local.DEBUG: SQLSTATE[HY000] [1044] Access denied for user 'tpc'@'localhost' to database 'master_agent' (SQL: select * from `platform`)  
[2022-07-01 03:04:04] local.DEBUG: -> end  
[2022-07-01 03:04:36] local.DEBUG: error exception | AgentController -> get()  
[2022-07-01 03:04:36] local.DEBUG: user agent : Mozilla/5.0 (Windows NT 6.1) AppleWebKit/537.36 (KHTML, like Gecko) Chrome/103.0.0.0 Safari/537.36  
[2022-07-01 03:04:36] local.DEBUG: -> error string  
[2022-07-01 03:04:36] local.DEBUG: SQLSTATE[HY000] [1044] Access denied for user 'tpc'@'localhost' to database 'master_agent' (SQL: select * from `platform`)  
[2022-07-01 03:04:36] local.DEBUG: -> end  
[2022-07-01 03:05:15] local.DEBUG: error exception | AgentController -> get()  
[2022-07-01 03:05:15] local.DEBUG: user agent : Mozilla/5.0 (Windows NT 6.1) AppleWebKit/537.36 (KHTML, like Gecko) Chrome/103.0.0.0 Safari/537.36  
[2022-07-01 03:05:15] local.DEBUG: -> error string  
[2022-07-01 03:05:15] local.DEBUG: SQLSTATE[HY000] [1044] Access denied for user 'tpc'@'localhost' to database 'master_agent' (SQL: select * from `platform`)  
[2022-07-01 03:05:15] local.DEBUG: -> end  
[2022-07-01 03:05:55] local.DEBUG: error exception | AgentController -> get()  
[2022-07-01 03:05:55] local.DEBUG: user agent : Mozilla/5.0 (Windows NT 6.1) AppleWebKit/537.36 (KHTML, like Gecko) Chrome/103.0.0.0 Safari/537.36  
[2022-07-01 03:05:55] local.DEBUG: -> error string  
[2022-07-01 03:05:55] local.DEBUG: SQLSTATE[HY000] [1044] Access denied for user 'tpc'@'localhost' to database 'master_agent' (SQL: select * from `platform`)  
[2022-07-01 03:05:55] local.DEBUG: -> end  
[2022-07-01 03:15:02] local.DEBUG: error exception | AgentController -> get()  
[2022-07-01 03:15:02] local.DEBUG: user agent : Mozilla/5.0 (Windows NT 6.1) AppleWebKit/537.36 (KHTML, like Gecko) Chrome/103.0.0.0 Safari/537.36  
[2022-07-01 03:15:02] local.DEBUG: -> error string  
[2022-07-01 03:15:02] local.DEBUG: SQLSTATE[HY000] [1044] Access denied for user 'tpc'@'localhost' to database 'master_agent' (SQL: select * from `platform`)  
[2022-07-01 03:15:02] local.DEBUG: -> end  
[2022-07-01 03:18:11] local.DEBUG: error exception | AgentController -> get()  
[2022-07-01 03:18:11] local.DEBUG: user agent : Mozilla/5.0 (Windows NT 6.1) AppleWebKit/537.36 (KHTML, like Gecko) Chrome/103.0.0.0 Safari/537.36  
[2022-07-01 03:18:11] local.DEBUG: -> error string  
[2022-07-01 03:18:11] local.DEBUG: SQLSTATE[HY000] [1044] Access denied for user 'tpc'@'localhost' to database 'master_agent' (SQL: select * from `platform`)  
[2022-07-01 03:18:11] local.DEBUG: -> end  
[2022-07-01 03:18:33] local.DEBUG: error exception | AgentController -> get()  
[2022-07-01 03:18:33] local.DEBUG: user agent : Mozilla/5.0 (Windows NT 6.1) AppleWebKit/537.36 (KHTML, like Gecko) Chrome/103.0.0.0 Safari/537.36  
[2022-07-01 03:18:33] local.DEBUG: -> error string  
[2022-07-01 03:18:33] local.DEBUG: SQLSTATE[HY000] [1044] Access denied for user 'tpc'@'localhost' to database 'master_agent' (SQL: select * from `platform`)  
[2022-07-01 03:18:33] local.DEBUG: -> end  
[2022-07-01 03:19:27] local.DEBUG: error exception | AgentController -> get()  
[2022-07-01 03:19:27] local.DEBUG: user agent : Mozilla/5.0 (Windows NT 6.1) AppleWebKit/537.36 (KHTML, like Gecko) Chrome/103.0.0.0 Safari/537.36  
[2022-07-01 03:19:27] local.DEBUG: -> error string  
[2022-07-01 03:19:27] local.DEBUG: SQLSTATE[HY000] [1044] Access denied for user 'tpc'@'localhost' to database 'master_agent' (SQL: select * from `platform`)  
[2022-07-01 03:19:27] local.DEBUG: -> end  
[2022-07-01 03:23:12] local.DEBUG: error exception | AgentController -> get()  
[2022-07-01 03:23:12] local.DEBUG: user agent : Mozilla/5.0 (Linux; Android 6.0; Nexus 5 Build/MRA58N) AppleWebKit/537.36 (KHTML, like Gecko) Chrome/103.0.0.0 Mobile Safari/537.36  
[2022-07-01 03:23:12] local.DEBUG: -> error string  
[2022-07-01 03:23:12] local.DEBUG: SQLSTATE[HY000] [1044] Access denied for user 'tpc'@'localhost' to database 'master_agent' (SQL: select * from `platform`)  
[2022-07-01 03:23:12] local.DEBUG: -> end  
[2022-07-01 03:23:26] local.DEBUG: error exception | AgentController -> get()  
[2022-07-01 03:23:26] local.DEBUG: user agent : Mozilla/5.0 (Linux; Android 6.0; Nexus 5 Build/MRA58N) AppleWebKit/537.36 (KHTML, like Gecko) Chrome/103.0.0.0 Mobile Safari/537.36  
[2022-07-01 03:23:26] local.DEBUG: -> error string  
[2022-07-01 03:23:26] local.DEBUG: SQLSTATE[HY000] [1044] Access denied for user 'tpc'@'localhost' to database 'master_agent' (SQL: select * from `platform`)  
[2022-07-01 03:23:26] local.DEBUG: -> end  
[2022-07-01 03:23:38] local.DEBUG: error exception | AgentController -> get()  
[2022-07-01 03:23:38] local.DEBUG: user agent : Mozilla/5.0 (Linux; Android 6.0; Nexus 5 Build/MRA58N) AppleWebKit/537.36 (KHTML, like Gecko) Chrome/103.0.0.0 Mobile Safari/537.36  
[2022-07-01 03:23:38] local.DEBUG: -> error string  
[2022-07-01 03:23:38] local.DEBUG: SQLSTATE[HY000] [1044] Access denied for user 'tpc'@'localhost' to database 'master_agent' (SQL: select * from `platform`)  
[2022-07-01 03:23:38] local.DEBUG: -> end  
[2022-07-01 03:26:01] local.DEBUG: error exception | AgentController -> get()  
[2022-07-01 03:26:01] local.DEBUG: user agent : Mozilla/5.0 (Windows NT 6.1) AppleWebKit/537.36 (KHTML, like Gecko) Chrome/103.0.0.0 Safari/537.36  
[2022-07-01 03:26:01] local.DEBUG: -> error string  
[2022-07-01 03:26:01] local.DEBUG: SQLSTATE[HY000] [1044] Access denied for user 'tpc'@'localhost' to database 'master_agent' (SQL: select * from `platform`)  
[2022-07-01 03:26:01] local.DEBUG: -> end  
[2022-07-01 03:26:40] local.DEBUG: error exception | AgentController -> get()  
[2022-07-01 03:26:40] local.DEBUG: user agent : Mozilla/5.0 (Windows NT 6.1) AppleWebKit/537.36 (KHTML, like Gecko) Chrome/103.0.0.0 Safari/537.36  
[2022-07-01 03:26:40] local.DEBUG: -> error string  
[2022-07-01 03:26:40] local.DEBUG: SQLSTATE[HY000] [1044] Access denied for user 'tpc'@'localhost' to database 'master_agent' (SQL: select * from `platform`)  
[2022-07-01 03:26:40] local.DEBUG: -> end  
[2022-07-01 03:28:05] local.DEBUG: error exception | AgentController -> get()  
[2022-07-01 03:28:05] local.DEBUG: user agent : Mozilla/5.0 (Windows NT 6.1) AppleWebKit/537.36 (KHTML, like Gecko) Chrome/103.0.0.0 Safari/537.36  
[2022-07-01 03:28:05] local.DEBUG: -> error string  
[2022-07-01 03:28:05] local.DEBUG: SQLSTATE[HY000] [1044] Access denied for user 'tpc'@'localhost' to database 'master_agent' (SQL: select * from `platform`)  
[2022-07-01 03:28:05] local.DEBUG: -> end  
[2022-07-01 03:32:36] local.DEBUG: error exception | AgentController -> get()  
[2022-07-01 03:32:36] local.DEBUG: user agent : Mozilla/5.0 (Windows NT 6.1) AppleWebKit/537.36 (KHTML, like Gecko) Chrome/103.0.0.0 Safari/537.36  
[2022-07-01 03:32:36] local.DEBUG: -> error string  
[2022-07-01 03:32:36] local.DEBUG: SQLSTATE[HY000] [1044] Access denied for user 'tpc'@'localhost' to database 'master_agent' (SQL: select * from `platform`)  
[2022-07-01 03:32:36] local.DEBUG: -> end  
[2022-07-01 04:04:00] local.DEBUG: error exception | AgentController -> get()  
[2022-07-01 04:04:00] local.DEBUG: user agent : Mozilla/5.0 (Windows NT 6.1) AppleWebKit/537.36 (KHTML, like Gecko) Chrome/103.0.0.0 Safari/537.36  
[2022-07-01 04:04:00] local.DEBUG: -> error string  
[2022-07-01 04:04:00] local.DEBUG: SQLSTATE[HY000] [1044] Access denied for user 'tpc'@'localhost' to database 'master_agent' (SQL: select * from `platform`)  
[2022-07-01 04:04:00] local.DEBUG: -> end  
[2022-07-01 04:06:54] local.DEBUG: error exception | AgentController -> get()  
[2022-07-01 04:06:54] local.DEBUG: user agent : Mozilla/5.0 (Windows NT 6.1) AppleWebKit/537.36 (KHTML, like Gecko) Chrome/103.0.0.0 Safari/537.36  
[2022-07-01 04:06:54] local.DEBUG: -> error string  
[2022-07-01 04:06:54] local.DEBUG: SQLSTATE[HY000] [1044] Access denied for user 'tpc'@'localhost' to database 'master_agent' (SQL: select * from `platform`)  
[2022-07-01 04:06:54] local.DEBUG: -> end  
[2022-07-01 04:08:24] local.DEBUG: error exception | AgentController -> get()  
[2022-07-01 04:08:24] local.DEBUG: user agent : Mozilla/5.0 (Windows NT 6.1) AppleWebKit/537.36 (KHTML, like Gecko) Chrome/103.0.0.0 Safari/537.36  
[2022-07-01 04:08:24] local.DEBUG: -> error string  
[2022-07-01 04:08:24] local.DEBUG: SQLSTATE[HY000] [1044] Access denied for user 'tpc'@'localhost' to database 'master_agent' (SQL: select * from `platform`)  
[2022-07-01 04:08:24] local.DEBUG: -> end  
[2022-07-01 04:09:22] local.DEBUG: error exception | AgentController -> get()  
[2022-07-01 04:09:22] local.DEBUG: user agent : Mozilla/5.0 (Windows NT 6.1) AppleWebKit/537.36 (KHTML, like Gecko) Chrome/103.0.0.0 Safari/537.36  
[2022-07-01 04:09:22] local.DEBUG: -> error string  
[2022-07-01 04:09:22] local.DEBUG: SQLSTATE[HY000] [1044] Access denied for user 'tpc'@'localhost' to database 'master_agent' (SQL: select * from `platform`)  
[2022-07-01 04:09:22] local.DEBUG: -> end  
[2022-07-01 04:10:22] local.DEBUG: error exception | AgentController -> get()  
[2022-07-01 04:10:22] local.DEBUG: user agent : Mozilla/5.0 (Windows NT 6.1) AppleWebKit/537.36 (KHTML, like Gecko) Chrome/103.0.0.0 Safari/537.36  
[2022-07-01 04:10:22] local.DEBUG: -> error string  
[2022-07-01 04:10:22] local.DEBUG: SQLSTATE[HY000] [1044] Access denied for user 'tpc'@'localhost' to database 'master_agent' (SQL: select * from `platform`)  
[2022-07-01 04:10:22] local.DEBUG: -> end  
[2022-07-01 04:12:14] local.DEBUG: error exception | AgentController -> get()  
[2022-07-01 04:12:14] local.DEBUG: user agent : Mozilla/5.0 (Windows NT 6.1) AppleWebKit/537.36 (KHTML, like Gecko) Chrome/103.0.0.0 Safari/537.36  
[2022-07-01 04:12:14] local.DEBUG: -> error string  
[2022-07-01 04:12:14] local.DEBUG: SQLSTATE[HY000] [1044] Access denied for user 'tpc'@'localhost' to database 'master_agent' (SQL: select * from `platform`)  
[2022-07-01 04:12:14] local.DEBUG: -> end  
[2022-07-01 04:12:48] local.DEBUG: error exception | AgentController -> get()  
[2022-07-01 04:12:48] local.DEBUG: user agent : Mozilla/5.0 (Windows NT 6.1) AppleWebKit/537.36 (KHTML, like Gecko) Chrome/103.0.0.0 Safari/537.36  
[2022-07-01 04:12:48] local.DEBUG: -> error string  
[2022-07-01 04:12:48] local.DEBUG: SQLSTATE[HY000] [1044] Access denied for user 'tpc'@'localhost' to database 'master_agent' (SQL: select * from `platform`)  
[2022-07-01 04:12:48] local.DEBUG: -> end  
[2022-07-01 04:14:11] local.DEBUG: error exception | AgentController -> get()  
[2022-07-01 04:14:11] local.DEBUG: user agent : Mozilla/5.0 (Windows NT 6.1) AppleWebKit/537.36 (KHTML, like Gecko) Chrome/103.0.0.0 Safari/537.36  
[2022-07-01 04:14:11] local.DEBUG: -> error string  
[2022-07-01 04:14:11] local.DEBUG: SQLSTATE[HY000] [1044] Access denied for user 'tpc'@'localhost' to database 'master_agent' (SQL: select * from `platform`)  
[2022-07-01 04:14:11] local.DEBUG: -> end  
[2022-07-01 04:15:14] local.DEBUG: error exception | AgentController -> get()  
[2022-07-01 04:15:14] local.DEBUG: user agent : Mozilla/5.0 (Windows NT 6.1) AppleWebKit/537.36 (KHTML, like Gecko) Chrome/103.0.0.0 Safari/537.36  
[2022-07-01 04:15:14] local.DEBUG: -> error string  
[2022-07-01 04:15:14] local.DEBUG: SQLSTATE[HY000] [1044] Access denied for user 'tpc'@'localhost' to database 'master_agent' (SQL: select * from `platform`)  
[2022-07-01 04:15:14] local.DEBUG: -> end  
[2022-07-01 04:27:50] local.DEBUG: error exception | AgentController -> get()  
[2022-07-01 04:27:50] local.DEBUG: user agent : Mozilla/5.0 (Windows NT 6.1) AppleWebKit/537.36 (KHTML, like Gecko) Chrome/103.0.0.0 Safari/537.36  
[2022-07-01 04:27:50] local.DEBUG: -> error string  
[2022-07-01 04:27:50] local.DEBUG: SQLSTATE[HY000] [1044] Access denied for user 'tpc'@'localhost' to database 'master_agent' (SQL: select * from `platform`)  
[2022-07-01 04:27:50] local.DEBUG: -> end  
[2022-07-01 04:29:01] local.DEBUG: error exception | AgentController -> get()  
[2022-07-01 04:29:01] local.DEBUG: user agent : Mozilla/5.0 (Windows NT 6.1) AppleWebKit/537.36 (KHTML, like Gecko) Chrome/103.0.0.0 Safari/537.36  
[2022-07-01 04:29:01] local.DEBUG: -> error string  
[2022-07-01 04:29:01] local.DEBUG: SQLSTATE[HY000] [1044] Access denied for user 'tpc'@'localhost' to database 'master_agent' (SQL: select * from `platform`)  
[2022-07-01 04:29:01] local.DEBUG: -> end  
[2022-07-01 05:14:37] local.DEBUG: error exception | AgentController -> get()  
[2022-07-01 05:14:37] local.DEBUG: user agent : Mozilla/5.0 (Windows NT 6.1) AppleWebKit/537.36 (KHTML, like Gecko) Chrome/103.0.0.0 Safari/537.36  
[2022-07-01 05:14:37] local.DEBUG: -> error string  
[2022-07-01 05:14:37] local.DEBUG: SQLSTATE[HY000] [1044] Access denied for user 'tpc'@'localhost' to database 'master_agent' (SQL: select * from `platform`)  
[2022-07-01 05:14:37] local.DEBUG: -> end  
[2022-07-01 05:23:05] local.DEBUG: error exception | AgentController -> get()  
[2022-07-01 05:23:05] local.DEBUG: user agent : Mozilla/5.0 (Windows NT 6.1) AppleWebKit/537.36 (KHTML, like Gecko) Chrome/103.0.0.0 Safari/537.36  
[2022-07-01 05:23:05] local.DEBUG: -> error string  
[2022-07-01 05:23:05] local.DEBUG: SQLSTATE[HY000] [1044] Access denied for user 'tpc'@'localhost' to database 'master_agent' (SQL: select * from `platform`)  
[2022-07-01 05:23:05] local.DEBUG: -> end  
[2022-07-01 05:24:21] local.DEBUG: error exception | AgentController -> get()  
[2022-07-01 05:24:21] local.DEBUG: user agent : Mozilla/5.0 (Windows NT 6.1) AppleWebKit/537.36 (KHTML, like Gecko) Chrome/103.0.0.0 Safari/537.36  
[2022-07-01 05:24:21] local.DEBUG: -> error string  
[2022-07-01 05:24:21] local.DEBUG: SQLSTATE[HY000] [1044] Access denied for user 'tpc'@'localhost' to database 'master_agent' (SQL: select * from `platform`)  
[2022-07-01 05:24:21] local.DEBUG: -> end  
[2022-07-01 05:24:54] local.DEBUG: error exception | AgentController -> get()  
[2022-07-01 05:24:54] local.DEBUG: user agent : Mozilla/5.0 (Windows NT 6.1) AppleWebKit/537.36 (KHTML, like Gecko) Chrome/103.0.0.0 Safari/537.36  
[2022-07-01 05:24:54] local.DEBUG: -> error string  
[2022-07-01 05:24:54] local.DEBUG: SQLSTATE[HY000] [1044] Access denied for user 'tpc'@'localhost' to database 'master_agent' (SQL: select * from `platform`)  
[2022-07-01 05:24:54] local.DEBUG: -> end  
[2022-07-01 05:25:30] local.DEBUG: error exception | AgentController -> get()  
[2022-07-01 05:25:30] local.DEBUG: user agent : Mozilla/5.0 (Windows NT 6.1) AppleWebKit/537.36 (KHTML, like Gecko) Chrome/103.0.0.0 Safari/537.36  
[2022-07-01 05:25:30] local.DEBUG: -> error string  
[2022-07-01 05:25:30] local.DEBUG: SQLSTATE[HY000] [1044] Access denied for user 'tpc'@'localhost' to database 'master_agent' (SQL: select * from `platform`)  
[2022-07-01 05:25:30] local.DEBUG: -> end  
[2022-07-01 05:26:08] local.DEBUG: error exception | AgentController -> get()  
[2022-07-01 05:26:08] local.DEBUG: user agent : Mozilla/5.0 (Windows NT 6.1) AppleWebKit/537.36 (KHTML, like Gecko) Chrome/103.0.0.0 Safari/537.36  
[2022-07-01 05:26:08] local.DEBUG: -> error string  
[2022-07-01 05:26:08] local.DEBUG: SQLSTATE[HY000] [1044] Access denied for user 'tpc'@'localhost' to database 'master_agent' (SQL: select * from `platform`)  
[2022-07-01 05:26:08] local.DEBUG: -> end  
[2022-07-01 05:26:22] local.DEBUG: error exception | AgentController -> get()  
[2022-07-01 05:26:22] local.DEBUG: user agent : Mozilla/5.0 (Windows NT 6.1) AppleWebKit/537.36 (KHTML, like Gecko) Chrome/103.0.0.0 Safari/537.36  
[2022-07-01 05:26:22] local.DEBUG: -> error string  
[2022-07-01 05:26:22] local.DEBUG: SQLSTATE[HY000] [1044] Access denied for user 'tpc'@'localhost' to database 'master_agent' (SQL: select * from `platform`)  
[2022-07-01 05:26:22] local.DEBUG: -> end  
[2022-07-01 05:26:36] local.DEBUG: error exception | AgentController -> get()  
[2022-07-01 05:26:36] local.DEBUG: user agent : Mozilla/5.0 (Windows NT 6.1) AppleWebKit/537.36 (KHTML, like Gecko) Chrome/103.0.0.0 Safari/537.36  
[2022-07-01 05:26:36] local.DEBUG: -> error string  
[2022-07-01 05:26:36] local.DEBUG: SQLSTATE[HY000] [1044] Access denied for user 'tpc'@'localhost' to database 'master_agent' (SQL: select * from `platform`)  
[2022-07-01 05:26:36] local.DEBUG: -> end  
[2022-07-01 05:27:25] local.DEBUG: error exception | AgentController -> get()  
[2022-07-01 05:27:25] local.DEBUG: user agent : Mozilla/5.0 (Windows NT 6.1) AppleWebKit/537.36 (KHTML, like Gecko) Chrome/103.0.0.0 Safari/537.36  
[2022-07-01 05:27:25] local.DEBUG: -> error string  
[2022-07-01 05:27:25] local.DEBUG: SQLSTATE[HY000] [1044] Access denied for user 'tpc'@'localhost' to database 'master_agent' (SQL: select * from `platform`)  
[2022-07-01 05:27:25] local.DEBUG: -> end  
[2022-07-01 05:28:11] local.DEBUG: error exception | AgentController -> get()  
[2022-07-01 05:28:11] local.DEBUG: user agent : Mozilla/5.0 (Windows NT 6.1) AppleWebKit/537.36 (KHTML, like Gecko) Chrome/103.0.0.0 Safari/537.36  
[2022-07-01 05:28:11] local.DEBUG: -> error string  
[2022-07-01 05:28:11] local.DEBUG: SQLSTATE[HY000] [1044] Access denied for user 'tpc'@'localhost' to database 'master_agent' (SQL: select * from `platform`)  
[2022-07-01 05:28:11] local.DEBUG: -> end  
[2022-07-01 06:37:57] local.DEBUG: error exception | AgentController -> get()  
[2022-07-01 06:37:57] local.DEBUG: user agent : Mozilla/5.0 (Windows NT 6.1) AppleWebKit/537.36 (KHTML, like Gecko) Chrome/103.0.0.0 Safari/537.36  
[2022-07-01 06:37:57] local.DEBUG: -> error string  
[2022-07-01 06:37:57] local.DEBUG: SQLSTATE[HY000] [1044] Access denied for user 'tpc'@'localhost' to database 'master_agent' (SQL: select * from `platform`)  
[2022-07-01 06:37:57] local.DEBUG: -> end  
[2022-07-01 06:38:37] local.DEBUG: error exception | AgentController -> get()  
[2022-07-01 06:38:37] local.DEBUG: user agent : Mozilla/5.0 (Windows NT 6.1) AppleWebKit/537.36 (KHTML, like Gecko) Chrome/103.0.0.0 Safari/537.36  
[2022-07-01 06:38:37] local.DEBUG: -> error string  
[2022-07-01 06:38:37] local.DEBUG: SQLSTATE[HY000] [1044] Access denied for user 'tpc'@'localhost' to database 'master_agent' (SQL: select * from `platform`)  
[2022-07-01 06:38:37] local.DEBUG: -> end  
[2022-07-01 06:39:48] local.DEBUG: error exception | AgentController -> get()  
[2022-07-01 06:39:48] local.DEBUG: user agent : Mozilla/5.0 (Windows NT 6.1) AppleWebKit/537.36 (KHTML, like Gecko) Chrome/103.0.0.0 Safari/537.36  
[2022-07-01 06:39:48] local.DEBUG: -> error string  
[2022-07-01 06:39:48] local.DEBUG: SQLSTATE[HY000] [1044] Access denied for user 'tpc'@'localhost' to database 'master_agent' (SQL: select * from `platform`)  
[2022-07-01 06:39:48] local.DEBUG: -> end  
[2022-07-01 06:55:03] local.DEBUG: error exception | AgentController -> get()  
[2022-07-01 06:55:03] local.DEBUG: user agent : Mozilla/5.0 (Windows NT 6.1) AppleWebKit/537.36 (KHTML, like Gecko) Chrome/103.0.0.0 Safari/537.36  
[2022-07-01 06:55:03] local.DEBUG: -> error string  
[2022-07-01 06:55:03] local.DEBUG: SQLSTATE[HY000] [1044] Access denied for user 'tpc'@'localhost' to database 'master_agent' (SQL: select * from `platform`)  
[2022-07-01 06:55:03] local.DEBUG: -> end  
[2022-07-01 07:02:27] local.DEBUG: error exception | AgentController -> get()  
[2022-07-01 07:02:27] local.DEBUG: user agent : Mozilla/5.0 (Windows NT 6.1) AppleWebKit/537.36 (KHTML, like Gecko) Chrome/103.0.0.0 Safari/537.36  
[2022-07-01 07:02:27] local.DEBUG: -> error string  
[2022-07-01 07:02:27] local.DEBUG: SQLSTATE[HY000] [1044] Access denied for user 'tpc'@'localhost' to database 'master_agent' (SQL: select * from `platform`)  
[2022-07-01 07:02:27] local.DEBUG: -> end  
[2022-07-01 07:05:47] local.DEBUG: error exception | AgentController -> get()  
[2022-07-01 07:05:47] local.DEBUG: user agent : Mozilla/5.0 (Windows NT 6.1) AppleWebKit/537.36 (KHTML, like Gecko) Chrome/103.0.0.0 Safari/537.36  
[2022-07-01 07:05:47] local.DEBUG: -> error string  
[2022-07-01 07:05:47] local.DEBUG: SQLSTATE[HY000] [1044] Access denied for user 'tpc'@'localhost' to database 'master_agent' (SQL: select * from `platform`)  
[2022-07-01 07:05:47] local.DEBUG: -> end  
[2022-07-01 07:08:38] local.DEBUG: error exception | AgentController -> get()  
[2022-07-01 07:08:38] local.DEBUG: user agent : Mozilla/5.0 (Windows NT 6.1) AppleWebKit/537.36 (KHTML, like Gecko) Chrome/103.0.0.0 Safari/537.36  
[2022-07-01 07:08:38] local.DEBUG: -> error string  
[2022-07-01 07:08:38] local.DEBUG: SQLSTATE[HY000] [1044] Access denied for user 'tpc'@'localhost' to database 'master_agent' (SQL: select * from `platform`)  
[2022-07-01 07:08:38] local.DEBUG: -> end  
[2022-07-01 07:09:22] local.DEBUG: error exception | AgentController -> get()  
[2022-07-01 07:09:22] local.DEBUG: user agent : Mozilla/5.0 (Windows NT 6.1) AppleWebKit/537.36 (KHTML, like Gecko) Chrome/103.0.0.0 Safari/537.36  
[2022-07-01 07:09:22] local.DEBUG: -> error string  
[2022-07-01 07:09:22] local.DEBUG: SQLSTATE[HY000] [1044] Access denied for user 'tpc'@'localhost' to database 'master_agent' (SQL: select * from `platform`)  
[2022-07-01 07:09:22] local.DEBUG: -> end  
[2022-07-01 07:10:33] local.DEBUG: error exception | AgentController -> get()  
[2022-07-01 07:10:33] local.DEBUG: user agent : Mozilla/5.0 (Windows NT 6.1) AppleWebKit/537.36 (KHTML, like Gecko) Chrome/103.0.0.0 Safari/537.36  
[2022-07-01 07:10:33] local.DEBUG: -> error string  
[2022-07-01 07:10:33] local.DEBUG: SQLSTATE[HY000] [1044] Access denied for user 'tpc'@'localhost' to database 'master_agent' (SQL: select * from `platform`)  
[2022-07-01 07:10:33] local.DEBUG: -> end  
[2022-07-01 07:13:51] local.DEBUG: error exception | AgentController -> get()  
[2022-07-01 07:13:51] local.DEBUG: user agent : Mozilla/5.0 (Windows NT 6.1) AppleWebKit/537.36 (KHTML, like Gecko) Chrome/103.0.0.0 Safari/537.36  
[2022-07-01 07:13:51] local.DEBUG: -> error string  
[2022-07-01 07:13:51] local.DEBUG: SQLSTATE[HY000] [1044] Access denied for user 'tpc'@'localhost' to database 'master_agent' (SQL: select * from `platform`)  
[2022-07-01 07:13:51] local.DEBUG: -> end  
[2022-07-01 07:16:58] local.DEBUG: error exception | AgentController -> get()  
[2022-07-01 07:16:58] local.DEBUG: user agent : Mozilla/5.0 (Windows NT 6.1) AppleWebKit/537.36 (KHTML, like Gecko) Chrome/103.0.0.0 Safari/537.36  
[2022-07-01 07:16:58] local.DEBUG: -> error string  
[2022-07-01 07:16:58] local.DEBUG: SQLSTATE[HY000] [1044] Access denied for user 'tpc'@'localhost' to database 'master_agent' (SQL: select * from `platform`)  
[2022-07-01 07:16:58] local.DEBUG: -> end  
[2022-07-01 07:18:30] local.DEBUG: error exception | AgentController -> get()  
[2022-07-01 07:18:30] local.DEBUG: user agent : Mozilla/5.0 (Windows NT 6.1) AppleWebKit/537.36 (KHTML, like Gecko) Chrome/103.0.0.0 Safari/537.36  
[2022-07-01 07:18:30] local.DEBUG: -> error string  
[2022-07-01 07:18:30] local.DEBUG: SQLSTATE[HY000] [1044] Access denied for user 'tpc'@'localhost' to database 'master_agent' (SQL: select * from `platform`)  
[2022-07-01 07:18:30] local.DEBUG: -> end  
[2022-07-01 07:20:48] local.DEBUG: error exception | AgentController -> get()  
[2022-07-01 07:20:48] local.DEBUG: user agent : Mozilla/5.0 (Windows NT 6.1) AppleWebKit/537.36 (KHTML, like Gecko) Chrome/103.0.0.0 Safari/537.36  
[2022-07-01 07:20:48] local.DEBUG: -> error string  
[2022-07-01 07:20:48] local.DEBUG: SQLSTATE[HY000] [1044] Access denied for user 'tpc'@'localhost' to database 'master_agent' (SQL: select * from `platform`)  
[2022-07-01 07:20:48] local.DEBUG: -> end  
[2022-07-01 07:21:50] local.DEBUG: error exception | AgentController -> get()  
[2022-07-01 07:21:50] local.DEBUG: user agent : Mozilla/5.0 (Windows NT 6.1) AppleWebKit/537.36 (KHTML, like Gecko) Chrome/103.0.0.0 Safari/537.36  
[2022-07-01 07:21:50] local.DEBUG: -> error string  
[2022-07-01 07:21:50] local.DEBUG: SQLSTATE[HY000] [1044] Access denied for user 'tpc'@'localhost' to database 'master_agent' (SQL: select * from `platform`)  
[2022-07-01 07:21:50] local.DEBUG: -> end  
[2022-07-01 07:23:13] local.DEBUG: error exception | AgentController -> get()  
[2022-07-01 07:23:13] local.DEBUG: user agent : Mozilla/5.0 (Windows NT 6.1) AppleWebKit/537.36 (KHTML, like Gecko) Chrome/103.0.0.0 Safari/537.36  
[2022-07-01 07:23:13] local.DEBUG: -> error string  
[2022-07-01 07:23:13] local.DEBUG: SQLSTATE[HY000] [1044] Access denied for user 'tpc'@'localhost' to database 'master_agent' (SQL: select * from `platform`)  
[2022-07-01 07:23:13] local.DEBUG: -> end  
[2022-07-01 07:25:26] local.DEBUG: error exception | AgentController -> get()  
[2022-07-01 07:25:26] local.DEBUG: user agent : Mozilla/5.0 (Windows NT 6.1) AppleWebKit/537.36 (KHTML, like Gecko) Chrome/103.0.0.0 Safari/537.36  
[2022-07-01 07:25:26] local.DEBUG: -> error string  
[2022-07-01 07:25:26] local.DEBUG: SQLSTATE[HY000] [1044] Access denied for user 'tpc'@'localhost' to database 'master_agent' (SQL: select * from `platform`)  
[2022-07-01 07:25:26] local.DEBUG: -> end  
[2022-07-01 07:27:52] local.DEBUG: error exception | AgentController -> get()  
[2022-07-01 07:27:52] local.DEBUG: user agent : Mozilla/5.0 (Windows NT 6.1) AppleWebKit/537.36 (KHTML, like Gecko) Chrome/103.0.0.0 Safari/537.36  
[2022-07-01 07:27:52] local.DEBUG: -> error string  
[2022-07-01 07:27:52] local.DEBUG: SQLSTATE[HY000] [1044] Access denied for user 'tpc'@'localhost' to database 'master_agent' (SQL: select * from `platform`)  
[2022-07-01 07:27:52] local.DEBUG: -> end  
[2022-07-01 07:34:38] local.DEBUG: error exception | AgentController -> get()  
[2022-07-01 07:34:38] local.DEBUG: user agent : Mozilla/5.0 (Windows NT 6.1) AppleWebKit/537.36 (KHTML, like Gecko) Chrome/103.0.0.0 Safari/537.36  
[2022-07-01 07:34:38] local.DEBUG: -> error string  
[2022-07-01 07:34:38] local.DEBUG: SQLSTATE[HY000] [1044] Access denied for user 'tpc'@'localhost' to database 'master_agent' (SQL: select * from `platform`)  
[2022-07-01 07:34:38] local.DEBUG: -> end  
[2022-07-01 07:47:51] local.DEBUG: error exception | AgentController -> get()  
[2022-07-01 07:47:51] local.DEBUG: user agent : Mozilla/5.0 (Windows NT 6.1) AppleWebKit/537.36 (KHTML, like Gecko) Chrome/103.0.0.0 Safari/537.36  
[2022-07-01 07:47:51] local.DEBUG: -> error string  
[2022-07-01 07:47:51] local.DEBUG: SQLSTATE[HY000] [1044] Access denied for user 'tpc'@'localhost' to database 'master_agent' (SQL: select * from `platform`)  
[2022-07-01 07:47:51] local.DEBUG: -> end  
