[2022-06-22 01:24:33] local.DEBUG: error exception | AgentController -> get()  
[2022-06-22 01:24:33] local.DEBUG: user agent : Mozilla/5.0 (Windows NT 6.1) AppleWebKit/537.36 (KHTML, like Gecko) Chrome/102.0.0.0 Safari/537.36  
[2022-06-22 01:24:33] local.DEBUG: -> error string  
[2022-06-22 01:24:33] local.DEBUG: SQLSTATE[HY000] [1044] Access denied for user 'tpc'@'localhost' to database 'master_agent' (SQL: select * from `platform`)  
[2022-06-22 01:24:33] local.DEBUG: -> end  
[2022-06-22 01:25:04] local.DEBUG: error exception | AgentController -> get()  
[2022-06-22 01:25:04] local.DEBUG: user agent : Mozilla/5.0 (Windows NT 6.1) AppleWebKit/537.36 (KHTML, like Gecko) Chrome/102.0.0.0 Safari/537.36  
[2022-06-22 01:25:04] local.DEBUG: -> error string  
[2022-06-22 01:25:04] local.DEBUG: SQLSTATE[HY000] [1044] Access denied for user 'tpc'@'localhost' to database 'master_agent' (SQL: select * from `platform`)  
[2022-06-22 01:25:04] local.DEBUG: -> end  
[2022-06-22 01:25:07] local.DEBUG: error exception | AgentController -> get()  
[2022-06-22 01:25:07] local.DEBUG: user agent : Mozilla/5.0 (Windows NT 6.1) AppleWebKit/537.36 (KHTML, like Gecko) Chrome/102.0.0.0 Safari/537.36  
[2022-06-22 01:25:07] local.DEBUG: -> error string  
[2022-06-22 01:25:07] local.DEBUG: SQLSTATE[HY000] [1044] Access denied for user 'tpc'@'localhost' to database 'master_agent' (SQL: select * from `platform`)  
[2022-06-22 01:25:07] local.DEBUG: -> end  
[2022-06-22 01:25:09] local.DEBUG: error exception | AgentController -> get()  
[2022-06-22 01:25:09] local.DEBUG: user agent : Mozilla/5.0 (Windows NT 6.1) AppleWebKit/537.36 (KHTML, like Gecko) Chrome/102.0.0.0 Safari/537.36  
[2022-06-22 01:25:09] local.DEBUG: -> error string  
[2022-06-22 01:25:09] local.DEBUG: SQLSTATE[HY000] [1044] Access denied for user 'tpc'@'localhost' to database 'master_agent' (SQL: select * from `platform`)  
[2022-06-22 01:25:09] local.DEBUG: -> end  
[2022-06-22 01:25:09] local.DEBUG: error exception | AgentController -> get()  
[2022-06-22 01:25:09] local.DEBUG: user agent : Mozilla/5.0 (Windows NT 6.1) AppleWebKit/537.36 (KHTML, like Gecko) Chrome/102.0.0.0 Safari/537.36  
[2022-06-22 01:25:09] local.DEBUG: -> error string  
[2022-06-22 01:25:09] local.DEBUG: SQLSTATE[HY000] [1044] Access denied for user 'tpc'@'localhost' to database 'master_agent' (SQL: select * from `platform`)  
[2022-06-22 01:25:09] local.DEBUG: -> end  
[2022-06-22 01:25:23] local.DEBUG: error exception | AgentController -> get()  
[2022-06-22 01:25:23] local.DEBUG: user agent : Mozilla/5.0 (Windows NT 6.1) AppleWebKit/537.36 (KHTML, like Gecko) Chrome/102.0.0.0 Safari/537.36  
[2022-06-22 01:25:23] local.DEBUG: -> error string  
[2022-06-22 01:25:23] local.DEBUG: SQLSTATE[HY000] [1044] Access denied for user 'tpc'@'localhost' to database 'master_agent' (SQL: select * from `platform`)  
[2022-06-22 01:25:23] local.DEBUG: -> end  
[2022-06-22 01:27:31] local.DEBUG: error exception | AgentController -> get()  
[2022-06-22 01:27:31] local.DEBUG: user agent : Mozilla/5.0 (Linux; Android 4.1.1; X909 Build/JRO03L) AppleWebKit/537.36 (KHTML, like Gecko) Chrome/30.0.1599.92 Mobile Safari/537.36  
[2022-06-22 01:27:31] local.DEBUG: -> error string  
[2022-06-22 01:27:31] local.DEBUG: SQLSTATE[HY000] [1044] Access denied for user 'tpc'@'localhost' to database 'master_agent' (SQL: select * from `platform`)  
[2022-06-22 01:27:31] local.DEBUG: -> end  
[2022-06-22 01:35:21] local.DEBUG: error exception | AgentController -> get()  
[2022-06-22 01:35:21] local.DEBUG: user agent : Mozilla/5.0 (Linux; Android 4.1.1; X909 Build/JRO03L) AppleWebKit/537.36 (KHTML, like Gecko) Chrome/30.0.1599.92 Mobile Safari/537.36  
[2022-06-22 01:35:21] local.DEBUG: -> error string  
[2022-06-22 01:35:21] local.DEBUG: SQLSTATE[HY000] [1044] Access denied for user 'tpc'@'localhost' to database 'master_agent' (SQL: select * from `platform`)  
[2022-06-22 01:35:21] local.DEBUG: -> end  
[2022-06-22 01:35:22] local.DEBUG: error exception | AgentController -> get()  
[2022-06-22 01:35:22] local.DEBUG: user agent : Mozilla/5.0 (Windows NT 6.1) AppleWebKit/537.36 (KHTML, like Gecko) Chrome/102.0.0.0 Safari/537.36  
[2022-06-22 01:35:22] local.DEBUG: -> error string  
[2022-06-22 01:35:22] local.DEBUG: SQLSTATE[HY000] [1044] Access denied for user 'tpc'@'localhost' to database 'master_agent' (SQL: select * from `platform`)  
[2022-06-22 01:35:22] local.DEBUG: -> end  
[2022-06-22 01:35:29] local.DEBUG: error exception | AgentController -> get()  
[2022-06-22 01:35:29] local.DEBUG: user agent : Mozilla/5.0 (Windows NT 6.1) AppleWebKit/537.36 (KHTML, like Gecko) Chrome/102.0.0.0 Safari/537.36  
[2022-06-22 01:35:29] local.DEBUG: -> error string  
[2022-06-22 01:35:29] local.DEBUG: SQLSTATE[HY000] [1044] Access denied for user 'tpc'@'localhost' to database 'master_agent' (SQL: select * from `platform`)  
[2022-06-22 01:35:29] local.DEBUG: -> end  
[2022-06-22 01:35:31] local.DEBUG: error exception | AgentController -> get()  
[2022-06-22 01:35:31] local.DEBUG: user agent : Mozilla/5.0 (Linux; Android 4.1.1; X909 Build/JRO03L) AppleWebKit/537.36 (KHTML, like Gecko) Chrome/30.0.1599.92 Mobile Safari/537.36  
[2022-06-22 01:35:31] local.DEBUG: -> error string  
[2022-06-22 01:35:31] local.DEBUG: SQLSTATE[HY000] [1044] Access denied for user 'tpc'@'localhost' to database 'master_agent' (SQL: select * from `platform`)  
[2022-06-22 01:35:31] local.DEBUG: -> end  
[2022-06-22 01:35:33] local.DEBUG: error exception | AgentController -> get()  
[2022-06-22 01:35:33] local.DEBUG: user agent : Mozilla/5.0 (Linux; Android 4.1.1; X909 Build/JRO03L) AppleWebKit/537.36 (KHTML, like Gecko) Chrome/30.0.1599.92 Mobile Safari/537.36  
[2022-06-22 01:35:33] local.DEBUG: -> error string  
[2022-06-22 01:35:33] local.DEBUG: SQLSTATE[HY000] [1044] Access denied for user 'tpc'@'localhost' to database 'master_agent' (SQL: select * from `platform`)  
[2022-06-22 01:35:33] local.DEBUG: -> end  
[2022-06-22 01:35:34] local.DEBUG: error exception | AgentController -> get()  
[2022-06-22 01:35:34] local.DEBUG: user agent : Mozilla/5.0 (Linux; Android 4.1.1; X909 Build/JRO03L) AppleWebKit/537.36 (KHTML, like Gecko) Chrome/30.0.1599.92 Mobile Safari/537.36  
[2022-06-22 01:35:34] local.DEBUG: -> error string  
[2022-06-22 01:35:34] local.DEBUG: SQLSTATE[HY000] [1044] Access denied for user 'tpc'@'localhost' to database 'master_agent' (SQL: select * from `platform`)  
[2022-06-22 01:35:34] local.DEBUG: -> end  
[2022-06-22 01:35:39] local.DEBUG: error exception | AgentController -> get()  
[2022-06-22 01:35:39] local.DEBUG: user agent : Mozilla/5.0 (Windows NT 6.1) AppleWebKit/537.36 (KHTML, like Gecko) Chrome/102.0.0.0 Safari/537.36  
[2022-06-22 01:35:39] local.DEBUG: -> error string  
[2022-06-22 01:35:39] local.DEBUG: SQLSTATE[HY000] [1044] Access denied for user 'tpc'@'localhost' to database 'master_agent' (SQL: select * from `platform`)  
[2022-06-22 01:35:39] local.DEBUG: -> end  
[2022-06-22 01:38:49] local.DEBUG: error exception | AgentController -> get()  
[2022-06-22 01:38:49] local.DEBUG: user agent : Mozilla/5.0 (Linux; Android 4.1.1; X909 Build/JRO03L) AppleWebKit/537.36 (KHTML, like Gecko) Chrome/30.0.1599.92 Mobile Safari/537.36  
[2022-06-22 01:38:49] local.DEBUG: -> error string  
[2022-06-22 01:38:49] local.DEBUG: SQLSTATE[HY000] [1044] Access denied for user 'tpc'@'localhost' to database 'master_agent' (SQL: select * from `platform`)  
[2022-06-22 01:38:49] local.DEBUG: -> end  
[2022-06-22 01:40:31] local.DEBUG: error exception | AgentController -> get()  
[2022-06-22 01:40:31] local.DEBUG: user agent : Mozilla/5.0 (Windows NT 6.1) AppleWebKit/537.36 (KHTML, like Gecko) Chrome/102.0.0.0 Safari/537.36  
[2022-06-22 01:40:31] local.DEBUG: -> error string  
[2022-06-22 01:40:31] local.DEBUG: SQLSTATE[HY000] [1044] Access denied for user 'tpc'@'localhost' to database 'master_agent' (SQL: select * from `platform`)  
[2022-06-22 01:40:31] local.DEBUG: -> end  
[2022-06-22 01:40:41] local.DEBUG: error exception | AgentController -> get()  
[2022-06-22 01:40:41] local.DEBUG: user agent : Mozilla/5.0 (Windows NT 6.1) AppleWebKit/537.36 (KHTML, like Gecko) Chrome/102.0.0.0 Safari/537.36  
[2022-06-22 01:40:41] local.DEBUG: -> error string  
[2022-06-22 01:40:41] local.DEBUG: SQLSTATE[HY000] [1044] Access denied for user 'tpc'@'localhost' to database 'master_agent' (SQL: select * from `platform`)  
[2022-06-22 01:40:41] local.DEBUG: -> end  
[2022-06-22 01:41:33] local.DEBUG: error exception | AgentController -> get()  
[2022-06-22 01:41:33] local.DEBUG: user agent : Mozilla/5.0 (Windows NT 6.1) AppleWebKit/537.36 (KHTML, like Gecko) Chrome/102.0.0.0 Safari/537.36  
[2022-06-22 01:41:33] local.DEBUG: -> error string  
[2022-06-22 01:41:33] local.DEBUG: SQLSTATE[HY000] [1044] Access denied for user 'tpc'@'localhost' to database 'master_agent' (SQL: select * from `platform`)  
[2022-06-22 01:41:33] local.DEBUG: -> end  
[2022-06-22 01:47:46] local.DEBUG: error exception | AgentController -> get()  
[2022-06-22 01:47:46] local.DEBUG: user agent : Mozilla/5.0 (Windows NT 6.1) AppleWebKit/537.36 (KHTML, like Gecko) Chrome/102.0.0.0 Safari/537.36  
[2022-06-22 01:47:46] local.DEBUG: -> error string  
[2022-06-22 01:47:46] local.DEBUG: SQLSTATE[HY000] [1044] Access denied for user 'tpc'@'localhost' to database 'master_agent' (SQL: select * from `platform`)  
[2022-06-22 01:47:46] local.DEBUG: -> end  
[2022-06-22 01:50:17] local.DEBUG: error exception | AgentController -> get()  
[2022-06-22 01:50:17] local.DEBUG: user agent : Mozilla/5.0 (Windows NT 6.1) AppleWebKit/537.36 (KHTML, like Gecko) Chrome/102.0.0.0 Safari/537.36  
[2022-06-22 01:50:17] local.DEBUG: -> error string  
[2022-06-22 01:50:17] local.DEBUG: SQLSTATE[HY000] [1044] Access denied for user 'tpc'@'localhost' to database 'master_agent' (SQL: select * from `platform`)  
[2022-06-22 01:50:17] local.DEBUG: -> end  
[2022-06-22 01:52:37] local.DEBUG: error exception | AgentController -> get()  
[2022-06-22 01:52:37] local.DEBUG: user agent : Mozilla/5.0 (Windows NT 6.1) AppleWebKit/537.36 (KHTML, like Gecko) Chrome/102.0.0.0 Safari/537.36  
[2022-06-22 01:52:37] local.DEBUG: -> error string  
[2022-06-22 01:52:37] local.DEBUG: SQLSTATE[HY000] [1044] Access denied for user 'tpc'@'localhost' to database 'master_agent' (SQL: select * from `platform`)  
[2022-06-22 01:52:37] local.DEBUG: -> end  
