[2022-06-25 01:06:02] local.DEBUG: error exception | AgentController -> get()  
[2022-06-25 01:06:02] local.DEBUG: user agent : Mozilla/5.0 (Windows NT 6.1) AppleWebKit/537.36 (KHTML, like Gecko) Chrome/102.0.0.0 Safari/537.36  
[2022-06-25 01:06:02] local.DEBUG: -> error string  
[2022-06-25 01:06:02] local.DEBUG: SQLSTATE[HY000] [1044] Access denied for user 'tpc'@'localhost' to database 'master_agent' (SQL: select * from `platform`)  
[2022-06-25 01:06:02] local.DEBUG: -> end  
[2022-06-25 01:06:21] local.DEBUG: error exception | AgentController -> get()  
[2022-06-25 01:06:21] local.DEBUG: user agent : Mozilla/5.0 (Windows NT 6.1) AppleWebKit/537.36 (KHTML, like Gecko) Chrome/102.0.0.0 Safari/537.36  
[2022-06-25 01:06:21] local.DEBUG: -> error string  
[2022-06-25 01:06:21] local.DEBUG: SQLSTATE[HY000] [1044] Access denied for user 'tpc'@'localhost' to database 'master_agent' (SQL: select * from `platform`)  
[2022-06-25 01:06:21] local.DEBUG: -> end  
[2022-06-25 01:06:25] local.DEBUG: error exception | AgentController -> get()  
[2022-06-25 01:06:25] local.DEBUG: user agent : Mozilla/5.0 (Windows NT 6.1) AppleWebKit/537.36 (KHTML, like Gecko) Chrome/102.0.0.0 Safari/537.36  
[2022-06-25 01:06:25] local.DEBUG: -> error string  
[2022-06-25 01:06:25] local.DEBUG: SQLSTATE[HY000] [1044] Access denied for user 'tpc'@'localhost' to database 'master_agent' (SQL: select * from `platform`)  
[2022-06-25 01:06:25] local.DEBUG: -> end  
[2022-06-25 01:06:26] local.DEBUG: error exception | AgentController -> get()  
[2022-06-25 01:06:26] local.DEBUG: user agent : Mozilla/5.0 (Windows NT 6.1) AppleWebKit/537.36 (KHTML, like Gecko) Chrome/102.0.0.0 Safari/537.36  
[2022-06-25 01:06:26] local.DEBUG: -> error string  
[2022-06-25 01:06:26] local.DEBUG: SQLSTATE[HY000] [1044] Access denied for user 'tpc'@'localhost' to database 'master_agent' (SQL: select * from `platform`)  
[2022-06-25 01:06:26] local.DEBUG: -> end  
[2022-06-25 01:06:26] local.DEBUG: error exception | AgentController -> get()  
[2022-06-25 01:06:26] local.DEBUG: user agent : Mozilla/5.0 (Windows NT 6.1) AppleWebKit/537.36 (KHTML, like Gecko) Chrome/102.0.0.0 Safari/537.36  
[2022-06-25 01:06:26] local.DEBUG: -> error string  
[2022-06-25 01:06:26] local.DEBUG: SQLSTATE[HY000] [1044] Access denied for user 'tpc'@'localhost' to database 'master_agent' (SQL: select * from `platform`)  
[2022-06-25 01:06:26] local.DEBUG: -> end  
[2022-06-25 01:06:27] local.DEBUG: error exception | AgentController -> get()  
[2022-06-25 01:06:27] local.DEBUG: user agent : Mozilla/5.0 (Windows NT 6.1) AppleWebKit/537.36 (KHTML, like Gecko) Chrome/102.0.0.0 Safari/537.36  
[2022-06-25 01:06:27] local.DEBUG: -> error string  
[2022-06-25 01:06:27] local.DEBUG: SQLSTATE[HY000] [1044] Access denied for user 'tpc'@'localhost' to database 'master_agent' (SQL: select * from `platform`)  
[2022-06-25 01:06:27] local.DEBUG: -> end  
[2022-06-25 01:07:05] local.DEBUG: error exception | AgentController -> get()  
[2022-06-25 01:07:05] local.DEBUG: user agent : Mozilla/5.0 (Windows NT 6.1) AppleWebKit/537.36 (KHTML, like Gecko) Chrome/102.0.0.0 Safari/537.36  
[2022-06-25 01:07:05] local.DEBUG: -> error string  
[2022-06-25 01:07:05] local.DEBUG: SQLSTATE[HY000] [1044] Access denied for user 'tpc'@'localhost' to database 'master_agent' (SQL: select * from `platform`)  
[2022-06-25 01:07:05] local.DEBUG: -> end  
[2022-06-25 01:08:33] local.DEBUG: error exception | AgentController -> get()  
[2022-06-25 01:08:33] local.DEBUG: user agent : Mozilla/5.0 (Windows NT 6.1) AppleWebKit/537.36 (KHTML, like Gecko) Chrome/102.0.0.0 Safari/537.36  
[2022-06-25 01:08:33] local.DEBUG: -> error string  
[2022-06-25 01:08:33] local.DEBUG: SQLSTATE[HY000] [1044] Access denied for user 'tpc'@'localhost' to database 'master_agent' (SQL: select * from `platform`)  
[2022-06-25 01:08:33] local.DEBUG: -> end  
[2022-06-25 01:27:07] local.DEBUG: error exception | AgentController -> get()  
[2022-06-25 01:27:07] local.DEBUG: user agent : Mozilla/5.0 (Linux; Android 4.1.1; X909 Build/JRO03L) AppleWebKit/537.36 (KHTML, like Gecko) Chrome/30.0.1599.92 Mobile Safari/537.36  
[2022-06-25 01:27:07] local.DEBUG: -> error string  
[2022-06-25 01:27:07] local.DEBUG: SQLSTATE[HY000] [1044] Access denied for user 'tpc'@'localhost' to database 'master_agent' (SQL: select * from `platform`)  
[2022-06-25 01:27:07] local.DEBUG: -> end  
[2022-06-25 01:30:57] local.DEBUG: error exception | AgentController -> get()  
[2022-06-25 01:30:57] local.DEBUG: user agent : Mozilla/5.0 (Windows NT 6.1) AppleWebKit/537.36 (KHTML, like Gecko) Chrome/102.0.0.0 Safari/537.36  
[2022-06-25 01:30:57] local.DEBUG: -> error string  
[2022-06-25 01:30:57] local.DEBUG: SQLSTATE[HY000] [1044] Access denied for user 'tpc'@'localhost' to database 'master_agent' (SQL: select * from `platform`)  
[2022-06-25 01:30:57] local.DEBUG: -> end  
[2022-06-25 01:32:08] local.DEBUG: error exception | AgentController -> get()  
[2022-06-25 01:32:08] local.DEBUG: user agent : Mozilla/5.0 (Windows NT 6.1) AppleWebKit/537.36 (KHTML, like Gecko) Chrome/102.0.0.0 Safari/537.36  
[2022-06-25 01:32:08] local.DEBUG: -> error string  
[2022-06-25 01:32:08] local.DEBUG: SQLSTATE[HY000] [1044] Access denied for user 'tpc'@'localhost' to database 'master_agent' (SQL: select * from `platform`)  
[2022-06-25 01:32:08] local.DEBUG: -> end  
[2022-06-25 01:34:32] local.DEBUG: error exception | AgentController -> get()  
[2022-06-25 01:34:32] local.DEBUG: user agent : Mozilla/5.0 (Windows NT 6.1) AppleWebKit/537.36 (KHTML, like Gecko) Chrome/102.0.0.0 Safari/537.36  
[2022-06-25 01:34:32] local.DEBUG: -> error string  
[2022-06-25 01:34:32] local.DEBUG: SQLSTATE[HY000] [1044] Access denied for user 'tpc'@'localhost' to database 'master_agent' (SQL: select * from `platform`)  
[2022-06-25 01:34:32] local.DEBUG: -> end  
[2022-06-25 01:36:13] local.DEBUG: error exception | AgentController -> get()  
[2022-06-25 01:36:13] local.DEBUG: user agent : Mozilla/5.0 (Windows NT 6.1) AppleWebKit/537.36 (KHTML, like Gecko) Chrome/102.0.0.0 Safari/537.36  
[2022-06-25 01:36:13] local.DEBUG: -> error string  
[2022-06-25 01:36:13] local.DEBUG: SQLSTATE[HY000] [1044] Access denied for user 'tpc'@'localhost' to database 'master_agent' (SQL: select * from `platform`)  
[2022-06-25 01:36:13] local.DEBUG: -> end  
[2022-06-25 01:38:06] local.DEBUG: error exception | AgentController -> get()  
[2022-06-25 01:38:06] local.DEBUG: user agent : Mozilla/5.0 (Windows NT 6.1) AppleWebKit/537.36 (KHTML, like Gecko) Chrome/102.0.0.0 Safari/537.36  
[2022-06-25 01:38:06] local.DEBUG: -> error string  
[2022-06-25 01:38:06] local.DEBUG: SQLSTATE[HY000] [1044] Access denied for user 'tpc'@'localhost' to database 'master_agent' (SQL: select * from `platform`)  
[2022-06-25 01:38:06] local.DEBUG: -> end  
[2022-06-25 01:38:35] local.DEBUG: error exception | AgentController -> get()  
[2022-06-25 01:38:35] local.DEBUG: user agent : Mozilla/5.0 (Windows NT 6.1) AppleWebKit/537.36 (KHTML, like Gecko) Chrome/102.0.0.0 Safari/537.36  
[2022-06-25 01:38:35] local.DEBUG: -> error string  
[2022-06-25 01:38:35] local.DEBUG: SQLSTATE[HY000] [1044] Access denied for user 'tpc'@'localhost' to database 'master_agent' (SQL: select * from `platform`)  
[2022-06-25 01:38:35] local.DEBUG: -> end  
