[2022-04-18 08:24:56] local.ERROR: filesize(): stat failed for D:\Panya.l\MyProject\xampp\htdocs\Project\TPC_New\frontend\storage\blog/images/1/cover/cover_20220208090149.webp {"exception":"[object] (ErrorException(code: 0): filesize(): stat failed for D:\\Panya.l\\MyProject\\xampp\\htdocs\\Project\\TPC_New\\frontend\\storage\\blog/images/1/cover/cover_20220208090149.webp at D:\\Panya.l\\MyProject\\xampp\\htdocs\\Project\\TPC_New\\frontend\\vendor\\laravel\\framework\\src\\Illuminate\\Filesystem\\Filesystem.php:345)
[stacktrace]
#0 [internal function]: Illuminate\\Foundation\\Bootstrap\\HandleExceptions->handleError(2, 'filesize(): sta...', 'D:\\\\Panya.l\\\\MyPr...', 345, Array)
#1 D:\\Panya.l\\MyProject\\xampp\\htdocs\\Project\\TPC_New\\frontend\\vendor\\laravel\\framework\\src\\Illuminate\\Filesystem\\Filesystem.php(345): filesize('D:\\\\Panya.l\\\\MyPr...')
#2 D:\\Panya.l\\MyProject\\xampp\\htdocs\\Project\\TPC_New\\frontend\\vendor\\laravel\\framework\\src\\Illuminate\\Support\\Facades\\Facade.php(261): Illuminate\\Filesystem\\Filesystem->size('D:\\\\Panya.l\\\\MyPr...')
#3 D:\\Panya.l\\MyProject\\xampp\\htdocs\\Project\\TPC_New\\frontend\\app\\Http\\Controllers\\backend\\blog\\blogController.php(77): Illuminate\\Support\\Facades\\Facade::__callStatic('size', Array)
#4 D:\\Panya.l\\MyProject\\xampp\\htdocs\\Project\\TPC_New\\frontend\\vendor\\laravel\\framework\\src\\Illuminate\\Routing\\Controller.php(54): App\\Http\\Controllers\\backend\\blog\\blogController->edit(1)
#5 D:\\Panya.l\\MyProject\\xampp\\htdocs\\Project\\TPC_New\\frontend\\vendor\\laravel\\framework\\src\\Illuminate\\Routing\\ControllerDispatcher.php(45): Illuminate\\Routing\\Controller->callAction('edit', Array)
#6 D:\\Panya.l\\MyProject\\xampp\\htdocs\\Project\\TPC_New\\frontend\\vendor\\laravel\\framework\\src\\Illuminate\\Routing\\Route.php(219): Illuminate\\Routing\\ControllerDispatcher->dispatch(Object(Illuminate\\Routing\\Route), Object(App\\Http\\Controllers\\backend\\blog\\blogController), 'edit')
#7 D:\\Panya.l\\MyProject\\xampp\\htdocs\\Project\\TPC_New\\frontend\\vendor\\laravel\\framework\\src\\Illuminate\\Routing\\Route.php(176): Illuminate\\Routing\\Route->runController()
#8 D:\\Panya.l\\MyProject\\xampp\\htdocs\\Project\\TPC_New\\frontend\\vendor\\laravel\\framework\\src\\Illuminate\\Routing\\Router.php(681): Illuminate\\Routing\\Route->run()
#9 D:\\Panya.l\\MyProject\\xampp\\htdocs\\Project\\TPC_New\\frontend\\vendor\\laravel\\framework\\src\\Illuminate\\Pipeline\\Pipeline.php(130): Illuminate\\Routing\\Router->Illuminate\\Routing\\{closure}(Object(Illuminate\\Http\\Request))
#10 D:\\Panya.l\\MyProject\\xampp\\htdocs\\Project\\TPC_New\\frontend\\app\\Http\\Middleware\\Admin.php(13): Illuminate\\Pipeline\\Pipeline->Illuminate\\Pipeline\\{closure}(Object(Illuminate\\Http\\Request))
#11 D:\\Panya.l\\MyProject\\xampp\\htdocs\\Project\\TPC_New\\frontend\\vendor\\laravel\\framework\\src\\Illuminate\\Pipeline\\Pipeline.php(171): App\\Http\\Middleware\\Admin->handle(Object(Illuminate\\Http\\Request), Object(Closure))
#12 D:\\Panya.l\\MyProject\\xampp\\htdocs\\Project\\TPC_New\\frontend\\vendor\\laravel\\framework\\src\\Illuminate\\Routing\\Middleware\\SubstituteBindings.php(41): Illuminate\\Pipeline\\Pipeline->Illuminate\\Pipeline\\{closure}(Object(Illuminate\\Http\\Request))
#13 D:\\Panya.l\\MyProject\\xampp\\htdocs\\Project\\TPC_New\\frontend\\vendor\\laravel\\framework\\src\\Illuminate\\Pipeline\\Pipeline.php(171): Illuminate\\Routing\\Middleware\\SubstituteBindings->handle(Object(Illuminate\\Http\\Request), Object(Closure))
#14 D:\\Panya.l\\MyProject\\xampp\\htdocs\\Project\\TPC_New\\frontend\\vendor\\laravel\\framework\\src\\Illuminate\\Foundation\\Http\\Middleware\\VerifyCsrfToken.php(78): Illuminate\\Pipeline\\Pipeline->Illuminate\\Pipeline\\{closure}(Object(Illuminate\\Http\\Request))
#15 D:\\Panya.l\\MyProject\\xampp\\htdocs\\Project\\TPC_New\\frontend\\vendor\\laravel\\framework\\src\\Illuminate\\Pipeline\\Pipeline.php(171): Illuminate\\Foundation\\Http\\Middleware\\VerifyCsrfToken->handle(Object(Illuminate\\Http\\Request), Object(Closure))
#16 D:\\Panya.l\\MyProject\\xampp\\htdocs\\Project\\TPC_New\\frontend\\vendor\\laravel\\framework\\src\\Illuminate\\View\\Middleware\\ShareErrorsFromSession.php(49): Illuminate\\Pipeline\\Pipeline->Illuminate\\Pipeline\\{closure}(Object(Illuminate\\Http\\Request))
#17 D:\\Panya.l\\MyProject\\xampp\\htdocs\\Project\\TPC_New\\frontend\\vendor\\laravel\\framework\\src\\Illuminate\\Pipeline\\Pipeline.php(171): Illuminate\\View\\Middleware\\ShareErrorsFromSession->handle(Object(Illuminate\\Http\\Request), Object(Closure))
#18 D:\\Panya.l\\MyProject\\xampp\\htdocs\\Project\\TPC_New\\frontend\\vendor\\laravel\\framework\\src\\Illuminate\\Session\\Middleware\\StartSession.php(56): Illuminate\\Pipeline\\Pipeline->Illuminate\\Pipeline\\{closure}(Object(Illuminate\\Http\\Request))
#19 D:\\Panya.l\\MyProject\\xampp\\htdocs\\Project\\TPC_New\\frontend\\vendor\\laravel\\framework\\src\\Illuminate\\Pipeline\\Pipeline.php(171): Illuminate\\Session\\Middleware\\StartSession->handle(Object(Illuminate\\Http\\Request), Object(Closure))
#20 D:\\Panya.l\\MyProject\\xampp\\htdocs\\Project\\TPC_New\\frontend\\vendor\\laravel\\framework\\src\\Illuminate\\Cookie\\Middleware\\AddQueuedCookiesToResponse.php(37): Illuminate\\Pipeline\\Pipeline->Illuminate\\Pipeline\\{closure}(Object(Illuminate\\Http\\Request))
#21 D:\\Panya.l\\MyProject\\xampp\\htdocs\\Project\\TPC_New\\frontend\\vendor\\laravel\\framework\\src\\Illuminate\\Pipeline\\Pipeline.php(171): Illuminate\\Cookie\\Middleware\\AddQueuedCookiesToResponse->handle(Object(Illuminate\\Http\\Request), Object(Closure))
#22 D:\\Panya.l\\MyProject\\xampp\\htdocs\\Project\\TPC_New\\frontend\\vendor\\laravel\\framework\\src\\Illuminate\\Cookie\\Middleware\\EncryptCookies.php(67): Illuminate\\Pipeline\\Pipeline->Illuminate\\Pipeline\\{closure}(Object(Illuminate\\Http\\Request))
#23 D:\\Panya.l\\MyProject\\xampp\\htdocs\\Project\\TPC_New\\frontend\\vendor\\laravel\\framework\\src\\Illuminate\\Pipeline\\Pipeline.php(171): Illuminate\\Cookie\\Middleware\\EncryptCookies->handle(Object(Illuminate\\Http\\Request), Object(Closure))
#24 D:\\Panya.l\\MyProject\\xampp\\htdocs\\Project\\TPC_New\\frontend\\vendor\\laravel\\framework\\src\\Illuminate\\Pipeline\\Pipeline.php(105): Illuminate\\Pipeline\\Pipeline->Illuminate\\Pipeline\\{closure}(Object(Illuminate\\Http\\Request))
#25 D:\\Panya.l\\MyProject\\xampp\\htdocs\\Project\\TPC_New\\frontend\\vendor\\laravel\\framework\\src\\Illuminate\\Routing\\Router.php(683): Illuminate\\Pipeline\\Pipeline->then(Object(Closure))
#26 D:\\Panya.l\\MyProject\\xampp\\htdocs\\Project\\TPC_New\\frontend\\vendor\\laravel\\framework\\src\\Illuminate\\Routing\\Router.php(658): Illuminate\\Routing\\Router->runRouteWithinStack(Object(Illuminate\\Routing\\Route), Object(Illuminate\\Http\\Request))
#27 D:\\Panya.l\\MyProject\\xampp\\htdocs\\Project\\TPC_New\\frontend\\vendor\\laravel\\framework\\src\\Illuminate\\Routing\\Router.php(624): Illuminate\\Routing\\Router->runRoute(Object(Illuminate\\Http\\Request), Object(Illuminate\\Routing\\Route))
#28 D:\\Panya.l\\MyProject\\xampp\\htdocs\\Project\\TPC_New\\frontend\\vendor\\laravel\\framework\\src\\Illuminate\\Routing\\Router.php(613): Illuminate\\Routing\\Router->dispatchToRoute(Object(Illuminate\\Http\\Request))
#29 D:\\Panya.l\\MyProject\\xampp\\htdocs\\Project\\TPC_New\\frontend\\vendor\\laravel\\framework\\src\\Illuminate\\Foundation\\Http\\Kernel.php(170): Illuminate\\Routing\\Router->dispatch(Object(Illuminate\\Http\\Request))
#30 D:\\Panya.l\\MyProject\\xampp\\htdocs\\Project\\TPC_New\\frontend\\vendor\\laravel\\framework\\src\\Illuminate\\Pipeline\\Pipeline.php(130): Illuminate\\Foundation\\Http\\Kernel->Illuminate\\Foundation\\Http\\{closure}(Object(Illuminate\\Http\\Request))
#31 D:\\Panya.l\\MyProject\\xampp\\htdocs\\Project\\TPC_New\\frontend\\vendor\\laravel\\framework\\src\\Illuminate\\Foundation\\Http\\Middleware\\TransformsRequest.php(21): Illuminate\\Pipeline\\Pipeline->Illuminate\\Pipeline\\{closure}(Object(Illuminate\\Http\\Request))
#32 D:\\Panya.l\\MyProject\\xampp\\htdocs\\Project\\TPC_New\\frontend\\vendor\\laravel\\framework\\src\\Illuminate\\Pipeline\\Pipeline.php(171): Illuminate\\Foundation\\Http\\Middleware\\TransformsRequest->handle(Object(Illuminate\\Http\\Request), Object(Closure))
#33 D:\\Panya.l\\MyProject\\xampp\\htdocs\\Project\\TPC_New\\frontend\\vendor\\laravel\\framework\\src\\Illuminate\\Foundation\\Http\\Middleware\\TransformsRequest.php(21): Illuminate\\Pipeline\\Pipeline->Illuminate\\Pipeline\\{closure}(Object(Illuminate\\Http\\Request))
#34 D:\\Panya.l\\MyProject\\xampp\\htdocs\\Project\\TPC_New\\frontend\\vendor\\laravel\\framework\\src\\Illuminate\\Pipeline\\Pipeline.php(171): Illuminate\\Foundation\\Http\\Middleware\\TransformsRequest->handle(Object(Illuminate\\Http\\Request), Object(Closure))
#35 D:\\Panya.l\\MyProject\\xampp\\htdocs\\Project\\TPC_New\\frontend\\vendor\\laravel\\framework\\src\\Illuminate\\Foundation\\Http\\Middleware\\ValidatePostSize.php(27): Illuminate\\Pipeline\\Pipeline->Illuminate\\Pipeline\\{closure}(Object(Illuminate\\Http\\Request))
#36 D:\\Panya.l\\MyProject\\xampp\\htdocs\\Project\\TPC_New\\frontend\\vendor\\laravel\\framework\\src\\Illuminate\\Pipeline\\Pipeline.php(171): Illuminate\\Foundation\\Http\\Middleware\\ValidatePostSize->handle(Object(Illuminate\\Http\\Request), Object(Closure))
#37 D:\\Panya.l\\MyProject\\xampp\\htdocs\\Project\\TPC_New\\frontend\\vendor\\laravel\\framework\\src\\Illuminate\\Foundation\\Http\\Middleware\\CheckForMaintenanceMode.php(63): Illuminate\\Pipeline\\Pipeline->Illuminate\\Pipeline\\{closure}(Object(Illuminate\\Http\\Request))
#38 D:\\Panya.l\\MyProject\\xampp\\htdocs\\Project\\TPC_New\\frontend\\vendor\\laravel\\framework\\src\\Illuminate\\Pipeline\\Pipeline.php(171): Illuminate\\Foundation\\Http\\Middleware\\CheckForMaintenanceMode->handle(Object(Illuminate\\Http\\Request), Object(Closure))
#39 D:\\Panya.l\\MyProject\\xampp\\htdocs\\Project\\TPC_New\\frontend\\vendor\\fideloper\\proxy\\src\\TrustProxies.php(57): Illuminate\\Pipeline\\Pipeline->Illuminate\\Pipeline\\{closure}(Object(Illuminate\\Http\\Request))
#40 D:\\Panya.l\\MyProject\\xampp\\htdocs\\Project\\TPC_New\\frontend\\vendor\\laravel\\framework\\src\\Illuminate\\Pipeline\\Pipeline.php(171): Fideloper\\Proxy\\TrustProxies->handle(Object(Illuminate\\Http\\Request), Object(Closure))
#41 D:\\Panya.l\\MyProject\\xampp\\htdocs\\Project\\TPC_New\\frontend\\vendor\\laravel\\framework\\src\\Illuminate\\Pipeline\\Pipeline.php(105): Illuminate\\Pipeline\\Pipeline->Illuminate\\Pipeline\\{closure}(Object(Illuminate\\Http\\Request))
#42 D:\\Panya.l\\MyProject\\xampp\\htdocs\\Project\\TPC_New\\frontend\\vendor\\laravel\\framework\\src\\Illuminate\\Foundation\\Http\\Kernel.php(145): Illuminate\\Pipeline\\Pipeline->then(Object(Closure))
#43 D:\\Panya.l\\MyProject\\xampp\\htdocs\\Project\\TPC_New\\frontend\\vendor\\laravel\\framework\\src\\Illuminate\\Foundation\\Http\\Kernel.php(110): Illuminate\\Foundation\\Http\\Kernel->sendRequestThroughRouter(Object(Illuminate\\Http\\Request))
#44 D:\\Panya.l\\MyProject\\xampp\\htdocs\\Project\\TPC_New\\frontend\\public\\index.php(55): Illuminate\\Foundation\\Http\\Kernel->handle(Object(Illuminate\\Http\\Request))
#45 D:\\Panya.l\\MyProject\\xampp\\htdocs\\Project\\TPC_New\\frontend\\server.php(21): require_once('D:\\\\Panya.l\\\\MyPr...')
#46 {main}
"} 
