[2022-07-06 01:24:07] local.DEBUG: error exception | AgentController -> get()  
[2022-07-06 01:24:07] local.DEBUG: user agent : Mozilla/5.0 (Windows NT 6.1) AppleWebKit/537.36 (KHTML, like Gecko) Chrome/103.0.0.0 Safari/537.36  
[2022-07-06 01:24:07] local.DEBUG: -> error string  
[2022-07-06 01:24:07] local.DEBUG: SQLSTATE[HY000] [1044] Access denied for user 'tpc'@'localhost' to database 'master_agent' (SQL: select * from `platform`)  
[2022-07-06 01:24:07] local.DEBUG: -> end  
[2022-07-06 01:25:14] local.DEBUG: error exception | AgentController -> get()  
[2022-07-06 01:25:14] local.DEBUG: user agent : Mozilla/5.0 (Windows NT 6.1) AppleWebKit/537.36 (KHTML, like Gecko) Chrome/103.0.0.0 Safari/537.36  
[2022-07-06 01:25:14] local.DEBUG: -> error string  
[2022-07-06 01:25:14] local.DEBUG: SQLSTATE[HY000] [1044] Access denied for user 'tpc'@'localhost' to database 'master_agent' (SQL: select * from `platform`)  
[2022-07-06 01:25:14] local.DEBUG: -> end  
[2022-07-06 01:31:24] local.DEBUG: error exception | AgentController -> get()  
[2022-07-06 01:31:24] local.DEBUG: user agent : Mozilla/5.0 (Windows NT 6.1) AppleWebKit/537.36 (KHTML, like Gecko) Chrome/103.0.0.0 Safari/537.36  
[2022-07-06 01:31:24] local.DEBUG: -> error string  
[2022-07-06 01:31:24] local.DEBUG: SQLSTATE[HY000] [1044] Access denied for user 'tpc'@'localhost' to database 'master_agent' (SQL: select * from `platform`)  
[2022-07-06 01:31:24] local.DEBUG: -> end  
[2022-07-06 01:33:39] local.DEBUG: error exception | AgentController -> get()  
[2022-07-06 01:33:39] local.DEBUG: user agent : Mozilla/5.0 (Windows NT 6.1) AppleWebKit/537.36 (KHTML, like Gecko) Chrome/103.0.0.0 Safari/537.36  
[2022-07-06 01:33:39] local.DEBUG: -> error string  
[2022-07-06 01:33:39] local.DEBUG: SQLSTATE[HY000] [1044] Access denied for user 'tpc'@'localhost' to database 'master_agent' (SQL: select * from `platform`)  
[2022-07-06 01:33:39] local.DEBUG: -> end  
[2022-07-06 01:40:53] local.DEBUG: error exception | AgentController -> get()  
[2022-07-06 01:40:53] local.DEBUG: user agent : Mozilla/5.0 (Windows NT 6.1) AppleWebKit/537.36 (KHTML, like Gecko) Chrome/103.0.0.0 Safari/537.36  
[2022-07-06 01:40:53] local.DEBUG: -> error string  
[2022-07-06 01:40:53] local.DEBUG: SQLSTATE[HY000] [1044] Access denied for user 'tpc'@'localhost' to database 'master_agent' (SQL: select * from `platform`)  
[2022-07-06 01:40:53] local.DEBUG: -> end  
[2022-07-06 01:41:38] local.DEBUG: error exception | AgentController -> get()  
[2022-07-06 01:41:38] local.DEBUG: user agent : Mozilla/5.0 (Windows NT 6.1) AppleWebKit/537.36 (KHTML, like Gecko) Chrome/103.0.0.0 Safari/537.36  
[2022-07-06 01:41:38] local.DEBUG: -> error string  
[2022-07-06 01:41:38] local.DEBUG: SQLSTATE[HY000] [1044] Access denied for user 'tpc'@'localhost' to database 'master_agent' (SQL: select * from `platform`)  
[2022-07-06 01:41:38] local.DEBUG: -> end  
[2022-07-06 01:45:02] local.DEBUG: error exception | AgentController -> get()  
[2022-07-06 01:45:02] local.DEBUG: user agent : Mozilla/5.0 (Windows NT 6.1) AppleWebKit/537.36 (KHTML, like Gecko) Chrome/103.0.0.0 Safari/537.36  
[2022-07-06 01:45:02] local.DEBUG: -> error string  
[2022-07-06 01:45:02] local.DEBUG: SQLSTATE[HY000] [1044] Access denied for user 'tpc'@'localhost' to database 'master_agent' (SQL: select * from `platform`)  
[2022-07-06 01:45:02] local.DEBUG: -> end  
[2022-07-06 02:09:52] local.DEBUG: error exception | AgentController -> get()  
[2022-07-06 02:09:52] local.DEBUG: user agent : Mozilla/5.0 (Windows NT 6.1) AppleWebKit/537.36 (KHTML, like Gecko) Chrome/103.0.0.0 Safari/537.36  
[2022-07-06 02:09:52] local.DEBUG: -> error string  
[2022-07-06 02:09:52] local.DEBUG: SQLSTATE[HY000] [1044] Access denied for user 'tpc'@'localhost' to database 'master_agent' (SQL: select * from `platform`)  
[2022-07-06 02:09:52] local.DEBUG: -> end  
[2022-07-06 02:10:37] local.DEBUG: error exception | AgentController -> get()  
[2022-07-06 02:10:37] local.DEBUG: user agent : Mozilla/5.0 (Windows NT 6.1) AppleWebKit/537.36 (KHTML, like Gecko) Chrome/103.0.0.0 Safari/537.36  
[2022-07-06 02:10:37] local.DEBUG: -> error string  
[2022-07-06 02:10:37] local.DEBUG: SQLSTATE[HY000] [1044] Access denied for user 'tpc'@'localhost' to database 'master_agent' (SQL: select * from `platform`)  
[2022-07-06 02:10:37] local.DEBUG: -> end  
[2022-07-06 02:24:40] local.DEBUG: error exception | AgentController -> get()  
[2022-07-06 02:24:40] local.DEBUG: user agent : Mozilla/5.0 (Windows NT 6.1) AppleWebKit/537.36 (KHTML, like Gecko) Chrome/103.0.0.0 Safari/537.36  
[2022-07-06 02:24:40] local.DEBUG: -> error string  
[2022-07-06 02:24:40] local.DEBUG: SQLSTATE[HY000] [1044] Access denied for user 'tpc'@'localhost' to database 'master_agent' (SQL: select * from `platform`)  
[2022-07-06 02:24:40] local.DEBUG: -> end  
[2022-07-06 02:29:30] local.DEBUG: error exception | AgentController -> get()  
[2022-07-06 02:29:30] local.DEBUG: user agent : Mozilla/5.0 (Windows NT 6.1) AppleWebKit/537.36 (KHTML, like Gecko) Chrome/103.0.0.0 Safari/537.36  
[2022-07-06 02:29:30] local.DEBUG: -> error string  
[2022-07-06 02:29:30] local.DEBUG: SQLSTATE[HY000] [1044] Access denied for user 'tpc'@'localhost' to database 'master_agent' (SQL: select * from `platform`)  
[2022-07-06 02:29:30] local.DEBUG: -> end  
[2022-07-06 02:30:18] local.DEBUG: error exception | AgentController -> get()  
[2022-07-06 02:30:18] local.DEBUG: user agent : Mozilla/5.0 (Windows NT 6.1) AppleWebKit/537.36 (KHTML, like Gecko) Chrome/103.0.0.0 Safari/537.36  
[2022-07-06 02:30:18] local.DEBUG: -> error string  
[2022-07-06 02:30:18] local.DEBUG: SQLSTATE[HY000] [1044] Access denied for user 'tpc'@'localhost' to database 'master_agent' (SQL: select * from `platform`)  
[2022-07-06 02:30:18] local.DEBUG: -> end  
[2022-07-06 02:31:46] local.DEBUG: error exception | AgentController -> get()  
[2022-07-06 02:31:46] local.DEBUG: user agent : Mozilla/5.0 (Windows NT 6.1) AppleWebKit/537.36 (KHTML, like Gecko) Chrome/103.0.0.0 Safari/537.36  
[2022-07-06 02:31:46] local.DEBUG: -> error string  
[2022-07-06 02:31:46] local.DEBUG: SQLSTATE[HY000] [1044] Access denied for user 'tpc'@'localhost' to database 'master_agent' (SQL: select * from `platform`)  
[2022-07-06 02:31:46] local.DEBUG: -> end  
[2022-07-06 02:32:55] local.DEBUG: error exception | AgentController -> get()  
[2022-07-06 02:32:55] local.DEBUG: user agent : Mozilla/5.0 (Windows NT 6.1) AppleWebKit/537.36 (KHTML, like Gecko) Chrome/103.0.0.0 Safari/537.36  
[2022-07-06 02:32:55] local.DEBUG: -> error string  
[2022-07-06 02:32:55] local.DEBUG: SQLSTATE[HY000] [1044] Access denied for user 'tpc'@'localhost' to database 'master_agent' (SQL: select * from `platform`)  
[2022-07-06 02:32:55] local.DEBUG: -> end  
[2022-07-06 02:33:50] local.DEBUG: error exception | AgentController -> get()  
[2022-07-06 02:33:50] local.DEBUG: user agent : Mozilla/5.0 (Windows NT 6.1) AppleWebKit/537.36 (KHTML, like Gecko) Chrome/103.0.0.0 Safari/537.36  
[2022-07-06 02:33:50] local.DEBUG: -> error string  
[2022-07-06 02:33:50] local.DEBUG: SQLSTATE[HY000] [1044] Access denied for user 'tpc'@'localhost' to database 'master_agent' (SQL: select * from `platform`)  
[2022-07-06 02:33:50] local.DEBUG: -> end  
[2022-07-06 02:35:20] local.DEBUG: error exception | AgentController -> get()  
[2022-07-06 02:35:20] local.DEBUG: user agent : Mozilla/5.0 (Windows NT 6.1) AppleWebKit/537.36 (KHTML, like Gecko) Chrome/103.0.0.0 Safari/537.36  
[2022-07-06 02:35:20] local.DEBUG: -> error string  
[2022-07-06 02:35:20] local.DEBUG: SQLSTATE[HY000] [1044] Access denied for user 'tpc'@'localhost' to database 'master_agent' (SQL: select * from `platform`)  
[2022-07-06 02:35:20] local.DEBUG: -> end  
[2022-07-06 02:36:02] local.DEBUG: error exception | AgentController -> get()  
[2022-07-06 02:36:02] local.DEBUG: user agent : Mozilla/5.0 (Windows NT 6.1) AppleWebKit/537.36 (KHTML, like Gecko) Chrome/103.0.0.0 Safari/537.36  
[2022-07-06 02:36:02] local.DEBUG: -> error string  
[2022-07-06 02:36:02] local.DEBUG: SQLSTATE[HY000] [1044] Access denied for user 'tpc'@'localhost' to database 'master_agent' (SQL: select * from `platform`)  
[2022-07-06 02:36:02] local.DEBUG: -> end  
[2022-07-06 02:36:32] local.DEBUG: error exception | AgentController -> get()  
[2022-07-06 02:36:32] local.DEBUG: user agent : Mozilla/5.0 (Windows NT 6.1) AppleWebKit/537.36 (KHTML, like Gecko) Chrome/103.0.0.0 Safari/537.36  
[2022-07-06 02:36:32] local.DEBUG: -> error string  
[2022-07-06 02:36:32] local.DEBUG: SQLSTATE[HY000] [1044] Access denied for user 'tpc'@'localhost' to database 'master_agent' (SQL: select * from `platform`)  
[2022-07-06 02:36:32] local.DEBUG: -> end  
[2022-07-06 02:38:45] local.DEBUG: error exception | AgentController -> get()  
[2022-07-06 02:38:45] local.DEBUG: user agent : Mozilla/5.0 (Windows NT 6.1) AppleWebKit/537.36 (KHTML, like Gecko) Chrome/103.0.0.0 Safari/537.36  
[2022-07-06 02:38:45] local.DEBUG: -> error string  
[2022-07-06 02:38:45] local.DEBUG: SQLSTATE[HY000] [1044] Access denied for user 'tpc'@'localhost' to database 'master_agent' (SQL: select * from `platform`)  
[2022-07-06 02:38:45] local.DEBUG: -> end  
[2022-07-06 02:40:30] local.DEBUG: error exception | AgentController -> get()  
[2022-07-06 02:40:30] local.DEBUG: user agent : Mozilla/5.0 (Linux; Android 10; Redmi Note 9 Pro) AppleWebKit/537.36 (KHTML, like Gecko) Chrome/87.0.4280.86 Mobile Safari/537.36  
[2022-07-06 02:40:30] local.DEBUG: -> error string  
[2022-07-06 02:40:30] local.DEBUG: SQLSTATE[HY000] [1044] Access denied for user 'tpc'@'localhost' to database 'master_agent' (SQL: select * from `platform`)  
[2022-07-06 02:40:30] local.DEBUG: -> end  
[2022-07-06 02:42:57] local.DEBUG: error exception | AgentController -> get()  
[2022-07-06 02:42:57] local.DEBUG: user agent : Mozilla/5.0 (Linux; Android 4.1.1; X909 Build/JRO03L) AppleWebKit/537.36 (KHTML, like Gecko) Chrome/30.0.1599.92 Mobile Safari/537.36  
[2022-07-06 02:42:57] local.DEBUG: -> error string  
[2022-07-06 02:42:57] local.DEBUG: SQLSTATE[HY000] [1044] Access denied for user 'tpc'@'localhost' to database 'master_agent' (SQL: select * from `platform`)  
[2022-07-06 02:42:57] local.DEBUG: -> end  
[2022-07-06 02:44:48] local.DEBUG: error exception | AgentController -> get()  
[2022-07-06 02:44:48] local.DEBUG: user agent : Mozilla/5.0 (iPad; CPU OS 13_3 like Mac OS X) AppleWebKit/605.1.15 (KHTML, like Gecko) CriOS/87.0.4280.77 Mobile/15E148 Safari/604.1  
[2022-07-06 02:44:48] local.DEBUG: -> error string  
[2022-07-06 02:44:48] local.DEBUG: SQLSTATE[HY000] [1044] Access denied for user 'tpc'@'localhost' to database 'master_agent' (SQL: select * from `platform`)  
[2022-07-06 02:44:48] local.DEBUG: -> end  
[2022-07-06 02:45:19] local.DEBUG: error exception | AgentController -> get()  
[2022-07-06 02:45:19] local.DEBUG: user agent : Mozilla/5.0 (Windows NT 6.1) AppleWebKit/537.36 (KHTML, like Gecko) Chrome/103.0.0.0 Safari/537.36  
[2022-07-06 02:45:19] local.DEBUG: -> error string  
[2022-07-06 02:45:19] local.DEBUG: SQLSTATE[HY000] [1044] Access denied for user 'tpc'@'localhost' to database 'master_agent' (SQL: select * from `platform`)  
[2022-07-06 02:45:19] local.DEBUG: -> end  
[2022-07-06 02:47:17] local.DEBUG: error exception | AgentController -> get()  
[2022-07-06 02:47:17] local.DEBUG: user agent : Mozilla/5.0 (Windows NT 6.1) AppleWebKit/537.36 (KHTML, like Gecko) Chrome/103.0.0.0 Safari/537.36  
[2022-07-06 02:47:17] local.DEBUG: -> error string  
[2022-07-06 02:47:17] local.DEBUG: SQLSTATE[HY000] [1044] Access denied for user 'tpc'@'localhost' to database 'master_agent' (SQL: select * from `platform`)  
[2022-07-06 02:47:17] local.DEBUG: -> end  
[2022-07-06 02:48:32] local.DEBUG: error exception | AgentController -> get()  
[2022-07-06 02:48:32] local.DEBUG: user agent : Mozilla/5.0 (Windows NT 6.1) AppleWebKit/537.36 (KHTML, like Gecko) Chrome/103.0.0.0 Safari/537.36  
[2022-07-06 02:48:32] local.DEBUG: -> error string  
[2022-07-06 02:48:32] local.DEBUG: SQLSTATE[HY000] [1044] Access denied for user 'tpc'@'localhost' to database 'master_agent' (SQL: select * from `platform`)  
[2022-07-06 02:48:32] local.DEBUG: -> end  
[2022-07-06 02:49:06] local.DEBUG: error exception | AgentController -> get()  
[2022-07-06 02:49:06] local.DEBUG: user agent : Mozilla/5.0 (Windows NT 6.1) AppleWebKit/537.36 (KHTML, like Gecko) Chrome/103.0.0.0 Safari/537.36  
[2022-07-06 02:49:06] local.DEBUG: -> error string  
[2022-07-06 02:49:06] local.DEBUG: SQLSTATE[HY000] [1044] Access denied for user 'tpc'@'localhost' to database 'master_agent' (SQL: select * from `platform`)  
[2022-07-06 02:49:06] local.DEBUG: -> end  
[2022-07-06 02:49:56] local.DEBUG: error exception | AgentController -> get()  
[2022-07-06 02:49:56] local.DEBUG: user agent : Mozilla/5.0 (Windows NT 6.1) AppleWebKit/537.36 (KHTML, like Gecko) Chrome/103.0.0.0 Safari/537.36  
[2022-07-06 02:49:56] local.DEBUG: -> error string  
[2022-07-06 02:49:56] local.DEBUG: SQLSTATE[HY000] [1044] Access denied for user 'tpc'@'localhost' to database 'master_agent' (SQL: select * from `platform`)  
[2022-07-06 02:49:56] local.DEBUG: -> end  
[2022-07-06 02:53:47] local.DEBUG: error exception | AgentController -> get()  
[2022-07-06 02:53:47] local.DEBUG: user agent : Mozilla/5.0 (Windows NT 6.1) AppleWebKit/537.36 (KHTML, like Gecko) Chrome/103.0.0.0 Safari/537.36  
[2022-07-06 02:53:47] local.DEBUG: -> error string  
[2022-07-06 02:53:47] local.DEBUG: SQLSTATE[HY000] [1044] Access denied for user 'tpc'@'localhost' to database 'master_agent' (SQL: select * from `platform`)  
[2022-07-06 02:53:47] local.DEBUG: -> end  
[2022-07-06 02:57:50] local.DEBUG: error exception | AgentController -> get()  
[2022-07-06 02:57:50] local.DEBUG: user agent : Mozilla/5.0 (iPad; CPU OS 13_3 like Mac OS X) AppleWebKit/605.1.15 (KHTML, like Gecko) CriOS/87.0.4280.77 Mobile/15E148 Safari/604.1  
[2022-07-06 02:57:50] local.DEBUG: -> error string  
[2022-07-06 02:57:50] local.DEBUG: SQLSTATE[HY000] [1044] Access denied for user 'tpc'@'localhost' to database 'master_agent' (SQL: select * from `platform`)  
[2022-07-06 02:57:50] local.DEBUG: -> end  
[2022-07-06 02:59:47] local.DEBUG: error exception | AgentController -> get()  
[2022-07-06 02:59:47] local.DEBUG: user agent : Mozilla/5.0 (Windows NT 6.1) AppleWebKit/537.36 (KHTML, like Gecko) Chrome/103.0.0.0 Safari/537.36  
[2022-07-06 02:59:47] local.DEBUG: -> error string  
[2022-07-06 02:59:47] local.DEBUG: SQLSTATE[HY000] [1044] Access denied for user 'tpc'@'localhost' to database 'master_agent' (SQL: select * from `platform`)  
[2022-07-06 02:59:47] local.DEBUG: -> end  
[2022-07-06 03:00:51] local.DEBUG: error exception | AgentController -> get()  
[2022-07-06 03:00:51] local.DEBUG: user agent : Mozilla/5.0 (iPad; CPU OS 13_3 like Mac OS X) AppleWebKit/605.1.15 (KHTML, like Gecko) CriOS/87.0.4280.77 Mobile/15E148 Safari/604.1  
[2022-07-06 03:00:51] local.DEBUG: -> error string  
[2022-07-06 03:00:51] local.DEBUG: SQLSTATE[HY000] [1044] Access denied for user 'tpc'@'localhost' to database 'master_agent' (SQL: select * from `platform`)  
[2022-07-06 03:00:51] local.DEBUG: -> end  
[2022-07-06 03:05:25] local.DEBUG: error exception | AgentController -> get()  
[2022-07-06 03:05:25] local.DEBUG: user agent : Mozilla/5.0 (Linux; Android 10; Redmi Note 9 Pro) AppleWebKit/537.36 (KHTML, like Gecko) Chrome/87.0.4280.86 Mobile Safari/537.36  
[2022-07-06 03:05:25] local.DEBUG: -> error string  
[2022-07-06 03:05:25] local.DEBUG: SQLSTATE[HY000] [1044] Access denied for user 'tpc'@'localhost' to database 'master_agent' (SQL: select * from `platform`)  
[2022-07-06 03:05:25] local.DEBUG: -> end  
[2022-07-06 03:06:34] local.DEBUG: error exception | AgentController -> get()  
[2022-07-06 03:06:34] local.DEBUG: user agent : Mozilla/5.0 (Windows NT 6.1) AppleWebKit/537.36 (KHTML, like Gecko) Chrome/103.0.0.0 Safari/537.36  
[2022-07-06 03:06:34] local.DEBUG: -> error string  
[2022-07-06 03:06:34] local.DEBUG: SQLSTATE[HY000] [1044] Access denied for user 'tpc'@'localhost' to database 'master_agent' (SQL: select * from `platform`)  
[2022-07-06 03:06:34] local.DEBUG: -> end  
[2022-07-06 03:06:52] local.DEBUG: error exception | AgentController -> get()  
[2022-07-06 03:06:52] local.DEBUG: user agent : Mozilla/5.0 (Windows NT 6.1) AppleWebKit/537.36 (KHTML, like Gecko) Chrome/103.0.0.0 Safari/537.36  
[2022-07-06 03:06:52] local.DEBUG: -> error string  
[2022-07-06 03:06:52] local.DEBUG: SQLSTATE[HY000] [1044] Access denied for user 'tpc'@'localhost' to database 'master_agent' (SQL: select * from `platform`)  
[2022-07-06 03:06:52] local.DEBUG: -> end  
[2022-07-06 03:09:22] local.DEBUG: error exception | AgentController -> get()  
[2022-07-06 03:09:22] local.DEBUG: user agent : Mozilla/5.0 (Linux; Android 10; Redmi Note 9 Pro) AppleWebKit/537.36 (KHTML, like Gecko) Chrome/87.0.4280.86 Mobile Safari/537.36  
[2022-07-06 03:09:22] local.DEBUG: -> error string  
[2022-07-06 03:09:22] local.DEBUG: SQLSTATE[HY000] [1044] Access denied for user 'tpc'@'localhost' to database 'master_agent' (SQL: select * from `platform`)  
[2022-07-06 03:09:22] local.DEBUG: -> end  
[2022-07-06 03:09:35] local.DEBUG: error exception | AgentController -> get()  
[2022-07-06 03:09:35] local.DEBUG: user agent : Mozilla/5.0 (Windows NT 6.1) AppleWebKit/537.36 (KHTML, like Gecko) Chrome/103.0.0.0 Safari/537.36  
[2022-07-06 03:09:35] local.DEBUG: -> error string  
[2022-07-06 03:09:35] local.DEBUG: SQLSTATE[HY000] [1044] Access denied for user 'tpc'@'localhost' to database 'master_agent' (SQL: select * from `platform`)  
[2022-07-06 03:09:35] local.DEBUG: -> end  
[2022-07-06 03:10:47] local.DEBUG: error exception | AgentController -> get()  
[2022-07-06 03:10:47] local.DEBUG: user agent : Mozilla/5.0 (Linux; Android 10; Redmi Note 9 Pro) AppleWebKit/537.36 (KHTML, like Gecko) Chrome/87.0.4280.86 Mobile Safari/537.36  
[2022-07-06 03:10:47] local.DEBUG: -> error string  
[2022-07-06 03:10:47] local.DEBUG: SQLSTATE[HY000] [1044] Access denied for user 'tpc'@'localhost' to database 'master_agent' (SQL: select * from `platform`)  
[2022-07-06 03:10:47] local.DEBUG: -> end  
[2022-07-06 03:11:46] local.DEBUG: error exception | AgentController -> get()  
[2022-07-06 03:11:46] local.DEBUG: user agent : Mozilla/5.0 (Windows NT 6.1) AppleWebKit/537.36 (KHTML, like Gecko) Chrome/103.0.0.0 Safari/537.36  
[2022-07-06 03:11:46] local.DEBUG: -> error string  
[2022-07-06 03:11:46] local.DEBUG: SQLSTATE[HY000] [1044] Access denied for user 'tpc'@'localhost' to database 'master_agent' (SQL: select * from `platform`)  
[2022-07-06 03:11:46] local.DEBUG: -> end  
[2022-07-06 03:12:50] local.DEBUG: error exception | AgentController -> get()  
[2022-07-06 03:12:50] local.DEBUG: user agent : Mozilla/5.0 (Windows NT 6.1) AppleWebKit/537.36 (KHTML, like Gecko) Chrome/103.0.0.0 Safari/537.36  
[2022-07-06 03:12:50] local.DEBUG: -> error string  
[2022-07-06 03:12:50] local.DEBUG: SQLSTATE[HY000] [1044] Access denied for user 'tpc'@'localhost' to database 'master_agent' (SQL: select * from `platform`)  
[2022-07-06 03:12:50] local.DEBUG: -> end  
[2022-07-06 03:14:13] local.DEBUG: error exception | AgentController -> get()  
[2022-07-06 03:14:13] local.DEBUG: user agent : Mozilla/5.0 (Windows NT 6.1) AppleWebKit/537.36 (KHTML, like Gecko) Chrome/103.0.0.0 Safari/537.36  
[2022-07-06 03:14:13] local.DEBUG: -> error string  
[2022-07-06 03:14:13] local.DEBUG: SQLSTATE[HY000] [1044] Access denied for user 'tpc'@'localhost' to database 'master_agent' (SQL: select * from `platform`)  
[2022-07-06 03:14:13] local.DEBUG: -> end  
[2022-07-06 03:15:11] local.DEBUG: error exception | AgentController -> get()  
[2022-07-06 03:15:11] local.DEBUG: user agent : Mozilla/5.0 (Windows NT 6.1) AppleWebKit/537.36 (KHTML, like Gecko) Chrome/103.0.0.0 Safari/537.36  
[2022-07-06 03:15:11] local.DEBUG: -> error string  
[2022-07-06 03:15:11] local.DEBUG: SQLSTATE[HY000] [1044] Access denied for user 'tpc'@'localhost' to database 'master_agent' (SQL: select * from `platform`)  
[2022-07-06 03:15:11] local.DEBUG: -> end  
[2022-07-06 03:20:36] local.DEBUG: error exception | AgentController -> get()  
[2022-07-06 03:20:36] local.DEBUG: user agent : Mozilla/5.0 (Windows NT 6.1) AppleWebKit/537.36 (KHTML, like Gecko) Chrome/103.0.0.0 Safari/537.36  
[2022-07-06 03:20:36] local.DEBUG: -> error string  
[2022-07-06 03:20:36] local.DEBUG: SQLSTATE[HY000] [1044] Access denied for user 'tpc'@'localhost' to database 'master_agent' (SQL: select * from `platform`)  
[2022-07-06 03:20:36] local.DEBUG: -> end  
[2022-07-06 03:21:27] local.DEBUG: error exception | AgentController -> get()  
[2022-07-06 03:21:27] local.DEBUG: user agent : Mozilla/5.0 (Windows NT 6.1) AppleWebKit/537.36 (KHTML, like Gecko) Chrome/103.0.0.0 Safari/537.36  
[2022-07-06 03:21:27] local.DEBUG: -> error string  
[2022-07-06 03:21:27] local.DEBUG: SQLSTATE[HY000] [1044] Access denied for user 'tpc'@'localhost' to database 'master_agent' (SQL: select * from `platform`)  
[2022-07-06 03:21:27] local.DEBUG: -> end  
[2022-07-06 03:24:19] local.DEBUG: error exception | AgentController -> get()  
[2022-07-06 03:24:19] local.DEBUG: user agent : Mozilla/5.0 (Windows NT 6.1) AppleWebKit/537.36 (KHTML, like Gecko) Chrome/103.0.0.0 Safari/537.36  
[2022-07-06 03:24:19] local.DEBUG: -> error string  
[2022-07-06 03:24:19] local.DEBUG: SQLSTATE[HY000] [1044] Access denied for user 'tpc'@'localhost' to database 'master_agent' (SQL: select * from `platform`)  
[2022-07-06 03:24:19] local.DEBUG: -> end  
[2022-07-06 03:26:01] local.DEBUG: error exception | AgentController -> get()  
[2022-07-06 03:26:01] local.DEBUG: user agent : Mozilla/5.0 (Windows NT 6.1) AppleWebKit/537.36 (KHTML, like Gecko) Chrome/103.0.0.0 Safari/537.36  
[2022-07-06 03:26:01] local.DEBUG: -> error string  
[2022-07-06 03:26:01] local.DEBUG: SQLSTATE[HY000] [1044] Access denied for user 'tpc'@'localhost' to database 'master_agent' (SQL: select * from `platform`)  
[2022-07-06 03:26:01] local.DEBUG: -> end  
[2022-07-06 03:29:34] local.DEBUG: error exception | AgentController -> get()  
[2022-07-06 03:29:34] local.DEBUG: user agent : Mozilla/5.0 (Windows NT 6.1) AppleWebKit/537.36 (KHTML, like Gecko) Chrome/103.0.0.0 Safari/537.36  
[2022-07-06 03:29:34] local.DEBUG: -> error string  
[2022-07-06 03:29:34] local.DEBUG: SQLSTATE[HY000] [1044] Access denied for user 'tpc'@'localhost' to database 'master_agent' (SQL: select * from `platform`)  
[2022-07-06 03:29:34] local.DEBUG: -> end  
[2022-07-06 03:30:47] local.DEBUG: error exception | AgentController -> get()  
[2022-07-06 03:30:47] local.DEBUG: user agent : Mozilla/5.0 (Windows NT 6.1) AppleWebKit/537.36 (KHTML, like Gecko) Chrome/103.0.0.0 Safari/537.36  
[2022-07-06 03:30:47] local.DEBUG: -> error string  
[2022-07-06 03:30:47] local.DEBUG: SQLSTATE[HY000] [1044] Access denied for user 'tpc'@'localhost' to database 'master_agent' (SQL: select * from `platform`)  
[2022-07-06 03:30:47] local.DEBUG: -> end  
[2022-07-06 03:31:31] local.DEBUG: error exception | AgentController -> get()  
[2022-07-06 03:31:31] local.DEBUG: user agent : Mozilla/5.0 (Windows NT 6.1) AppleWebKit/537.36 (KHTML, like Gecko) Chrome/103.0.0.0 Safari/537.36  
[2022-07-06 03:31:31] local.DEBUG: -> error string  
[2022-07-06 03:31:31] local.DEBUG: SQLSTATE[HY000] [1044] Access denied for user 'tpc'@'localhost' to database 'master_agent' (SQL: select * from `platform`)  
[2022-07-06 03:31:31] local.DEBUG: -> end  
[2022-07-06 03:49:36] local.DEBUG: error exception | AgentController -> get()  
[2022-07-06 03:49:36] local.DEBUG: user agent : Mozilla/5.0 (Windows NT 6.1) AppleWebKit/537.36 (KHTML, like Gecko) Chrome/103.0.0.0 Safari/537.36  
[2022-07-06 03:49:36] local.DEBUG: -> error string  
[2022-07-06 03:49:36] local.DEBUG: SQLSTATE[HY000] [1044] Access denied for user 'tpc'@'localhost' to database 'master_agent' (SQL: select * from `platform`)  
[2022-07-06 03:49:36] local.DEBUG: -> end  
[2022-07-06 03:58:26] local.DEBUG: error exception | AgentController -> get()  
[2022-07-06 03:58:26] local.DEBUG: user agent : Mozilla/5.0 (Windows NT 6.1) AppleWebKit/537.36 (KHTML, like Gecko) Chrome/103.0.0.0 Safari/537.36  
[2022-07-06 03:58:26] local.DEBUG: -> error string  
[2022-07-06 03:58:26] local.DEBUG: SQLSTATE[HY000] [1044] Access denied for user 'tpc'@'localhost' to database 'master_agent' (SQL: select * from `platform`)  
[2022-07-06 03:58:26] local.DEBUG: -> end  
[2022-07-06 03:59:39] local.DEBUG: error exception | AgentController -> get()  
[2022-07-06 03:59:39] local.DEBUG: user agent : Mozilla/5.0 (Windows NT 6.1) AppleWebKit/537.36 (KHTML, like Gecko) Chrome/103.0.0.0 Safari/537.36  
[2022-07-06 03:59:39] local.DEBUG: -> error string  
[2022-07-06 03:59:39] local.DEBUG: SQLSTATE[HY000] [1044] Access denied for user 'tpc'@'localhost' to database 'master_agent' (SQL: select * from `platform`)  
[2022-07-06 03:59:39] local.DEBUG: -> end  
[2022-07-06 04:00:54] local.DEBUG: error exception | AgentController -> get()  
[2022-07-06 04:00:54] local.DEBUG: user agent : Mozilla/5.0 (Windows NT 6.1) AppleWebKit/537.36 (KHTML, like Gecko) Chrome/103.0.0.0 Safari/537.36  
[2022-07-06 04:00:54] local.DEBUG: -> error string  
[2022-07-06 04:00:54] local.DEBUG: SQLSTATE[HY000] [1044] Access denied for user 'tpc'@'localhost' to database 'master_agent' (SQL: select * from `platform`)  
[2022-07-06 04:00:54] local.DEBUG: -> end  
[2022-07-06 04:02:03] local.DEBUG: error exception | AgentController -> get()  
[2022-07-06 04:02:03] local.DEBUG: user agent : Mozilla/5.0 (Windows NT 6.1) AppleWebKit/537.36 (KHTML, like Gecko) Chrome/103.0.0.0 Safari/537.36  
[2022-07-06 04:02:03] local.DEBUG: -> error string  
[2022-07-06 04:02:03] local.DEBUG: SQLSTATE[HY000] [1044] Access denied for user 'tpc'@'localhost' to database 'master_agent' (SQL: select * from `platform`)  
[2022-07-06 04:02:03] local.DEBUG: -> end  
[2022-07-06 04:03:30] local.DEBUG: error exception | AgentController -> get()  
[2022-07-06 04:03:30] local.DEBUG: user agent : Mozilla/5.0 (Windows NT 6.1) AppleWebKit/537.36 (KHTML, like Gecko) Chrome/103.0.0.0 Safari/537.36  
[2022-07-06 04:03:30] local.DEBUG: -> error string  
[2022-07-06 04:03:30] local.DEBUG: SQLSTATE[HY000] [1044] Access denied for user 'tpc'@'localhost' to database 'master_agent' (SQL: select * from `platform`)  
[2022-07-06 04:03:30] local.DEBUG: -> end  
[2022-07-06 04:06:52] local.DEBUG: error exception | AgentController -> get()  
[2022-07-06 04:06:52] local.DEBUG: user agent : Mozilla/5.0 (Windows NT 6.1) AppleWebKit/537.36 (KHTML, like Gecko) Chrome/103.0.0.0 Safari/537.36  
[2022-07-06 04:06:52] local.DEBUG: -> error string  
[2022-07-06 04:06:52] local.DEBUG: SQLSTATE[HY000] [1044] Access denied for user 'tpc'@'localhost' to database 'master_agent' (SQL: select * from `platform`)  
[2022-07-06 04:06:52] local.DEBUG: -> end  
[2022-07-06 04:07:47] local.DEBUG: error exception | AgentController -> get()  
[2022-07-06 04:07:47] local.DEBUG: user agent : Mozilla/5.0 (Windows NT 6.1) AppleWebKit/537.36 (KHTML, like Gecko) Chrome/103.0.0.0 Safari/537.36  
[2022-07-06 04:07:47] local.DEBUG: -> error string  
[2022-07-06 04:07:47] local.DEBUG: SQLSTATE[HY000] [1044] Access denied for user 'tpc'@'localhost' to database 'master_agent' (SQL: select * from `platform`)  
[2022-07-06 04:07:47] local.DEBUG: -> end  
[2022-07-06 04:10:27] local.DEBUG: error exception | AgentController -> get()  
[2022-07-06 04:10:27] local.DEBUG: user agent : Mozilla/5.0 (Windows NT 6.1) AppleWebKit/537.36 (KHTML, like Gecko) Chrome/103.0.0.0 Safari/537.36  
[2022-07-06 04:10:27] local.DEBUG: -> error string  
[2022-07-06 04:10:27] local.DEBUG: SQLSTATE[HY000] [1044] Access denied for user 'tpc'@'localhost' to database 'master_agent' (SQL: select * from `platform`)  
[2022-07-06 04:10:27] local.DEBUG: -> end  
[2022-07-06 04:28:44] local.DEBUG: error exception | AgentController -> get()  
[2022-07-06 04:28:44] local.DEBUG: user agent : Mozilla/5.0 (Windows NT 6.1) AppleWebKit/537.36 (KHTML, like Gecko) Chrome/103.0.0.0 Safari/537.36  
[2022-07-06 04:28:44] local.DEBUG: -> error string  
[2022-07-06 04:28:44] local.DEBUG: SQLSTATE[HY000] [1044] Access denied for user 'tpc'@'localhost' to database 'master_agent' (SQL: select * from `platform`)  
[2022-07-06 04:28:44] local.DEBUG: -> end  
[2022-07-06 04:29:22] local.DEBUG: error exception | AgentController -> get()  
[2022-07-06 04:29:22] local.DEBUG: user agent : Mozilla/5.0 (Windows NT 6.1) AppleWebKit/537.36 (KHTML, like Gecko) Chrome/103.0.0.0 Safari/537.36  
[2022-07-06 04:29:22] local.DEBUG: -> error string  
[2022-07-06 04:29:22] local.DEBUG: SQLSTATE[HY000] [1044] Access denied for user 'tpc'@'localhost' to database 'master_agent' (SQL: select * from `platform`)  
[2022-07-06 04:29:22] local.DEBUG: -> end  
[2022-07-06 04:36:58] local.DEBUG: error exception | AgentController -> get()  
[2022-07-06 04:36:58] local.DEBUG: user agent : Mozilla/5.0 (Windows NT 6.1) AppleWebKit/537.36 (KHTML, like Gecko) Chrome/103.0.0.0 Safari/537.36  
[2022-07-06 04:36:58] local.DEBUG: -> error string  
[2022-07-06 04:36:58] local.DEBUG: SQLSTATE[HY000] [1044] Access denied for user 'tpc'@'localhost' to database 'master_agent' (SQL: select * from `platform`)  
[2022-07-06 04:36:58] local.DEBUG: -> end  
[2022-07-06 04:39:22] local.DEBUG: error exception | AgentController -> get()  
[2022-07-06 04:39:22] local.DEBUG: user agent : Mozilla/5.0 (Windows NT 6.1) AppleWebKit/537.36 (KHTML, like Gecko) Chrome/103.0.0.0 Safari/537.36  
[2022-07-06 04:39:22] local.DEBUG: -> error string  
[2022-07-06 04:39:22] local.DEBUG: SQLSTATE[HY000] [1044] Access denied for user 'tpc'@'localhost' to database 'master_agent' (SQL: select * from `platform`)  
[2022-07-06 04:39:22] local.DEBUG: -> end  
[2022-07-06 04:39:41] local.DEBUG: error exception | AgentController -> get()  
[2022-07-06 04:39:41] local.DEBUG: user agent : Mozilla/5.0 (Windows NT 6.1) AppleWebKit/537.36 (KHTML, like Gecko) Chrome/103.0.0.0 Safari/537.36  
[2022-07-06 04:39:41] local.DEBUG: -> error string  
[2022-07-06 04:39:41] local.DEBUG: SQLSTATE[HY000] [1044] Access denied for user 'tpc'@'localhost' to database 'master_agent' (SQL: select * from `platform`)  
[2022-07-06 04:39:41] local.DEBUG: -> end  
[2022-07-06 04:40:17] local.DEBUG: error exception | AgentController -> get()  
[2022-07-06 04:40:17] local.DEBUG: user agent : Mozilla/5.0 (Windows NT 6.1) AppleWebKit/537.36 (KHTML, like Gecko) Chrome/103.0.0.0 Safari/537.36  
[2022-07-06 04:40:17] local.DEBUG: -> error string  
[2022-07-06 04:40:17] local.DEBUG: SQLSTATE[HY000] [1044] Access denied for user 'tpc'@'localhost' to database 'master_agent' (SQL: select * from `platform`)  
[2022-07-06 04:40:17] local.DEBUG: -> end  
[2022-07-06 04:40:41] local.DEBUG: error exception | AgentController -> get()  
[2022-07-06 04:40:41] local.DEBUG: user agent : Mozilla/5.0 (Windows NT 6.1) AppleWebKit/537.36 (KHTML, like Gecko) Chrome/103.0.0.0 Safari/537.36  
[2022-07-06 04:40:41] local.DEBUG: -> error string  
[2022-07-06 04:40:41] local.DEBUG: SQLSTATE[HY000] [1044] Access denied for user 'tpc'@'localhost' to database 'master_agent' (SQL: select * from `platform`)  
[2022-07-06 04:40:41] local.DEBUG: -> end  
[2022-07-06 04:41:30] local.DEBUG: error exception | AgentController -> get()  
[2022-07-06 04:41:30] local.DEBUG: user agent : Mozilla/5.0 (Windows NT 6.1) AppleWebKit/537.36 (KHTML, like Gecko) Chrome/103.0.0.0 Safari/537.36  
[2022-07-06 04:41:30] local.DEBUG: -> error string  
[2022-07-06 04:41:30] local.DEBUG: SQLSTATE[HY000] [1044] Access denied for user 'tpc'@'localhost' to database 'master_agent' (SQL: select * from `platform`)  
[2022-07-06 04:41:30] local.DEBUG: -> end  
[2022-07-06 04:42:13] local.DEBUG: error exception | AgentController -> get()  
[2022-07-06 04:42:13] local.DEBUG: user agent : Mozilla/5.0 (Windows NT 6.1) AppleWebKit/537.36 (KHTML, like Gecko) Chrome/103.0.0.0 Safari/537.36  
[2022-07-06 04:42:13] local.DEBUG: -> error string  
[2022-07-06 04:42:13] local.DEBUG: SQLSTATE[HY000] [1044] Access denied for user 'tpc'@'localhost' to database 'master_agent' (SQL: select * from `platform`)  
[2022-07-06 04:42:13] local.DEBUG: -> end  
[2022-07-06 04:43:56] local.DEBUG: error exception | AgentController -> get()  
[2022-07-06 04:43:56] local.DEBUG: user agent : Mozilla/5.0 (Windows NT 6.1) AppleWebKit/537.36 (KHTML, like Gecko) Chrome/103.0.0.0 Safari/537.36  
[2022-07-06 04:43:56] local.DEBUG: -> error string  
[2022-07-06 04:43:56] local.DEBUG: SQLSTATE[HY000] [1044] Access denied for user 'tpc'@'localhost' to database 'master_agent' (SQL: select * from `platform`)  
[2022-07-06 04:43:56] local.DEBUG: -> end  
[2022-07-06 04:44:43] local.DEBUG: error exception | AgentController -> get()  
[2022-07-06 04:44:43] local.DEBUG: user agent : Mozilla/5.0 (Windows NT 6.1) AppleWebKit/537.36 (KHTML, like Gecko) Chrome/103.0.0.0 Safari/537.36  
[2022-07-06 04:44:43] local.DEBUG: -> error string  
[2022-07-06 04:44:43] local.DEBUG: SQLSTATE[HY000] [1044] Access denied for user 'tpc'@'localhost' to database 'master_agent' (SQL: select * from `platform`)  
[2022-07-06 04:44:43] local.DEBUG: -> end  
[2022-07-06 04:45:10] local.DEBUG: error exception | AgentController -> get()  
[2022-07-06 04:45:10] local.DEBUG: user agent : Mozilla/5.0 (Windows NT 6.1) AppleWebKit/537.36 (KHTML, like Gecko) Chrome/103.0.0.0 Safari/537.36  
[2022-07-06 04:45:10] local.DEBUG: -> error string  
[2022-07-06 04:45:10] local.DEBUG: SQLSTATE[HY000] [1044] Access denied for user 'tpc'@'localhost' to database 'master_agent' (SQL: select * from `platform`)  
[2022-07-06 04:45:10] local.DEBUG: -> end  
[2022-07-06 04:45:41] local.DEBUG: error exception | AgentController -> get()  
[2022-07-06 04:45:41] local.DEBUG: user agent : Mozilla/5.0 (Windows NT 6.1) AppleWebKit/537.36 (KHTML, like Gecko) Chrome/103.0.0.0 Safari/537.36  
[2022-07-06 04:45:41] local.DEBUG: -> error string  
[2022-07-06 04:45:41] local.DEBUG: SQLSTATE[HY000] [1044] Access denied for user 'tpc'@'localhost' to database 'master_agent' (SQL: select * from `platform`)  
[2022-07-06 04:45:41] local.DEBUG: -> end  
[2022-07-06 04:46:51] local.DEBUG: error exception | AgentController -> get()  
[2022-07-06 04:46:51] local.DEBUG: user agent : Mozilla/5.0 (Windows NT 6.1) AppleWebKit/537.36 (KHTML, like Gecko) Chrome/103.0.0.0 Safari/537.36  
[2022-07-06 04:46:51] local.DEBUG: -> error string  
[2022-07-06 04:46:51] local.DEBUG: SQLSTATE[HY000] [1044] Access denied for user 'tpc'@'localhost' to database 'master_agent' (SQL: select * from `platform`)  
[2022-07-06 04:46:51] local.DEBUG: -> end  
[2022-07-06 04:48:24] local.DEBUG: error exception | AgentController -> get()  
[2022-07-06 04:48:24] local.DEBUG: user agent : Mozilla/5.0 (Windows NT 6.1) AppleWebKit/537.36 (KHTML, like Gecko) Chrome/103.0.0.0 Safari/537.36  
[2022-07-06 04:48:24] local.DEBUG: -> error string  
[2022-07-06 04:48:24] local.DEBUG: SQLSTATE[HY000] [1044] Access denied for user 'tpc'@'localhost' to database 'master_agent' (SQL: select * from `platform`)  
[2022-07-06 04:48:24] local.DEBUG: -> end  
[2022-07-06 04:48:57] local.DEBUG: error exception | AgentController -> get()  
[2022-07-06 04:48:57] local.DEBUG: user agent : Mozilla/5.0 (Windows NT 6.1) AppleWebKit/537.36 (KHTML, like Gecko) Chrome/103.0.0.0 Safari/537.36  
[2022-07-06 04:48:57] local.DEBUG: -> error string  
[2022-07-06 04:48:57] local.DEBUG: SQLSTATE[HY000] [1044] Access denied for user 'tpc'@'localhost' to database 'master_agent' (SQL: select * from `platform`)  
[2022-07-06 04:48:57] local.DEBUG: -> end  
[2022-07-06 04:49:28] local.DEBUG: error exception | AgentController -> get()  
[2022-07-06 04:49:28] local.DEBUG: user agent : Mozilla/5.0 (Windows NT 6.1) AppleWebKit/537.36 (KHTML, like Gecko) Chrome/103.0.0.0 Safari/537.36  
[2022-07-06 04:49:28] local.DEBUG: -> error string  
[2022-07-06 04:49:28] local.DEBUG: SQLSTATE[HY000] [1044] Access denied for user 'tpc'@'localhost' to database 'master_agent' (SQL: select * from `platform`)  
[2022-07-06 04:49:28] local.DEBUG: -> end  
[2022-07-06 04:50:00] local.DEBUG: error exception | AgentController -> get()  
[2022-07-06 04:50:00] local.DEBUG: user agent : Mozilla/5.0 (Windows NT 6.1) AppleWebKit/537.36 (KHTML, like Gecko) Chrome/103.0.0.0 Safari/537.36  
[2022-07-06 04:50:00] local.DEBUG: -> error string  
[2022-07-06 04:50:00] local.DEBUG: SQLSTATE[HY000] [1044] Access denied for user 'tpc'@'localhost' to database 'master_agent' (SQL: select * from `platform`)  
[2022-07-06 04:50:00] local.DEBUG: -> end  
[2022-07-06 04:50:32] local.DEBUG: error exception | AgentController -> get()  
[2022-07-06 04:50:32] local.DEBUG: user agent : Mozilla/5.0 (Windows NT 6.1) AppleWebKit/537.36 (KHTML, like Gecko) Chrome/103.0.0.0 Safari/537.36  
[2022-07-06 04:50:32] local.DEBUG: -> error string  
[2022-07-06 04:50:32] local.DEBUG: SQLSTATE[HY000] [1044] Access denied for user 'tpc'@'localhost' to database 'master_agent' (SQL: select * from `platform`)  
[2022-07-06 04:50:32] local.DEBUG: -> end  
[2022-07-06 04:53:42] local.DEBUG: error exception | AgentController -> get()  
[2022-07-06 04:53:42] local.DEBUG: user agent : Mozilla/5.0 (Windows NT 6.1) AppleWebKit/537.36 (KHTML, like Gecko) Chrome/103.0.0.0 Safari/537.36  
[2022-07-06 04:53:42] local.DEBUG: -> error string  
[2022-07-06 04:53:42] local.DEBUG: SQLSTATE[HY000] [1044] Access denied for user 'tpc'@'localhost' to database 'master_agent' (SQL: select * from `platform`)  
[2022-07-06 04:53:42] local.DEBUG: -> end  
[2022-07-06 04:54:30] local.DEBUG: error exception | AgentController -> get()  
[2022-07-06 04:54:30] local.DEBUG: user agent : Mozilla/5.0 (Windows NT 6.1) AppleWebKit/537.36 (KHTML, like Gecko) Chrome/103.0.0.0 Safari/537.36  
[2022-07-06 04:54:30] local.DEBUG: -> error string  
[2022-07-06 04:54:30] local.DEBUG: SQLSTATE[HY000] [1044] Access denied for user 'tpc'@'localhost' to database 'master_agent' (SQL: select * from `platform`)  
[2022-07-06 04:54:30] local.DEBUG: -> end  
[2022-07-06 04:55:29] local.DEBUG: error exception | AgentController -> get()  
[2022-07-06 04:55:29] local.DEBUG: user agent : Mozilla/5.0 (Windows NT 6.1) AppleWebKit/537.36 (KHTML, like Gecko) Chrome/103.0.0.0 Safari/537.36  
[2022-07-06 04:55:29] local.DEBUG: -> error string  
[2022-07-06 04:55:29] local.DEBUG: SQLSTATE[HY000] [1044] Access denied for user 'tpc'@'localhost' to database 'master_agent' (SQL: select * from `platform`)  
[2022-07-06 04:55:29] local.DEBUG: -> end  
[2022-07-06 04:56:11] local.DEBUG: error exception | AgentController -> get()  
[2022-07-06 04:56:11] local.DEBUG: user agent : Mozilla/5.0 (Windows NT 6.1) AppleWebKit/537.36 (KHTML, like Gecko) Chrome/103.0.0.0 Safari/537.36  
[2022-07-06 04:56:11] local.DEBUG: -> error string  
[2022-07-06 04:56:11] local.DEBUG: SQLSTATE[HY000] [1044] Access denied for user 'tpc'@'localhost' to database 'master_agent' (SQL: select * from `platform`)  
[2022-07-06 04:56:11] local.DEBUG: -> end  
[2022-07-06 04:56:29] local.DEBUG: error exception | AgentController -> get()  
[2022-07-06 04:56:29] local.DEBUG: user agent : Mozilla/5.0 (Windows NT 6.1) AppleWebKit/537.36 (KHTML, like Gecko) Chrome/103.0.0.0 Safari/537.36  
[2022-07-06 04:56:29] local.DEBUG: -> error string  
[2022-07-06 04:56:29] local.DEBUG: SQLSTATE[HY000] [1044] Access denied for user 'tpc'@'localhost' to database 'master_agent' (SQL: select * from `platform`)  
[2022-07-06 04:56:29] local.DEBUG: -> end  
[2022-07-06 04:56:52] local.DEBUG: error exception | AgentController -> get()  
[2022-07-06 04:56:52] local.DEBUG: user agent : Mozilla/5.0 (Windows NT 6.1) AppleWebKit/537.36 (KHTML, like Gecko) Chrome/103.0.0.0 Safari/537.36  
[2022-07-06 04:56:52] local.DEBUG: -> error string  
[2022-07-06 04:56:52] local.DEBUG: SQLSTATE[HY000] [1044] Access denied for user 'tpc'@'localhost' to database 'master_agent' (SQL: select * from `platform`)  
[2022-07-06 04:56:52] local.DEBUG: -> end  
[2022-07-06 05:01:08] local.DEBUG: error exception | AgentController -> get()  
[2022-07-06 05:01:08] local.DEBUG: user agent : Mozilla/5.0 (Windows NT 6.1) AppleWebKit/537.36 (KHTML, like Gecko) Chrome/103.0.0.0 Safari/537.36  
[2022-07-06 05:01:08] local.DEBUG: -> error string  
[2022-07-06 05:01:08] local.DEBUG: SQLSTATE[HY000] [1044] Access denied for user 'tpc'@'localhost' to database 'master_agent' (SQL: select * from `platform`)  
[2022-07-06 05:01:08] local.DEBUG: -> end  
[2022-07-06 05:02:23] local.DEBUG: error exception | AgentController -> get()  
[2022-07-06 05:02:23] local.DEBUG: user agent : Mozilla/5.0 (Windows NT 6.1) AppleWebKit/537.36 (KHTML, like Gecko) Chrome/103.0.0.0 Safari/537.36  
[2022-07-06 05:02:23] local.DEBUG: -> error string  
[2022-07-06 05:02:23] local.DEBUG: SQLSTATE[HY000] [1044] Access denied for user 'tpc'@'localhost' to database 'master_agent' (SQL: select * from `platform`)  
[2022-07-06 05:02:23] local.DEBUG: -> end  
[2022-07-06 05:03:03] local.DEBUG: error exception | AgentController -> get()  
[2022-07-06 05:03:03] local.DEBUG: user agent : Mozilla/5.0 (Windows NT 6.1) AppleWebKit/537.36 (KHTML, like Gecko) Chrome/103.0.0.0 Safari/537.36  
[2022-07-06 05:03:03] local.DEBUG: -> error string  
[2022-07-06 05:03:03] local.DEBUG: SQLSTATE[HY000] [1044] Access denied for user 'tpc'@'localhost' to database 'master_agent' (SQL: select * from `platform`)  
[2022-07-06 05:03:03] local.DEBUG: -> end  
[2022-07-06 05:05:13] local.DEBUG: error exception | AgentController -> get()  
[2022-07-06 05:05:13] local.DEBUG: user agent : Mozilla/5.0 (Windows NT 6.1) AppleWebKit/537.36 (KHTML, like Gecko) Chrome/103.0.0.0 Safari/537.36  
[2022-07-06 05:05:13] local.DEBUG: -> error string  
[2022-07-06 05:05:13] local.DEBUG: SQLSTATE[HY000] [1044] Access denied for user 'tpc'@'localhost' to database 'master_agent' (SQL: select * from `platform`)  
[2022-07-06 05:05:13] local.DEBUG: -> end  
[2022-07-06 05:06:35] local.DEBUG: error exception | AgentController -> get()  
[2022-07-06 05:06:35] local.DEBUG: user agent : Mozilla/5.0 (Windows NT 6.1) AppleWebKit/537.36 (KHTML, like Gecko) Chrome/103.0.0.0 Safari/537.36  
[2022-07-06 05:06:35] local.DEBUG: -> error string  
[2022-07-06 05:06:35] local.DEBUG: SQLSTATE[HY000] [1044] Access denied for user 'tpc'@'localhost' to database 'master_agent' (SQL: select * from `platform`)  
[2022-07-06 05:06:35] local.DEBUG: -> end  
[2022-07-06 05:07:51] local.DEBUG: error exception | AgentController -> get()  
[2022-07-06 05:07:51] local.DEBUG: user agent : Mozilla/5.0 (Windows NT 6.1) AppleWebKit/537.36 (KHTML, like Gecko) Chrome/103.0.0.0 Safari/537.36  
[2022-07-06 05:07:51] local.DEBUG: -> error string  
[2022-07-06 05:07:51] local.DEBUG: SQLSTATE[HY000] [1044] Access denied for user 'tpc'@'localhost' to database 'master_agent' (SQL: select * from `platform`)  
[2022-07-06 05:07:51] local.DEBUG: -> end  
[2022-07-06 05:09:47] local.DEBUG: error exception | AgentController -> get()  
[2022-07-06 05:09:47] local.DEBUG: user agent : Mozilla/5.0 (Windows NT 6.1) AppleWebKit/537.36 (KHTML, like Gecko) Chrome/103.0.0.0 Safari/537.36  
[2022-07-06 05:09:47] local.DEBUG: -> error string  
[2022-07-06 05:09:47] local.DEBUG: SQLSTATE[HY000] [1044] Access denied for user 'tpc'@'localhost' to database 'master_agent' (SQL: select * from `platform`)  
[2022-07-06 05:09:47] local.DEBUG: -> end  
[2022-07-06 05:11:08] local.DEBUG: error exception | AgentController -> get()  
[2022-07-06 05:11:08] local.DEBUG: user agent : Mozilla/5.0 (Windows NT 6.1) AppleWebKit/537.36 (KHTML, like Gecko) Chrome/103.0.0.0 Safari/537.36  
[2022-07-06 05:11:08] local.DEBUG: -> error string  
[2022-07-06 05:11:08] local.DEBUG: SQLSTATE[HY000] [1044] Access denied for user 'tpc'@'localhost' to database 'master_agent' (SQL: select * from `platform`)  
[2022-07-06 05:11:08] local.DEBUG: -> end  
[2022-07-06 05:19:10] local.DEBUG: error exception | AgentController -> get()  
[2022-07-06 05:19:10] local.DEBUG: user agent : Mozilla/5.0 (Windows NT 6.1) AppleWebKit/537.36 (KHTML, like Gecko) Chrome/103.0.0.0 Safari/537.36  
[2022-07-06 05:19:10] local.DEBUG: -> error string  
[2022-07-06 05:19:10] local.DEBUG: SQLSTATE[HY000] [1044] Access denied for user 'tpc'@'localhost' to database 'master_agent' (SQL: select * from `platform`)  
[2022-07-06 05:19:10] local.DEBUG: -> end  
[2022-07-06 05:22:39] local.DEBUG: error exception | AgentController -> get()  
[2022-07-06 05:22:39] local.DEBUG: user agent : Mozilla/5.0 (Windows NT 6.1) AppleWebKit/537.36 (KHTML, like Gecko) Chrome/103.0.0.0 Safari/537.36  
[2022-07-06 05:22:39] local.DEBUG: -> error string  
[2022-07-06 05:22:39] local.DEBUG: SQLSTATE[HY000] [1044] Access denied for user 'tpc'@'localhost' to database 'master_agent' (SQL: select * from `platform`)  
[2022-07-06 05:22:39] local.DEBUG: -> end  
[2022-07-06 06:35:54] local.DEBUG: error exception | AgentController -> get()  
[2022-07-06 06:35:54] local.DEBUG: user agent : Mozilla/5.0 (Windows NT 6.1) AppleWebKit/537.36 (KHTML, like Gecko) Chrome/103.0.0.0 Safari/537.36  
[2022-07-06 06:35:54] local.DEBUG: -> error string  
[2022-07-06 06:35:54] local.DEBUG: SQLSTATE[HY000] [1044] Access denied for user 'tpc'@'localhost' to database 'master_agent' (SQL: select * from `platform`)  
[2022-07-06 06:35:54] local.DEBUG: -> end  
[2022-07-06 06:36:44] local.DEBUG: error exception | AgentController -> get()  
[2022-07-06 06:36:44] local.DEBUG: user agent : Mozilla/5.0 (Windows NT 6.1) AppleWebKit/537.36 (KHTML, like Gecko) Chrome/103.0.0.0 Safari/537.36  
[2022-07-06 06:36:44] local.DEBUG: -> error string  
[2022-07-06 06:36:44] local.DEBUG: SQLSTATE[HY000] [1044] Access denied for user 'tpc'@'localhost' to database 'master_agent' (SQL: select * from `platform`)  
[2022-07-06 06:36:44] local.DEBUG: -> end  
[2022-07-06 06:39:27] local.DEBUG: error exception | AgentController -> get()  
[2022-07-06 06:39:27] local.DEBUG: user agent : Mozilla/5.0 (Windows NT 6.1) AppleWebKit/537.36 (KHTML, like Gecko) Chrome/103.0.0.0 Safari/537.36  
[2022-07-06 06:39:27] local.DEBUG: -> error string  
[2022-07-06 06:39:27] local.DEBUG: SQLSTATE[HY000] [1044] Access denied for user 'tpc'@'localhost' to database 'master_agent' (SQL: select * from `platform`)  
[2022-07-06 06:39:27] local.DEBUG: -> end  
[2022-07-06 06:40:01] local.DEBUG: error exception | AgentController -> get()  
[2022-07-06 06:40:01] local.DEBUG: user agent : Mozilla/5.0 (Windows NT 6.1) AppleWebKit/537.36 (KHTML, like Gecko) Chrome/103.0.0.0 Safari/537.36  
[2022-07-06 06:40:01] local.DEBUG: -> error string  
[2022-07-06 06:40:01] local.DEBUG: SQLSTATE[HY000] [1044] Access denied for user 'tpc'@'localhost' to database 'master_agent' (SQL: select * from `platform`)  
[2022-07-06 06:40:01] local.DEBUG: -> end  
[2022-07-06 06:41:28] local.DEBUG: error exception | AgentController -> get()  
[2022-07-06 06:41:28] local.DEBUG: user agent : Mozilla/5.0 (Windows NT 6.1) AppleWebKit/537.36 (KHTML, like Gecko) Chrome/103.0.0.0 Safari/537.36  
[2022-07-06 06:41:28] local.DEBUG: -> error string  
[2022-07-06 06:41:28] local.DEBUG: SQLSTATE[HY000] [1044] Access denied for user 'tpc'@'localhost' to database 'master_agent' (SQL: select * from `platform`)  
[2022-07-06 06:41:28] local.DEBUG: -> end  
[2022-07-06 06:48:42] local.DEBUG: error exception | AgentController -> get()  
[2022-07-06 06:48:42] local.DEBUG: user agent : Mozilla/5.0 (Windows NT 6.1) AppleWebKit/537.36 (KHTML, like Gecko) Chrome/103.0.0.0 Safari/537.36  
[2022-07-06 06:48:42] local.DEBUG: -> error string  
[2022-07-06 06:48:42] local.DEBUG: SQLSTATE[HY000] [1044] Access denied for user 'tpc'@'localhost' to database 'master_agent' (SQL: select * from `platform`)  
[2022-07-06 06:48:42] local.DEBUG: -> end  
[2022-07-06 06:49:13] local.DEBUG: error exception | AgentController -> get()  
[2022-07-06 06:49:13] local.DEBUG: user agent : Mozilla/5.0 (Windows NT 6.1) AppleWebKit/537.36 (KHTML, like Gecko) Chrome/103.0.0.0 Safari/537.36  
[2022-07-06 06:49:13] local.DEBUG: -> error string  
[2022-07-06 06:49:13] local.DEBUG: SQLSTATE[HY000] [1044] Access denied for user 'tpc'@'localhost' to database 'master_agent' (SQL: select * from `platform`)  
[2022-07-06 06:49:13] local.DEBUG: -> end  
[2022-07-06 06:50:06] local.DEBUG: error exception | AgentController -> get()  
[2022-07-06 06:50:06] local.DEBUG: user agent : Mozilla/5.0 (Windows NT 6.1) AppleWebKit/537.36 (KHTML, like Gecko) Chrome/103.0.0.0 Safari/537.36  
[2022-07-06 06:50:06] local.DEBUG: -> error string  
[2022-07-06 06:50:06] local.DEBUG: SQLSTATE[HY000] [1044] Access denied for user 'tpc'@'localhost' to database 'master_agent' (SQL: select * from `platform`)  
[2022-07-06 06:50:06] local.DEBUG: -> end  
[2022-07-06 06:53:16] local.DEBUG: error exception | AgentController -> get()  
[2022-07-06 06:53:16] local.DEBUG: user agent : Mozilla/5.0 (Windows NT 6.1) AppleWebKit/537.36 (KHTML, like Gecko) Chrome/103.0.0.0 Safari/537.36  
[2022-07-06 06:53:16] local.DEBUG: -> error string  
[2022-07-06 06:53:16] local.DEBUG: SQLSTATE[HY000] [1044] Access denied for user 'tpc'@'localhost' to database 'master_agent' (SQL: select * from `platform`)  
[2022-07-06 06:53:16] local.DEBUG: -> end  
[2022-07-06 06:55:21] local.DEBUG: error exception | AgentController -> get()  
[2022-07-06 06:55:21] local.DEBUG: user agent : Mozilla/5.0 (Windows NT 6.1) AppleWebKit/537.36 (KHTML, like Gecko) Chrome/103.0.0.0 Safari/537.36  
[2022-07-06 06:55:21] local.DEBUG: -> error string  
[2022-07-06 06:55:21] local.DEBUG: SQLSTATE[HY000] [1044] Access denied for user 'tpc'@'localhost' to database 'master_agent' (SQL: select * from `platform`)  
[2022-07-06 06:55:21] local.DEBUG: -> end  
[2022-07-06 06:56:06] local.DEBUG: error exception | AgentController -> get()  
[2022-07-06 06:56:06] local.DEBUG: user agent : Mozilla/5.0 (Windows NT 6.1) AppleWebKit/537.36 (KHTML, like Gecko) Chrome/103.0.0.0 Safari/537.36  
[2022-07-06 06:56:06] local.DEBUG: -> error string  
[2022-07-06 06:56:06] local.DEBUG: SQLSTATE[HY000] [1044] Access denied for user 'tpc'@'localhost' to database 'master_agent' (SQL: select * from `platform`)  
[2022-07-06 06:56:06] local.DEBUG: -> end  
[2022-07-06 06:59:19] local.DEBUG: error exception | AgentController -> get()  
[2022-07-06 06:59:19] local.DEBUG: user agent : Mozilla/5.0 (Windows NT 6.1) AppleWebKit/537.36 (KHTML, like Gecko) Chrome/103.0.0.0 Safari/537.36  
[2022-07-06 06:59:19] local.DEBUG: -> error string  
[2022-07-06 06:59:19] local.DEBUG: SQLSTATE[HY000] [1044] Access denied for user 'tpc'@'localhost' to database 'master_agent' (SQL: select * from `platform`)  
[2022-07-06 06:59:19] local.DEBUG: -> end  
[2022-07-06 07:00:29] local.DEBUG: error exception | AgentController -> get()  
[2022-07-06 07:00:29] local.DEBUG: user agent : Mozilla/5.0 (Windows NT 6.1) AppleWebKit/537.36 (KHTML, like Gecko) Chrome/103.0.0.0 Safari/537.36  
[2022-07-06 07:00:29] local.DEBUG: -> error string  
[2022-07-06 07:00:29] local.DEBUG: SQLSTATE[HY000] [1044] Access denied for user 'tpc'@'localhost' to database 'master_agent' (SQL: select * from `platform`)  
[2022-07-06 07:00:29] local.DEBUG: -> end  
[2022-07-06 07:00:58] local.DEBUG: error exception | AgentController -> get()  
[2022-07-06 07:00:58] local.DEBUG: user agent : Mozilla/5.0 (Windows NT 6.1) AppleWebKit/537.36 (KHTML, like Gecko) Chrome/103.0.0.0 Safari/537.36  
[2022-07-06 07:00:58] local.DEBUG: -> error string  
[2022-07-06 07:00:58] local.DEBUG: SQLSTATE[HY000] [1044] Access denied for user 'tpc'@'localhost' to database 'master_agent' (SQL: select * from `platform`)  
[2022-07-06 07:00:58] local.DEBUG: -> end  
[2022-07-06 07:02:37] local.DEBUG: error exception | AgentController -> get()  
[2022-07-06 07:02:37] local.DEBUG: user agent : Mozilla/5.0 (Windows NT 6.1) AppleWebKit/537.36 (KHTML, like Gecko) Chrome/103.0.0.0 Safari/537.36  
[2022-07-06 07:02:37] local.DEBUG: -> error string  
[2022-07-06 07:02:37] local.DEBUG: SQLSTATE[HY000] [1044] Access denied for user 'tpc'@'localhost' to database 'master_agent' (SQL: select * from `platform`)  
[2022-07-06 07:02:37] local.DEBUG: -> end  
[2022-07-06 07:03:13] local.DEBUG: error exception | AgentController -> get()  
[2022-07-06 07:03:13] local.DEBUG: user agent : Mozilla/5.0 (Windows NT 6.1) AppleWebKit/537.36 (KHTML, like Gecko) Chrome/103.0.0.0 Safari/537.36  
[2022-07-06 07:03:13] local.DEBUG: -> error string  
[2022-07-06 07:03:13] local.DEBUG: SQLSTATE[HY000] [1044] Access denied for user 'tpc'@'localhost' to database 'master_agent' (SQL: select * from `platform`)  
[2022-07-06 07:03:13] local.DEBUG: -> end  
[2022-07-06 07:04:47] local.DEBUG: error exception | AgentController -> get()  
[2022-07-06 07:04:47] local.DEBUG: user agent : Mozilla/5.0 (Windows NT 6.1) AppleWebKit/537.36 (KHTML, like Gecko) Chrome/103.0.0.0 Safari/537.36  
[2022-07-06 07:04:47] local.DEBUG: -> error string  
[2022-07-06 07:04:47] local.DEBUG: SQLSTATE[HY000] [1044] Access denied for user 'tpc'@'localhost' to database 'master_agent' (SQL: select * from `platform`)  
[2022-07-06 07:04:47] local.DEBUG: -> end  
[2022-07-06 07:05:15] local.DEBUG: error exception | AgentController -> get()  
[2022-07-06 07:05:15] local.DEBUG: user agent : Mozilla/5.0 (Windows NT 6.1) AppleWebKit/537.36 (KHTML, like Gecko) Chrome/103.0.0.0 Safari/537.36  
[2022-07-06 07:05:15] local.DEBUG: -> error string  
[2022-07-06 07:05:15] local.DEBUG: SQLSTATE[HY000] [1044] Access denied for user 'tpc'@'localhost' to database 'master_agent' (SQL: select * from `platform`)  
[2022-07-06 07:05:15] local.DEBUG: -> end  
[2022-07-06 07:06:09] local.DEBUG: error exception | AgentController -> get()  
[2022-07-06 07:06:09] local.DEBUG: user agent : Mozilla/5.0 (Windows NT 6.1) AppleWebKit/537.36 (KHTML, like Gecko) Chrome/103.0.0.0 Safari/537.36  
[2022-07-06 07:06:09] local.DEBUG: -> error string  
[2022-07-06 07:06:09] local.DEBUG: SQLSTATE[HY000] [1044] Access denied for user 'tpc'@'localhost' to database 'master_agent' (SQL: select * from `platform`)  
[2022-07-06 07:06:09] local.DEBUG: -> end  
[2022-07-06 07:07:51] local.DEBUG: error exception | AgentController -> get()  
[2022-07-06 07:07:51] local.DEBUG: user agent : Mozilla/5.0 (Windows NT 6.1) AppleWebKit/537.36 (KHTML, like Gecko) Chrome/103.0.0.0 Safari/537.36  
[2022-07-06 07:07:51] local.DEBUG: -> error string  
[2022-07-06 07:07:51] local.DEBUG: SQLSTATE[HY000] [1044] Access denied for user 'tpc'@'localhost' to database 'master_agent' (SQL: select * from `platform`)  
[2022-07-06 07:07:51] local.DEBUG: -> end  
[2022-07-06 07:08:29] local.DEBUG: error exception | AgentController -> get()  
[2022-07-06 07:08:29] local.DEBUG: user agent : Mozilla/5.0 (Windows NT 6.1) AppleWebKit/537.36 (KHTML, like Gecko) Chrome/103.0.0.0 Safari/537.36  
[2022-07-06 07:08:29] local.DEBUG: -> error string  
[2022-07-06 07:08:29] local.DEBUG: SQLSTATE[HY000] [1044] Access denied for user 'tpc'@'localhost' to database 'master_agent' (SQL: select * from `platform`)  
[2022-07-06 07:08:29] local.DEBUG: -> end  
[2022-07-06 07:09:27] local.DEBUG: error exception | AgentController -> get()  
[2022-07-06 07:09:27] local.DEBUG: user agent : Mozilla/5.0 (Windows NT 6.1) AppleWebKit/537.36 (KHTML, like Gecko) Chrome/103.0.0.0 Safari/537.36  
[2022-07-06 07:09:27] local.DEBUG: -> error string  
[2022-07-06 07:09:27] local.DEBUG: SQLSTATE[HY000] [1044] Access denied for user 'tpc'@'localhost' to database 'master_agent' (SQL: select * from `platform`)  
[2022-07-06 07:09:27] local.DEBUG: -> end  
[2022-07-06 07:12:35] local.DEBUG: error exception | AgentController -> get()  
[2022-07-06 07:12:35] local.DEBUG: user agent : Mozilla/5.0 (Windows NT 6.1) AppleWebKit/537.36 (KHTML, like Gecko) Chrome/103.0.0.0 Safari/537.36  
[2022-07-06 07:12:35] local.DEBUG: -> error string  
[2022-07-06 07:12:35] local.DEBUG: SQLSTATE[HY000] [1044] Access denied for user 'tpc'@'localhost' to database 'master_agent' (SQL: select * from `platform`)  
[2022-07-06 07:12:35] local.DEBUG: -> end  
[2022-07-06 07:14:12] local.DEBUG: error exception | AgentController -> get()  
[2022-07-06 07:14:12] local.DEBUG: user agent : Mozilla/5.0 (Windows NT 6.1) AppleWebKit/537.36 (KHTML, like Gecko) Chrome/103.0.0.0 Safari/537.36  
[2022-07-06 07:14:12] local.DEBUG: -> error string  
[2022-07-06 07:14:12] local.DEBUG: SQLSTATE[HY000] [1044] Access denied for user 'tpc'@'localhost' to database 'master_agent' (SQL: select * from `platform`)  
[2022-07-06 07:14:12] local.DEBUG: -> end  
[2022-07-06 07:15:01] local.DEBUG: error exception | AgentController -> get()  
[2022-07-06 07:15:01] local.DEBUG: user agent : Mozilla/5.0 (Windows NT 6.1) AppleWebKit/537.36 (KHTML, like Gecko) Chrome/103.0.0.0 Safari/537.36  
[2022-07-06 07:15:01] local.DEBUG: -> error string  
[2022-07-06 07:15:01] local.DEBUG: SQLSTATE[HY000] [1044] Access denied for user 'tpc'@'localhost' to database 'master_agent' (SQL: select * from `platform`)  
[2022-07-06 07:15:01] local.DEBUG: -> end  
[2022-07-06 07:18:04] local.DEBUG: error exception | AgentController -> get()  
[2022-07-06 07:18:04] local.DEBUG: user agent : Mozilla/5.0 (Windows NT 6.1) AppleWebKit/537.36 (KHTML, like Gecko) Chrome/103.0.0.0 Safari/537.36  
[2022-07-06 07:18:04] local.DEBUG: -> error string  
[2022-07-06 07:18:04] local.DEBUG: SQLSTATE[HY000] [1044] Access denied for user 'tpc'@'localhost' to database 'master_agent' (SQL: select * from `platform`)  
[2022-07-06 07:18:04] local.DEBUG: -> end  
[2022-07-06 07:18:56] local.DEBUG: error exception | AgentController -> get()  
[2022-07-06 07:18:56] local.DEBUG: user agent : Mozilla/5.0 (Windows NT 6.1) AppleWebKit/537.36 (KHTML, like Gecko) Chrome/103.0.0.0 Safari/537.36  
[2022-07-06 07:18:56] local.DEBUG: -> error string  
[2022-07-06 07:18:56] local.DEBUG: SQLSTATE[HY000] [1044] Access denied for user 'tpc'@'localhost' to database 'master_agent' (SQL: select * from `platform`)  
[2022-07-06 07:18:56] local.DEBUG: -> end  
[2022-07-06 07:20:42] local.DEBUG: error exception | AgentController -> get()  
[2022-07-06 07:20:42] local.DEBUG: user agent : Mozilla/5.0 (Windows NT 6.1) AppleWebKit/537.36 (KHTML, like Gecko) Chrome/103.0.0.0 Safari/537.36  
[2022-07-06 07:20:42] local.DEBUG: -> error string  
[2022-07-06 07:20:42] local.DEBUG: SQLSTATE[HY000] [1044] Access denied for user 'tpc'@'localhost' to database 'master_agent' (SQL: select * from `platform`)  
[2022-07-06 07:20:42] local.DEBUG: -> end  
[2022-07-06 07:21:51] local.DEBUG: error exception | AgentController -> get()  
[2022-07-06 07:21:51] local.DEBUG: user agent : Mozilla/5.0 (Windows NT 6.1) AppleWebKit/537.36 (KHTML, like Gecko) Chrome/103.0.0.0 Safari/537.36  
[2022-07-06 07:21:51] local.DEBUG: -> error string  
[2022-07-06 07:21:51] local.DEBUG: SQLSTATE[HY000] [1044] Access denied for user 'tpc'@'localhost' to database 'master_agent' (SQL: select * from `platform`)  
[2022-07-06 07:21:51] local.DEBUG: -> end  
[2022-07-06 07:22:42] local.DEBUG: error exception | AgentController -> get()  
[2022-07-06 07:22:42] local.DEBUG: user agent : Mozilla/5.0 (Windows NT 6.1) AppleWebKit/537.36 (KHTML, like Gecko) Chrome/103.0.0.0 Safari/537.36  
[2022-07-06 07:22:42] local.DEBUG: -> error string  
[2022-07-06 07:22:42] local.DEBUG: SQLSTATE[HY000] [1044] Access denied for user 'tpc'@'localhost' to database 'master_agent' (SQL: select * from `platform`)  
[2022-07-06 07:22:42] local.DEBUG: -> end  
[2022-07-06 07:23:58] local.DEBUG: error exception | AgentController -> get()  
[2022-07-06 07:23:58] local.DEBUG: user agent : Mozilla/5.0 (Windows NT 6.1) AppleWebKit/537.36 (KHTML, like Gecko) Chrome/103.0.0.0 Safari/537.36  
[2022-07-06 07:23:58] local.DEBUG: -> error string  
[2022-07-06 07:23:58] local.DEBUG: SQLSTATE[HY000] [1044] Access denied for user 'tpc'@'localhost' to database 'master_agent' (SQL: select * from `platform`)  
[2022-07-06 07:23:58] local.DEBUG: -> end  
[2022-07-06 07:24:36] local.DEBUG: error exception | AgentController -> get()  
[2022-07-06 07:24:36] local.DEBUG: user agent : Mozilla/5.0 (Windows NT 6.1) AppleWebKit/537.36 (KHTML, like Gecko) Chrome/103.0.0.0 Safari/537.36  
[2022-07-06 07:24:36] local.DEBUG: -> error string  
[2022-07-06 07:24:36] local.DEBUG: SQLSTATE[HY000] [1044] Access denied for user 'tpc'@'localhost' to database 'master_agent' (SQL: select * from `platform`)  
[2022-07-06 07:24:36] local.DEBUG: -> end  
[2022-07-06 07:25:59] local.DEBUG: error exception | AgentController -> get()  
[2022-07-06 07:25:59] local.DEBUG: user agent : Mozilla/5.0 (Windows NT 6.1) AppleWebKit/537.36 (KHTML, like Gecko) Chrome/103.0.0.0 Safari/537.36  
[2022-07-06 07:25:59] local.DEBUG: -> error string  
[2022-07-06 07:25:59] local.DEBUG: SQLSTATE[HY000] [1044] Access denied for user 'tpc'@'localhost' to database 'master_agent' (SQL: select * from `platform`)  
[2022-07-06 07:25:59] local.DEBUG: -> end  
[2022-07-06 07:26:36] local.DEBUG: error exception | AgentController -> get()  
[2022-07-06 07:26:36] local.DEBUG: user agent : Mozilla/5.0 (Windows NT 6.1) AppleWebKit/537.36 (KHTML, like Gecko) Chrome/103.0.0.0 Safari/537.36  
[2022-07-06 07:26:36] local.DEBUG: -> error string  
[2022-07-06 07:26:36] local.DEBUG: SQLSTATE[HY000] [1044] Access denied for user 'tpc'@'localhost' to database 'master_agent' (SQL: select * from `platform`)  
[2022-07-06 07:26:36] local.DEBUG: -> end  
[2022-07-06 07:27:41] local.DEBUG: error exception | AgentController -> get()  
[2022-07-06 07:27:41] local.DEBUG: user agent : Mozilla/5.0 (Windows NT 6.1) AppleWebKit/537.36 (KHTML, like Gecko) Chrome/103.0.0.0 Safari/537.36  
[2022-07-06 07:27:41] local.DEBUG: -> error string  
[2022-07-06 07:27:41] local.DEBUG: SQLSTATE[HY000] [1044] Access denied for user 'tpc'@'localhost' to database 'master_agent' (SQL: select * from `platform`)  
[2022-07-06 07:27:41] local.DEBUG: -> end  
[2022-07-06 07:29:14] local.DEBUG: error exception | AgentController -> get()  
[2022-07-06 07:29:14] local.DEBUG: user agent : Mozilla/5.0 (Windows NT 6.1) AppleWebKit/537.36 (KHTML, like Gecko) Chrome/103.0.0.0 Safari/537.36  
[2022-07-06 07:29:14] local.DEBUG: -> error string  
[2022-07-06 07:29:14] local.DEBUG: SQLSTATE[HY000] [1044] Access denied for user 'tpc'@'localhost' to database 'master_agent' (SQL: select * from `platform`)  
[2022-07-06 07:29:14] local.DEBUG: -> end  
[2022-07-06 07:30:15] local.DEBUG: error exception | AgentController -> get()  
[2022-07-06 07:30:15] local.DEBUG: user agent : Mozilla/5.0 (Windows NT 6.1) AppleWebKit/537.36 (KHTML, like Gecko) Chrome/103.0.0.0 Safari/537.36  
[2022-07-06 07:30:15] local.DEBUG: -> error string  
[2022-07-06 07:30:15] local.DEBUG: SQLSTATE[HY000] [1044] Access denied for user 'tpc'@'localhost' to database 'master_agent' (SQL: select * from `platform`)  
[2022-07-06 07:30:15] local.DEBUG: -> end  
[2022-07-06 07:31:13] local.DEBUG: error exception | AgentController -> get()  
[2022-07-06 07:31:13] local.DEBUG: user agent : Mozilla/5.0 (Windows NT 6.1) AppleWebKit/537.36 (KHTML, like Gecko) Chrome/103.0.0.0 Safari/537.36  
[2022-07-06 07:31:13] local.DEBUG: -> error string  
[2022-07-06 07:31:13] local.DEBUG: SQLSTATE[HY000] [1044] Access denied for user 'tpc'@'localhost' to database 'master_agent' (SQL: select * from `platform`)  
[2022-07-06 07:31:13] local.DEBUG: -> end  
[2022-07-06 07:31:34] local.DEBUG: error exception | AgentController -> get()  
[2022-07-06 07:31:34] local.DEBUG: user agent : Mozilla/5.0 (Windows NT 6.1) AppleWebKit/537.36 (KHTML, like Gecko) Chrome/103.0.0.0 Safari/537.36  
[2022-07-06 07:31:34] local.DEBUG: -> error string  
[2022-07-06 07:31:34] local.DEBUG: SQLSTATE[HY000] [1044] Access denied for user 'tpc'@'localhost' to database 'master_agent' (SQL: select * from `platform`)  
[2022-07-06 07:31:34] local.DEBUG: -> end  
[2022-07-06 07:32:02] local.DEBUG: error exception | AgentController -> get()  
[2022-07-06 07:32:02] local.DEBUG: user agent : Mozilla/5.0 (Windows NT 6.1) AppleWebKit/537.36 (KHTML, like Gecko) Chrome/103.0.0.0 Safari/537.36  
[2022-07-06 07:32:02] local.DEBUG: -> error string  
[2022-07-06 07:32:02] local.DEBUG: SQLSTATE[HY000] [1044] Access denied for user 'tpc'@'localhost' to database 'master_agent' (SQL: select * from `platform`)  
[2022-07-06 07:32:02] local.DEBUG: -> end  
[2022-07-06 07:33:11] local.DEBUG: error exception | AgentController -> get()  
[2022-07-06 07:33:11] local.DEBUG: user agent : Mozilla/5.0 (Windows NT 6.1) AppleWebKit/537.36 (KHTML, like Gecko) Chrome/103.0.0.0 Safari/537.36  
[2022-07-06 07:33:11] local.DEBUG: -> error string  
[2022-07-06 07:33:11] local.DEBUG: SQLSTATE[HY000] [1044] Access denied for user 'tpc'@'localhost' to database 'master_agent' (SQL: select * from `platform`)  
[2022-07-06 07:33:11] local.DEBUG: -> end  
[2022-07-06 07:34:26] local.DEBUG: error exception | AgentController -> get()  
[2022-07-06 07:34:26] local.DEBUG: user agent : Mozilla/5.0 (Windows NT 6.1) AppleWebKit/537.36 (KHTML, like Gecko) Chrome/103.0.0.0 Safari/537.36  
[2022-07-06 07:34:26] local.DEBUG: -> error string  
[2022-07-06 07:34:26] local.DEBUG: SQLSTATE[HY000] [1044] Access denied for user 'tpc'@'localhost' to database 'master_agent' (SQL: select * from `platform`)  
[2022-07-06 07:34:26] local.DEBUG: -> end  
[2022-07-06 07:37:35] local.DEBUG: error exception | AgentController -> get()  
[2022-07-06 07:37:35] local.DEBUG: user agent : Mozilla/5.0 (Windows NT 6.1) AppleWebKit/537.36 (KHTML, like Gecko) Chrome/103.0.0.0 Safari/537.36  
[2022-07-06 07:37:35] local.DEBUG: -> error string  
[2022-07-06 07:37:35] local.DEBUG: SQLSTATE[HY000] [1044] Access denied for user 'tpc'@'localhost' to database 'master_agent' (SQL: select * from `platform`)  
[2022-07-06 07:37:35] local.DEBUG: -> end  
[2022-07-06 07:38:39] local.DEBUG: error exception | AgentController -> get()  
[2022-07-06 07:38:39] local.DEBUG: user agent : Mozilla/5.0 (Windows NT 6.1) AppleWebKit/537.36 (KHTML, like Gecko) Chrome/103.0.0.0 Safari/537.36  
[2022-07-06 07:38:39] local.DEBUG: -> error string  
[2022-07-06 07:38:39] local.DEBUG: SQLSTATE[HY000] [1044] Access denied for user 'tpc'@'localhost' to database 'master_agent' (SQL: select * from `platform`)  
[2022-07-06 07:38:39] local.DEBUG: -> end  
[2022-07-06 07:39:10] local.DEBUG: error exception | AgentController -> get()  
[2022-07-06 07:39:10] local.DEBUG: user agent : Mozilla/5.0 (Windows NT 6.1) AppleWebKit/537.36 (KHTML, like Gecko) Chrome/103.0.0.0 Safari/537.36  
[2022-07-06 07:39:10] local.DEBUG: -> error string  
[2022-07-06 07:39:10] local.DEBUG: SQLSTATE[HY000] [1044] Access denied for user 'tpc'@'localhost' to database 'master_agent' (SQL: select * from `platform`)  
[2022-07-06 07:39:10] local.DEBUG: -> end  
[2022-07-06 07:39:55] local.DEBUG: error exception | AgentController -> get()  
[2022-07-06 07:39:55] local.DEBUG: user agent : Mozilla/5.0 (Windows NT 6.1) AppleWebKit/537.36 (KHTML, like Gecko) Chrome/103.0.0.0 Safari/537.36  
[2022-07-06 07:39:55] local.DEBUG: -> error string  
[2022-07-06 07:39:55] local.DEBUG: SQLSTATE[HY000] [1044] Access denied for user 'tpc'@'localhost' to database 'master_agent' (SQL: select * from `platform`)  
[2022-07-06 07:39:55] local.DEBUG: -> end  
[2022-07-06 07:40:26] local.DEBUG: error exception | AgentController -> get()  
[2022-07-06 07:40:26] local.DEBUG: user agent : Mozilla/5.0 (Windows NT 6.1) AppleWebKit/537.36 (KHTML, like Gecko) Chrome/103.0.0.0 Safari/537.36  
[2022-07-06 07:40:26] local.DEBUG: -> error string  
[2022-07-06 07:40:26] local.DEBUG: SQLSTATE[HY000] [1044] Access denied for user 'tpc'@'localhost' to database 'master_agent' (SQL: select * from `platform`)  
[2022-07-06 07:40:26] local.DEBUG: -> end  
[2022-07-06 07:41:01] local.DEBUG: error exception | AgentController -> get()  
[2022-07-06 07:41:01] local.DEBUG: user agent : Mozilla/5.0 (Windows NT 6.1) AppleWebKit/537.36 (KHTML, like Gecko) Chrome/103.0.0.0 Safari/537.36  
[2022-07-06 07:41:01] local.DEBUG: -> error string  
[2022-07-06 07:41:01] local.DEBUG: SQLSTATE[HY000] [1044] Access denied for user 'tpc'@'localhost' to database 'master_agent' (SQL: select * from `platform`)  
[2022-07-06 07:41:01] local.DEBUG: -> end  
[2022-07-06 07:42:43] local.DEBUG: error exception | AgentController -> get()  
[2022-07-06 07:42:43] local.DEBUG: user agent : Mozilla/5.0 (Windows NT 6.1) AppleWebKit/537.36 (KHTML, like Gecko) Chrome/103.0.0.0 Safari/537.36  
[2022-07-06 07:42:43] local.DEBUG: -> error string  
[2022-07-06 07:42:43] local.DEBUG: SQLSTATE[HY000] [1044] Access denied for user 'tpc'@'localhost' to database 'master_agent' (SQL: select * from `platform`)  
[2022-07-06 07:42:43] local.DEBUG: -> end  
[2022-07-06 07:43:25] local.DEBUG: error exception | AgentController -> get()  
[2022-07-06 07:43:25] local.DEBUG: user agent : Mozilla/5.0 (Windows NT 6.1) AppleWebKit/537.36 (KHTML, like Gecko) Chrome/103.0.0.0 Safari/537.36  
[2022-07-06 07:43:25] local.DEBUG: -> error string  
[2022-07-06 07:43:25] local.DEBUG: SQLSTATE[HY000] [1044] Access denied for user 'tpc'@'localhost' to database 'master_agent' (SQL: select * from `platform`)  
[2022-07-06 07:43:25] local.DEBUG: -> end  
[2022-07-06 07:44:07] local.DEBUG: error exception | AgentController -> get()  
[2022-07-06 07:44:07] local.DEBUG: user agent : Mozilla/5.0 (Windows NT 6.1) AppleWebKit/537.36 (KHTML, like Gecko) Chrome/103.0.0.0 Safari/537.36  
[2022-07-06 07:44:07] local.DEBUG: -> error string  
[2022-07-06 07:44:07] local.DEBUG: SQLSTATE[HY000] [1044] Access denied for user 'tpc'@'localhost' to database 'master_agent' (SQL: select * from `platform`)  
[2022-07-06 07:44:07] local.DEBUG: -> end  
[2022-07-06 07:48:51] local.DEBUG: error exception | AgentController -> get()  
[2022-07-06 07:48:51] local.DEBUG: user agent : Mozilla/5.0 (Windows NT 6.1) AppleWebKit/537.36 (KHTML, like Gecko) Chrome/103.0.0.0 Safari/537.36  
[2022-07-06 07:48:51] local.DEBUG: -> error string  
[2022-07-06 07:48:51] local.DEBUG: SQLSTATE[HY000] [1044] Access denied for user 'tpc'@'localhost' to database 'master_agent' (SQL: select * from `platform`)  
[2022-07-06 07:48:51] local.DEBUG: -> end  
[2022-07-06 07:50:42] local.DEBUG: error exception | AgentController -> get()  
[2022-07-06 07:50:42] local.DEBUG: user agent : Mozilla/5.0 (Windows NT 6.1) AppleWebKit/537.36 (KHTML, like Gecko) Chrome/103.0.0.0 Safari/537.36  
[2022-07-06 07:50:42] local.DEBUG: -> error string  
[2022-07-06 07:50:42] local.DEBUG: SQLSTATE[HY000] [1044] Access denied for user 'tpc'@'localhost' to database 'master_agent' (SQL: select * from `platform`)  
[2022-07-06 07:50:42] local.DEBUG: -> end  
[2022-07-06 07:53:10] local.DEBUG: error exception | AgentController -> get()  
[2022-07-06 07:53:10] local.DEBUG: user agent : Mozilla/5.0 (Windows NT 6.1) AppleWebKit/537.36 (KHTML, like Gecko) Chrome/103.0.0.0 Safari/537.36  
[2022-07-06 07:53:10] local.DEBUG: -> error string  
[2022-07-06 07:53:10] local.DEBUG: SQLSTATE[HY000] [1044] Access denied for user 'tpc'@'localhost' to database 'master_agent' (SQL: select * from `platform`)  
[2022-07-06 07:53:10] local.DEBUG: -> end  
[2022-07-06 07:53:35] local.DEBUG: error exception | AgentController -> get()  
[2022-07-06 07:53:35] local.DEBUG: user agent : Mozilla/5.0 (Windows NT 6.1) AppleWebKit/537.36 (KHTML, like Gecko) Chrome/103.0.0.0 Safari/537.36  
[2022-07-06 07:53:35] local.DEBUG: -> error string  
[2022-07-06 07:53:35] local.DEBUG: SQLSTATE[HY000] [1044] Access denied for user 'tpc'@'localhost' to database 'master_agent' (SQL: select * from `platform`)  
[2022-07-06 07:53:35] local.DEBUG: -> end  
[2022-07-06 07:54:25] local.DEBUG: error exception | AgentController -> get()  
[2022-07-06 07:54:25] local.DEBUG: user agent : Mozilla/5.0 (Windows NT 6.1) AppleWebKit/537.36 (KHTML, like Gecko) Chrome/103.0.0.0 Safari/537.36  
[2022-07-06 07:54:25] local.DEBUG: -> error string  
[2022-07-06 07:54:25] local.DEBUG: SQLSTATE[HY000] [1044] Access denied for user 'tpc'@'localhost' to database 'master_agent' (SQL: select * from `platform`)  
[2022-07-06 07:54:25] local.DEBUG: -> end  
[2022-07-06 07:56:20] local.DEBUG: error exception | AgentController -> get()  
[2022-07-06 07:56:20] local.DEBUG: user agent : Mozilla/5.0 (Windows NT 6.1) AppleWebKit/537.36 (KHTML, like Gecko) Chrome/103.0.0.0 Safari/537.36  
[2022-07-06 07:56:20] local.DEBUG: -> error string  
[2022-07-06 07:56:20] local.DEBUG: SQLSTATE[HY000] [1044] Access denied for user 'tpc'@'localhost' to database 'master_agent' (SQL: select * from `platform`)  
[2022-07-06 07:56:20] local.DEBUG: -> end  
[2022-07-06 07:57:39] local.DEBUG: error exception | AgentController -> get()  
[2022-07-06 07:57:39] local.DEBUG: user agent : Mozilla/5.0 (Windows NT 6.1) AppleWebKit/537.36 (KHTML, like Gecko) Chrome/103.0.0.0 Safari/537.36  
[2022-07-06 07:57:39] local.DEBUG: -> error string  
[2022-07-06 07:57:39] local.DEBUG: SQLSTATE[HY000] [1044] Access denied for user 'tpc'@'localhost' to database 'master_agent' (SQL: select * from `platform`)  
[2022-07-06 07:57:39] local.DEBUG: -> end  
[2022-07-06 08:07:52] local.DEBUG: error exception | AgentController -> get()  
[2022-07-06 08:07:52] local.DEBUG: user agent : Mozilla/5.0 (Windows NT 6.1) AppleWebKit/537.36 (KHTML, like Gecko) Chrome/103.0.0.0 Safari/537.36  
[2022-07-06 08:07:52] local.DEBUG: -> error string  
[2022-07-06 08:07:52] local.DEBUG: SQLSTATE[HY000] [1044] Access denied for user 'tpc'@'localhost' to database 'master_agent' (SQL: select * from `platform`)  
[2022-07-06 08:07:52] local.DEBUG: -> end  
[2022-07-06 08:11:54] local.DEBUG: error exception | AgentController -> get()  
[2022-07-06 08:11:54] local.DEBUG: user agent : Mozilla/5.0 (Windows NT 6.1) AppleWebKit/537.36 (KHTML, like Gecko) Chrome/103.0.0.0 Safari/537.36  
[2022-07-06 08:11:54] local.DEBUG: -> error string  
[2022-07-06 08:11:54] local.DEBUG: SQLSTATE[HY000] [1044] Access denied for user 'tpc'@'localhost' to database 'master_agent' (SQL: select * from `platform`)  
[2022-07-06 08:11:54] local.DEBUG: -> end  
[2022-07-06 08:17:48] local.DEBUG: error exception | AgentController -> get()  
[2022-07-06 08:17:48] local.DEBUG: user agent : Mozilla/5.0 (Windows NT 6.1) AppleWebKit/537.36 (KHTML, like Gecko) Chrome/103.0.0.0 Safari/537.36  
[2022-07-06 08:17:48] local.DEBUG: -> error string  
[2022-07-06 08:17:48] local.DEBUG: SQLSTATE[HY000] [1044] Access denied for user 'tpc'@'localhost' to database 'master_agent' (SQL: select * from `platform`)  
[2022-07-06 08:17:48] local.DEBUG: -> end  
[2022-07-06 08:22:22] local.DEBUG: error exception | AgentController -> get()  
[2022-07-06 08:22:22] local.DEBUG: user agent : Mozilla/5.0 (Windows NT 6.1) AppleWebKit/537.36 (KHTML, like Gecko) Chrome/103.0.0.0 Safari/537.36  
[2022-07-06 08:22:22] local.DEBUG: -> error string  
[2022-07-06 08:22:22] local.DEBUG: SQLSTATE[HY000] [1044] Access denied for user 'tpc'@'localhost' to database 'master_agent' (SQL: select * from `platform`)  
[2022-07-06 08:22:22] local.DEBUG: -> end  
[2022-07-06 08:27:43] local.DEBUG: error exception | AgentController -> get()  
[2022-07-06 08:27:43] local.DEBUG: user agent : Mozilla/5.0 (Windows NT 6.1) AppleWebKit/537.36 (KHTML, like Gecko) Chrome/103.0.0.0 Safari/537.36  
[2022-07-06 08:27:43] local.DEBUG: -> error string  
[2022-07-06 08:27:43] local.DEBUG: SQLSTATE[HY000] [1044] Access denied for user 'tpc'@'localhost' to database 'master_agent' (SQL: select * from `platform`)  
[2022-07-06 08:27:43] local.DEBUG: -> end  
[2022-07-06 08:28:27] local.DEBUG: error exception | AgentController -> get()  
[2022-07-06 08:28:27] local.DEBUG: user agent : Mozilla/5.0 (Windows NT 6.1) AppleWebKit/537.36 (KHTML, like Gecko) Chrome/103.0.0.0 Safari/537.36  
[2022-07-06 08:28:27] local.DEBUG: -> error string  
[2022-07-06 08:28:27] local.DEBUG: SQLSTATE[HY000] [1044] Access denied for user 'tpc'@'localhost' to database 'master_agent' (SQL: select * from `platform`)  
[2022-07-06 08:28:27] local.DEBUG: -> end  
[2022-07-06 08:29:11] local.DEBUG: error exception | AgentController -> get()  
[2022-07-06 08:29:11] local.DEBUG: user agent : Mozilla/5.0 (Windows NT 6.1) AppleWebKit/537.36 (KHTML, like Gecko) Chrome/103.0.0.0 Safari/537.36  
[2022-07-06 08:29:11] local.DEBUG: -> error string  
[2022-07-06 08:29:11] local.DEBUG: SQLSTATE[HY000] [1044] Access denied for user 'tpc'@'localhost' to database 'master_agent' (SQL: select * from `platform`)  
[2022-07-06 08:29:11] local.DEBUG: -> end  
[2022-07-06 08:47:31] local.DEBUG: error exception | AgentController -> get()  
[2022-07-06 08:47:31] local.DEBUG: user agent : Mozilla/5.0 (Windows NT 6.1) AppleWebKit/537.36 (KHTML, like Gecko) Chrome/103.0.0.0 Safari/537.36  
[2022-07-06 08:47:31] local.DEBUG: -> error string  
[2022-07-06 08:47:31] local.DEBUG: SQLSTATE[HY000] [1044] Access denied for user 'tpc'@'localhost' to database 'master_agent' (SQL: select * from `platform`)  
[2022-07-06 08:47:31] local.DEBUG: -> end  
[2022-07-06 08:51:05] local.DEBUG: error exception | AgentController -> get()  
[2022-07-06 08:51:05] local.DEBUG: user agent : Mozilla/5.0 (Linux; Android 4.1.1; X909 Build/JRO03L) AppleWebKit/537.36 (KHTML, like Gecko) Chrome/30.0.1599.92 Mobile Safari/537.36  
[2022-07-06 08:51:05] local.DEBUG: -> error string  
[2022-07-06 08:51:05] local.DEBUG: SQLSTATE[HY000] [1044] Access denied for user 'tpc'@'localhost' to database 'master_agent' (SQL: select * from `platform`)  
[2022-07-06 08:51:05] local.DEBUG: -> end  
[2022-07-06 08:52:29] local.DEBUG: error exception | AgentController -> get()  
[2022-07-06 08:52:29] local.DEBUG: user agent : Mozilla/5.0 (Linux; Android 4.1.1; X909 Build/JRO03L) AppleWebKit/537.36 (KHTML, like Gecko) Chrome/30.0.1599.92 Mobile Safari/537.36  
[2022-07-06 08:52:29] local.DEBUG: -> error string  
[2022-07-06 08:52:29] local.DEBUG: SQLSTATE[HY000] [1044] Access denied for user 'tpc'@'localhost' to database 'master_agent' (SQL: select * from `platform`)  
[2022-07-06 08:52:29] local.DEBUG: -> end  
[2022-07-06 08:53:44] local.DEBUG: error exception | AgentController -> get()  
[2022-07-06 08:53:44] local.DEBUG: user agent : Mozilla/5.0 (Windows NT 6.1) AppleWebKit/537.36 (KHTML, like Gecko) Chrome/103.0.0.0 Safari/537.36  
[2022-07-06 08:53:44] local.DEBUG: -> error string  
[2022-07-06 08:53:44] local.DEBUG: SQLSTATE[HY000] [1044] Access denied for user 'tpc'@'localhost' to database 'master_agent' (SQL: select * from `platform`)  
[2022-07-06 08:53:44] local.DEBUG: -> end  
[2022-07-06 08:55:18] local.DEBUG: error exception | AgentController -> get()  
[2022-07-06 08:55:18] local.DEBUG: user agent : Mozilla/5.0 (Windows NT 6.1) AppleWebKit/537.36 (KHTML, like Gecko) Chrome/103.0.0.0 Safari/537.36  
[2022-07-06 08:55:18] local.DEBUG: -> error string  
[2022-07-06 08:55:18] local.DEBUG: SQLSTATE[HY000] [1044] Access denied for user 'tpc'@'localhost' to database 'master_agent' (SQL: select * from `platform`)  
[2022-07-06 08:55:18] local.DEBUG: -> end  
[2022-07-06 08:55:52] local.DEBUG: error exception | AgentController -> get()  
[2022-07-06 08:55:52] local.DEBUG: user agent : Mozilla/5.0 (Windows NT 6.1) AppleWebKit/537.36 (KHTML, like Gecko) Chrome/103.0.0.0 Safari/537.36  
[2022-07-06 08:55:52] local.DEBUG: -> error string  
[2022-07-06 08:55:52] local.DEBUG: SQLSTATE[HY000] [1044] Access denied for user 'tpc'@'localhost' to database 'master_agent' (SQL: select * from `platform`)  
[2022-07-06 08:55:52] local.DEBUG: -> end  
[2022-07-06 09:06:18] local.DEBUG: error exception | AgentController -> get()  
[2022-07-06 09:06:18] local.DEBUG: user agent : Mozilla/5.0 (Windows NT 6.1) AppleWebKit/537.36 (KHTML, like Gecko) Chrome/103.0.0.0 Safari/537.36  
[2022-07-06 09:06:18] local.DEBUG: -> error string  
[2022-07-06 09:06:18] local.DEBUG: SQLSTATE[HY000] [1044] Access denied for user 'tpc'@'localhost' to database 'master_agent' (SQL: select * from `platform`)  
[2022-07-06 09:06:18] local.DEBUG: -> end  
[2022-07-06 09:07:10] local.DEBUG: error exception | AgentController -> get()  
[2022-07-06 09:07:10] local.DEBUG: user agent : Mozilla/5.0 (Windows NT 6.1) AppleWebKit/537.36 (KHTML, like Gecko) Chrome/103.0.0.0 Safari/537.36  
[2022-07-06 09:07:10] local.DEBUG: -> error string  
[2022-07-06 09:07:10] local.DEBUG: SQLSTATE[HY000] [1044] Access denied for user 'tpc'@'localhost' to database 'master_agent' (SQL: select * from `platform`)  
[2022-07-06 09:07:10] local.DEBUG: -> end  
[2022-07-06 09:10:09] local.DEBUG: error exception | AgentController -> get()  
[2022-07-06 09:10:09] local.DEBUG: user agent : Mozilla/5.0 (Windows NT 6.1) AppleWebKit/537.36 (KHTML, like Gecko) Chrome/103.0.0.0 Safari/537.36  
[2022-07-06 09:10:09] local.DEBUG: -> error string  
[2022-07-06 09:10:09] local.DEBUG: SQLSTATE[HY000] [1044] Access denied for user 'tpc'@'localhost' to database 'master_agent' (SQL: select * from `platform`)  
[2022-07-06 09:10:09] local.DEBUG: -> end  
[2022-07-06 09:13:26] local.DEBUG: error exception | AgentController -> get()  
[2022-07-06 09:13:26] local.DEBUG: user agent : Mozilla/5.0 (Linux; Android 4.1.1; X909 Build/JRO03L) AppleWebKit/537.36 (KHTML, like Gecko) Chrome/30.0.1599.92 Mobile Safari/537.36  
[2022-07-06 09:13:26] local.DEBUG: -> error string  
[2022-07-06 09:13:26] local.DEBUG: SQLSTATE[HY000] [1044] Access denied for user 'tpc'@'localhost' to database 'master_agent' (SQL: select * from `platform`)  
[2022-07-06 09:13:26] local.DEBUG: -> end  
[2022-07-06 09:16:48] local.DEBUG: error exception | AgentController -> get()  
[2022-07-06 09:16:48] local.DEBUG: user agent : Mozilla/5.0 (Windows NT 6.1) AppleWebKit/537.36 (KHTML, like Gecko) Chrome/103.0.0.0 Safari/537.36  
[2022-07-06 09:16:48] local.DEBUG: -> error string  
[2022-07-06 09:16:48] local.DEBUG: SQLSTATE[HY000] [1044] Access denied for user 'tpc'@'localhost' to database 'master_agent' (SQL: select * from `platform`)  
[2022-07-06 09:16:48] local.DEBUG: -> end  
[2022-07-06 09:17:46] local.DEBUG: error exception | AgentController -> get()  
[2022-07-06 09:17:46] local.DEBUG: user agent : Mozilla/5.0 (Linux; Android 4.1.1; X909 Build/JRO03L) AppleWebKit/537.36 (KHTML, like Gecko) Chrome/30.0.1599.92 Mobile Safari/537.36  
[2022-07-06 09:17:46] local.DEBUG: -> error string  
[2022-07-06 09:17:46] local.DEBUG: SQLSTATE[HY000] [1044] Access denied for user 'tpc'@'localhost' to database 'master_agent' (SQL: select * from `platform`)  
[2022-07-06 09:17:46] local.DEBUG: -> end  
[2022-07-06 09:19:18] local.DEBUG: error exception | AgentController -> get()  
[2022-07-06 09:19:18] local.DEBUG: user agent : Mozilla/5.0 (Linux; Android 4.1.1; X909 Build/JRO03L) AppleWebKit/537.36 (KHTML, like Gecko) Chrome/30.0.1599.92 Mobile Safari/537.36  
[2022-07-06 09:19:18] local.DEBUG: -> error string  
[2022-07-06 09:19:18] local.DEBUG: SQLSTATE[HY000] [1044] Access denied for user 'tpc'@'localhost' to database 'master_agent' (SQL: select * from `platform`)  
[2022-07-06 09:19:18] local.DEBUG: -> end  
[2022-07-06 09:21:11] local.DEBUG: error exception | AgentController -> get()  
[2022-07-06 09:21:11] local.DEBUG: user agent : Mozilla/5.0 (Linux; Android 4.1.1; X909 Build/JRO03L) AppleWebKit/537.36 (KHTML, like Gecko) Chrome/30.0.1599.92 Mobile Safari/537.36  
[2022-07-06 09:21:11] local.DEBUG: -> error string  
[2022-07-06 09:21:11] local.DEBUG: SQLSTATE[HY000] [1044] Access denied for user 'tpc'@'localhost' to database 'master_agent' (SQL: select * from `platform`)  
[2022-07-06 09:21:11] local.DEBUG: -> end  
[2022-07-06 09:23:04] local.DEBUG: error exception | AgentController -> get()  
[2022-07-06 09:23:04] local.DEBUG: user agent : Mozilla/5.0 (Windows NT 6.1) AppleWebKit/537.36 (KHTML, like Gecko) Chrome/103.0.0.0 Safari/537.36  
[2022-07-06 09:23:04] local.DEBUG: -> error string  
[2022-07-06 09:23:04] local.DEBUG: SQLSTATE[HY000] [1044] Access denied for user 'tpc'@'localhost' to database 'master_agent' (SQL: select * from `platform`)  
[2022-07-06 09:23:04] local.DEBUG: -> end  
[2022-07-06 09:23:54] local.DEBUG: error exception | AgentController -> get()  
[2022-07-06 09:23:54] local.DEBUG: user agent : Mozilla/5.0 (Windows NT 6.1) AppleWebKit/537.36 (KHTML, like Gecko) Chrome/103.0.0.0 Safari/537.36  
[2022-07-06 09:23:54] local.DEBUG: -> error string  
[2022-07-06 09:23:54] local.DEBUG: SQLSTATE[HY000] [1044] Access denied for user 'tpc'@'localhost' to database 'master_agent' (SQL: select * from `platform`)  
[2022-07-06 09:23:54] local.DEBUG: -> end  
[2022-07-06 09:25:19] local.DEBUG: error exception | AgentController -> get()  
[2022-07-06 09:25:19] local.DEBUG: user agent : Mozilla/5.0 (Windows NT 6.1) AppleWebKit/537.36 (KHTML, like Gecko) Chrome/103.0.0.0 Safari/537.36  
[2022-07-06 09:25:19] local.DEBUG: -> error string  
[2022-07-06 09:25:19] local.DEBUG: SQLSTATE[HY000] [1044] Access denied for user 'tpc'@'localhost' to database 'master_agent' (SQL: select * from `platform`)  
[2022-07-06 09:25:19] local.DEBUG: -> end  
[2022-07-06 09:25:35] local.DEBUG: error exception | AgentController -> get()  
[2022-07-06 09:25:35] local.DEBUG: user agent : Mozilla/5.0 (Windows NT 6.1) AppleWebKit/537.36 (KHTML, like Gecko) Chrome/103.0.0.0 Safari/537.36  
[2022-07-06 09:25:35] local.DEBUG: -> error string  
[2022-07-06 09:25:35] local.DEBUG: SQLSTATE[HY000] [1044] Access denied for user 'tpc'@'localhost' to database 'master_agent' (SQL: select * from `platform`)  
[2022-07-06 09:25:35] local.DEBUG: -> end  
[2022-07-06 09:29:42] local.DEBUG: error exception | AgentController -> get()  
[2022-07-06 09:29:42] local.DEBUG: user agent : Mozilla/5.0 (Windows NT 6.1) AppleWebKit/537.36 (KHTML, like Gecko) Chrome/103.0.0.0 Safari/537.36  
[2022-07-06 09:29:42] local.DEBUG: -> error string  
[2022-07-06 09:29:42] local.DEBUG: SQLSTATE[HY000] [1044] Access denied for user 'tpc'@'localhost' to database 'master_agent' (SQL: select * from `platform`)  
[2022-07-06 09:29:42] local.DEBUG: -> end  
[2022-07-06 09:30:42] local.DEBUG: error exception | AgentController -> get()  
[2022-07-06 09:30:42] local.DEBUG: user agent : Mozilla/5.0 (Windows NT 6.1) AppleWebKit/537.36 (KHTML, like Gecko) Chrome/103.0.0.0 Safari/537.36  
[2022-07-06 09:30:42] local.DEBUG: -> error string  
[2022-07-06 09:30:42] local.DEBUG: SQLSTATE[HY000] [1044] Access denied for user 'tpc'@'localhost' to database 'master_agent' (SQL: select * from `platform`)  
[2022-07-06 09:30:42] local.DEBUG: -> end  
[2022-07-06 09:32:56] local.DEBUG: error exception | AgentController -> get()  
[2022-07-06 09:32:56] local.DEBUG: user agent : Mozilla/5.0 (Windows NT 6.1) AppleWebKit/537.36 (KHTML, like Gecko) Chrome/103.0.0.0 Safari/537.36  
[2022-07-06 09:32:56] local.DEBUG: -> error string  
[2022-07-06 09:32:56] local.DEBUG: SQLSTATE[HY000] [1044] Access denied for user 'tpc'@'localhost' to database 'master_agent' (SQL: select * from `platform`)  
[2022-07-06 09:32:56] local.DEBUG: -> end  
[2022-07-06 09:34:08] local.DEBUG: error exception | AgentController -> get()  
[2022-07-06 09:34:08] local.DEBUG: user agent : Mozilla/5.0 (Windows NT 6.1) AppleWebKit/537.36 (KHTML, like Gecko) Chrome/103.0.0.0 Safari/537.36  
[2022-07-06 09:34:08] local.DEBUG: -> error string  
[2022-07-06 09:34:08] local.DEBUG: SQLSTATE[HY000] [1044] Access denied for user 'tpc'@'localhost' to database 'master_agent' (SQL: select * from `platform`)  
[2022-07-06 09:34:08] local.DEBUG: -> end  
[2022-07-06 09:35:35] local.DEBUG: error exception | AgentController -> get()  
[2022-07-06 09:35:35] local.DEBUG: user agent : Mozilla/5.0 (Windows NT 6.1) AppleWebKit/537.36 (KHTML, like Gecko) Chrome/103.0.0.0 Safari/537.36  
[2022-07-06 09:35:35] local.DEBUG: -> error string  
[2022-07-06 09:35:35] local.DEBUG: SQLSTATE[HY000] [1044] Access denied for user 'tpc'@'localhost' to database 'master_agent' (SQL: select * from `platform`)  
[2022-07-06 09:35:35] local.DEBUG: -> end  
[2022-07-06 09:37:43] local.DEBUG: error exception | AgentController -> get()  
[2022-07-06 09:37:43] local.DEBUG: user agent : Mozilla/5.0 (Windows NT 6.1) AppleWebKit/537.36 (KHTML, like Gecko) Chrome/103.0.0.0 Safari/537.36  
[2022-07-06 09:37:43] local.DEBUG: -> error string  
[2022-07-06 09:37:43] local.DEBUG: SQLSTATE[HY000] [1044] Access denied for user 'tpc'@'localhost' to database 'master_agent' (SQL: select * from `platform`)  
[2022-07-06 09:37:43] local.DEBUG: -> end  
[2022-07-06 09:40:46] local.DEBUG: error exception | AgentController -> get()  
[2022-07-06 09:40:46] local.DEBUG: user agent : Mozilla/5.0 (Windows NT 6.1) AppleWebKit/537.36 (KHTML, like Gecko) Chrome/103.0.0.0 Safari/537.36  
[2022-07-06 09:40:46] local.DEBUG: -> error string  
[2022-07-06 09:40:46] local.DEBUG: SQLSTATE[HY000] [1044] Access denied for user 'tpc'@'localhost' to database 'master_agent' (SQL: select * from `platform`)  
[2022-07-06 09:40:46] local.DEBUG: -> end  
[2022-07-06 09:41:16] local.DEBUG: error exception | AgentController -> get()  
[2022-07-06 09:41:16] local.DEBUG: user agent : Mozilla/5.0 (Windows NT 6.1) AppleWebKit/537.36 (KHTML, like Gecko) Chrome/103.0.0.0 Safari/537.36  
[2022-07-06 09:41:16] local.DEBUG: -> error string  
[2022-07-06 09:41:16] local.DEBUG: SQLSTATE[HY000] [1044] Access denied for user 'tpc'@'localhost' to database 'master_agent' (SQL: select * from `platform`)  
[2022-07-06 09:41:16] local.DEBUG: -> end  
[2022-07-06 09:41:36] local.DEBUG: error exception | AgentController -> get()  
[2022-07-06 09:41:36] local.DEBUG: user agent : Mozilla/5.0 (Windows NT 6.1) AppleWebKit/537.36 (KHTML, like Gecko) Chrome/103.0.0.0 Safari/537.36  
[2022-07-06 09:41:36] local.DEBUG: -> error string  
[2022-07-06 09:41:36] local.DEBUG: SQLSTATE[HY000] [1044] Access denied for user 'tpc'@'localhost' to database 'master_agent' (SQL: select * from `platform`)  
[2022-07-06 09:41:36] local.DEBUG: -> end  
[2022-07-06 09:41:51] local.DEBUG: error exception | AgentController -> get()  
[2022-07-06 09:41:51] local.DEBUG: user agent : Mozilla/5.0 (Windows NT 6.1) AppleWebKit/537.36 (KHTML, like Gecko) Chrome/103.0.0.0 Safari/537.36  
[2022-07-06 09:41:51] local.DEBUG: -> error string  
[2022-07-06 09:41:51] local.DEBUG: SQLSTATE[HY000] [1044] Access denied for user 'tpc'@'localhost' to database 'master_agent' (SQL: select * from `platform`)  
[2022-07-06 09:41:51] local.DEBUG: -> end  
[2022-07-06 09:46:09] local.DEBUG: error exception | AgentController -> get()  
[2022-07-06 09:46:09] local.DEBUG: user agent : Mozilla/5.0 (Windows NT 6.1) AppleWebKit/537.36 (KHTML, like Gecko) Chrome/103.0.0.0 Safari/537.36  
[2022-07-06 09:46:09] local.DEBUG: -> error string  
[2022-07-06 09:46:09] local.DEBUG: SQLSTATE[HY000] [1044] Access denied for user 'tpc'@'localhost' to database 'master_agent' (SQL: select * from `platform`)  
[2022-07-06 09:46:09] local.DEBUG: -> end  
[2022-07-06 09:48:16] local.DEBUG: error exception | AgentController -> get()  
[2022-07-06 09:48:16] local.DEBUG: user agent : Mozilla/5.0 (Windows NT 6.1) AppleWebKit/537.36 (KHTML, like Gecko) Chrome/103.0.0.0 Safari/537.36  
[2022-07-06 09:48:16] local.DEBUG: -> error string  
[2022-07-06 09:48:16] local.DEBUG: SQLSTATE[HY000] [1044] Access denied for user 'tpc'@'localhost' to database 'master_agent' (SQL: select * from `platform`)  
[2022-07-06 09:48:16] local.DEBUG: -> end  
[2022-07-06 09:50:10] local.DEBUG: error exception | AgentController -> get()  
[2022-07-06 09:50:10] local.DEBUG: user agent : Mozilla/5.0 (Windows NT 6.1) AppleWebKit/537.36 (KHTML, like Gecko) Chrome/103.0.0.0 Safari/537.36  
[2022-07-06 09:50:10] local.DEBUG: -> error string  
[2022-07-06 09:50:10] local.DEBUG: SQLSTATE[HY000] [1044] Access denied for user 'tpc'@'localhost' to database 'master_agent' (SQL: select * from `platform`)  
[2022-07-06 09:50:10] local.DEBUG: -> end  
[2022-07-06 10:05:38] local.DEBUG: error exception | AgentController -> get()  
[2022-07-06 10:05:38] local.DEBUG: user agent : Mozilla/5.0 (Windows NT 6.1) AppleWebKit/537.36 (KHTML, like Gecko) Chrome/103.0.0.0 Safari/537.36  
[2022-07-06 10:05:38] local.DEBUG: -> error string  
[2022-07-06 10:05:38] local.DEBUG: SQLSTATE[HY000] [1044] Access denied for user 'tpc'@'localhost' to database 'master_agent' (SQL: select * from `platform`)  
[2022-07-06 10:05:38] local.DEBUG: -> end  
[2022-07-06 10:06:45] local.DEBUG: error exception | AgentController -> get()  
[2022-07-06 10:06:45] local.DEBUG: user agent : Mozilla/5.0 (Windows NT 6.1) AppleWebKit/537.36 (KHTML, like Gecko) Chrome/103.0.0.0 Safari/537.36  
[2022-07-06 10:06:45] local.DEBUG: -> error string  
[2022-07-06 10:06:45] local.DEBUG: SQLSTATE[HY000] [1044] Access denied for user 'tpc'@'localhost' to database 'master_agent' (SQL: select * from `platform`)  
[2022-07-06 10:06:45] local.DEBUG: -> end  
[2022-07-06 10:09:47] local.DEBUG: error exception | AgentController -> get()  
[2022-07-06 10:09:47] local.DEBUG: user agent : Mozilla/5.0 (Windows NT 6.1) AppleWebKit/537.36 (KHTML, like Gecko) Chrome/103.0.0.0 Safari/537.36  
[2022-07-06 10:09:47] local.DEBUG: -> error string  
[2022-07-06 10:09:47] local.DEBUG: SQLSTATE[HY000] [1044] Access denied for user 'tpc'@'localhost' to database 'master_agent' (SQL: select * from `platform`)  
[2022-07-06 10:09:47] local.DEBUG: -> end  
[2022-07-06 10:11:50] local.DEBUG: error exception | AgentController -> get()  
[2022-07-06 10:11:50] local.DEBUG: user agent : Mozilla/5.0 (Windows NT 6.1) AppleWebKit/537.36 (KHTML, like Gecko) Chrome/103.0.0.0 Safari/537.36  
[2022-07-06 10:11:50] local.DEBUG: -> error string  
[2022-07-06 10:11:50] local.DEBUG: SQLSTATE[HY000] [1044] Access denied for user 'tpc'@'localhost' to database 'master_agent' (SQL: select * from `platform`)  
[2022-07-06 10:11:50] local.DEBUG: -> end  
[2022-07-06 10:14:33] local.DEBUG: error exception | AgentController -> get()  
[2022-07-06 10:14:33] local.DEBUG: user agent : Mozilla/5.0 (Windows NT 6.1) AppleWebKit/537.36 (KHTML, like Gecko) Chrome/103.0.0.0 Safari/537.36  
[2022-07-06 10:14:33] local.DEBUG: -> error string  
[2022-07-06 10:14:33] local.DEBUG: SQLSTATE[HY000] [1044] Access denied for user 'tpc'@'localhost' to database 'master_agent' (SQL: select * from `platform`)  
[2022-07-06 10:14:33] local.DEBUG: -> end  
