[2022-06-20 01:54:45] local.DEBUG: error exception | AgentController -> get()  
[2022-06-20 01:54:45] local.DEBUG: user agent : Mozilla/5.0 (Windows NT 6.1) AppleWebKit/537.36 (KHTML, like Gecko) Chrome/102.0.0.0 Safari/537.36  
[2022-06-20 01:54:45] local.DEBUG: -> error string  
[2022-06-20 01:54:45] local.DEBUG: SQLSTATE[HY000] [1044] Access denied for user 'tpc'@'localhost' to database 'master_agent' (SQL: select * from `platform`)  
[2022-06-20 01:54:45] local.DEBUG: -> end  
[2022-06-20 01:57:32] local.DEBUG: error exception | AgentController -> get()  
[2022-06-20 01:57:32] local.DEBUG: user agent : Mozilla/5.0 (Windows NT 6.1) AppleWebKit/537.36 (KHTML, like Gecko) Chrome/102.0.0.0 Safari/537.36  
[2022-06-20 01:57:32] local.DEBUG: -> error string  
[2022-06-20 01:57:32] local.DEBUG: SQLSTATE[HY000] [1044] Access denied for user 'tpc'@'localhost' to database 'master_agent' (SQL: select * from `platform`)  
[2022-06-20 01:57:32] local.DEBUG: -> end  
[2022-06-20 01:59:33] local.DEBUG: error exception | AgentController -> get()  
[2022-06-20 01:59:33] local.DEBUG: user agent : Mozilla/5.0 (Windows NT 6.1) AppleWebKit/537.36 (KHTML, like Gecko) Chrome/102.0.0.0 Safari/537.36  
[2022-06-20 01:59:33] local.DEBUG: -> error string  
[2022-06-20 01:59:33] local.DEBUG: SQLSTATE[HY000] [1044] Access denied for user 'tpc'@'localhost' to database 'master_agent' (SQL: select * from `platform`)  
[2022-06-20 01:59:33] local.DEBUG: -> end  
[2022-06-20 01:59:35] local.DEBUG: error exception | AgentController -> get()  
[2022-06-20 01:59:35] local.DEBUG: user agent : Mozilla/5.0 (Windows NT 6.1) AppleWebKit/537.36 (KHTML, like Gecko) Chrome/102.0.0.0 Safari/537.36  
[2022-06-20 01:59:35] local.DEBUG: -> error string  
[2022-06-20 01:59:35] local.DEBUG: SQLSTATE[HY000] [1044] Access denied for user 'tpc'@'localhost' to database 'master_agent' (SQL: select * from `platform`)  
[2022-06-20 01:59:35] local.DEBUG: -> end  
[2022-06-20 01:59:36] local.DEBUG: error exception | AgentController -> get()  
[2022-06-20 01:59:36] local.DEBUG: user agent : Mozilla/5.0 (Windows NT 6.1) AppleWebKit/537.36 (KHTML, like Gecko) Chrome/102.0.0.0 Safari/537.36  
[2022-06-20 01:59:36] local.DEBUG: -> error string  
[2022-06-20 01:59:36] local.DEBUG: SQLSTATE[HY000] [1044] Access denied for user 'tpc'@'localhost' to database 'master_agent' (SQL: select * from `platform`)  
[2022-06-20 01:59:36] local.DEBUG: -> end  
[2022-06-20 02:00:08] local.DEBUG: error exception | AgentController -> get()  
[2022-06-20 02:00:08] local.DEBUG: user agent : Mozilla/5.0 (Windows NT 6.1) AppleWebKit/537.36 (KHTML, like Gecko) Chrome/102.0.0.0 Safari/537.36  
[2022-06-20 02:00:08] local.DEBUG: -> error string  
[2022-06-20 02:00:08] local.DEBUG: SQLSTATE[HY000] [1044] Access denied for user 'tpc'@'localhost' to database 'master_agent' (SQL: select * from `platform`)  
[2022-06-20 02:00:08] local.DEBUG: -> end  
[2022-06-20 02:00:09] local.DEBUG: error exception | AgentController -> get()  
[2022-06-20 02:00:09] local.DEBUG: user agent : Mozilla/5.0 (Windows NT 6.1) AppleWebKit/537.36 (KHTML, like Gecko) Chrome/102.0.0.0 Safari/537.36  
[2022-06-20 02:00:09] local.DEBUG: -> error string  
[2022-06-20 02:00:09] local.DEBUG: SQLSTATE[HY000] [1044] Access denied for user 'tpc'@'localhost' to database 'master_agent' (SQL: select * from `platform`)  
[2022-06-20 02:00:09] local.DEBUG: -> end  
[2022-06-20 02:00:23] local.DEBUG: error exception | AgentController -> get()  
[2022-06-20 02:00:23] local.DEBUG: user agent : Mozilla/5.0 (Windows NT 6.1) AppleWebKit/537.36 (KHTML, like Gecko) Chrome/102.0.0.0 Safari/537.36  
[2022-06-20 02:00:23] local.DEBUG: -> error string  
[2022-06-20 02:00:23] local.DEBUG: SQLSTATE[HY000] [1044] Access denied for user 'tpc'@'localhost' to database 'master_agent' (SQL: select * from `platform`)  
[2022-06-20 02:00:23] local.DEBUG: -> end  
[2022-06-20 02:00:39] local.DEBUG: error exception | AgentController -> get()  
[2022-06-20 02:00:39] local.DEBUG: user agent : Mozilla/5.0 (Windows NT 6.1) AppleWebKit/537.36 (KHTML, like Gecko) Chrome/102.0.0.0 Safari/537.36  
[2022-06-20 02:00:39] local.DEBUG: -> error string  
[2022-06-20 02:00:39] local.DEBUG: SQLSTATE[HY000] [1044] Access denied for user 'tpc'@'localhost' to database 'master_agent' (SQL: select * from `platform`)  
[2022-06-20 02:00:39] local.DEBUG: -> end  
[2022-06-20 02:00:40] local.DEBUG: error exception | AgentController -> get()  
[2022-06-20 02:00:40] local.DEBUG: user agent : Mozilla/5.0 (Windows NT 6.1) AppleWebKit/537.36 (KHTML, like Gecko) Chrome/102.0.0.0 Safari/537.36  
[2022-06-20 02:00:40] local.DEBUG: -> error string  
[2022-06-20 02:00:40] local.DEBUG: SQLSTATE[HY000] [1044] Access denied for user 'tpc'@'localhost' to database 'master_agent' (SQL: select * from `platform`)  
[2022-06-20 02:00:40] local.DEBUG: -> end  
[2022-06-20 02:01:02] local.DEBUG: error exception | AgentController -> get()  
[2022-06-20 02:01:02] local.DEBUG: user agent : Mozilla/5.0 (Windows NT 6.1) AppleWebKit/537.36 (KHTML, like Gecko) Chrome/102.0.0.0 Safari/537.36  
[2022-06-20 02:01:02] local.DEBUG: -> error string  
[2022-06-20 02:01:02] local.DEBUG: SQLSTATE[HY000] [1044] Access denied for user 'tpc'@'localhost' to database 'master_agent' (SQL: select * from `platform`)  
[2022-06-20 02:01:02] local.DEBUG: -> end  
[2022-06-20 02:01:02] local.DEBUG: error exception | AgentController -> get()  
[2022-06-20 02:01:02] local.DEBUG: user agent : Mozilla/5.0 (Windows NT 6.1) AppleWebKit/537.36 (KHTML, like Gecko) Chrome/102.0.0.0 Safari/537.36  
[2022-06-20 02:01:02] local.DEBUG: -> error string  
[2022-06-20 02:01:02] local.DEBUG: SQLSTATE[HY000] [1044] Access denied for user 'tpc'@'localhost' to database 'master_agent' (SQL: select * from `platform`)  
[2022-06-20 02:01:02] local.DEBUG: -> end  
[2022-06-20 02:01:04] local.DEBUG: error exception | AgentController -> get()  
[2022-06-20 02:01:04] local.DEBUG: user agent : Mozilla/5.0 (Windows NT 6.1) AppleWebKit/537.36 (KHTML, like Gecko) Chrome/102.0.0.0 Safari/537.36  
[2022-06-20 02:01:04] local.DEBUG: -> error string  
[2022-06-20 02:01:04] local.DEBUG: SQLSTATE[HY000] [1044] Access denied for user 'tpc'@'localhost' to database 'master_agent' (SQL: select * from `platform`)  
[2022-06-20 02:01:04] local.DEBUG: -> end  
[2022-06-20 02:01:08] local.DEBUG: error exception | AgentController -> get()  
[2022-06-20 02:01:08] local.DEBUG: user agent : Mozilla/5.0 (Windows NT 6.1) AppleWebKit/537.36 (KHTML, like Gecko) Chrome/102.0.0.0 Safari/537.36  
[2022-06-20 02:01:08] local.DEBUG: -> error string  
[2022-06-20 02:01:08] local.DEBUG: SQLSTATE[HY000] [1044] Access denied for user 'tpc'@'localhost' to database 'master_agent' (SQL: select * from `platform`)  
[2022-06-20 02:01:08] local.DEBUG: -> end  
[2022-06-20 02:01:09] local.DEBUG: error exception | AgentController -> get()  
[2022-06-20 02:01:09] local.DEBUG: user agent : Mozilla/5.0 (Windows NT 6.1) AppleWebKit/537.36 (KHTML, like Gecko) Chrome/102.0.0.0 Safari/537.36  
[2022-06-20 02:01:09] local.DEBUG: -> error string  
[2022-06-20 02:01:09] local.DEBUG: SQLSTATE[HY000] [1044] Access denied for user 'tpc'@'localhost' to database 'master_agent' (SQL: select * from `platform`)  
[2022-06-20 02:01:09] local.DEBUG: -> end  
[2022-06-20 02:01:34] local.DEBUG: error exception | AgentController -> get()  
[2022-06-20 02:01:34] local.DEBUG: user agent : Mozilla/5.0 (Windows NT 6.1) AppleWebKit/537.36 (KHTML, like Gecko) Chrome/102.0.0.0 Safari/537.36  
[2022-06-20 02:01:34] local.DEBUG: -> error string  
[2022-06-20 02:01:34] local.DEBUG: SQLSTATE[HY000] [1044] Access denied for user 'tpc'@'localhost' to database 'master_agent' (SQL: select * from `platform`)  
[2022-06-20 02:01:34] local.DEBUG: -> end  
[2022-06-20 02:01:37] local.DEBUG: error exception | AgentController -> get()  
[2022-06-20 02:01:37] local.DEBUG: user agent : Mozilla/5.0 (Windows NT 6.1) AppleWebKit/537.36 (KHTML, like Gecko) Chrome/102.0.0.0 Safari/537.36  
[2022-06-20 02:01:37] local.DEBUG: -> error string  
[2022-06-20 02:01:37] local.DEBUG: SQLSTATE[HY000] [1044] Access denied for user 'tpc'@'localhost' to database 'master_agent' (SQL: select * from `platform`)  
[2022-06-20 02:01:37] local.DEBUG: -> end  
[2022-06-20 02:01:38] local.DEBUG: error exception | AgentController -> get()  
[2022-06-20 02:01:38] local.DEBUG: user agent : Mozilla/5.0 (Windows NT 6.1) AppleWebKit/537.36 (KHTML, like Gecko) Chrome/102.0.0.0 Safari/537.36  
[2022-06-20 02:01:38] local.DEBUG: -> error string  
[2022-06-20 02:01:38] local.DEBUG: SQLSTATE[HY000] [1044] Access denied for user 'tpc'@'localhost' to database 'master_agent' (SQL: select * from `platform`)  
[2022-06-20 02:01:38] local.DEBUG: -> end  
[2022-06-20 02:01:40] local.DEBUG: error exception | AgentController -> get()  
[2022-06-20 02:01:40] local.DEBUG: user agent : Mozilla/5.0 (Windows NT 6.1) AppleWebKit/537.36 (KHTML, like Gecko) Chrome/102.0.0.0 Safari/537.36  
[2022-06-20 02:01:40] local.DEBUG: -> error string  
[2022-06-20 02:01:40] local.DEBUG: SQLSTATE[HY000] [1044] Access denied for user 'tpc'@'localhost' to database 'master_agent' (SQL: select * from `platform`)  
[2022-06-20 02:01:40] local.DEBUG: -> end  
[2022-06-20 02:01:41] local.DEBUG: error exception | AgentController -> get()  
[2022-06-20 02:01:41] local.DEBUG: user agent : Mozilla/5.0 (Windows NT 6.1) AppleWebKit/537.36 (KHTML, like Gecko) Chrome/102.0.0.0 Safari/537.36  
[2022-06-20 02:01:41] local.DEBUG: -> error string  
[2022-06-20 02:01:41] local.DEBUG: SQLSTATE[HY000] [1044] Access denied for user 'tpc'@'localhost' to database 'master_agent' (SQL: select * from `platform`)  
[2022-06-20 02:01:41] local.DEBUG: -> end  
[2022-06-20 02:05:37] local.DEBUG: error exception | AgentController -> get()  
[2022-06-20 02:05:37] local.DEBUG: user agent : Mozilla/5.0 (Windows NT 6.1) AppleWebKit/537.36 (KHTML, like Gecko) Chrome/102.0.0.0 Safari/537.36  
[2022-06-20 02:05:37] local.DEBUG: -> error string  
[2022-06-20 02:05:37] local.DEBUG: SQLSTATE[HY000] [1044] Access denied for user 'tpc'@'localhost' to database 'master_agent' (SQL: select * from `platform`)  
[2022-06-20 02:05:37] local.DEBUG: -> end  
[2022-06-20 02:05:41] local.DEBUG: error exception | AgentController -> get()  
[2022-06-20 02:05:41] local.DEBUG: user agent : Mozilla/5.0 (Windows NT 6.1) AppleWebKit/537.36 (KHTML, like Gecko) Chrome/102.0.0.0 Safari/537.36  
[2022-06-20 02:05:41] local.DEBUG: -> error string  
[2022-06-20 02:05:41] local.DEBUG: SQLSTATE[HY000] [1044] Access denied for user 'tpc'@'localhost' to database 'master_agent' (SQL: select * from `platform`)  
[2022-06-20 02:05:41] local.DEBUG: -> end  
[2022-06-20 02:05:42] local.DEBUG: error exception | AgentController -> get()  
[2022-06-20 02:05:42] local.DEBUG: user agent : Mozilla/5.0 (Windows NT 6.1) AppleWebKit/537.36 (KHTML, like Gecko) Chrome/102.0.0.0 Safari/537.36  
[2022-06-20 02:05:42] local.DEBUG: -> error string  
[2022-06-20 02:05:42] local.DEBUG: SQLSTATE[HY000] [1044] Access denied for user 'tpc'@'localhost' to database 'master_agent' (SQL: select * from `platform`)  
[2022-06-20 02:05:42] local.DEBUG: -> end  
[2022-06-20 02:13:13] local.DEBUG: error exception | AgentController -> get()  
[2022-06-20 02:13:13] local.DEBUG: user agent : Mozilla/5.0 (Windows NT 6.1) AppleWebKit/537.36 (KHTML, like Gecko) Chrome/102.0.0.0 Safari/537.36  
[2022-06-20 02:13:13] local.DEBUG: -> error string  
[2022-06-20 02:13:13] local.DEBUG: SQLSTATE[HY000] [1044] Access denied for user 'tpc'@'localhost' to database 'master_agent' (SQL: select * from `platform`)  
[2022-06-20 02:13:13] local.DEBUG: -> end  
[2022-06-20 02:13:15] local.DEBUG: error exception | AgentController -> get()  
[2022-06-20 02:13:15] local.DEBUG: user agent : Mozilla/5.0 (Windows NT 6.1) AppleWebKit/537.36 (KHTML, like Gecko) Chrome/102.0.0.0 Safari/537.36  
[2022-06-20 02:13:15] local.DEBUG: -> error string  
[2022-06-20 02:13:15] local.DEBUG: SQLSTATE[HY000] [1044] Access denied for user 'tpc'@'localhost' to database 'master_agent' (SQL: select * from `platform`)  
[2022-06-20 02:13:15] local.DEBUG: -> end  
[2022-06-20 02:13:16] local.DEBUG: error exception | AgentController -> get()  
[2022-06-20 02:13:16] local.DEBUG: user agent : Mozilla/5.0 (Windows NT 6.1) AppleWebKit/537.36 (KHTML, like Gecko) Chrome/102.0.0.0 Safari/537.36  
[2022-06-20 02:13:16] local.DEBUG: -> error string  
[2022-06-20 02:13:16] local.DEBUG: SQLSTATE[HY000] [1044] Access denied for user 'tpc'@'localhost' to database 'master_agent' (SQL: select * from `platform`)  
[2022-06-20 02:13:16] local.DEBUG: -> end  
[2022-06-20 02:13:17] local.DEBUG: error exception | AgentController -> get()  
[2022-06-20 02:13:17] local.DEBUG: user agent : Mozilla/5.0 (Windows NT 6.1) AppleWebKit/537.36 (KHTML, like Gecko) Chrome/102.0.0.0 Safari/537.36  
[2022-06-20 02:13:17] local.DEBUG: -> error string  
[2022-06-20 02:13:17] local.DEBUG: SQLSTATE[HY000] [1044] Access denied for user 'tpc'@'localhost' to database 'master_agent' (SQL: select * from `platform`)  
[2022-06-20 02:13:17] local.DEBUG: -> end  
[2022-06-20 02:13:22] local.DEBUG: error exception | AgentController -> get()  
[2022-06-20 02:13:22] local.DEBUG: user agent : Mozilla/5.0 (Windows NT 6.1) AppleWebKit/537.36 (KHTML, like Gecko) Chrome/102.0.0.0 Safari/537.36  
[2022-06-20 02:13:22] local.DEBUG: -> error string  
[2022-06-20 02:13:22] local.DEBUG: SQLSTATE[HY000] [1044] Access denied for user 'tpc'@'localhost' to database 'master_agent' (SQL: select * from `platform`)  
[2022-06-20 02:13:22] local.DEBUG: -> end  
[2022-06-20 02:13:24] local.DEBUG: error exception | AgentController -> get()  
[2022-06-20 02:13:24] local.DEBUG: user agent : Mozilla/5.0 (Windows NT 6.1) AppleWebKit/537.36 (KHTML, like Gecko) Chrome/102.0.0.0 Safari/537.36  
[2022-06-20 02:13:24] local.DEBUG: -> error string  
[2022-06-20 02:13:24] local.DEBUG: SQLSTATE[HY000] [1044] Access denied for user 'tpc'@'localhost' to database 'master_agent' (SQL: select * from `platform`)  
[2022-06-20 02:13:24] local.DEBUG: -> end  
[2022-06-20 02:13:27] local.DEBUG: error exception | AgentController -> get()  
[2022-06-20 02:13:27] local.DEBUG: user agent : Mozilla/5.0 (Windows NT 6.1) AppleWebKit/537.36 (KHTML, like Gecko) Chrome/102.0.0.0 Safari/537.36  
[2022-06-20 02:13:27] local.DEBUG: -> error string  
[2022-06-20 02:13:27] local.DEBUG: SQLSTATE[HY000] [1044] Access denied for user 'tpc'@'localhost' to database 'master_agent' (SQL: select * from `platform`)  
[2022-06-20 02:13:27] local.DEBUG: -> end  
[2022-06-20 02:13:30] local.DEBUG: error exception | AgentController -> get()  
[2022-06-20 02:13:30] local.DEBUG: user agent : Mozilla/5.0 (Windows NT 6.1) AppleWebKit/537.36 (KHTML, like Gecko) Chrome/102.0.0.0 Safari/537.36  
[2022-06-20 02:13:30] local.DEBUG: -> error string  
[2022-06-20 02:13:30] local.DEBUG: SQLSTATE[HY000] [1044] Access denied for user 'tpc'@'localhost' to database 'master_agent' (SQL: select * from `platform`)  
[2022-06-20 02:13:30] local.DEBUG: -> end  
[2022-06-20 02:13:31] local.DEBUG: error exception | AgentController -> get()  
[2022-06-20 02:13:31] local.DEBUG: user agent : Mozilla/5.0 (Windows NT 6.1) AppleWebKit/537.36 (KHTML, like Gecko) Chrome/102.0.0.0 Safari/537.36  
[2022-06-20 02:13:31] local.DEBUG: -> error string  
[2022-06-20 02:13:31] local.DEBUG: SQLSTATE[HY000] [1044] Access denied for user 'tpc'@'localhost' to database 'master_agent' (SQL: select * from `platform`)  
[2022-06-20 02:13:31] local.DEBUG: -> end  
[2022-06-20 02:13:34] local.DEBUG: error exception | AgentController -> get()  
[2022-06-20 02:13:34] local.DEBUG: user agent : Mozilla/5.0 (Windows NT 6.1) AppleWebKit/537.36 (KHTML, like Gecko) Chrome/102.0.0.0 Safari/537.36  
[2022-06-20 02:13:34] local.DEBUG: -> error string  
[2022-06-20 02:13:34] local.DEBUG: SQLSTATE[HY000] [1044] Access denied for user 'tpc'@'localhost' to database 'master_agent' (SQL: select * from `platform`)  
[2022-06-20 02:13:34] local.DEBUG: -> end  
[2022-06-20 02:13:35] local.DEBUG: error exception | AgentController -> get()  
[2022-06-20 02:13:35] local.DEBUG: user agent : Mozilla/5.0 (Windows NT 6.1) AppleWebKit/537.36 (KHTML, like Gecko) Chrome/102.0.0.0 Safari/537.36  
[2022-06-20 02:13:35] local.DEBUG: -> error string  
[2022-06-20 02:13:35] local.DEBUG: SQLSTATE[HY000] [1044] Access denied for user 'tpc'@'localhost' to database 'master_agent' (SQL: select * from `platform`)  
[2022-06-20 02:13:35] local.DEBUG: -> end  
[2022-06-20 02:13:36] local.DEBUG: error exception | AgentController -> get()  
[2022-06-20 02:13:36] local.DEBUG: user agent : Mozilla/5.0 (Windows NT 6.1) AppleWebKit/537.36 (KHTML, like Gecko) Chrome/102.0.0.0 Safari/537.36  
[2022-06-20 02:13:36] local.DEBUG: -> error string  
[2022-06-20 02:13:36] local.DEBUG: SQLSTATE[HY000] [1044] Access denied for user 'tpc'@'localhost' to database 'master_agent' (SQL: select * from `platform`)  
[2022-06-20 02:13:36] local.DEBUG: -> end  
[2022-06-20 02:13:36] local.DEBUG: error exception | AgentController -> get()  
[2022-06-20 02:13:36] local.DEBUG: user agent : Mozilla/5.0 (Windows NT 6.1) AppleWebKit/537.36 (KHTML, like Gecko) Chrome/102.0.0.0 Safari/537.36  
[2022-06-20 02:13:36] local.DEBUG: -> error string  
[2022-06-20 02:13:36] local.DEBUG: SQLSTATE[HY000] [1044] Access denied for user 'tpc'@'localhost' to database 'master_agent' (SQL: select * from `platform`)  
[2022-06-20 02:13:36] local.DEBUG: -> end  
[2022-06-20 02:13:36] local.DEBUG: error exception | AgentController -> get()  
[2022-06-20 02:13:36] local.DEBUG: user agent : Mozilla/5.0 (Windows NT 6.1) AppleWebKit/537.36 (KHTML, like Gecko) Chrome/102.0.0.0 Safari/537.36  
[2022-06-20 02:13:36] local.DEBUG: -> error string  
[2022-06-20 02:13:36] local.DEBUG: SQLSTATE[HY000] [1044] Access denied for user 'tpc'@'localhost' to database 'master_agent' (SQL: select * from `platform`)  
[2022-06-20 02:13:36] local.DEBUG: -> end  
[2022-06-20 02:13:44] local.DEBUG: error exception | AgentController -> get()  
[2022-06-20 02:13:44] local.DEBUG: user agent : Mozilla/5.0 (Windows NT 6.1) AppleWebKit/537.36 (KHTML, like Gecko) Chrome/102.0.0.0 Safari/537.36  
[2022-06-20 02:13:44] local.DEBUG: -> error string  
[2022-06-20 02:13:44] local.DEBUG: SQLSTATE[HY000] [1044] Access denied for user 'tpc'@'localhost' to database 'master_agent' (SQL: select * from `platform`)  
[2022-06-20 02:13:44] local.DEBUG: -> end  
[2022-06-20 02:13:48] local.DEBUG: error exception | AgentController -> get()  
[2022-06-20 02:13:48] local.DEBUG: user agent : Mozilla/5.0 (Windows NT 6.1) AppleWebKit/537.36 (KHTML, like Gecko) Chrome/102.0.0.0 Safari/537.36  
[2022-06-20 02:13:48] local.DEBUG: -> error string  
[2022-06-20 02:13:48] local.DEBUG: SQLSTATE[HY000] [1044] Access denied for user 'tpc'@'localhost' to database 'master_agent' (SQL: select * from `platform`)  
[2022-06-20 02:13:48] local.DEBUG: -> end  
[2022-06-20 02:13:49] local.DEBUG: error exception | AgentController -> get()  
[2022-06-20 02:13:49] local.DEBUG: user agent : Mozilla/5.0 (Windows NT 6.1) AppleWebKit/537.36 (KHTML, like Gecko) Chrome/102.0.0.0 Safari/537.36  
[2022-06-20 02:13:49] local.DEBUG: -> error string  
[2022-06-20 02:13:49] local.DEBUG: SQLSTATE[HY000] [1044] Access denied for user 'tpc'@'localhost' to database 'master_agent' (SQL: select * from `platform`)  
[2022-06-20 02:13:49] local.DEBUG: -> end  
[2022-06-20 02:14:07] local.DEBUG: error exception | AgentController -> get()  
[2022-06-20 02:14:07] local.DEBUG: user agent : Mozilla/5.0 (Windows NT 6.1) AppleWebKit/537.36 (KHTML, like Gecko) Chrome/102.0.0.0 Safari/537.36  
[2022-06-20 02:14:07] local.DEBUG: -> error string  
[2022-06-20 02:14:07] local.DEBUG: SQLSTATE[HY000] [1044] Access denied for user 'tpc'@'localhost' to database 'master_agent' (SQL: select * from `platform`)  
[2022-06-20 02:14:07] local.DEBUG: -> end  
[2022-06-20 02:14:16] local.DEBUG: error exception | AgentController -> get()  
[2022-06-20 02:14:16] local.DEBUG: user agent : Mozilla/5.0 (Windows NT 6.1) AppleWebKit/537.36 (KHTML, like Gecko) Chrome/102.0.0.0 Safari/537.36  
[2022-06-20 02:14:16] local.DEBUG: -> error string  
[2022-06-20 02:14:16] local.DEBUG: SQLSTATE[HY000] [1044] Access denied for user 'tpc'@'localhost' to database 'master_agent' (SQL: select * from `platform`)  
[2022-06-20 02:14:16] local.DEBUG: -> end  
[2022-06-20 02:14:16] local.DEBUG: error exception | AgentController -> get()  
[2022-06-20 02:14:16] local.DEBUG: user agent : Mozilla/5.0 (Windows NT 6.1) AppleWebKit/537.36 (KHTML, like Gecko) Chrome/102.0.0.0 Safari/537.36  
[2022-06-20 02:14:16] local.DEBUG: -> error string  
[2022-06-20 02:14:16] local.DEBUG: SQLSTATE[HY000] [1044] Access denied for user 'tpc'@'localhost' to database 'master_agent' (SQL: select * from `platform`)  
[2022-06-20 02:14:16] local.DEBUG: -> end  
[2022-06-20 02:16:27] local.DEBUG: error exception | AgentController -> get()  
[2022-06-20 02:16:27] local.DEBUG: user agent : Mozilla/5.0 (Windows NT 6.1) AppleWebKit/537.36 (KHTML, like Gecko) Chrome/102.0.0.0 Safari/537.36  
[2022-06-20 02:16:27] local.DEBUG: -> error string  
[2022-06-20 02:16:27] local.DEBUG: SQLSTATE[HY000] [1044] Access denied for user 'tpc'@'localhost' to database 'master_agent' (SQL: select * from `platform`)  
[2022-06-20 02:16:27] local.DEBUG: -> end  
[2022-06-20 02:16:28] local.DEBUG: error exception | AgentController -> get()  
[2022-06-20 02:16:28] local.DEBUG: user agent : Mozilla/5.0 (Windows NT 6.1) AppleWebKit/537.36 (KHTML, like Gecko) Chrome/102.0.0.0 Safari/537.36  
[2022-06-20 02:16:28] local.DEBUG: -> error string  
[2022-06-20 02:16:28] local.DEBUG: SQLSTATE[HY000] [1044] Access denied for user 'tpc'@'localhost' to database 'master_agent' (SQL: select * from `platform`)  
[2022-06-20 02:16:28] local.DEBUG: -> end  
[2022-06-20 02:18:59] local.DEBUG: error exception | AgentController -> get()  
[2022-06-20 02:18:59] local.DEBUG: user agent : Mozilla/5.0 (Windows NT 6.1) AppleWebKit/537.36 (KHTML, like Gecko) Chrome/102.0.0.0 Safari/537.36  
[2022-06-20 02:18:59] local.DEBUG: -> error string  
[2022-06-20 02:18:59] local.DEBUG: SQLSTATE[HY000] [1044] Access denied for user 'tpc'@'localhost' to database 'master_agent' (SQL: select * from `platform`)  
[2022-06-20 02:18:59] local.DEBUG: -> end  
[2022-06-20 02:18:59] local.DEBUG: error exception | AgentController -> get()  
[2022-06-20 02:18:59] local.DEBUG: user agent : Mozilla/5.0 (Windows NT 6.1) AppleWebKit/537.36 (KHTML, like Gecko) Chrome/102.0.0.0 Safari/537.36  
[2022-06-20 02:18:59] local.DEBUG: -> error string  
[2022-06-20 02:18:59] local.DEBUG: SQLSTATE[HY000] [1044] Access denied for user 'tpc'@'localhost' to database 'master_agent' (SQL: select * from `platform`)  
[2022-06-20 02:18:59] local.DEBUG: -> end  
[2022-06-20 02:21:51] local.DEBUG: error exception | AgentController -> get()  
[2022-06-20 02:21:51] local.DEBUG: user agent : Mozilla/5.0 (Windows NT 6.1) AppleWebKit/537.36 (KHTML, like Gecko) Chrome/102.0.0.0 Safari/537.36  
[2022-06-20 02:21:51] local.DEBUG: -> error string  
[2022-06-20 02:21:51] local.DEBUG: SQLSTATE[HY000] [1044] Access denied for user 'tpc'@'localhost' to database 'master_agent' (SQL: select * from `platform`)  
[2022-06-20 02:21:51] local.DEBUG: -> end  
[2022-06-20 02:21:51] local.DEBUG: error exception | AgentController -> get()  
[2022-06-20 02:21:51] local.DEBUG: user agent : Mozilla/5.0 (Windows NT 6.1) AppleWebKit/537.36 (KHTML, like Gecko) Chrome/102.0.0.0 Safari/537.36  
[2022-06-20 02:21:51] local.DEBUG: -> error string  
[2022-06-20 02:21:51] local.DEBUG: SQLSTATE[HY000] [1044] Access denied for user 'tpc'@'localhost' to database 'master_agent' (SQL: select * from `platform`)  
[2022-06-20 02:21:51] local.DEBUG: -> end  
[2022-06-20 02:22:10] local.DEBUG: error exception | AgentController -> get()  
[2022-06-20 02:22:10] local.DEBUG: user agent : Mozilla/5.0 (Windows NT 6.1) AppleWebKit/537.36 (KHTML, like Gecko) Chrome/102.0.0.0 Safari/537.36  
[2022-06-20 02:22:10] local.DEBUG: -> error string  
[2022-06-20 02:22:10] local.DEBUG: SQLSTATE[HY000] [1044] Access denied for user 'tpc'@'localhost' to database 'master_agent' (SQL: select * from `platform`)  
[2022-06-20 02:22:10] local.DEBUG: -> end  
[2022-06-20 02:22:11] local.DEBUG: error exception | AgentController -> get()  
[2022-06-20 02:22:11] local.DEBUG: user agent : Mozilla/5.0 (Windows NT 6.1) AppleWebKit/537.36 (KHTML, like Gecko) Chrome/102.0.0.0 Safari/537.36  
[2022-06-20 02:22:11] local.DEBUG: -> error string  
[2022-06-20 02:22:11] local.DEBUG: SQLSTATE[HY000] [1044] Access denied for user 'tpc'@'localhost' to database 'master_agent' (SQL: select * from `platform`)  
[2022-06-20 02:22:11] local.DEBUG: -> end  
[2022-06-20 02:22:13] local.DEBUG: error exception | AgentController -> get()  
[2022-06-20 02:22:13] local.DEBUG: user agent : Mozilla/5.0 (Windows NT 6.1) AppleWebKit/537.36 (KHTML, like Gecko) Chrome/102.0.0.0 Safari/537.36  
[2022-06-20 02:22:13] local.DEBUG: -> error string  
[2022-06-20 02:22:13] local.DEBUG: SQLSTATE[HY000] [1044] Access denied for user 'tpc'@'localhost' to database 'master_agent' (SQL: select * from `platform`)  
[2022-06-20 02:22:13] local.DEBUG: -> end  
[2022-06-20 02:22:13] local.DEBUG: error exception | AgentController -> get()  
[2022-06-20 02:22:13] local.DEBUG: user agent : Mozilla/5.0 (Windows NT 6.1) AppleWebKit/537.36 (KHTML, like Gecko) Chrome/102.0.0.0 Safari/537.36  
[2022-06-20 02:22:13] local.DEBUG: -> error string  
[2022-06-20 02:22:13] local.DEBUG: SQLSTATE[HY000] [1044] Access denied for user 'tpc'@'localhost' to database 'master_agent' (SQL: select * from `platform`)  
[2022-06-20 02:22:13] local.DEBUG: -> end  
[2022-06-20 02:24:16] local.DEBUG: error exception | AgentController -> get()  
[2022-06-20 02:24:16] local.DEBUG: user agent : Mozilla/5.0 (Linux; Android 4.1.1; X909 Build/JRO03L) AppleWebKit/537.36 (KHTML, like Gecko) Chrome/30.0.1599.92 Mobile Safari/537.36  
[2022-06-20 02:24:16] local.DEBUG: -> error string  
[2022-06-20 02:24:16] local.DEBUG: SQLSTATE[HY000] [1044] Access denied for user 'tpc'@'localhost' to database 'master_agent' (SQL: select * from `platform`)  
[2022-06-20 02:24:16] local.DEBUG: -> end  
[2022-06-20 02:24:16] local.DEBUG: error exception | AgentController -> get()  
[2022-06-20 02:24:16] local.DEBUG: user agent : Mozilla/5.0 (Linux; Android 4.1.1; X909 Build/JRO03L) AppleWebKit/537.36 (KHTML, like Gecko) Chrome/30.0.1599.92 Mobile Safari/537.36  
[2022-06-20 02:24:16] local.DEBUG: -> error string  
[2022-06-20 02:24:16] local.DEBUG: SQLSTATE[HY000] [1044] Access denied for user 'tpc'@'localhost' to database 'master_agent' (SQL: select * from `platform`)  
[2022-06-20 02:24:16] local.DEBUG: -> end  
[2022-06-20 02:24:26] local.DEBUG: error exception | AgentController -> get()  
[2022-06-20 02:24:26] local.DEBUG: user agent : Mozilla/5.0 (Linux; Android 4.1.1; X909 Build/JRO03L) AppleWebKit/537.36 (KHTML, like Gecko) Chrome/30.0.1599.92 Mobile Safari/537.36  
[2022-06-20 02:24:26] local.DEBUG: -> error string  
[2022-06-20 02:24:26] local.DEBUG: SQLSTATE[HY000] [1044] Access denied for user 'tpc'@'localhost' to database 'master_agent' (SQL: select * from `platform`)  
[2022-06-20 02:24:26] local.DEBUG: -> end  
[2022-06-20 02:24:27] local.DEBUG: error exception | AgentController -> get()  
[2022-06-20 02:24:27] local.DEBUG: user agent : Mozilla/5.0 (Linux; Android 4.1.1; X909 Build/JRO03L) AppleWebKit/537.36 (KHTML, like Gecko) Chrome/30.0.1599.92 Mobile Safari/537.36  
[2022-06-20 02:24:27] local.DEBUG: -> error string  
[2022-06-20 02:24:27] local.DEBUG: SQLSTATE[HY000] [1044] Access denied for user 'tpc'@'localhost' to database 'master_agent' (SQL: select * from `platform`)  
[2022-06-20 02:24:27] local.DEBUG: -> end  
[2022-06-20 02:25:01] local.DEBUG: error exception | AgentController -> get()  
[2022-06-20 02:25:01] local.DEBUG: user agent : Mozilla/5.0 (Windows NT 6.1) AppleWebKit/537.36 (KHTML, like Gecko) Chrome/102.0.0.0 Safari/537.36  
[2022-06-20 02:25:01] local.DEBUG: -> error string  
[2022-06-20 02:25:01] local.DEBUG: SQLSTATE[HY000] [1044] Access denied for user 'tpc'@'localhost' to database 'master_agent' (SQL: select * from `platform`)  
[2022-06-20 02:25:01] local.DEBUG: -> end  
[2022-06-20 02:25:03] local.DEBUG: error exception | AgentController -> get()  
[2022-06-20 02:25:03] local.DEBUG: user agent : Mozilla/5.0 (Windows NT 6.1) AppleWebKit/537.36 (KHTML, like Gecko) Chrome/102.0.0.0 Safari/537.36  
[2022-06-20 02:25:03] local.DEBUG: -> error string  
[2022-06-20 02:25:03] local.DEBUG: SQLSTATE[HY000] [1044] Access denied for user 'tpc'@'localhost' to database 'master_agent' (SQL: select * from `platform`)  
[2022-06-20 02:25:03] local.DEBUG: -> end  
[2022-06-20 02:25:06] local.DEBUG: error exception | AgentController -> get()  
[2022-06-20 02:25:06] local.DEBUG: user agent : Mozilla/5.0 (Windows NT 6.1) AppleWebKit/537.36 (KHTML, like Gecko) Chrome/102.0.0.0 Safari/537.36  
[2022-06-20 02:25:06] local.DEBUG: -> error string  
[2022-06-20 02:25:06] local.DEBUG: SQLSTATE[HY000] [1044] Access denied for user 'tpc'@'localhost' to database 'master_agent' (SQL: select * from `platform`)  
[2022-06-20 02:25:06] local.DEBUG: -> end  
[2022-06-20 02:25:07] local.DEBUG: error exception | AgentController -> get()  
[2022-06-20 02:25:07] local.DEBUG: user agent : Mozilla/5.0 (Windows NT 6.1) AppleWebKit/537.36 (KHTML, like Gecko) Chrome/102.0.0.0 Safari/537.36  
[2022-06-20 02:25:07] local.DEBUG: -> error string  
[2022-06-20 02:25:07] local.DEBUG: SQLSTATE[HY000] [1044] Access denied for user 'tpc'@'localhost' to database 'master_agent' (SQL: select * from `platform`)  
[2022-06-20 02:25:07] local.DEBUG: -> end  
[2022-06-20 02:26:02] local.DEBUG: error exception | AgentController -> get()  
[2022-06-20 02:26:02] local.DEBUG: user agent : Mozilla/5.0 (Linux; Android 4.1.1; X909 Build/JRO03L) AppleWebKit/537.36 (KHTML, like Gecko) Chrome/30.0.1599.92 Mobile Safari/537.36  
[2022-06-20 02:26:02] local.DEBUG: -> error string  
[2022-06-20 02:26:02] local.DEBUG: SQLSTATE[HY000] [1044] Access denied for user 'tpc'@'localhost' to database 'master_agent' (SQL: select * from `platform`)  
[2022-06-20 02:26:02] local.DEBUG: -> end  
[2022-06-20 02:26:02] local.DEBUG: error exception | AgentController -> get()  
[2022-06-20 02:26:02] local.DEBUG: user agent : Mozilla/5.0 (Linux; Android 4.1.1; X909 Build/JRO03L) AppleWebKit/537.36 (KHTML, like Gecko) Chrome/30.0.1599.92 Mobile Safari/537.36  
[2022-06-20 02:26:02] local.DEBUG: -> error string  
[2022-06-20 02:26:02] local.DEBUG: SQLSTATE[HY000] [1044] Access denied for user 'tpc'@'localhost' to database 'master_agent' (SQL: select * from `platform`)  
[2022-06-20 02:26:02] local.DEBUG: -> end  
[2022-06-20 02:26:21] local.DEBUG: error exception | AgentController -> get()  
[2022-06-20 02:26:21] local.DEBUG: user agent : Mozilla/5.0 (Linux; Android 4.1.1; X909 Build/JRO03L) AppleWebKit/537.36 (KHTML, like Gecko) Chrome/30.0.1599.92 Mobile Safari/537.36  
[2022-06-20 02:26:21] local.DEBUG: -> error string  
[2022-06-20 02:26:21] local.DEBUG: SQLSTATE[HY000] [1044] Access denied for user 'tpc'@'localhost' to database 'master_agent' (SQL: select * from `platform`)  
[2022-06-20 02:26:21] local.DEBUG: -> end  
[2022-06-20 02:26:22] local.DEBUG: error exception | AgentController -> get()  
[2022-06-20 02:26:22] local.DEBUG: user agent : Mozilla/5.0 (Linux; Android 4.1.1; X909 Build/JRO03L) AppleWebKit/537.36 (KHTML, like Gecko) Chrome/30.0.1599.92 Mobile Safari/537.36  
[2022-06-20 02:26:22] local.DEBUG: -> error string  
[2022-06-20 02:26:22] local.DEBUG: SQLSTATE[HY000] [1044] Access denied for user 'tpc'@'localhost' to database 'master_agent' (SQL: select * from `platform`)  
[2022-06-20 02:26:22] local.DEBUG: -> end  
[2022-06-20 02:28:50] local.DEBUG: error exception | AgentController -> get()  
[2022-06-20 02:28:50] local.DEBUG: user agent : Mozilla/5.0 (Linux; Android 4.1.1; X909 Build/JRO03L) AppleWebKit/537.36 (KHTML, like Gecko) Chrome/30.0.1599.92 Mobile Safari/537.36  
[2022-06-20 02:28:50] local.DEBUG: -> error string  
[2022-06-20 02:28:50] local.DEBUG: SQLSTATE[HY000] [1044] Access denied for user 'tpc'@'localhost' to database 'master_agent' (SQL: select * from `platform`)  
[2022-06-20 02:28:50] local.DEBUG: -> end  
[2022-06-20 02:29:12] local.DEBUG: error exception | AgentController -> get()  
[2022-06-20 02:29:12] local.DEBUG: user agent : Mozilla/5.0 (Linux; Android 8.0; Pixel 2 Build/OPD3.170816.012) AppleWebKit/537.36 (KHTML, like Gecko) Chrome/102.0.0.0 Mobile Safari/537.36  
[2022-06-20 02:29:12] local.DEBUG: -> error string  
[2022-06-20 02:29:12] local.DEBUG: SQLSTATE[HY000] [1044] Access denied for user 'tpc'@'localhost' to database 'master_agent' (SQL: select * from `platform`)  
[2022-06-20 02:29:12] local.DEBUG: -> end  
[2022-06-20 02:29:46] local.DEBUG: error exception | AgentController -> get()  
[2022-06-20 02:29:46] local.DEBUG: user agent : Mozilla/5.0 (Windows NT 6.1) AppleWebKit/537.36 (KHTML, like Gecko) Chrome/102.0.0.0 Safari/537.36  
[2022-06-20 02:29:46] local.DEBUG: -> error string  
[2022-06-20 02:29:46] local.DEBUG: SQLSTATE[HY000] [1044] Access denied for user 'tpc'@'localhost' to database 'master_agent' (SQL: select * from `platform`)  
[2022-06-20 02:29:46] local.DEBUG: -> end  
[2022-06-20 02:29:49] local.DEBUG: error exception | AgentController -> get()  
[2022-06-20 02:29:49] local.DEBUG: user agent : Mozilla/5.0 (Linux; Android 4.1.1; X909 Build/JRO03L) AppleWebKit/537.36 (KHTML, like Gecko) Chrome/30.0.1599.92 Mobile Safari/537.36  
[2022-06-20 02:29:49] local.DEBUG: -> error string  
[2022-06-20 02:29:49] local.DEBUG: SQLSTATE[HY000] [1044] Access denied for user 'tpc'@'localhost' to database 'master_agent' (SQL: select * from `platform`)  
[2022-06-20 02:29:49] local.DEBUG: -> end  
[2022-06-20 02:30:46] local.DEBUG: error exception | AgentController -> get()  
[2022-06-20 02:30:46] local.DEBUG: user agent : Mozilla/5.0 (Linux; Android 4.1.1; X909 Build/JRO03L) AppleWebKit/537.36 (KHTML, like Gecko) Chrome/30.0.1599.92 Mobile Safari/537.36  
[2022-06-20 02:30:46] local.DEBUG: -> error string  
[2022-06-20 02:30:46] local.DEBUG: SQLSTATE[HY000] [1044] Access denied for user 'tpc'@'localhost' to database 'master_agent' (SQL: select * from `platform`)  
[2022-06-20 02:30:46] local.DEBUG: -> end  
[2022-06-20 02:30:55] local.DEBUG: error exception | AgentController -> get()  
[2022-06-20 02:30:55] local.DEBUG: user agent : Mozilla/5.0 (Linux; Android 8.0; Pixel 2 Build/OPD3.170816.012) AppleWebKit/537.36 (KHTML, like Gecko) Chrome/102.0.0.0 Mobile Safari/537.36  
[2022-06-20 02:30:55] local.DEBUG: -> error string  
[2022-06-20 02:30:55] local.DEBUG: SQLSTATE[HY000] [1044] Access denied for user 'tpc'@'localhost' to database 'master_agent' (SQL: select * from `platform`)  
[2022-06-20 02:30:55] local.DEBUG: -> end  
[2022-06-20 02:31:03] local.DEBUG: error exception | AgentController -> get()  
[2022-06-20 02:31:03] local.DEBUG: user agent : Mozilla/5.0 (Linux; Android 8.0; Pixel 2 Build/OPD3.170816.012) AppleWebKit/537.36 (KHTML, like Gecko) Chrome/102.0.0.0 Mobile Safari/537.36  
[2022-06-20 02:31:03] local.DEBUG: -> error string  
[2022-06-20 02:31:03] local.DEBUG: SQLSTATE[HY000] [1044] Access denied for user 'tpc'@'localhost' to database 'master_agent' (SQL: select * from `platform`)  
[2022-06-20 02:31:03] local.DEBUG: -> end  
[2022-06-20 02:31:05] local.DEBUG: error exception | AgentController -> get()  
[2022-06-20 02:31:05] local.DEBUG: user agent : Mozilla/5.0 (Linux; Android 8.0; Pixel 2 Build/OPD3.170816.012) AppleWebKit/537.36 (KHTML, like Gecko) Chrome/102.0.0.0 Mobile Safari/537.36  
[2022-06-20 02:31:05] local.DEBUG: -> error string  
[2022-06-20 02:31:05] local.DEBUG: SQLSTATE[HY000] [1044] Access denied for user 'tpc'@'localhost' to database 'master_agent' (SQL: select * from `platform`)  
[2022-06-20 02:31:05] local.DEBUG: -> end  
[2022-06-20 02:31:07] local.DEBUG: error exception | AgentController -> get()  
[2022-06-20 02:31:07] local.DEBUG: user agent : Mozilla/5.0 (Linux; Android 8.0; Pixel 2 Build/OPD3.170816.012) AppleWebKit/537.36 (KHTML, like Gecko) Chrome/102.0.0.0 Mobile Safari/537.36  
[2022-06-20 02:31:07] local.DEBUG: -> error string  
[2022-06-20 02:31:07] local.DEBUG: SQLSTATE[HY000] [1044] Access denied for user 'tpc'@'localhost' to database 'master_agent' (SQL: select * from `platform`)  
[2022-06-20 02:31:07] local.DEBUG: -> end  
[2022-06-20 02:32:38] local.DEBUG: error exception | AgentController -> get()  
[2022-06-20 02:32:38] local.DEBUG: user agent : Mozilla/5.0 (Linux; Android 4.1.1; X909 Build/JRO03L) AppleWebKit/537.36 (KHTML, like Gecko) Chrome/30.0.1599.92 Mobile Safari/537.36  
[2022-06-20 02:32:38] local.DEBUG: -> error string  
[2022-06-20 02:32:38] local.DEBUG: SQLSTATE[HY000] [1044] Access denied for user 'tpc'@'localhost' to database 'master_agent' (SQL: select * from `platform`)  
[2022-06-20 02:32:38] local.DEBUG: -> end  
[2022-06-20 02:32:50] local.DEBUG: error exception | AgentController -> get()  
[2022-06-20 02:32:50] local.DEBUG: user agent : Mozilla/5.0 (Linux; Android 4.1.1; X909 Build/JRO03L) AppleWebKit/537.36 (KHTML, like Gecko) Chrome/30.0.1599.92 Mobile Safari/537.36  
[2022-06-20 02:32:50] local.DEBUG: -> error string  
[2022-06-20 02:32:50] local.DEBUG: SQLSTATE[HY000] [1044] Access denied for user 'tpc'@'localhost' to database 'master_agent' (SQL: select * from `platform`)  
[2022-06-20 02:32:50] local.DEBUG: -> end  
[2022-06-20 02:33:04] local.DEBUG: error exception | AgentController -> get()  
[2022-06-20 02:33:04] local.DEBUG: user agent : Mozilla/5.0 (Linux; Android 8.0; Pixel 2 Build/OPD3.170816.012) AppleWebKit/537.36 (KHTML, like Gecko) Chrome/102.0.0.0 Mobile Safari/537.36  
[2022-06-20 02:33:04] local.DEBUG: -> error string  
[2022-06-20 02:33:04] local.DEBUG: SQLSTATE[HY000] [1044] Access denied for user 'tpc'@'localhost' to database 'master_agent' (SQL: select * from `platform`)  
[2022-06-20 02:33:04] local.DEBUG: -> end  
[2022-06-20 02:33:22] local.DEBUG: error exception | AgentController -> get()  
[2022-06-20 02:33:22] local.DEBUG: user agent : Mozilla/5.0 (Linux; Android 4.1.1; X909 Build/JRO03L) AppleWebKit/537.36 (KHTML, like Gecko) Chrome/30.0.1599.92 Mobile Safari/537.36  
[2022-06-20 02:33:22] local.DEBUG: -> error string  
[2022-06-20 02:33:22] local.DEBUG: SQLSTATE[HY000] [1044] Access denied for user 'tpc'@'localhost' to database 'master_agent' (SQL: select * from `platform`)  
[2022-06-20 02:33:22] local.DEBUG: -> end  
[2022-06-20 02:33:55] local.DEBUG: error exception | AgentController -> get()  
[2022-06-20 02:33:55] local.DEBUG: user agent : Mozilla/5.0 (Linux; Android 4.1.1; X909 Build/JRO03L) AppleWebKit/537.36 (KHTML, like Gecko) Chrome/30.0.1599.92 Mobile Safari/537.36  
[2022-06-20 02:33:55] local.DEBUG: -> error string  
[2022-06-20 02:33:55] local.DEBUG: SQLSTATE[HY000] [1044] Access denied for user 'tpc'@'localhost' to database 'master_agent' (SQL: select * from `platform`)  
[2022-06-20 02:33:55] local.DEBUG: -> end  
[2022-06-20 02:37:11] local.DEBUG: error exception | AgentController -> get()  
[2022-06-20 02:37:11] local.DEBUG: user agent : Mozilla/5.0 (Windows NT 6.1) AppleWebKit/537.36 (KHTML, like Gecko) Chrome/102.0.0.0 Safari/537.36  
[2022-06-20 02:37:11] local.DEBUG: -> error string  
[2022-06-20 02:37:11] local.DEBUG: SQLSTATE[HY000] [1044] Access denied for user 'tpc'@'localhost' to database 'master_agent' (SQL: select * from `platform`)  
[2022-06-20 02:37:11] local.DEBUG: -> end  
[2022-06-20 02:37:41] local.DEBUG: error exception | AgentController -> get()  
[2022-06-20 02:37:41] local.DEBUG: user agent : Mozilla/5.0 (Windows NT 6.1) AppleWebKit/537.36 (KHTML, like Gecko) Chrome/102.0.0.0 Safari/537.36  
[2022-06-20 02:37:41] local.DEBUG: -> error string  
[2022-06-20 02:37:41] local.DEBUG: SQLSTATE[HY000] [1044] Access denied for user 'tpc'@'localhost' to database 'master_agent' (SQL: select * from `platform`)  
[2022-06-20 02:37:41] local.DEBUG: -> end  
[2022-06-20 02:38:06] local.DEBUG: error exception | AgentController -> get()  
[2022-06-20 02:38:06] local.DEBUG: user agent : Mozilla/5.0 (Windows NT 6.1) AppleWebKit/537.36 (KHTML, like Gecko) Chrome/102.0.0.0 Safari/537.36  
[2022-06-20 02:38:06] local.DEBUG: -> error string  
[2022-06-20 02:38:06] local.DEBUG: SQLSTATE[HY000] [1044] Access denied for user 'tpc'@'localhost' to database 'master_agent' (SQL: select * from `platform`)  
[2022-06-20 02:38:06] local.DEBUG: -> end  
[2022-06-20 02:38:57] local.DEBUG: error exception | AgentController -> get()  
[2022-06-20 02:38:57] local.DEBUG: user agent : Mozilla/5.0 (Windows NT 6.1) AppleWebKit/537.36 (KHTML, like Gecko) Chrome/102.0.0.0 Safari/537.36  
[2022-06-20 02:38:57] local.DEBUG: -> error string  
[2022-06-20 02:38:57] local.DEBUG: SQLSTATE[HY000] [1044] Access denied for user 'tpc'@'localhost' to database 'master_agent' (SQL: select * from `platform`)  
[2022-06-20 02:38:57] local.DEBUG: -> end  
[2022-06-20 02:38:57] local.DEBUG: error exception | AgentController -> get()  
[2022-06-20 02:38:57] local.DEBUG: user agent : Mozilla/5.0 (Windows NT 6.1) AppleWebKit/537.36 (KHTML, like Gecko) Chrome/102.0.0.0 Safari/537.36  
[2022-06-20 02:38:57] local.DEBUG: -> error string  
[2022-06-20 02:38:57] local.DEBUG: SQLSTATE[HY000] [1044] Access denied for user 'tpc'@'localhost' to database 'master_agent' (SQL: select * from `platform`)  
[2022-06-20 02:38:57] local.DEBUG: -> end  
[2022-06-20 02:39:33] local.DEBUG: error exception | AgentController -> get()  
[2022-06-20 02:39:33] local.DEBUG: user agent : Mozilla/5.0 (Windows NT 6.1) AppleWebKit/537.36 (KHTML, like Gecko) Chrome/102.0.0.0 Safari/537.36  
[2022-06-20 02:39:33] local.DEBUG: -> error string  
[2022-06-20 02:39:33] local.DEBUG: SQLSTATE[HY000] [1044] Access denied for user 'tpc'@'localhost' to database 'master_agent' (SQL: select * from `platform`)  
[2022-06-20 02:39:33] local.DEBUG: -> end  
[2022-06-20 02:42:45] local.DEBUG: error exception | AgentController -> get()  
[2022-06-20 02:42:45] local.DEBUG: user agent : Mozilla/5.0 (Windows NT 6.1) AppleWebKit/537.36 (KHTML, like Gecko) Chrome/102.0.0.0 Safari/537.36  
[2022-06-20 02:42:45] local.DEBUG: -> error string  
[2022-06-20 02:42:45] local.DEBUG: SQLSTATE[HY000] [1044] Access denied for user 'tpc'@'localhost' to database 'master_agent' (SQL: select * from `platform`)  
[2022-06-20 02:42:45] local.DEBUG: -> end  
[2022-06-20 02:42:54] local.DEBUG: error exception | AgentController -> get()  
[2022-06-20 02:42:54] local.DEBUG: user agent : Mozilla/5.0 (Windows NT 6.1) AppleWebKit/537.36 (KHTML, like Gecko) Chrome/102.0.0.0 Safari/537.36  
[2022-06-20 02:42:54] local.DEBUG: -> error string  
[2022-06-20 02:42:54] local.DEBUG: SQLSTATE[HY000] [1044] Access denied for user 'tpc'@'localhost' to database 'master_agent' (SQL: select * from `platform`)  
[2022-06-20 02:42:54] local.DEBUG: -> end  
[2022-06-20 02:44:00] local.DEBUG: error exception | AgentController -> get()  
[2022-06-20 02:44:00] local.DEBUG: user agent : Mozilla/5.0 (Windows NT 6.1) AppleWebKit/537.36 (KHTML, like Gecko) Chrome/102.0.0.0 Safari/537.36  
[2022-06-20 02:44:00] local.DEBUG: -> error string  
[2022-06-20 02:44:00] local.DEBUG: SQLSTATE[HY000] [1044] Access denied for user 'tpc'@'localhost' to database 'master_agent' (SQL: select * from `platform`)  
[2022-06-20 02:44:00] local.DEBUG: -> end  
[2022-06-20 02:44:01] local.DEBUG: error exception | AgentController -> get()  
[2022-06-20 02:44:01] local.DEBUG: user agent : Mozilla/5.0 (Windows NT 6.1) AppleWebKit/537.36 (KHTML, like Gecko) Chrome/102.0.0.0 Safari/537.36  
[2022-06-20 02:44:01] local.DEBUG: -> error string  
[2022-06-20 02:44:01] local.DEBUG: SQLSTATE[HY000] [1044] Access denied for user 'tpc'@'localhost' to database 'master_agent' (SQL: select * from `platform`)  
[2022-06-20 02:44:01] local.DEBUG: -> end  
[2022-06-20 02:44:41] local.DEBUG: error exception | AgentController -> get()  
[2022-06-20 02:44:41] local.DEBUG: user agent : Mozilla/5.0 (Windows NT 6.1) AppleWebKit/537.36 (KHTML, like Gecko) Chrome/102.0.0.0 Safari/537.36  
[2022-06-20 02:44:41] local.DEBUG: -> error string  
[2022-06-20 02:44:41] local.DEBUG: SQLSTATE[HY000] [1044] Access denied for user 'tpc'@'localhost' to database 'master_agent' (SQL: select * from `platform`)  
[2022-06-20 02:44:41] local.DEBUG: -> end  
[2022-06-20 02:44:43] local.DEBUG: error exception | AgentController -> get()  
[2022-06-20 02:44:43] local.DEBUG: user agent : Mozilla/5.0 (Windows NT 6.1) AppleWebKit/537.36 (KHTML, like Gecko) Chrome/102.0.0.0 Safari/537.36  
[2022-06-20 02:44:43] local.DEBUG: -> error string  
[2022-06-20 02:44:43] local.DEBUG: SQLSTATE[HY000] [1044] Access denied for user 'tpc'@'localhost' to database 'master_agent' (SQL: select * from `platform`)  
[2022-06-20 02:44:43] local.DEBUG: -> end  
[2022-06-20 02:44:46] local.DEBUG: error exception | AgentController -> get()  
[2022-06-20 02:44:46] local.DEBUG: user agent : Mozilla/5.0 (Windows NT 6.1) AppleWebKit/537.36 (KHTML, like Gecko) Chrome/102.0.0.0 Safari/537.36  
[2022-06-20 02:44:46] local.DEBUG: -> error string  
[2022-06-20 02:44:46] local.DEBUG: SQLSTATE[HY000] [1044] Access denied for user 'tpc'@'localhost' to database 'master_agent' (SQL: select * from `platform`)  
[2022-06-20 02:44:46] local.DEBUG: -> end  
[2022-06-20 02:44:49] local.DEBUG: error exception | AgentController -> get()  
[2022-06-20 02:44:49] local.DEBUG: user agent : Mozilla/5.0 (Windows NT 6.1) AppleWebKit/537.36 (KHTML, like Gecko) Chrome/102.0.0.0 Safari/537.36  
[2022-06-20 02:44:49] local.DEBUG: -> error string  
[2022-06-20 02:44:49] local.DEBUG: SQLSTATE[HY000] [1044] Access denied for user 'tpc'@'localhost' to database 'master_agent' (SQL: select * from `platform`)  
[2022-06-20 02:44:49] local.DEBUG: -> end  
[2022-06-20 02:45:23] local.DEBUG: error exception | AgentController -> get()  
[2022-06-20 02:45:23] local.DEBUG: user agent : Mozilla/5.0 (Windows NT 6.1) AppleWebKit/537.36 (KHTML, like Gecko) Chrome/102.0.0.0 Safari/537.36  
[2022-06-20 02:45:23] local.DEBUG: -> error string  
[2022-06-20 02:45:23] local.DEBUG: SQLSTATE[HY000] [1044] Access denied for user 'tpc'@'localhost' to database 'master_agent' (SQL: select * from `platform`)  
[2022-06-20 02:45:23] local.DEBUG: -> end  
[2022-06-20 02:45:25] local.DEBUG: error exception | AgentController -> get()  
[2022-06-20 02:45:25] local.DEBUG: user agent : Mozilla/5.0 (Windows NT 6.1) AppleWebKit/537.36 (KHTML, like Gecko) Chrome/102.0.0.0 Safari/537.36  
[2022-06-20 02:45:25] local.DEBUG: -> error string  
[2022-06-20 02:45:25] local.DEBUG: SQLSTATE[HY000] [1044] Access denied for user 'tpc'@'localhost' to database 'master_agent' (SQL: select * from `platform`)  
[2022-06-20 02:45:25] local.DEBUG: -> end  
[2022-06-20 02:50:51] local.DEBUG: error exception | AgentController -> get()  
[2022-06-20 02:50:51] local.DEBUG: user agent : Mozilla/5.0 (Windows NT 6.1) AppleWebKit/537.36 (KHTML, like Gecko) Chrome/102.0.0.0 Safari/537.36  
[2022-06-20 02:50:51] local.DEBUG: -> error string  
[2022-06-20 02:50:51] local.DEBUG: SQLSTATE[HY000] [1044] Access denied for user 'tpc'@'localhost' to database 'master_agent' (SQL: select * from `platform`)  
[2022-06-20 02:50:51] local.DEBUG: -> end  
[2022-06-20 02:53:32] local.DEBUG: error exception | AgentController -> get()  
[2022-06-20 02:53:32] local.DEBUG: user agent : Mozilla/5.0 (Windows NT 6.1) AppleWebKit/537.36 (KHTML, like Gecko) Chrome/102.0.0.0 Safari/537.36  
[2022-06-20 02:53:32] local.DEBUG: -> error string  
[2022-06-20 02:53:32] local.DEBUG: SQLSTATE[HY000] [1044] Access denied for user 'tpc'@'localhost' to database 'master_agent' (SQL: select * from `platform`)  
[2022-06-20 02:53:32] local.DEBUG: -> end  
[2022-06-20 03:00:43] local.DEBUG: error exception | AgentController -> get()  
[2022-06-20 03:00:43] local.DEBUG: user agent : Mozilla/5.0 (Windows NT 6.1) AppleWebKit/537.36 (KHTML, like Gecko) Chrome/102.0.0.0 Safari/537.36  
[2022-06-20 03:00:43] local.DEBUG: -> error string  
[2022-06-20 03:00:43] local.DEBUG: SQLSTATE[HY000] [1044] Access denied for user 'tpc'@'localhost' to database 'master_agent' (SQL: select * from `platform`)  
[2022-06-20 03:00:43] local.DEBUG: -> end  
[2022-06-20 03:06:15] local.DEBUG: error exception | AgentController -> get()  
[2022-06-20 03:06:15] local.DEBUG: user agent : Mozilla/5.0 (Windows NT 6.1) AppleWebKit/537.36 (KHTML, like Gecko) Chrome/102.0.0.0 Safari/537.36  
[2022-06-20 03:06:15] local.DEBUG: -> error string  
[2022-06-20 03:06:15] local.DEBUG: SQLSTATE[HY000] [1044] Access denied for user 'tpc'@'localhost' to database 'master_agent' (SQL: select * from `platform`)  
[2022-06-20 03:06:15] local.DEBUG: -> end  
[2022-06-20 03:06:31] local.DEBUG: error exception | AgentController -> get()  
[2022-06-20 03:06:31] local.DEBUG: user agent : Mozilla/5.0 (Windows NT 6.1) AppleWebKit/537.36 (KHTML, like Gecko) Chrome/102.0.0.0 Safari/537.36  
[2022-06-20 03:06:31] local.DEBUG: -> error string  
[2022-06-20 03:06:31] local.DEBUG: SQLSTATE[HY000] [1044] Access denied for user 'tpc'@'localhost' to database 'master_agent' (SQL: select * from `platform`)  
[2022-06-20 03:06:31] local.DEBUG: -> end  
[2022-06-20 03:08:02] local.DEBUG: error exception | AgentController -> get()  
[2022-06-20 03:08:02] local.DEBUG: user agent : Mozilla/5.0 (Windows NT 6.1) AppleWebKit/537.36 (KHTML, like Gecko) Chrome/102.0.0.0 Safari/537.36  
[2022-06-20 03:08:02] local.DEBUG: -> error string  
[2022-06-20 03:08:02] local.DEBUG: SQLSTATE[HY000] [1044] Access denied for user 'tpc'@'localhost' to database 'master_agent' (SQL: select * from `platform`)  
[2022-06-20 03:08:02] local.DEBUG: -> end  
[2022-06-20 03:08:24] local.DEBUG: error exception | AgentController -> get()  
[2022-06-20 03:08:24] local.DEBUG: user agent : Mozilla/5.0 (Windows NT 6.1) AppleWebKit/537.36 (KHTML, like Gecko) Chrome/102.0.0.0 Safari/537.36  
[2022-06-20 03:08:24] local.DEBUG: -> error string  
[2022-06-20 03:08:24] local.DEBUG: SQLSTATE[HY000] [1044] Access denied for user 'tpc'@'localhost' to database 'master_agent' (SQL: select * from `platform`)  
[2022-06-20 03:08:24] local.DEBUG: -> end  
[2022-06-20 03:11:45] local.DEBUG: error exception | AgentController -> get()  
[2022-06-20 03:11:45] local.DEBUG: user agent : Mozilla/5.0 (Windows NT 6.1) AppleWebKit/537.36 (KHTML, like Gecko) Chrome/102.0.0.0 Safari/537.36  
[2022-06-20 03:11:45] local.DEBUG: -> error string  
[2022-06-20 03:11:45] local.DEBUG: SQLSTATE[HY000] [1044] Access denied for user 'tpc'@'localhost' to database 'master_agent' (SQL: select * from `platform`)  
[2022-06-20 03:11:45] local.DEBUG: -> end  
[2022-06-20 03:12:46] local.DEBUG: error exception | AgentController -> get()  
[2022-06-20 03:12:46] local.DEBUG: user agent : Mozilla/5.0 (Windows NT 6.1) AppleWebKit/537.36 (KHTML, like Gecko) Chrome/102.0.0.0 Safari/537.36  
[2022-06-20 03:12:46] local.DEBUG: -> error string  
[2022-06-20 03:12:46] local.DEBUG: SQLSTATE[HY000] [1044] Access denied for user 'tpc'@'localhost' to database 'master_agent' (SQL: select * from `platform`)  
[2022-06-20 03:12:46] local.DEBUG: -> end  
[2022-06-20 03:13:28] local.DEBUG: error exception | AgentController -> get()  
[2022-06-20 03:13:28] local.DEBUG: user agent : Mozilla/5.0 (Windows NT 6.1) AppleWebKit/537.36 (KHTML, like Gecko) Chrome/102.0.0.0 Safari/537.36  
[2022-06-20 03:13:28] local.DEBUG: -> error string  
[2022-06-20 03:13:28] local.DEBUG: SQLSTATE[HY000] [1044] Access denied for user 'tpc'@'localhost' to database 'master_agent' (SQL: select * from `platform`)  
[2022-06-20 03:13:28] local.DEBUG: -> end  
[2022-06-20 03:15:14] local.DEBUG: error exception | AgentController -> get()  
[2022-06-20 03:15:14] local.DEBUG: user agent : Mozilla/5.0 (Windows NT 6.1) AppleWebKit/537.36 (KHTML, like Gecko) Chrome/102.0.0.0 Safari/537.36  
[2022-06-20 03:15:14] local.DEBUG: -> error string  
[2022-06-20 03:15:14] local.DEBUG: SQLSTATE[HY000] [1044] Access denied for user 'tpc'@'localhost' to database 'master_agent' (SQL: select * from `platform`)  
[2022-06-20 03:15:14] local.DEBUG: -> end  
[2022-06-20 03:15:33] local.DEBUG: error exception | AgentController -> get()  
[2022-06-20 03:15:33] local.DEBUG: user agent : Mozilla/5.0 (Linux; Android 4.1.1; X909 Build/JRO03L) AppleWebKit/537.36 (KHTML, like Gecko) Chrome/30.0.1599.92 Mobile Safari/537.36  
[2022-06-20 03:15:33] local.DEBUG: -> error string  
[2022-06-20 03:15:33] local.DEBUG: SQLSTATE[HY000] [1044] Access denied for user 'tpc'@'localhost' to database 'master_agent' (SQL: select * from `platform`)  
[2022-06-20 03:15:33] local.DEBUG: -> end  
[2022-06-20 03:19:18] local.DEBUG: error exception | AgentController -> get()  
[2022-06-20 03:19:18] local.DEBUG: user agent : Mozilla/5.0 (Linux; Android 4.1.1; X909 Build/JRO03L) AppleWebKit/537.36 (KHTML, like Gecko) Chrome/30.0.1599.92 Mobile Safari/537.36  
[2022-06-20 03:19:18] local.DEBUG: -> error string  
[2022-06-20 03:19:18] local.DEBUG: SQLSTATE[HY000] [1044] Access denied for user 'tpc'@'localhost' to database 'master_agent' (SQL: select * from `platform`)  
[2022-06-20 03:19:18] local.DEBUG: -> end  
[2022-06-20 03:20:49] local.DEBUG: error exception | AgentController -> get()  
[2022-06-20 03:20:49] local.DEBUG: user agent : Mozilla/5.0 (Linux; Android 4.1.1; X909 Build/JRO03L) AppleWebKit/537.36 (KHTML, like Gecko) Chrome/30.0.1599.92 Mobile Safari/537.36  
[2022-06-20 03:20:49] local.DEBUG: -> error string  
[2022-06-20 03:20:49] local.DEBUG: SQLSTATE[HY000] [1044] Access denied for user 'tpc'@'localhost' to database 'master_agent' (SQL: select * from `platform`)  
[2022-06-20 03:20:49] local.DEBUG: -> end  
[2022-06-20 03:21:02] local.DEBUG: error exception | AgentController -> get()  
[2022-06-20 03:21:02] local.DEBUG: user agent : Mozilla/5.0 (Linux; Android 4.1.1; X909 Build/JRO03L) AppleWebKit/537.36 (KHTML, like Gecko) Chrome/30.0.1599.92 Mobile Safari/537.36  
[2022-06-20 03:21:02] local.DEBUG: -> error string  
[2022-06-20 03:21:02] local.DEBUG: SQLSTATE[HY000] [1044] Access denied for user 'tpc'@'localhost' to database 'master_agent' (SQL: select * from `platform`)  
[2022-06-20 03:21:02] local.DEBUG: -> end  
[2022-06-20 03:21:19] local.DEBUG: error exception | AgentController -> get()  
[2022-06-20 03:21:19] local.DEBUG: user agent : Mozilla/5.0 (Linux; Android 4.1.1; X909 Build/JRO03L) AppleWebKit/537.36 (KHTML, like Gecko) Chrome/30.0.1599.92 Mobile Safari/537.36  
[2022-06-20 03:21:19] local.DEBUG: -> error string  
[2022-06-20 03:21:19] local.DEBUG: SQLSTATE[HY000] [1044] Access denied for user 'tpc'@'localhost' to database 'master_agent' (SQL: select * from `platform`)  
[2022-06-20 03:21:19] local.DEBUG: -> end  
[2022-06-20 03:21:44] local.DEBUG: error exception | AgentController -> get()  
[2022-06-20 03:21:44] local.DEBUG: user agent : Mozilla/5.0 (Linux; Android 4.1.1; X909 Build/JRO03L) AppleWebKit/537.36 (KHTML, like Gecko) Chrome/30.0.1599.92 Mobile Safari/537.36  
[2022-06-20 03:21:44] local.DEBUG: -> error string  
[2022-06-20 03:21:44] local.DEBUG: SQLSTATE[HY000] [1044] Access denied for user 'tpc'@'localhost' to database 'master_agent' (SQL: select * from `platform`)  
[2022-06-20 03:21:44] local.DEBUG: -> end  
[2022-06-20 03:21:58] local.DEBUG: error exception | AgentController -> get()  
[2022-06-20 03:21:58] local.DEBUG: user agent : Mozilla/5.0 (Linux; Android 4.1.1; X909 Build/JRO03L) AppleWebKit/537.36 (KHTML, like Gecko) Chrome/30.0.1599.92 Mobile Safari/537.36  
[2022-06-20 03:21:58] local.DEBUG: -> error string  
[2022-06-20 03:21:58] local.DEBUG: SQLSTATE[HY000] [1044] Access denied for user 'tpc'@'localhost' to database 'master_agent' (SQL: select * from `platform`)  
[2022-06-20 03:21:58] local.DEBUG: -> end  
[2022-06-20 03:22:08] local.DEBUG: error exception | AgentController -> get()  
[2022-06-20 03:22:08] local.DEBUG: user agent : Mozilla/5.0 (Linux; Android 4.1.1; X909 Build/JRO03L) AppleWebKit/537.36 (KHTML, like Gecko) Chrome/30.0.1599.92 Mobile Safari/537.36  
[2022-06-20 03:22:08] local.DEBUG: -> error string  
[2022-06-20 03:22:08] local.DEBUG: SQLSTATE[HY000] [1044] Access denied for user 'tpc'@'localhost' to database 'master_agent' (SQL: select * from `platform`)  
[2022-06-20 03:22:08] local.DEBUG: -> end  
[2022-06-20 03:22:24] local.DEBUG: error exception | AgentController -> get()  
[2022-06-20 03:22:24] local.DEBUG: user agent : Mozilla/5.0 (Linux; Android 4.1.1; X909 Build/JRO03L) AppleWebKit/537.36 (KHTML, like Gecko) Chrome/30.0.1599.92 Mobile Safari/537.36  
[2022-06-20 03:22:24] local.DEBUG: -> error string  
[2022-06-20 03:22:24] local.DEBUG: SQLSTATE[HY000] [1044] Access denied for user 'tpc'@'localhost' to database 'master_agent' (SQL: select * from `platform`)  
[2022-06-20 03:22:24] local.DEBUG: -> end  
[2022-06-20 03:22:41] local.DEBUG: error exception | AgentController -> get()  
[2022-06-20 03:22:41] local.DEBUG: user agent : Mozilla/5.0 (Linux; Android 4.1.1; X909 Build/JRO03L) AppleWebKit/537.36 (KHTML, like Gecko) Chrome/30.0.1599.92 Mobile Safari/537.36  
[2022-06-20 03:22:41] local.DEBUG: -> error string  
[2022-06-20 03:22:41] local.DEBUG: SQLSTATE[HY000] [1044] Access denied for user 'tpc'@'localhost' to database 'master_agent' (SQL: select * from `platform`)  
[2022-06-20 03:22:41] local.DEBUG: -> end  
[2022-06-20 03:23:03] local.DEBUG: error exception | AgentController -> get()  
[2022-06-20 03:23:03] local.DEBUG: user agent : Mozilla/5.0 (Windows NT 6.1) AppleWebKit/537.36 (KHTML, like Gecko) Chrome/102.0.0.0 Safari/537.36  
[2022-06-20 03:23:03] local.DEBUG: -> error string  
[2022-06-20 03:23:03] local.DEBUG: SQLSTATE[HY000] [1044] Access denied for user 'tpc'@'localhost' to database 'master_agent' (SQL: select * from `platform`)  
[2022-06-20 03:23:03] local.DEBUG: -> end  
[2022-06-20 03:24:23] local.DEBUG: error exception | AgentController -> get()  
[2022-06-20 03:24:23] local.DEBUG: user agent : Mozilla/5.0 (Windows NT 6.1) AppleWebKit/537.36 (KHTML, like Gecko) Chrome/102.0.0.0 Safari/537.36  
[2022-06-20 03:24:23] local.DEBUG: -> error string  
[2022-06-20 03:24:23] local.DEBUG: SQLSTATE[HY000] [1044] Access denied for user 'tpc'@'localhost' to database 'master_agent' (SQL: select * from `platform`)  
[2022-06-20 03:24:23] local.DEBUG: -> end  
[2022-06-20 03:25:06] local.DEBUG: error exception | AgentController -> get()  
[2022-06-20 03:25:06] local.DEBUG: user agent : Mozilla/5.0 (Windows NT 6.1) AppleWebKit/537.36 (KHTML, like Gecko) Chrome/102.0.0.0 Safari/537.36  
[2022-06-20 03:25:06] local.DEBUG: -> error string  
[2022-06-20 03:25:06] local.DEBUG: SQLSTATE[HY000] [1044] Access denied for user 'tpc'@'localhost' to database 'master_agent' (SQL: select * from `platform`)  
[2022-06-20 03:25:06] local.DEBUG: -> end  
[2022-06-20 03:28:50] local.DEBUG: error exception | AgentController -> get()  
[2022-06-20 03:28:50] local.DEBUG: user agent : Mozilla/5.0 (Windows NT 6.1) AppleWebKit/537.36 (KHTML, like Gecko) Chrome/102.0.0.0 Safari/537.36  
[2022-06-20 03:28:50] local.DEBUG: -> error string  
[2022-06-20 03:28:50] local.DEBUG: SQLSTATE[HY000] [1044] Access denied for user 'tpc'@'localhost' to database 'master_agent' (SQL: select * from `platform`)  
[2022-06-20 03:28:50] local.DEBUG: -> end  
[2022-06-20 03:35:54] local.DEBUG: error exception | AgentController -> get()  
[2022-06-20 03:35:54] local.DEBUG: user agent : Mozilla/5.0 (Windows NT 6.1) AppleWebKit/537.36 (KHTML, like Gecko) Chrome/102.0.0.0 Safari/537.36  
[2022-06-20 03:35:54] local.DEBUG: -> error string  
[2022-06-20 03:35:54] local.DEBUG: SQLSTATE[HY000] [1044] Access denied for user 'tpc'@'localhost' to database 'master_agent' (SQL: select * from `platform`)  
[2022-06-20 03:35:54] local.DEBUG: -> end  
[2022-06-20 03:38:35] local.DEBUG: error exception | AgentController -> get()  
[2022-06-20 03:38:35] local.DEBUG: user agent : Mozilla/5.0 (Windows NT 6.1) AppleWebKit/537.36 (KHTML, like Gecko) Chrome/102.0.0.0 Safari/537.36  
[2022-06-20 03:38:35] local.DEBUG: -> error string  
[2022-06-20 03:38:35] local.DEBUG: SQLSTATE[HY000] [1044] Access denied for user 'tpc'@'localhost' to database 'master_agent' (SQL: select * from `platform`)  
[2022-06-20 03:38:35] local.DEBUG: -> end  
[2022-06-20 03:40:20] local.DEBUG: error exception | AgentController -> get()  
[2022-06-20 03:40:20] local.DEBUG: user agent : Mozilla/5.0 (Linux; Android 4.1.1; X909 Build/JRO03L) AppleWebKit/537.36 (KHTML, like Gecko) Chrome/30.0.1599.92 Mobile Safari/537.36  
[2022-06-20 03:40:20] local.DEBUG: -> error string  
[2022-06-20 03:40:20] local.DEBUG: SQLSTATE[HY000] [1044] Access denied for user 'tpc'@'localhost' to database 'master_agent' (SQL: select * from `platform`)  
[2022-06-20 03:40:20] local.DEBUG: -> end  
[2022-06-20 03:41:09] local.DEBUG: error exception | AgentController -> get()  
[2022-06-20 03:41:09] local.DEBUG: user agent : Mozilla/5.0 (Linux; Android 4.1.1; X909 Build/JRO03L) AppleWebKit/537.36 (KHTML, like Gecko) Chrome/30.0.1599.92 Mobile Safari/537.36  
[2022-06-20 03:41:09] local.DEBUG: -> error string  
[2022-06-20 03:41:09] local.DEBUG: SQLSTATE[HY000] [1044] Access denied for user 'tpc'@'localhost' to database 'master_agent' (SQL: select * from `platform`)  
[2022-06-20 03:41:09] local.DEBUG: -> end  
[2022-06-20 03:44:16] local.DEBUG: error exception | AgentController -> get()  
[2022-06-20 03:44:16] local.DEBUG: user agent : Mozilla/5.0 (Windows NT 6.1) AppleWebKit/537.36 (KHTML, like Gecko) Chrome/102.0.0.0 Safari/537.36  
[2022-06-20 03:44:16] local.DEBUG: -> error string  
[2022-06-20 03:44:16] local.DEBUG: SQLSTATE[HY000] [1044] Access denied for user 'tpc'@'localhost' to database 'master_agent' (SQL: select * from `platform`)  
[2022-06-20 03:44:16] local.DEBUG: -> end  
[2022-06-20 03:45:04] local.DEBUG: error exception | AgentController -> get()  
[2022-06-20 03:45:04] local.DEBUG: user agent : Mozilla/5.0 (Windows NT 6.1) AppleWebKit/537.36 (KHTML, like Gecko) Chrome/102.0.0.0 Safari/537.36  
[2022-06-20 03:45:04] local.DEBUG: -> error string  
[2022-06-20 03:45:04] local.DEBUG: SQLSTATE[HY000] [1044] Access denied for user 'tpc'@'localhost' to database 'master_agent' (SQL: select * from `platform`)  
[2022-06-20 03:45:04] local.DEBUG: -> end  
[2022-06-20 03:45:39] local.DEBUG: error exception | AgentController -> get()  
[2022-06-20 03:45:39] local.DEBUG: user agent : Mozilla/5.0 (Windows NT 6.1) AppleWebKit/537.36 (KHTML, like Gecko) Chrome/102.0.0.0 Safari/537.36  
[2022-06-20 03:45:39] local.DEBUG: -> error string  
[2022-06-20 03:45:39] local.DEBUG: SQLSTATE[HY000] [1044] Access denied for user 'tpc'@'localhost' to database 'master_agent' (SQL: select * from `platform`)  
[2022-06-20 03:45:39] local.DEBUG: -> end  
[2022-06-20 03:46:42] local.DEBUG: error exception | AgentController -> get()  
[2022-06-20 03:46:42] local.DEBUG: user agent : Mozilla/5.0 (Windows NT 6.1) AppleWebKit/537.36 (KHTML, like Gecko) Chrome/102.0.0.0 Safari/537.36  
[2022-06-20 03:46:42] local.DEBUG: -> error string  
[2022-06-20 03:46:42] local.DEBUG: SQLSTATE[HY000] [1044] Access denied for user 'tpc'@'localhost' to database 'master_agent' (SQL: select * from `platform`)  
[2022-06-20 03:46:42] local.DEBUG: -> end  
[2022-06-20 03:47:45] local.DEBUG: error exception | AgentController -> get()  
[2022-06-20 03:47:45] local.DEBUG: user agent : Mozilla/5.0 (Windows NT 6.1) AppleWebKit/537.36 (KHTML, like Gecko) Chrome/102.0.0.0 Safari/537.36  
[2022-06-20 03:47:45] local.DEBUG: -> error string  
[2022-06-20 03:47:45] local.DEBUG: SQLSTATE[HY000] [1044] Access denied for user 'tpc'@'localhost' to database 'master_agent' (SQL: select * from `platform`)  
[2022-06-20 03:47:45] local.DEBUG: -> end  
[2022-06-20 03:48:07] local.DEBUG: error exception | AgentController -> get()  
[2022-06-20 03:48:07] local.DEBUG: user agent : Mozilla/5.0 (Windows NT 6.1) AppleWebKit/537.36 (KHTML, like Gecko) Chrome/102.0.0.0 Safari/537.36  
[2022-06-20 03:48:07] local.DEBUG: -> error string  
[2022-06-20 03:48:07] local.DEBUG: SQLSTATE[HY000] [1044] Access denied for user 'tpc'@'localhost' to database 'master_agent' (SQL: select * from `platform`)  
[2022-06-20 03:48:07] local.DEBUG: -> end  
[2022-06-20 03:48:34] local.DEBUG: error exception | AgentController -> get()  
[2022-06-20 03:48:34] local.DEBUG: user agent : Mozilla/5.0 (Windows NT 6.1) AppleWebKit/537.36 (KHTML, like Gecko) Chrome/102.0.0.0 Safari/537.36  
[2022-06-20 03:48:34] local.DEBUG: -> error string  
[2022-06-20 03:48:34] local.DEBUG: SQLSTATE[HY000] [1044] Access denied for user 'tpc'@'localhost' to database 'master_agent' (SQL: select * from `platform`)  
[2022-06-20 03:48:34] local.DEBUG: -> end  
[2022-06-20 03:51:18] local.DEBUG: error exception | AgentController -> get()  
[2022-06-20 03:51:18] local.DEBUG: user agent : Mozilla/5.0 (Windows NT 6.1) AppleWebKit/537.36 (KHTML, like Gecko) Chrome/102.0.0.0 Safari/537.36  
[2022-06-20 03:51:18] local.DEBUG: -> error string  
[2022-06-20 03:51:18] local.DEBUG: SQLSTATE[HY000] [1044] Access denied for user 'tpc'@'localhost' to database 'master_agent' (SQL: select * from `platform`)  
[2022-06-20 03:51:18] local.DEBUG: -> end  
[2022-06-20 03:55:25] local.DEBUG: error exception | AgentController -> get()  
[2022-06-20 03:55:25] local.DEBUG: user agent : Mozilla/5.0 (Windows NT 6.1) AppleWebKit/537.36 (KHTML, like Gecko) Chrome/102.0.0.0 Safari/537.36  
[2022-06-20 03:55:25] local.DEBUG: -> error string  
[2022-06-20 03:55:25] local.DEBUG: SQLSTATE[HY000] [1044] Access denied for user 'tpc'@'localhost' to database 'master_agent' (SQL: select * from `platform`)  
[2022-06-20 03:55:25] local.DEBUG: -> end  
[2022-06-20 03:57:12] local.DEBUG: error exception | AgentController -> get()  
[2022-06-20 03:57:12] local.DEBUG: user agent : Mozilla/5.0 (Windows NT 6.1) AppleWebKit/537.36 (KHTML, like Gecko) Chrome/102.0.0.0 Safari/537.36  
[2022-06-20 03:57:12] local.DEBUG: -> error string  
[2022-06-20 03:57:12] local.DEBUG: SQLSTATE[HY000] [1044] Access denied for user 'tpc'@'localhost' to database 'master_agent' (SQL: select * from `platform`)  
[2022-06-20 03:57:12] local.DEBUG: -> end  
[2022-06-20 03:59:02] local.DEBUG: error exception | AgentController -> get()  
[2022-06-20 03:59:02] local.DEBUG: user agent : Mozilla/5.0 (Windows NT 6.1) AppleWebKit/537.36 (KHTML, like Gecko) Chrome/102.0.0.0 Safari/537.36  
[2022-06-20 03:59:02] local.DEBUG: -> error string  
[2022-06-20 03:59:02] local.DEBUG: SQLSTATE[HY000] [1044] Access denied for user 'tpc'@'localhost' to database 'master_agent' (SQL: select * from `platform`)  
[2022-06-20 03:59:02] local.DEBUG: -> end  
[2022-06-20 04:00:57] local.DEBUG: error exception | AgentController -> get()  
[2022-06-20 04:00:57] local.DEBUG: user agent : Mozilla/5.0 (Windows NT 6.1) AppleWebKit/537.36 (KHTML, like Gecko) Chrome/102.0.0.0 Safari/537.36  
[2022-06-20 04:00:57] local.DEBUG: -> error string  
[2022-06-20 04:00:57] local.DEBUG: SQLSTATE[HY000] [1044] Access denied for user 'tpc'@'localhost' to database 'master_agent' (SQL: select * from `platform`)  
[2022-06-20 04:00:57] local.DEBUG: -> end  
[2022-06-20 04:01:34] local.DEBUG: error exception | AgentController -> get()  
[2022-06-20 04:01:34] local.DEBUG: user agent : Mozilla/5.0 (Windows NT 6.1) AppleWebKit/537.36 (KHTML, like Gecko) Chrome/102.0.0.0 Safari/537.36  
[2022-06-20 04:01:34] local.DEBUG: -> error string  
[2022-06-20 04:01:34] local.DEBUG: SQLSTATE[HY000] [1044] Access denied for user 'tpc'@'localhost' to database 'master_agent' (SQL: select * from `platform`)  
[2022-06-20 04:01:34] local.DEBUG: -> end  
[2022-06-20 04:04:11] local.DEBUG: error exception | AgentController -> get()  
[2022-06-20 04:04:11] local.DEBUG: user agent : Mozilla/5.0 (Windows NT 6.1) AppleWebKit/537.36 (KHTML, like Gecko) Chrome/102.0.0.0 Safari/537.36  
[2022-06-20 04:04:11] local.DEBUG: -> error string  
[2022-06-20 04:04:11] local.DEBUG: SQLSTATE[HY000] [1044] Access denied for user 'tpc'@'localhost' to database 'master_agent' (SQL: select * from `platform`)  
[2022-06-20 04:04:11] local.DEBUG: -> end  
[2022-06-20 04:06:14] local.DEBUG: error exception | AgentController -> get()  
[2022-06-20 04:06:14] local.DEBUG: user agent : Mozilla/5.0 (Windows NT 6.1) AppleWebKit/537.36 (KHTML, like Gecko) Chrome/102.0.0.0 Safari/537.36  
[2022-06-20 04:06:14] local.DEBUG: -> error string  
[2022-06-20 04:06:14] local.DEBUG: SQLSTATE[HY000] [1044] Access denied for user 'tpc'@'localhost' to database 'master_agent' (SQL: select * from `platform`)  
[2022-06-20 04:06:14] local.DEBUG: -> end  
[2022-06-20 04:08:39] local.DEBUG: error exception | AgentController -> get()  
[2022-06-20 04:08:39] local.DEBUG: user agent : Mozilla/5.0 (Windows NT 6.1) AppleWebKit/537.36 (KHTML, like Gecko) Chrome/102.0.0.0 Safari/537.36  
[2022-06-20 04:08:39] local.DEBUG: -> error string  
[2022-06-20 04:08:39] local.DEBUG: SQLSTATE[HY000] [1044] Access denied for user 'tpc'@'localhost' to database 'master_agent' (SQL: select * from `platform`)  
[2022-06-20 04:08:39] local.DEBUG: -> end  
[2022-06-20 04:41:11] local.DEBUG: error exception | AgentController -> get()  
[2022-06-20 04:41:11] local.DEBUG: user agent : Mozilla/5.0 (Windows NT 6.1) AppleWebKit/537.36 (KHTML, like Gecko) Chrome/102.0.0.0 Safari/537.36  
[2022-06-20 04:41:11] local.DEBUG: -> error string  
[2022-06-20 04:41:11] local.DEBUG: SQLSTATE[HY000] [1044] Access denied for user 'tpc'@'localhost' to database 'master_agent' (SQL: select * from `platform`)  
[2022-06-20 04:41:11] local.DEBUG: -> end  
[2022-06-20 04:47:31] local.DEBUG: error exception | AgentController -> get()  
[2022-06-20 04:47:31] local.DEBUG: user agent : Mozilla/5.0 (Windows NT 6.1) AppleWebKit/537.36 (KHTML, like Gecko) Chrome/102.0.0.0 Safari/537.36  
[2022-06-20 04:47:31] local.DEBUG: -> error string  
[2022-06-20 04:47:31] local.DEBUG: SQLSTATE[HY000] [1044] Access denied for user 'tpc'@'localhost' to database 'master_agent' (SQL: select * from `platform`)  
[2022-06-20 04:47:31] local.DEBUG: -> end  
[2022-06-20 04:51:54] local.DEBUG: error exception | AgentController -> get()  
[2022-06-20 04:51:54] local.DEBUG: user agent : Mozilla/5.0 (Windows NT 6.1) AppleWebKit/537.36 (KHTML, like Gecko) Chrome/102.0.0.0 Safari/537.36  
[2022-06-20 04:51:54] local.DEBUG: -> error string  
[2022-06-20 04:51:54] local.DEBUG: SQLSTATE[HY000] [1044] Access denied for user 'tpc'@'localhost' to database 'master_agent' (SQL: select * from `platform`)  
[2022-06-20 04:51:54] local.DEBUG: -> end  
[2022-06-20 04:56:06] local.DEBUG: error exception | AgentController -> get()  
[2022-06-20 04:56:06] local.DEBUG: user agent : Mozilla/5.0 (Windows NT 6.1) AppleWebKit/537.36 (KHTML, like Gecko) Chrome/102.0.0.0 Safari/537.36  
[2022-06-20 04:56:06] local.DEBUG: -> error string  
[2022-06-20 04:56:06] local.DEBUG: SQLSTATE[HY000] [1044] Access denied for user 'tpc'@'localhost' to database 'master_agent' (SQL: select * from `platform`)  
[2022-06-20 04:56:06] local.DEBUG: -> end  
[2022-06-20 05:05:19] local.DEBUG: error exception | AgentController -> get()  
[2022-06-20 05:05:19] local.DEBUG: user agent : Mozilla/5.0 (Windows NT 6.1) AppleWebKit/537.36 (KHTML, like Gecko) Chrome/102.0.0.0 Safari/537.36  
[2022-06-20 05:05:19] local.DEBUG: -> error string  
[2022-06-20 05:05:19] local.DEBUG: SQLSTATE[HY000] [1044] Access denied for user 'tpc'@'localhost' to database 'master_agent' (SQL: select * from `platform`)  
[2022-06-20 05:05:19] local.DEBUG: -> end  
[2022-06-20 06:53:31] local.DEBUG: error exception | AgentController -> get()  
[2022-06-20 06:53:31] local.DEBUG: user agent : Mozilla/5.0 (Windows NT 6.1) AppleWebKit/537.36 (KHTML, like Gecko) Chrome/102.0.0.0 Safari/537.36  
[2022-06-20 06:53:31] local.DEBUG: -> error string  
[2022-06-20 06:53:31] local.DEBUG: SQLSTATE[HY000] [1044] Access denied for user 'tpc'@'localhost' to database 'master_agent' (SQL: select * from `platform`)  
[2022-06-20 06:53:31] local.DEBUG: -> end  
[2022-06-20 07:11:42] local.DEBUG: error exception | AgentController -> get()  
[2022-06-20 07:11:42] local.DEBUG: user agent : Mozilla/5.0 (Windows NT 6.1) AppleWebKit/537.36 (KHTML, like Gecko) Chrome/102.0.0.0 Safari/537.36  
[2022-06-20 07:11:42] local.DEBUG: -> error string  
[2022-06-20 07:11:42] local.DEBUG: SQLSTATE[HY000] [1044] Access denied for user 'tpc'@'localhost' to database 'master_agent' (SQL: select * from `platform`)  
[2022-06-20 07:11:42] local.DEBUG: -> end  
[2022-06-20 07:11:45] local.DEBUG: error exception | AgentController -> get()  
[2022-06-20 07:11:45] local.DEBUG: user agent : Mozilla/5.0 (Windows NT 6.1) AppleWebKit/537.36 (KHTML, like Gecko) Chrome/102.0.0.0 Safari/537.36  
[2022-06-20 07:11:45] local.DEBUG: -> error string  
[2022-06-20 07:11:45] local.DEBUG: SQLSTATE[HY000] [1044] Access denied for user 'tpc'@'localhost' to database 'master_agent' (SQL: select * from `platform`)  
[2022-06-20 07:11:45] local.DEBUG: -> end  
[2022-06-20 07:11:47] local.DEBUG: error exception | AgentController -> get()  
[2022-06-20 07:11:47] local.DEBUG: user agent : Mozilla/5.0 (Windows NT 6.1) AppleWebKit/537.36 (KHTML, like Gecko) Chrome/102.0.0.0 Safari/537.36  
[2022-06-20 07:11:47] local.DEBUG: -> error string  
[2022-06-20 07:11:47] local.DEBUG: SQLSTATE[HY000] [1044] Access denied for user 'tpc'@'localhost' to database 'master_agent' (SQL: select * from `platform`)  
[2022-06-20 07:11:47] local.DEBUG: -> end  
[2022-06-20 08:35:54] local.DEBUG: error exception | AgentController -> get()  
[2022-06-20 08:35:54] local.DEBUG: user agent : Mozilla/5.0 (Windows NT 6.1) AppleWebKit/537.36 (KHTML, like Gecko) Chrome/102.0.0.0 Safari/537.36  
[2022-06-20 08:35:54] local.DEBUG: -> error string  
[2022-06-20 08:35:54] local.DEBUG: SQLSTATE[HY000] [1044] Access denied for user 'tpc'@'localhost' to database 'master_agent' (SQL: select * from `platform`)  
[2022-06-20 08:35:54] local.DEBUG: -> end  
[2022-06-20 08:37:21] local.DEBUG: error exception | AgentController -> get()  
[2022-06-20 08:37:21] local.DEBUG: user agent : Mozilla/5.0 (Linux; Android 4.1.1; X909 Build/JRO03L) AppleWebKit/537.36 (KHTML, like Gecko) Chrome/30.0.1599.92 Mobile Safari/537.36  
[2022-06-20 08:37:21] local.DEBUG: -> error string  
[2022-06-20 08:37:21] local.DEBUG: SQLSTATE[HY000] [1044] Access denied for user 'tpc'@'localhost' to database 'master_agent' (SQL: select * from `platform`)  
[2022-06-20 08:37:21] local.DEBUG: -> end  
