[2022-07-14 01:37:59] local.DEBUG: error exception | AgentController -> get()  
[2022-07-14 01:37:59] local.DEBUG: user agent : Mozilla/5.0 (Windows NT 6.1) AppleWebKit/537.36 (KHTML, like Gecko) Chrome/103.0.0.0 Safari/537.36  
[2022-07-14 01:37:59] local.DEBUG: -> error string  
[2022-07-14 01:37:59] local.DEBUG: SQLSTATE[HY000] [1044] Access denied for user 'tpc'@'localhost' to database 'master_agent' (SQL: select * from `platform`)  
[2022-07-14 01:37:59] local.DEBUG: -> end  
[2022-07-14 01:38:50] local.DEBUG: error exception | AgentController -> get()  
[2022-07-14 01:38:50] local.DEBUG: user agent : Mozilla/5.0 (Windows NT 6.1) AppleWebKit/537.36 (KHTML, like Gecko) Chrome/103.0.0.0 Safari/537.36  
[2022-07-14 01:38:50] local.DEBUG: -> error string  
[2022-07-14 01:38:50] local.DEBUG: SQLSTATE[HY000] [1044] Access denied for user 'tpc'@'localhost' to database 'master_agent' (SQL: select * from `platform`)  
[2022-07-14 01:38:50] local.DEBUG: -> end  
[2022-07-14 01:44:14] local.DEBUG: error exception | AgentController -> get()  
[2022-07-14 01:44:14] local.DEBUG: user agent : Mozilla/5.0 (Windows NT 6.1) AppleWebKit/537.36 (KHTML, like Gecko) Chrome/103.0.0.0 Safari/537.36  
[2022-07-14 01:44:14] local.DEBUG: -> error string  
[2022-07-14 01:44:14] local.DEBUG: SQLSTATE[HY000] [1044] Access denied for user 'tpc'@'localhost' to database 'master_agent' (SQL: select * from `platform`)  
[2022-07-14 01:44:14] local.DEBUG: -> end  
[2022-07-14 01:46:18] local.DEBUG: error exception | AgentController -> get()  
[2022-07-14 01:46:18] local.DEBUG: user agent : Mozilla/5.0 (Windows NT 6.1) AppleWebKit/537.36 (KHTML, like Gecko) Chrome/103.0.0.0 Safari/537.36  
[2022-07-14 01:46:18] local.DEBUG: -> error string  
[2022-07-14 01:46:18] local.DEBUG: SQLSTATE[HY000] [1044] Access denied for user 'tpc'@'localhost' to database 'master_agent' (SQL: select * from `platform`)  
[2022-07-14 01:46:18] local.DEBUG: -> end  
[2022-07-14 01:50:09] local.DEBUG: error exception | AgentController -> get()  
[2022-07-14 01:50:09] local.DEBUG: user agent : Mozilla/5.0 (Windows NT 6.1) AppleWebKit/537.36 (KHTML, like Gecko) Chrome/103.0.0.0 Safari/537.36  
[2022-07-14 01:50:09] local.DEBUG: -> error string  
[2022-07-14 01:50:09] local.DEBUG: SQLSTATE[HY000] [1044] Access denied for user 'tpc'@'localhost' to database 'master_agent' (SQL: select * from `platform`)  
[2022-07-14 01:50:09] local.DEBUG: -> end  
[2022-07-14 01:51:50] local.DEBUG: error exception | AgentController -> get()  
[2022-07-14 01:51:50] local.DEBUG: user agent : Mozilla/5.0 (Windows NT 6.1) AppleWebKit/537.36 (KHTML, like Gecko) Chrome/103.0.0.0 Safari/537.36  
[2022-07-14 01:51:50] local.DEBUG: -> error string  
[2022-07-14 01:51:50] local.DEBUG: SQLSTATE[HY000] [1044] Access denied for user 'tpc'@'localhost' to database 'master_agent' (SQL: select * from `platform`)  
[2022-07-14 01:51:50] local.DEBUG: -> end  
[2022-07-14 01:54:14] local.DEBUG: error exception | AgentController -> get()  
[2022-07-14 01:54:14] local.DEBUG: user agent : Mozilla/5.0 (Windows NT 6.1) AppleWebKit/537.36 (KHTML, like Gecko) Chrome/103.0.0.0 Safari/537.36  
[2022-07-14 01:54:14] local.DEBUG: -> error string  
[2022-07-14 01:54:14] local.DEBUG: SQLSTATE[HY000] [1044] Access denied for user 'tpc'@'localhost' to database 'master_agent' (SQL: select * from `platform`)  
[2022-07-14 01:54:14] local.DEBUG: -> end  
[2022-07-14 01:54:29] local.DEBUG: error exception | AgentController -> get()  
[2022-07-14 01:54:29] local.DEBUG: user agent : Mozilla/5.0 (Windows NT 6.1) AppleWebKit/537.36 (KHTML, like Gecko) Chrome/103.0.0.0 Safari/537.36  
[2022-07-14 01:54:29] local.DEBUG: -> error string  
[2022-07-14 01:54:29] local.DEBUG: SQLSTATE[HY000] [1044] Access denied for user 'tpc'@'localhost' to database 'master_agent' (SQL: select * from `platform`)  
[2022-07-14 01:54:29] local.DEBUG: -> end  
[2022-07-14 01:55:19] local.DEBUG: error exception | AgentController -> get()  
[2022-07-14 01:55:19] local.DEBUG: user agent : Mozilla/5.0 (Windows NT 6.1) AppleWebKit/537.36 (KHTML, like Gecko) Chrome/103.0.0.0 Safari/537.36  
[2022-07-14 01:55:19] local.DEBUG: -> error string  
[2022-07-14 01:55:19] local.DEBUG: SQLSTATE[HY000] [1044] Access denied for user 'tpc'@'localhost' to database 'master_agent' (SQL: select * from `platform`)  
[2022-07-14 01:55:19] local.DEBUG: -> end  
[2022-07-14 01:56:37] local.DEBUG: error exception | AgentController -> get()  
[2022-07-14 01:56:37] local.DEBUG: user agent : Mozilla/5.0 (Windows NT 6.1) AppleWebKit/537.36 (KHTML, like Gecko) Chrome/103.0.0.0 Safari/537.36  
[2022-07-14 01:56:37] local.DEBUG: -> error string  
[2022-07-14 01:56:37] local.DEBUG: SQLSTATE[HY000] [1044] Access denied for user 'tpc'@'localhost' to database 'master_agent' (SQL: select * from `platform`)  
[2022-07-14 01:56:37] local.DEBUG: -> end  
[2022-07-14 01:57:02] local.DEBUG: error exception | AgentController -> get()  
[2022-07-14 01:57:02] local.DEBUG: user agent : Mozilla/5.0 (Windows NT 6.1) AppleWebKit/537.36 (KHTML, like Gecko) Chrome/103.0.0.0 Safari/537.36  
[2022-07-14 01:57:02] local.DEBUG: -> error string  
[2022-07-14 01:57:02] local.DEBUG: SQLSTATE[HY000] [1044] Access denied for user 'tpc'@'localhost' to database 'master_agent' (SQL: select * from `platform`)  
[2022-07-14 01:57:02] local.DEBUG: -> end  
[2022-07-14 01:59:16] local.DEBUG: error exception | AgentController -> get()  
[2022-07-14 01:59:16] local.DEBUG: user agent : Mozilla/5.0 (Windows NT 6.1) AppleWebKit/537.36 (KHTML, like Gecko) Chrome/103.0.0.0 Safari/537.36  
[2022-07-14 01:59:16] local.DEBUG: -> error string  
[2022-07-14 01:59:16] local.DEBUG: SQLSTATE[HY000] [1044] Access denied for user 'tpc'@'localhost' to database 'master_agent' (SQL: select * from `platform`)  
[2022-07-14 01:59:16] local.DEBUG: -> end  
[2022-07-14 01:59:52] local.DEBUG: error exception | AgentController -> get()  
[2022-07-14 01:59:52] local.DEBUG: user agent : Mozilla/5.0 (Windows NT 6.1) AppleWebKit/537.36 (KHTML, like Gecko) Chrome/103.0.0.0 Safari/537.36  
[2022-07-14 01:59:52] local.DEBUG: -> error string  
[2022-07-14 01:59:52] local.DEBUG: SQLSTATE[HY000] [1044] Access denied for user 'tpc'@'localhost' to database 'master_agent' (SQL: select * from `platform`)  
[2022-07-14 01:59:52] local.DEBUG: -> end  
[2022-07-14 02:00:46] local.DEBUG: error exception | AgentController -> get()  
[2022-07-14 02:00:46] local.DEBUG: user agent : Mozilla/5.0 (Windows NT 6.1) AppleWebKit/537.36 (KHTML, like Gecko) Chrome/103.0.0.0 Safari/537.36  
[2022-07-14 02:00:46] local.DEBUG: -> error string  
[2022-07-14 02:00:46] local.DEBUG: SQLSTATE[HY000] [1044] Access denied for user 'tpc'@'localhost' to database 'master_agent' (SQL: select * from `platform`)  
[2022-07-14 02:00:46] local.DEBUG: -> end  
[2022-07-14 02:01:38] local.DEBUG: error exception | AgentController -> get()  
[2022-07-14 02:01:38] local.DEBUG: user agent : Mozilla/5.0 (Windows NT 6.1) AppleWebKit/537.36 (KHTML, like Gecko) Chrome/103.0.0.0 Safari/537.36  
[2022-07-14 02:01:38] local.DEBUG: -> error string  
[2022-07-14 02:01:38] local.DEBUG: SQLSTATE[HY000] [1044] Access denied for user 'tpc'@'localhost' to database 'master_agent' (SQL: select * from `platform`)  
[2022-07-14 02:01:38] local.DEBUG: -> end  
[2022-07-14 02:02:24] local.DEBUG: error exception | AgentController -> get()  
[2022-07-14 02:02:24] local.DEBUG: user agent : Mozilla/5.0 (Windows NT 6.1) AppleWebKit/537.36 (KHTML, like Gecko) Chrome/103.0.0.0 Safari/537.36  
[2022-07-14 02:02:24] local.DEBUG: -> error string  
[2022-07-14 02:02:24] local.DEBUG: SQLSTATE[HY000] [1044] Access denied for user 'tpc'@'localhost' to database 'master_agent' (SQL: select * from `platform`)  
[2022-07-14 02:02:24] local.DEBUG: -> end  
[2022-07-14 02:02:58] local.DEBUG: error exception | AgentController -> get()  
[2022-07-14 02:02:58] local.DEBUG: user agent : Mozilla/5.0 (Windows NT 6.1) AppleWebKit/537.36 (KHTML, like Gecko) Chrome/103.0.0.0 Safari/537.36  
[2022-07-14 02:02:58] local.DEBUG: -> error string  
[2022-07-14 02:02:58] local.DEBUG: SQLSTATE[HY000] [1044] Access denied for user 'tpc'@'localhost' to database 'master_agent' (SQL: select * from `platform`)  
[2022-07-14 02:02:58] local.DEBUG: -> end  
[2022-07-14 02:03:18] local.DEBUG: error exception | AgentController -> get()  
[2022-07-14 02:03:18] local.DEBUG: user agent : Mozilla/5.0 (Windows NT 6.1) AppleWebKit/537.36 (KHTML, like Gecko) Chrome/103.0.0.0 Safari/537.36  
[2022-07-14 02:03:18] local.DEBUG: -> error string  
[2022-07-14 02:03:18] local.DEBUG: SQLSTATE[HY000] [1044] Access denied for user 'tpc'@'localhost' to database 'master_agent' (SQL: select * from `platform`)  
[2022-07-14 02:03:18] local.DEBUG: -> end  
[2022-07-14 02:03:50] local.DEBUG: error exception | AgentController -> get()  
[2022-07-14 02:03:50] local.DEBUG: user agent : Mozilla/5.0 (Windows NT 6.1) AppleWebKit/537.36 (KHTML, like Gecko) Chrome/103.0.0.0 Safari/537.36  
[2022-07-14 02:03:50] local.DEBUG: -> error string  
[2022-07-14 02:03:50] local.DEBUG: SQLSTATE[HY000] [1044] Access denied for user 'tpc'@'localhost' to database 'master_agent' (SQL: select * from `platform`)  
[2022-07-14 02:03:50] local.DEBUG: -> end  
[2022-07-14 02:04:09] local.DEBUG: error exception | AgentController -> get()  
[2022-07-14 02:04:09] local.DEBUG: user agent : Mozilla/5.0 (Windows NT 6.1) AppleWebKit/537.36 (KHTML, like Gecko) Chrome/103.0.0.0 Safari/537.36  
[2022-07-14 02:04:09] local.DEBUG: -> error string  
[2022-07-14 02:04:09] local.DEBUG: SQLSTATE[HY000] [1044] Access denied for user 'tpc'@'localhost' to database 'master_agent' (SQL: select * from `platform`)  
[2022-07-14 02:04:09] local.DEBUG: -> end  
[2022-07-14 02:04:35] local.DEBUG: error exception | AgentController -> get()  
[2022-07-14 02:04:35] local.DEBUG: user agent : Mozilla/5.0 (Windows NT 6.1) AppleWebKit/537.36 (KHTML, like Gecko) Chrome/103.0.0.0 Safari/537.36  
[2022-07-14 02:04:35] local.DEBUG: -> error string  
[2022-07-14 02:04:35] local.DEBUG: SQLSTATE[HY000] [1044] Access denied for user 'tpc'@'localhost' to database 'master_agent' (SQL: select * from `platform`)  
[2022-07-14 02:04:35] local.DEBUG: -> end  
[2022-07-14 02:05:29] local.DEBUG: error exception | AgentController -> get()  
[2022-07-14 02:05:29] local.DEBUG: user agent : Mozilla/5.0 (Windows NT 6.1) AppleWebKit/537.36 (KHTML, like Gecko) Chrome/103.0.0.0 Safari/537.36  
[2022-07-14 02:05:29] local.DEBUG: -> error string  
[2022-07-14 02:05:29] local.DEBUG: SQLSTATE[HY000] [1044] Access denied for user 'tpc'@'localhost' to database 'master_agent' (SQL: select * from `platform`)  
[2022-07-14 02:05:29] local.DEBUG: -> end  
[2022-07-14 02:06:57] local.DEBUG: error exception | AgentController -> get()  
[2022-07-14 02:06:57] local.DEBUG: user agent : Mozilla/5.0 (Linux; Android 4.1.1; X909 Build/JRO03L) AppleWebKit/537.36 (KHTML, like Gecko) Chrome/30.0.1599.92 Mobile Safari/537.36  
[2022-07-14 02:06:57] local.DEBUG: -> error string  
[2022-07-14 02:06:57] local.DEBUG: SQLSTATE[HY000] [1044] Access denied for user 'tpc'@'localhost' to database 'master_agent' (SQL: select * from `platform`)  
[2022-07-14 02:06:57] local.DEBUG: -> end  
[2022-07-14 02:09:10] local.DEBUG: error exception | AgentController -> get()  
[2022-07-14 02:09:10] local.DEBUG: user agent : Mozilla/5.0 (Linux; Android 4.1.1; X909 Build/JRO03L) AppleWebKit/537.36 (KHTML, like Gecko) Chrome/30.0.1599.92 Mobile Safari/537.36  
[2022-07-14 02:09:10] local.DEBUG: -> error string  
[2022-07-14 02:09:10] local.DEBUG: SQLSTATE[HY000] [1044] Access denied for user 'tpc'@'localhost' to database 'master_agent' (SQL: select * from `platform`)  
[2022-07-14 02:09:10] local.DEBUG: -> end  
[2022-07-14 02:14:32] local.DEBUG: error exception | AgentController -> get()  
[2022-07-14 02:14:32] local.DEBUG: user agent : Mozilla/5.0 (Windows NT 6.1) AppleWebKit/537.36 (KHTML, like Gecko) Chrome/103.0.0.0 Safari/537.36  
[2022-07-14 02:14:32] local.DEBUG: -> error string  
[2022-07-14 02:14:32] local.DEBUG: SQLSTATE[HY000] [1044] Access denied for user 'tpc'@'localhost' to database 'master_agent' (SQL: select * from `platform`)  
[2022-07-14 02:14:32] local.DEBUG: -> end  
[2022-07-14 02:18:41] local.DEBUG: error exception | AgentController -> get()  
[2022-07-14 02:18:41] local.DEBUG: user agent : Mozilla/5.0 (Windows NT 6.1) AppleWebKit/537.36 (KHTML, like Gecko) Chrome/103.0.0.0 Safari/537.36  
[2022-07-14 02:18:41] local.DEBUG: -> error string  
[2022-07-14 02:18:41] local.DEBUG: SQLSTATE[HY000] [1044] Access denied for user 'tpc'@'localhost' to database 'master_agent' (SQL: select * from `platform`)  
[2022-07-14 02:18:41] local.DEBUG: -> end  
[2022-07-14 02:19:42] local.DEBUG: error exception | AgentController -> get()  
[2022-07-14 02:19:42] local.DEBUG: user agent : Mozilla/5.0 (Windows NT 6.1) AppleWebKit/537.36 (KHTML, like Gecko) Chrome/103.0.0.0 Safari/537.36  
[2022-07-14 02:19:42] local.DEBUG: -> error string  
[2022-07-14 02:19:42] local.DEBUG: SQLSTATE[HY000] [1044] Access denied for user 'tpc'@'localhost' to database 'master_agent' (SQL: select * from `platform`)  
[2022-07-14 02:19:42] local.DEBUG: -> end  
[2022-07-14 02:20:25] local.DEBUG: error exception | AgentController -> get()  
[2022-07-14 02:20:25] local.DEBUG: user agent : Mozilla/5.0 (Windows NT 6.1) AppleWebKit/537.36 (KHTML, like Gecko) Chrome/103.0.0.0 Safari/537.36  
[2022-07-14 02:20:25] local.DEBUG: -> error string  
[2022-07-14 02:20:25] local.DEBUG: SQLSTATE[HY000] [1044] Access denied for user 'tpc'@'localhost' to database 'master_agent' (SQL: select * from `platform`)  
[2022-07-14 02:20:25] local.DEBUG: -> end  
[2022-07-14 02:21:15] local.DEBUG: error exception | AgentController -> get()  
[2022-07-14 02:21:15] local.DEBUG: user agent : Mozilla/5.0 (Windows NT 6.1) AppleWebKit/537.36 (KHTML, like Gecko) Chrome/103.0.0.0 Safari/537.36  
[2022-07-14 02:21:15] local.DEBUG: -> error string  
[2022-07-14 02:21:15] local.DEBUG: SQLSTATE[HY000] [1044] Access denied for user 'tpc'@'localhost' to database 'master_agent' (SQL: select * from `platform`)  
[2022-07-14 02:21:15] local.DEBUG: -> end  
[2022-07-14 02:22:33] local.DEBUG: error exception | AgentController -> get()  
[2022-07-14 02:22:33] local.DEBUG: user agent : Mozilla/5.0 (Windows NT 6.1) AppleWebKit/537.36 (KHTML, like Gecko) Chrome/103.0.0.0 Safari/537.36  
[2022-07-14 02:22:33] local.DEBUG: -> error string  
[2022-07-14 02:22:33] local.DEBUG: SQLSTATE[HY000] [1044] Access denied for user 'tpc'@'localhost' to database 'master_agent' (SQL: select * from `platform`)  
[2022-07-14 02:22:33] local.DEBUG: -> end  
[2022-07-14 02:24:11] local.DEBUG: error exception | AgentController -> get()  
[2022-07-14 02:24:11] local.DEBUG: user agent : Mozilla/5.0 (Windows NT 6.1) AppleWebKit/537.36 (KHTML, like Gecko) Chrome/103.0.0.0 Safari/537.36  
[2022-07-14 02:24:11] local.DEBUG: -> error string  
[2022-07-14 02:24:11] local.DEBUG: SQLSTATE[HY000] [1044] Access denied for user 'tpc'@'localhost' to database 'master_agent' (SQL: select * from `platform`)  
[2022-07-14 02:24:11] local.DEBUG: -> end  
[2022-07-14 02:25:29] local.DEBUG: error exception | AgentController -> get()  
[2022-07-14 02:25:29] local.DEBUG: user agent : Mozilla/5.0 (Windows NT 6.1) AppleWebKit/537.36 (KHTML, like Gecko) Chrome/103.0.0.0 Safari/537.36  
[2022-07-14 02:25:29] local.DEBUG: -> error string  
[2022-07-14 02:25:29] local.DEBUG: SQLSTATE[HY000] [1044] Access denied for user 'tpc'@'localhost' to database 'master_agent' (SQL: select * from `platform`)  
[2022-07-14 02:25:29] local.DEBUG: -> end  
[2022-07-14 02:27:09] local.DEBUG: error exception | AgentController -> get()  
[2022-07-14 02:27:09] local.DEBUG: user agent : Mozilla/5.0 (Linux; Android 4.1.1; X909 Build/JRO03L) AppleWebKit/537.36 (KHTML, like Gecko) Chrome/30.0.1599.92 Mobile Safari/537.36  
[2022-07-14 02:27:09] local.DEBUG: -> error string  
[2022-07-14 02:27:09] local.DEBUG: SQLSTATE[HY000] [1044] Access denied for user 'tpc'@'localhost' to database 'master_agent' (SQL: select * from `platform`)  
[2022-07-14 02:27:09] local.DEBUG: -> end  
[2022-07-14 02:28:02] local.DEBUG: error exception | AgentController -> get()  
[2022-07-14 02:28:02] local.DEBUG: user agent : Mozilla/5.0 (Linux; Android 4.1.1; X909 Build/JRO03L) AppleWebKit/537.36 (KHTML, like Gecko) Chrome/30.0.1599.92 Mobile Safari/537.36  
[2022-07-14 02:28:02] local.DEBUG: -> error string  
[2022-07-14 02:28:02] local.DEBUG: SQLSTATE[HY000] [1044] Access denied for user 'tpc'@'localhost' to database 'master_agent' (SQL: select * from `platform`)  
[2022-07-14 02:28:02] local.DEBUG: -> end  
[2022-07-14 02:29:01] local.DEBUG: error exception | AgentController -> get()  
[2022-07-14 02:29:01] local.DEBUG: user agent : Mozilla/5.0 (Linux; Android 4.1.1; X909 Build/JRO03L) AppleWebKit/537.36 (KHTML, like Gecko) Chrome/30.0.1599.92 Mobile Safari/537.36  
[2022-07-14 02:29:01] local.DEBUG: -> error string  
[2022-07-14 02:29:01] local.DEBUG: SQLSTATE[HY000] [1044] Access denied for user 'tpc'@'localhost' to database 'master_agent' (SQL: select * from `platform`)  
[2022-07-14 02:29:01] local.DEBUG: -> end  
[2022-07-14 02:30:10] local.DEBUG: error exception | AgentController -> get()  
[2022-07-14 02:30:10] local.DEBUG: user agent : Mozilla/5.0 (Linux; Android 4.1.1; X909 Build/JRO03L) AppleWebKit/537.36 (KHTML, like Gecko) Chrome/30.0.1599.92 Mobile Safari/537.36  
[2022-07-14 02:30:10] local.DEBUG: -> error string  
[2022-07-14 02:30:10] local.DEBUG: SQLSTATE[HY000] [1044] Access denied for user 'tpc'@'localhost' to database 'master_agent' (SQL: select * from `platform`)  
[2022-07-14 02:30:10] local.DEBUG: -> end  
[2022-07-14 02:31:16] local.DEBUG: error exception | AgentController -> get()  
[2022-07-14 02:31:16] local.DEBUG: user agent : Mozilla/5.0 (Linux; Android 4.1.1; X909 Build/JRO03L) AppleWebKit/537.36 (KHTML, like Gecko) Chrome/30.0.1599.92 Mobile Safari/537.36  
[2022-07-14 02:31:16] local.DEBUG: -> error string  
[2022-07-14 02:31:16] local.DEBUG: SQLSTATE[HY000] [1044] Access denied for user 'tpc'@'localhost' to database 'master_agent' (SQL: select * from `platform`)  
[2022-07-14 02:31:16] local.DEBUG: -> end  
[2022-07-14 02:32:32] local.DEBUG: error exception | AgentController -> get()  
[2022-07-14 02:32:32] local.DEBUG: user agent : Mozilla/5.0 (Linux; Android 4.1.1; X909 Build/JRO03L) AppleWebKit/537.36 (KHTML, like Gecko) Chrome/30.0.1599.92 Mobile Safari/537.36  
[2022-07-14 02:32:32] local.DEBUG: -> error string  
[2022-07-14 02:32:32] local.DEBUG: SQLSTATE[HY000] [1044] Access denied for user 'tpc'@'localhost' to database 'master_agent' (SQL: select * from `platform`)  
[2022-07-14 02:32:32] local.DEBUG: -> end  
[2022-07-14 02:32:41] local.DEBUG: error exception | AgentController -> get()  
[2022-07-14 02:32:41] local.DEBUG: user agent : Mozilla/5.0 (Linux; Android 4.1.1; X909 Build/JRO03L) AppleWebKit/537.36 (KHTML, like Gecko) Chrome/30.0.1599.92 Mobile Safari/537.36  
[2022-07-14 02:32:41] local.DEBUG: -> error string  
[2022-07-14 02:32:41] local.DEBUG: SQLSTATE[HY000] [1044] Access denied for user 'tpc'@'localhost' to database 'master_agent' (SQL: select * from `platform`)  
[2022-07-14 02:32:41] local.DEBUG: -> end  
[2022-07-14 02:33:02] local.DEBUG: error exception | AgentController -> get()  
[2022-07-14 02:33:02] local.DEBUG: user agent : Mozilla/5.0 (Windows NT 6.1) AppleWebKit/537.36 (KHTML, like Gecko) Chrome/103.0.0.0 Safari/537.36  
[2022-07-14 02:33:02] local.DEBUG: -> error string  
[2022-07-14 02:33:02] local.DEBUG: SQLSTATE[HY000] [1044] Access denied for user 'tpc'@'localhost' to database 'master_agent' (SQL: select * from `platform`)  
[2022-07-14 02:33:02] local.DEBUG: -> end  
[2022-07-14 02:33:15] local.DEBUG: error exception | AgentController -> get()  
[2022-07-14 02:33:15] local.DEBUG: user agent : Mozilla/5.0 (Linux; Android 4.1.1; X909 Build/JRO03L) AppleWebKit/537.36 (KHTML, like Gecko) Chrome/30.0.1599.92 Mobile Safari/537.36  
[2022-07-14 02:33:15] local.DEBUG: -> error string  
[2022-07-14 02:33:15] local.DEBUG: SQLSTATE[HY000] [1044] Access denied for user 'tpc'@'localhost' to database 'master_agent' (SQL: select * from `platform`)  
[2022-07-14 02:33:15] local.DEBUG: -> end  
[2022-07-14 02:33:29] local.DEBUG: error exception | AgentController -> get()  
[2022-07-14 02:33:29] local.DEBUG: user agent : Mozilla/5.0 (Linux; Android 4.1.1; X909 Build/JRO03L) AppleWebKit/537.36 (KHTML, like Gecko) Chrome/30.0.1599.92 Mobile Safari/537.36  
[2022-07-14 02:33:29] local.DEBUG: -> error string  
[2022-07-14 02:33:29] local.DEBUG: SQLSTATE[HY000] [1044] Access denied for user 'tpc'@'localhost' to database 'master_agent' (SQL: select * from `platform`)  
[2022-07-14 02:33:29] local.DEBUG: -> end  
