[2022-06-10 01:33:24] local.DEBUG: error exception | AgentController -> get()  
[2022-06-10 01:33:24] local.DEBUG: user agent : Mozilla/5.0 (Windows NT 6.1) AppleWebKit/537.36 (KHTML, like Gecko) Chrome/102.0.0.0 Safari/537.36  
[2022-06-10 01:33:24] local.DEBUG: -> error string  
[2022-06-10 01:33:24] local.DEBUG: SQLSTATE[HY000] [2002] No connection could be made because the target machine actively refused it.
 (SQL: select * from `platform`)  
[2022-06-10 01:33:24] local.DEBUG: -> end  
[2022-06-10 01:34:23] local.DEBUG: error exception | AgentController -> get()  
[2022-06-10 01:34:23] local.DEBUG: user agent : Mozilla/5.0 (Windows NT 6.1) AppleWebKit/537.36 (KHTML, like Gecko) Chrome/102.0.0.0 Safari/537.36  
[2022-06-10 01:34:23] local.DEBUG: -> error string  
[2022-06-10 01:34:23] local.DEBUG: SQLSTATE[HY000] [2002] No connection could be made because the target machine actively refused it.
 (SQL: select * from `platform`)  
[2022-06-10 01:34:23] local.DEBUG: -> end  
[2022-06-10 01:35:01] local.DEBUG: error exception | AgentController -> get()  
[2022-06-10 01:35:01] local.DEBUG: user agent : Mozilla/5.0 (Windows NT 6.1) AppleWebKit/537.36 (KHTML, like Gecko) Chrome/102.0.0.0 Safari/537.36  
[2022-06-10 01:35:01] local.DEBUG: -> error string  
[2022-06-10 01:35:01] local.DEBUG: SQLSTATE[HY000] [2002] No connection could be made because the target machine actively refused it.
 (SQL: select * from `platform`)  
[2022-06-10 01:35:01] local.DEBUG: -> end  
[2022-06-10 01:35:32] local.DEBUG: error exception | AgentController -> get()  
[2022-06-10 01:35:32] local.DEBUG: user agent : Mozilla/5.0 (Windows NT 6.1) AppleWebKit/537.36 (KHTML, like Gecko) Chrome/102.0.0.0 Safari/537.36  
[2022-06-10 01:35:32] local.DEBUG: -> error string  
[2022-06-10 01:35:32] local.DEBUG: SQLSTATE[HY000] [2002] No connection could be made because the target machine actively refused it.
 (SQL: select * from `platform`)  
[2022-06-10 01:35:32] local.DEBUG: -> end  
[2022-06-10 01:45:43] local.DEBUG: error exception | AgentController -> get()  
[2022-06-10 01:45:43] local.DEBUG: user agent : Mozilla/5.0 (Windows NT 6.1) AppleWebKit/537.36 (KHTML, like Gecko) Chrome/102.0.0.0 Safari/537.36  
[2022-06-10 01:45:43] local.DEBUG: -> error string  
[2022-06-10 01:45:43] local.DEBUG: SQLSTATE[HY000] [2002] No connection could be made because the target machine actively refused it.
 (SQL: select * from `platform`)  
[2022-06-10 01:45:43] local.DEBUG: -> end  
[2022-06-10 01:56:13] local.DEBUG: error exception | AgentController -> get()  
[2022-06-10 01:56:13] local.DEBUG: user agent : Mozilla/5.0 (Windows NT 6.1) AppleWebKit/537.36 (KHTML, like Gecko) Chrome/102.0.0.0 Safari/537.36  
[2022-06-10 01:56:13] local.DEBUG: -> error string  
[2022-06-10 01:56:13] local.DEBUG: SQLSTATE[HY000] [2002] No connection could be made because the target machine actively refused it.
 (SQL: select * from `platform`)  
[2022-06-10 01:56:13] local.DEBUG: -> end  
[2022-06-10 01:57:34] local.DEBUG: error exception | AgentController -> get()  
[2022-06-10 01:57:34] local.DEBUG: user agent : Mozilla/5.0 (Windows NT 6.1) AppleWebKit/537.36 (KHTML, like Gecko) Chrome/102.0.0.0 Safari/537.36  
[2022-06-10 01:57:34] local.DEBUG: -> error string  
[2022-06-10 01:57:34] local.DEBUG: SQLSTATE[HY000] [2002] No connection could be made because the target machine actively refused it.
 (SQL: select * from `platform`)  
[2022-06-10 01:57:34] local.DEBUG: -> end  
[2022-06-10 02:28:42] local.DEBUG: error exception | AgentController -> get()  
[2022-06-10 02:28:42] local.DEBUG: user agent : Mozilla/5.0 (Windows NT 6.1) AppleWebKit/537.36 (KHTML, like Gecko) Chrome/102.0.0.0 Safari/537.36  
[2022-06-10 02:28:42] local.DEBUG: -> error string  
[2022-06-10 02:28:42] local.DEBUG: SQLSTATE[HY000] [2002] No connection could be made because the target machine actively refused it.
 (SQL: select * from `platform`)  
[2022-06-10 02:28:42] local.DEBUG: -> end  
[2022-06-10 02:42:39] local.DEBUG: error exception | AgentController -> get()  
[2022-06-10 02:42:39] local.DEBUG: user agent : Mozilla/5.0 (Windows NT 6.1) AppleWebKit/537.36 (KHTML, like Gecko) Chrome/102.0.0.0 Safari/537.36  
[2022-06-10 02:42:39] local.DEBUG: -> error string  
[2022-06-10 02:42:39] local.DEBUG: SQLSTATE[HY000] [2002] No connection could be made because the target machine actively refused it.
 (SQL: select * from `platform`)  
[2022-06-10 02:42:39] local.DEBUG: -> end  
[2022-06-10 02:42:46] local.DEBUG: error exception | AgentController -> get()  
[2022-06-10 02:42:46] local.DEBUG: user agent : Mozilla/5.0 (Windows NT 6.1) AppleWebKit/537.36 (KHTML, like Gecko) Chrome/102.0.0.0 Safari/537.36  
[2022-06-10 02:42:46] local.DEBUG: -> error string  
[2022-06-10 02:42:46] local.DEBUG: SQLSTATE[HY000] [2002] No connection could be made because the target machine actively refused it.
 (SQL: select * from `platform`)  
[2022-06-10 02:42:46] local.DEBUG: -> end  
[2022-06-10 02:42:53] local.DEBUG: error exception | AgentController -> get()  
[2022-06-10 02:42:53] local.DEBUG: user agent : Mozilla/5.0 (Windows NT 6.1) AppleWebKit/537.36 (KHTML, like Gecko) Chrome/102.0.0.0 Safari/537.36  
[2022-06-10 02:42:53] local.DEBUG: -> error string  
[2022-06-10 02:42:53] local.DEBUG: SQLSTATE[HY000] [2002] No connection could be made because the target machine actively refused it.
 (SQL: select * from `platform`)  
[2022-06-10 02:42:53] local.DEBUG: -> end  
[2022-06-10 02:55:24] local.DEBUG: error exception | AgentController -> get()  
[2022-06-10 02:55:24] local.DEBUG: user agent : Mozilla/5.0 (Windows NT 6.1) AppleWebKit/537.36 (KHTML, like Gecko) Chrome/102.0.0.0 Safari/537.36  
[2022-06-10 02:55:24] local.DEBUG: -> error string  
[2022-06-10 02:55:24] local.DEBUG: SQLSTATE[HY000] [2002] No connection could be made because the target machine actively refused it.
 (SQL: select * from `platform`)  
[2022-06-10 02:55:24] local.DEBUG: -> end  
[2022-06-10 03:38:32] local.DEBUG: error exception | AgentController -> get()  
[2022-06-10 03:38:32] local.DEBUG: user agent : Mozilla/5.0 (Windows NT 6.1) AppleWebKit/537.36 (KHTML, like Gecko) Chrome/102.0.0.0 Safari/537.36  
[2022-06-10 03:38:32] local.DEBUG: -> error string  
[2022-06-10 03:38:32] local.DEBUG: SQLSTATE[HY000] [2002] No connection could be made because the target machine actively refused it.
 (SQL: select * from `platform`)  
[2022-06-10 03:38:32] local.DEBUG: -> end  
[2022-06-10 03:42:32] local.DEBUG: error exception | AgentController -> get()  
[2022-06-10 03:42:32] local.DEBUG: user agent : Mozilla/5.0 (Linux; Android 4.1.1; X909 Build/JRO03L) AppleWebKit/537.36 (KHTML, like Gecko) Chrome/30.0.1599.92 Mobile Safari/537.36  
[2022-06-10 03:42:32] local.DEBUG: -> error string  
[2022-06-10 03:42:32] local.DEBUG: SQLSTATE[HY000] [2002] No connection could be made because the target machine actively refused it.
 (SQL: select * from `platform`)  
[2022-06-10 03:42:32] local.DEBUG: -> end  
[2022-06-10 03:44:57] local.DEBUG: error exception | AgentController -> get()  
[2022-06-10 03:44:57] local.DEBUG: user agent : Mozilla/5.0 (Windows NT 6.1) AppleWebKit/537.36 (KHTML, like Gecko) Chrome/102.0.0.0 Safari/537.36  
[2022-06-10 03:44:57] local.DEBUG: -> error string  
[2022-06-10 03:44:57] local.DEBUG: SQLSTATE[HY000] [2002] No connection could be made because the target machine actively refused it.
 (SQL: select * from `platform`)  
[2022-06-10 03:44:57] local.DEBUG: -> end  
[2022-06-10 03:46:06] local.DEBUG: error exception | AgentController -> get()  
[2022-06-10 03:46:06] local.DEBUG: user agent : Mozilla/5.0 (Windows NT 6.1) AppleWebKit/537.36 (KHTML, like Gecko) Chrome/102.0.0.0 Safari/537.36  
[2022-06-10 03:46:06] local.DEBUG: -> error string  
[2022-06-10 03:46:06] local.DEBUG: SQLSTATE[HY000] [2002] No connection could be made because the target machine actively refused it.
 (SQL: select * from `platform`)  
[2022-06-10 03:46:06] local.DEBUG: -> end  
[2022-06-10 03:47:20] local.DEBUG: error exception | AgentController -> get()  
[2022-06-10 03:47:20] local.DEBUG: user agent : Mozilla/5.0 (Windows NT 6.1) AppleWebKit/537.36 (KHTML, like Gecko) Chrome/102.0.0.0 Safari/537.36  
[2022-06-10 03:47:20] local.DEBUG: -> error string  
[2022-06-10 03:47:20] local.DEBUG: SQLSTATE[HY000] [2002] No connection could be made because the target machine actively refused it.
 (SQL: select * from `platform`)  
[2022-06-10 03:47:20] local.DEBUG: -> end  
[2022-06-10 03:48:35] local.DEBUG: error exception | AgentController -> get()  
[2022-06-10 03:48:35] local.DEBUG: user agent : Mozilla/5.0 (Windows NT 6.1) AppleWebKit/537.36 (KHTML, like Gecko) Chrome/102.0.0.0 Safari/537.36  
[2022-06-10 03:48:35] local.DEBUG: -> error string  
[2022-06-10 03:48:35] local.DEBUG: SQLSTATE[HY000] [2002] No connection could be made because the target machine actively refused it.
 (SQL: select * from `platform`)  
[2022-06-10 03:48:35] local.DEBUG: -> end  
[2022-06-10 03:49:49] local.DEBUG: error exception | AgentController -> get()  
[2022-06-10 03:49:49] local.DEBUG: user agent : Mozilla/5.0 (Windows NT 6.1) AppleWebKit/537.36 (KHTML, like Gecko) Chrome/102.0.0.0 Safari/537.36  
[2022-06-10 03:49:49] local.DEBUG: -> error string  
[2022-06-10 03:49:49] local.DEBUG: SQLSTATE[HY000] [2002] No connection could be made because the target machine actively refused it.
 (SQL: select * from `platform`)  
[2022-06-10 03:49:49] local.DEBUG: -> end  
[2022-06-10 03:54:00] local.DEBUG: error exception | AgentController -> get()  
[2022-06-10 03:54:00] local.DEBUG: user agent : Mozilla/5.0 (Windows NT 6.1) AppleWebKit/537.36 (KHTML, like Gecko) Chrome/102.0.0.0 Safari/537.36  
[2022-06-10 03:54:00] local.DEBUG: -> error string  
[2022-06-10 03:54:00] local.DEBUG: SQLSTATE[HY000] [2002] No connection could be made because the target machine actively refused it.
 (SQL: select * from `platform`)  
[2022-06-10 03:54:00] local.DEBUG: -> end  
[2022-06-10 03:55:02] local.DEBUG: error exception | AgentController -> get()  
[2022-06-10 03:55:02] local.DEBUG: user agent : Mozilla/5.0 (Windows NT 6.1) AppleWebKit/537.36 (KHTML, like Gecko) Chrome/102.0.0.0 Safari/537.36  
[2022-06-10 03:55:02] local.DEBUG: -> error string  
[2022-06-10 03:55:02] local.DEBUG: SQLSTATE[HY000] [2002] No connection could be made because the target machine actively refused it.
 (SQL: select * from `platform`)  
[2022-06-10 03:55:02] local.DEBUG: -> end  
[2022-06-10 03:55:39] local.DEBUG: error exception | AgentController -> get()  
[2022-06-10 03:55:39] local.DEBUG: user agent : Mozilla/5.0 (Windows NT 6.1) AppleWebKit/537.36 (KHTML, like Gecko) Chrome/102.0.0.0 Safari/537.36  
[2022-06-10 03:55:39] local.DEBUG: -> error string  
[2022-06-10 03:55:39] local.DEBUG: SQLSTATE[HY000] [2002] No connection could be made because the target machine actively refused it.
 (SQL: select * from `platform`)  
[2022-06-10 03:55:39] local.DEBUG: -> end  
[2022-06-10 04:50:37] local.DEBUG: error exception | AgentController -> get()  
[2022-06-10 04:50:37] local.DEBUG: user agent : Mozilla/5.0 (iPad; CPU OS 13_3 like Mac OS X) AppleWebKit/605.1.15 (KHTML, like Gecko) CriOS/87.0.4280.77 Mobile/15E148 Safari/604.1  
[2022-06-10 04:50:37] local.DEBUG: -> error string  
[2022-06-10 04:50:37] local.DEBUG: SQLSTATE[HY000] [2002] No connection could be made because the target machine actively refused it.
 (SQL: select * from `platform`)  
[2022-06-10 04:50:37] local.DEBUG: -> end  
[2022-06-10 04:50:44] local.DEBUG: error exception | AgentController -> get()  
[2022-06-10 04:50:44] local.DEBUG: user agent : Mozilla/5.0 (iPad; CPU OS 13_3 like Mac OS X) AppleWebKit/605.1.15 (KHTML, like Gecko) CriOS/87.0.4280.77 Mobile/15E148 Safari/604.1  
[2022-06-10 04:50:44] local.DEBUG: -> error string  
[2022-06-10 04:50:44] local.DEBUG: SQLSTATE[HY000] [2002] No connection could be made because the target machine actively refused it.
 (SQL: select * from `platform`)  
[2022-06-10 04:50:44] local.DEBUG: -> end  
[2022-06-10 04:50:46] local.DEBUG: error exception | AgentController -> get()  
[2022-06-10 04:50:46] local.DEBUG: user agent : Mozilla/5.0 (iPad; CPU OS 13_3 like Mac OS X) AppleWebKit/605.1.15 (KHTML, like Gecko) CriOS/87.0.4280.77 Mobile/15E148 Safari/604.1  
[2022-06-10 04:50:46] local.DEBUG: -> error string  
[2022-06-10 04:50:46] local.DEBUG: SQLSTATE[HY000] [2002] No connection could be made because the target machine actively refused it.
 (SQL: select * from `platform`)  
[2022-06-10 04:50:46] local.DEBUG: -> end  
[2022-06-10 04:50:48] local.DEBUG: error exception | AgentController -> get()  
[2022-06-10 04:50:48] local.DEBUG: user agent : Mozilla/5.0 (iPad; CPU OS 13_3 like Mac OS X) AppleWebKit/605.1.15 (KHTML, like Gecko) CriOS/87.0.4280.77 Mobile/15E148 Safari/604.1  
[2022-06-10 04:50:48] local.DEBUG: -> error string  
[2022-06-10 04:50:48] local.DEBUG: SQLSTATE[HY000] [2002] No connection could be made because the target machine actively refused it.
 (SQL: select * from `platform`)  
[2022-06-10 04:50:48] local.DEBUG: -> end  
[2022-06-10 04:50:51] local.DEBUG: error exception | AgentController -> get()  
[2022-06-10 04:50:51] local.DEBUG: user agent : Mozilla/5.0 (iPad; CPU OS 13_3 like Mac OS X) AppleWebKit/605.1.15 (KHTML, like Gecko) CriOS/87.0.4280.77 Mobile/15E148 Safari/604.1  
[2022-06-10 04:50:51] local.DEBUG: -> error string  
[2022-06-10 04:50:51] local.DEBUG: SQLSTATE[HY000] [2002] No connection could be made because the target machine actively refused it.
 (SQL: select * from `platform`)  
[2022-06-10 04:50:51] local.DEBUG: -> end  
[2022-06-10 04:50:53] local.DEBUG: error exception | AgentController -> get()  
[2022-06-10 04:50:53] local.DEBUG: user agent : Mozilla/5.0 (iPad; CPU OS 13_3 like Mac OS X) AppleWebKit/605.1.15 (KHTML, like Gecko) CriOS/87.0.4280.77 Mobile/15E148 Safari/604.1  
[2022-06-10 04:50:53] local.DEBUG: -> error string  
[2022-06-10 04:50:53] local.DEBUG: SQLSTATE[HY000] [2002] No connection could be made because the target machine actively refused it.
 (SQL: select * from `platform`)  
[2022-06-10 04:50:53] local.DEBUG: -> end  
[2022-06-10 04:50:55] local.DEBUG: error exception | AgentController -> get()  
[2022-06-10 04:50:55] local.DEBUG: user agent : Mozilla/5.0 (iPad; CPU OS 13_3 like Mac OS X) AppleWebKit/605.1.15 (KHTML, like Gecko) CriOS/87.0.4280.77 Mobile/15E148 Safari/604.1  
[2022-06-10 04:50:55] local.DEBUG: -> error string  
[2022-06-10 04:50:55] local.DEBUG: SQLSTATE[HY000] [2002] No connection could be made because the target machine actively refused it.
 (SQL: select * from `platform`)  
[2022-06-10 04:50:55] local.DEBUG: -> end  
[2022-06-10 04:50:57] local.DEBUG: error exception | AgentController -> get()  
[2022-06-10 04:50:57] local.DEBUG: user agent : Mozilla/5.0 (iPad; CPU OS 13_3 like Mac OS X) AppleWebKit/605.1.15 (KHTML, like Gecko) CriOS/87.0.4280.77 Mobile/15E148 Safari/604.1  
[2022-06-10 04:50:57] local.DEBUG: -> error string  
[2022-06-10 04:50:57] local.DEBUG: SQLSTATE[HY000] [2002] No connection could be made because the target machine actively refused it.
 (SQL: select * from `platform`)  
[2022-06-10 04:50:57] local.DEBUG: -> end  
[2022-06-10 04:50:59] local.DEBUG: error exception | AgentController -> get()  
[2022-06-10 04:50:59] local.DEBUG: user agent : Mozilla/5.0 (iPad; CPU OS 13_3 like Mac OS X) AppleWebKit/605.1.15 (KHTML, like Gecko) CriOS/87.0.4280.77 Mobile/15E148 Safari/604.1  
[2022-06-10 04:50:59] local.DEBUG: -> error string  
[2022-06-10 04:50:59] local.DEBUG: SQLSTATE[HY000] [2002] No connection could be made because the target machine actively refused it.
 (SQL: select * from `platform`)  
[2022-06-10 04:50:59] local.DEBUG: -> end  
[2022-06-10 04:51:01] local.DEBUG: error exception | AgentController -> get()  
[2022-06-10 04:51:01] local.DEBUG: user agent : Mozilla/5.0 (iPad; CPU OS 13_3 like Mac OS X) AppleWebKit/605.1.15 (KHTML, like Gecko) CriOS/87.0.4280.77 Mobile/15E148 Safari/604.1  
[2022-06-10 04:51:01] local.DEBUG: -> error string  
[2022-06-10 04:51:01] local.DEBUG: SQLSTATE[HY000] [2002] No connection could be made because the target machine actively refused it.
 (SQL: select * from `platform`)  
[2022-06-10 04:51:01] local.DEBUG: -> end  
[2022-06-10 04:51:03] local.DEBUG: error exception | AgentController -> get()  
[2022-06-10 04:51:03] local.DEBUG: user agent : Mozilla/5.0 (iPad; CPU OS 13_3 like Mac OS X) AppleWebKit/605.1.15 (KHTML, like Gecko) CriOS/87.0.4280.77 Mobile/15E148 Safari/604.1  
[2022-06-10 04:51:03] local.DEBUG: -> error string  
[2022-06-10 04:51:03] local.DEBUG: SQLSTATE[HY000] [2002] No connection could be made because the target machine actively refused it.
 (SQL: select * from `platform`)  
[2022-06-10 04:51:03] local.DEBUG: -> end  
[2022-06-10 04:51:06] local.DEBUG: error exception | AgentController -> get()  
[2022-06-10 04:51:06] local.DEBUG: user agent : Mozilla/5.0 (iPad; CPU OS 13_3 like Mac OS X) AppleWebKit/605.1.15 (KHTML, like Gecko) CriOS/87.0.4280.77 Mobile/15E148 Safari/604.1  
[2022-06-10 04:51:06] local.DEBUG: -> error string  
[2022-06-10 04:51:06] local.DEBUG: SQLSTATE[HY000] [2002] No connection could be made because the target machine actively refused it.
 (SQL: select * from `platform`)  
[2022-06-10 04:51:06] local.DEBUG: -> end  
[2022-06-10 04:51:08] local.DEBUG: error exception | AgentController -> get()  
[2022-06-10 04:51:08] local.DEBUG: user agent : Mozilla/5.0 (iPad; CPU OS 13_3 like Mac OS X) AppleWebKit/605.1.15 (KHTML, like Gecko) CriOS/87.0.4280.77 Mobile/15E148 Safari/604.1  
[2022-06-10 04:51:08] local.DEBUG: -> error string  
[2022-06-10 04:51:08] local.DEBUG: SQLSTATE[HY000] [2002] No connection could be made because the target machine actively refused it.
 (SQL: select * from `platform`)  
[2022-06-10 04:51:08] local.DEBUG: -> end  
[2022-06-10 04:51:10] local.DEBUG: error exception | AgentController -> get()  
[2022-06-10 04:51:10] local.DEBUG: user agent : Mozilla/5.0 (iPad; CPU OS 13_3 like Mac OS X) AppleWebKit/605.1.15 (KHTML, like Gecko) CriOS/87.0.4280.77 Mobile/15E148 Safari/604.1  
[2022-06-10 04:51:10] local.DEBUG: -> error string  
[2022-06-10 04:51:10] local.DEBUG: SQLSTATE[HY000] [2002] No connection could be made because the target machine actively refused it.
 (SQL: select * from `platform`)  
[2022-06-10 04:51:10] local.DEBUG: -> end  
[2022-06-10 04:51:12] local.DEBUG: error exception | AgentController -> get()  
[2022-06-10 04:51:12] local.DEBUG: user agent : Mozilla/5.0 (iPad; CPU OS 13_3 like Mac OS X) AppleWebKit/605.1.15 (KHTML, like Gecko) CriOS/87.0.4280.77 Mobile/15E148 Safari/604.1  
[2022-06-10 04:51:12] local.DEBUG: -> error string  
[2022-06-10 04:51:12] local.DEBUG: SQLSTATE[HY000] [2002] No connection could be made because the target machine actively refused it.
 (SQL: select * from `platform`)  
[2022-06-10 04:51:12] local.DEBUG: -> end  
[2022-06-10 04:51:14] local.DEBUG: error exception | AgentController -> get()  
[2022-06-10 04:51:14] local.DEBUG: user agent : Mozilla/5.0 (iPad; CPU OS 13_3 like Mac OS X) AppleWebKit/605.1.15 (KHTML, like Gecko) CriOS/87.0.4280.77 Mobile/15E148 Safari/604.1  
[2022-06-10 04:51:14] local.DEBUG: -> error string  
[2022-06-10 04:51:14] local.DEBUG: SQLSTATE[HY000] [2002] No connection could be made because the target machine actively refused it.
 (SQL: select * from `platform`)  
[2022-06-10 04:51:14] local.DEBUG: -> end  
[2022-06-10 04:51:16] local.DEBUG: error exception | AgentController -> get()  
[2022-06-10 04:51:16] local.DEBUG: user agent : Mozilla/5.0 (iPad; CPU OS 13_3 like Mac OS X) AppleWebKit/605.1.15 (KHTML, like Gecko) CriOS/87.0.4280.77 Mobile/15E148 Safari/604.1  
[2022-06-10 04:51:16] local.DEBUG: -> error string  
[2022-06-10 04:51:16] local.DEBUG: SQLSTATE[HY000] [2002] No connection could be made because the target machine actively refused it.
 (SQL: select * from `platform`)  
[2022-06-10 04:51:16] local.DEBUG: -> end  
[2022-06-10 04:51:18] local.DEBUG: error exception | AgentController -> get()  
[2022-06-10 04:51:18] local.DEBUG: user agent : Mozilla/5.0 (iPad; CPU OS 13_3 like Mac OS X) AppleWebKit/605.1.15 (KHTML, like Gecko) CriOS/87.0.4280.77 Mobile/15E148 Safari/604.1  
[2022-06-10 04:51:18] local.DEBUG: -> error string  
[2022-06-10 04:51:18] local.DEBUG: SQLSTATE[HY000] [2002] No connection could be made because the target machine actively refused it.
 (SQL: select * from `platform`)  
[2022-06-10 04:51:18] local.DEBUG: -> end  
[2022-06-10 04:51:20] local.DEBUG: error exception | AgentController -> get()  
[2022-06-10 04:51:20] local.DEBUG: user agent : Mozilla/5.0 (iPad; CPU OS 13_3 like Mac OS X) AppleWebKit/605.1.15 (KHTML, like Gecko) CriOS/87.0.4280.77 Mobile/15E148 Safari/604.1  
[2022-06-10 04:51:20] local.DEBUG: -> error string  
[2022-06-10 04:51:20] local.DEBUG: SQLSTATE[HY000] [2002] No connection could be made because the target machine actively refused it.
 (SQL: select * from `platform`)  
[2022-06-10 04:51:20] local.DEBUG: -> end  
[2022-06-10 04:51:23] local.DEBUG: error exception | AgentController -> get()  
[2022-06-10 04:51:23] local.DEBUG: user agent : Mozilla/5.0 (iPad; CPU OS 13_3 like Mac OS X) AppleWebKit/605.1.15 (KHTML, like Gecko) CriOS/87.0.4280.77 Mobile/15E148 Safari/604.1  
[2022-06-10 04:51:23] local.DEBUG: -> error string  
[2022-06-10 04:51:23] local.DEBUG: SQLSTATE[HY000] [2002] No connection could be made because the target machine actively refused it.
 (SQL: select * from `platform`)  
[2022-06-10 04:51:23] local.DEBUG: -> end  
[2022-06-10 04:51:25] local.DEBUG: error exception | AgentController -> get()  
[2022-06-10 04:51:25] local.DEBUG: user agent : Mozilla/5.0 (iPad; CPU OS 13_3 like Mac OS X) AppleWebKit/605.1.15 (KHTML, like Gecko) CriOS/87.0.4280.77 Mobile/15E148 Safari/604.1  
[2022-06-10 04:51:25] local.DEBUG: -> error string  
[2022-06-10 04:51:25] local.DEBUG: SQLSTATE[HY000] [2002] No connection could be made because the target machine actively refused it.
 (SQL: select * from `platform`)  
[2022-06-10 04:51:25] local.DEBUG: -> end  
[2022-06-10 04:51:27] local.DEBUG: error exception | AgentController -> get()  
[2022-06-10 04:51:27] local.DEBUG: user agent : Mozilla/5.0 (iPad; CPU OS 13_3 like Mac OS X) AppleWebKit/605.1.15 (KHTML, like Gecko) CriOS/87.0.4280.77 Mobile/15E148 Safari/604.1  
[2022-06-10 04:51:27] local.DEBUG: -> error string  
[2022-06-10 04:51:27] local.DEBUG: SQLSTATE[HY000] [2002] No connection could be made because the target machine actively refused it.
 (SQL: select * from `platform`)  
[2022-06-10 04:51:27] local.DEBUG: -> end  
[2022-06-10 04:51:29] local.DEBUG: error exception | AgentController -> get()  
[2022-06-10 04:51:29] local.DEBUG: user agent : Mozilla/5.0 (iPad; CPU OS 13_3 like Mac OS X) AppleWebKit/605.1.15 (KHTML, like Gecko) CriOS/87.0.4280.77 Mobile/15E148 Safari/604.1  
[2022-06-10 04:51:29] local.DEBUG: -> error string  
[2022-06-10 04:51:29] local.DEBUG: SQLSTATE[HY000] [2002] No connection could be made because the target machine actively refused it.
 (SQL: select * from `platform`)  
[2022-06-10 04:51:29] local.DEBUG: -> end  
[2022-06-10 04:51:31] local.DEBUG: error exception | AgentController -> get()  
[2022-06-10 04:51:31] local.DEBUG: user agent : Mozilla/5.0 (iPad; CPU OS 13_3 like Mac OS X) AppleWebKit/605.1.15 (KHTML, like Gecko) CriOS/87.0.4280.77 Mobile/15E148 Safari/604.1  
[2022-06-10 04:51:31] local.DEBUG: -> error string  
[2022-06-10 04:51:31] local.DEBUG: SQLSTATE[HY000] [2002] No connection could be made because the target machine actively refused it.
 (SQL: select * from `platform`)  
[2022-06-10 04:51:31] local.DEBUG: -> end  
[2022-06-10 04:51:33] local.DEBUG: error exception | AgentController -> get()  
[2022-06-10 04:51:33] local.DEBUG: user agent : Mozilla/5.0 (iPad; CPU OS 13_3 like Mac OS X) AppleWebKit/605.1.15 (KHTML, like Gecko) CriOS/87.0.4280.77 Mobile/15E148 Safari/604.1  
[2022-06-10 04:51:33] local.DEBUG: -> error string  
[2022-06-10 04:51:33] local.DEBUG: SQLSTATE[HY000] [2002] No connection could be made because the target machine actively refused it.
 (SQL: select * from `platform`)  
[2022-06-10 04:51:33] local.DEBUG: -> end  
[2022-06-10 04:51:35] local.DEBUG: error exception | AgentController -> get()  
[2022-06-10 04:51:35] local.DEBUG: user agent : Mozilla/5.0 (iPad; CPU OS 13_3 like Mac OS X) AppleWebKit/605.1.15 (KHTML, like Gecko) CriOS/87.0.4280.77 Mobile/15E148 Safari/604.1  
[2022-06-10 04:51:35] local.DEBUG: -> error string  
[2022-06-10 04:51:35] local.DEBUG: SQLSTATE[HY000] [2002] No connection could be made because the target machine actively refused it.
 (SQL: select * from `platform`)  
[2022-06-10 04:51:35] local.DEBUG: -> end  
[2022-06-10 04:51:37] local.DEBUG: error exception | AgentController -> get()  
[2022-06-10 04:51:37] local.DEBUG: user agent : Mozilla/5.0 (iPad; CPU OS 13_3 like Mac OS X) AppleWebKit/605.1.15 (KHTML, like Gecko) CriOS/87.0.4280.77 Mobile/15E148 Safari/604.1  
[2022-06-10 04:51:37] local.DEBUG: -> error string  
[2022-06-10 04:51:37] local.DEBUG: SQLSTATE[HY000] [2002] No connection could be made because the target machine actively refused it.
 (SQL: select * from `platform`)  
[2022-06-10 04:51:37] local.DEBUG: -> end  
[2022-06-10 04:51:39] local.DEBUG: error exception | AgentController -> get()  
[2022-06-10 04:51:39] local.DEBUG: user agent : Mozilla/5.0 (iPad; CPU OS 13_3 like Mac OS X) AppleWebKit/605.1.15 (KHTML, like Gecko) CriOS/87.0.4280.77 Mobile/15E148 Safari/604.1  
[2022-06-10 04:51:39] local.DEBUG: -> error string  
[2022-06-10 04:51:39] local.DEBUG: SQLSTATE[HY000] [2002] No connection could be made because the target machine actively refused it.
 (SQL: select * from `platform`)  
[2022-06-10 04:51:39] local.DEBUG: -> end  
[2022-06-10 04:51:41] local.DEBUG: error exception | AgentController -> get()  
[2022-06-10 04:51:41] local.DEBUG: user agent : Mozilla/5.0 (iPad; CPU OS 13_3 like Mac OS X) AppleWebKit/605.1.15 (KHTML, like Gecko) CriOS/87.0.4280.77 Mobile/15E148 Safari/604.1  
[2022-06-10 04:51:41] local.DEBUG: -> error string  
[2022-06-10 04:51:41] local.DEBUG: SQLSTATE[HY000] [2002] No connection could be made because the target machine actively refused it.
 (SQL: select * from `platform`)  
[2022-06-10 04:51:41] local.DEBUG: -> end  
[2022-06-10 04:51:44] local.DEBUG: error exception | AgentController -> get()  
[2022-06-10 04:51:44] local.DEBUG: user agent : Mozilla/5.0 (iPad; CPU OS 13_3 like Mac OS X) AppleWebKit/605.1.15 (KHTML, like Gecko) CriOS/87.0.4280.77 Mobile/15E148 Safari/604.1  
[2022-06-10 04:51:44] local.DEBUG: -> error string  
[2022-06-10 04:51:44] local.DEBUG: SQLSTATE[HY000] [2002] No connection could be made because the target machine actively refused it.
 (SQL: select * from `platform`)  
[2022-06-10 04:51:44] local.DEBUG: -> end  
[2022-06-10 04:51:46] local.DEBUG: error exception | AgentController -> get()  
[2022-06-10 04:51:46] local.DEBUG: user agent : Mozilla/5.0 (iPad; CPU OS 13_3 like Mac OS X) AppleWebKit/605.1.15 (KHTML, like Gecko) CriOS/87.0.4280.77 Mobile/15E148 Safari/604.1  
[2022-06-10 04:51:46] local.DEBUG: -> error string  
[2022-06-10 04:51:46] local.DEBUG: SQLSTATE[HY000] [2002] No connection could be made because the target machine actively refused it.
 (SQL: select * from `platform`)  
[2022-06-10 04:51:46] local.DEBUG: -> end  
[2022-06-10 04:52:42] local.DEBUG: error exception | AgentController -> get()  
[2022-06-10 04:52:42] local.DEBUG: user agent : Mozilla/5.0 (iPad; CPU OS 13_3 like Mac OS X) AppleWebKit/605.1.15 (KHTML, like Gecko) CriOS/87.0.4280.77 Mobile/15E148 Safari/604.1  
[2022-06-10 04:52:42] local.DEBUG: -> error string  
[2022-06-10 04:52:42] local.DEBUG: SQLSTATE[HY000] [2002] No connection could be made because the target machine actively refused it.
 (SQL: select * from `platform`)  
[2022-06-10 04:52:42] local.DEBUG: -> end  
[2022-06-10 04:53:03] local.DEBUG: error exception | AgentController -> get()  
[2022-06-10 04:53:03] local.DEBUG: user agent : Mozilla/5.0 (iPad; CPU OS 13_3 like Mac OS X) AppleWebKit/605.1.15 (KHTML, like Gecko) CriOS/87.0.4280.77 Mobile/15E148 Safari/604.1  
[2022-06-10 04:53:03] local.DEBUG: -> error string  
[2022-06-10 04:53:03] local.DEBUG: SQLSTATE[HY000] [2002] No connection could be made because the target machine actively refused it.
 (SQL: select * from `platform`)  
[2022-06-10 04:53:03] local.DEBUG: -> end  
[2022-06-10 04:57:23] local.DEBUG: error exception | AgentController -> get()  
[2022-06-10 04:57:23] local.DEBUG: user agent : Mozilla/5.0 (iPad; CPU OS 13_3 like Mac OS X) AppleWebKit/605.1.15 (KHTML, like Gecko) CriOS/87.0.4280.77 Mobile/15E148 Safari/604.1  
[2022-06-10 04:57:23] local.DEBUG: -> error string  
[2022-06-10 04:57:23] local.DEBUG: SQLSTATE[HY000] [2002] No connection could be made because the target machine actively refused it.
 (SQL: select * from `platform`)  
[2022-06-10 04:57:23] local.DEBUG: -> end  
[2022-06-10 05:00:41] local.DEBUG: error exception | AgentController -> get()  
[2022-06-10 05:00:41] local.DEBUG: user agent : Mozilla/5.0 (iPad; CPU OS 13_3 like Mac OS X) AppleWebKit/605.1.15 (KHTML, like Gecko) CriOS/87.0.4280.77 Mobile/15E148 Safari/604.1  
[2022-06-10 05:00:41] local.DEBUG: -> error string  
[2022-06-10 05:00:41] local.DEBUG: SQLSTATE[HY000] [2002] No connection could be made because the target machine actively refused it.
 (SQL: select * from `platform`)  
[2022-06-10 05:00:41] local.DEBUG: -> end  
[2022-06-10 05:16:27] local.DEBUG: error exception | AgentController -> get()  
[2022-06-10 05:16:27] local.DEBUG: user agent : Mozilla/5.0 (iPad; CPU OS 13_3 like Mac OS X) AppleWebKit/605.1.15 (KHTML, like Gecko) CriOS/87.0.4280.77 Mobile/15E148 Safari/604.1  
[2022-06-10 05:16:28] local.DEBUG: -> error string  
[2022-06-10 05:16:28] local.DEBUG: SQLSTATE[HY000] [2002] No connection could be made because the target machine actively refused it.
 (SQL: select * from `platform`)  
[2022-06-10 05:16:28] local.DEBUG: -> end  
[2022-06-10 05:18:09] local.DEBUG: error exception | AgentController -> get()  
[2022-06-10 05:18:09] local.DEBUG: user agent : Mozilla/5.0 (iPad; CPU OS 13_3 like Mac OS X) AppleWebKit/605.1.15 (KHTML, like Gecko) CriOS/87.0.4280.77 Mobile/15E148 Safari/604.1  
[2022-06-10 05:18:09] local.DEBUG: -> error string  
[2022-06-10 05:18:09] local.DEBUG: SQLSTATE[HY000] [2002] No connection could be made because the target machine actively refused it.
 (SQL: select * from `platform`)  
[2022-06-10 05:18:09] local.DEBUG: -> end  
[2022-06-10 05:19:38] local.DEBUG: error exception | AgentController -> get()  
[2022-06-10 05:19:38] local.DEBUG: user agent : Mozilla/5.0 (iPad; CPU OS 13_3 like Mac OS X) AppleWebKit/605.1.15 (KHTML, like Gecko) CriOS/87.0.4280.77 Mobile/15E148 Safari/604.1  
[2022-06-10 05:19:38] local.DEBUG: -> error string  
[2022-06-10 05:19:38] local.DEBUG: SQLSTATE[HY000] [2002] No connection could be made because the target machine actively refused it.
 (SQL: select * from `platform`)  
[2022-06-10 05:19:38] local.DEBUG: -> end  
[2022-06-10 05:20:11] local.DEBUG: error exception | AgentController -> get()  
[2022-06-10 05:20:11] local.DEBUG: user agent : Mozilla/5.0 (iPad; CPU OS 13_3 like Mac OS X) AppleWebKit/605.1.15 (KHTML, like Gecko) CriOS/87.0.4280.77 Mobile/15E148 Safari/604.1  
[2022-06-10 05:20:11] local.DEBUG: -> error string  
[2022-06-10 05:20:11] local.DEBUG: SQLSTATE[HY000] [2002] No connection could be made because the target machine actively refused it.
 (SQL: select * from `platform`)  
[2022-06-10 05:20:11] local.DEBUG: -> end  
[2022-06-10 05:28:39] local.DEBUG: error exception | AgentController -> get()  
[2022-06-10 05:28:39] local.DEBUG: user agent : Mozilla/5.0 (iPad; CPU OS 13_3 like Mac OS X) AppleWebKit/605.1.15 (KHTML, like Gecko) CriOS/87.0.4280.77 Mobile/15E148 Safari/604.1  
[2022-06-10 05:28:39] local.DEBUG: -> error string  
[2022-06-10 05:28:39] local.DEBUG: SQLSTATE[HY000] [2002] No connection could be made because the target machine actively refused it.
 (SQL: select * from `platform`)  
[2022-06-10 05:28:39] local.DEBUG: -> end  
