[2022-07-12 01:29:19] local.DEBUG: error exception | AgentController -> get()  
[2022-07-12 01:29:19] local.DEBUG: user agent : Mozilla/5.0 (Windows NT 6.1) AppleWebKit/537.36 (KHTML, like Gecko) Chrome/103.0.0.0 Safari/537.36  
[2022-07-12 01:29:19] local.DEBUG: -> error string  
[2022-07-12 01:29:19] local.DEBUG: SQLSTATE[HY000] [1044] Access denied for user 'tpc'@'localhost' to database 'master_agent' (SQL: select * from `platform`)  
[2022-07-12 01:29:19] local.DEBUG: -> end  
[2022-07-12 01:37:50] local.DEBUG: error exception | AgentController -> get()  
[2022-07-12 01:37:50] local.DEBUG: user agent : Mozilla/5.0 (Windows NT 6.1) AppleWebKit/537.36 (KHTML, like Gecko) Chrome/103.0.0.0 Safari/537.36  
[2022-07-12 01:37:50] local.DEBUG: -> error string  
[2022-07-12 01:37:50] local.DEBUG: SQLSTATE[HY000] [1044] Access denied for user 'tpc'@'localhost' to database 'master_agent' (SQL: select * from `platform`)  
[2022-07-12 01:37:50] local.DEBUG: -> end  
[2022-07-12 01:38:37] local.DEBUG: error exception | AgentController -> get()  
[2022-07-12 01:38:37] local.DEBUG: user agent : Mozilla/5.0 (Windows NT 6.1) AppleWebKit/537.36 (KHTML, like Gecko) Chrome/103.0.0.0 Safari/537.36  
[2022-07-12 01:38:37] local.DEBUG: -> error string  
[2022-07-12 01:38:37] local.DEBUG: SQLSTATE[HY000] [1044] Access denied for user 'tpc'@'localhost' to database 'master_agent' (SQL: select * from `platform`)  
[2022-07-12 01:38:37] local.DEBUG: -> end  
[2022-07-12 01:39:03] local.DEBUG: error exception | AgentController -> get()  
[2022-07-12 01:39:03] local.DEBUG: user agent : Mozilla/5.0 (Windows NT 6.1) AppleWebKit/537.36 (KHTML, like Gecko) Chrome/103.0.0.0 Safari/537.36  
[2022-07-12 01:39:03] local.DEBUG: -> error string  
[2022-07-12 01:39:03] local.DEBUG: SQLSTATE[HY000] [1044] Access denied for user 'tpc'@'localhost' to database 'master_agent' (SQL: select * from `platform`)  
[2022-07-12 01:39:03] local.DEBUG: -> end  
[2022-07-12 01:40:55] local.DEBUG: error exception | AgentController -> get()  
[2022-07-12 01:40:55] local.DEBUG: user agent : Mozilla/5.0 (Windows NT 6.1) AppleWebKit/537.36 (KHTML, like Gecko) Chrome/103.0.0.0 Safari/537.36  
[2022-07-12 01:40:55] local.DEBUG: -> error string  
[2022-07-12 01:40:55] local.DEBUG: SQLSTATE[HY000] [1044] Access denied for user 'tpc'@'localhost' to database 'master_agent' (SQL: select * from `platform`)  
[2022-07-12 01:40:55] local.DEBUG: -> end  
[2022-07-12 01:42:57] local.DEBUG: error exception | AgentController -> get()  
[2022-07-12 01:42:57] local.DEBUG: user agent : Mozilla/5.0 (Windows NT 6.1) AppleWebKit/537.36 (KHTML, like Gecko) Chrome/103.0.0.0 Safari/537.36  
[2022-07-12 01:42:57] local.DEBUG: -> error string  
[2022-07-12 01:42:57] local.DEBUG: SQLSTATE[HY000] [1044] Access denied for user 'tpc'@'localhost' to database 'master_agent' (SQL: select * from `platform`)  
[2022-07-12 01:42:57] local.DEBUG: -> end  
[2022-07-12 01:46:12] local.DEBUG: error exception | AgentController -> get()  
[2022-07-12 01:46:12] local.DEBUG: user agent : Mozilla/5.0 (Windows NT 6.1) AppleWebKit/537.36 (KHTML, like Gecko) Chrome/103.0.0.0 Safari/537.36  
[2022-07-12 01:46:12] local.DEBUG: -> error string  
[2022-07-12 01:46:12] local.DEBUG: SQLSTATE[HY000] [1044] Access denied for user 'tpc'@'localhost' to database 'master_agent' (SQL: select * from `platform`)  
[2022-07-12 01:46:12] local.DEBUG: -> end  
[2022-07-12 01:47:52] local.DEBUG: error exception | AgentController -> get()  
[2022-07-12 01:47:52] local.DEBUG: user agent : Mozilla/5.0 (Windows NT 6.1) AppleWebKit/537.36 (KHTML, like Gecko) Chrome/103.0.0.0 Safari/537.36  
[2022-07-12 01:47:52] local.DEBUG: -> error string  
[2022-07-12 01:47:52] local.DEBUG: SQLSTATE[HY000] [1044] Access denied for user 'tpc'@'localhost' to database 'master_agent' (SQL: select * from `platform`)  
[2022-07-12 01:47:52] local.DEBUG: -> end  
[2022-07-12 01:48:07] local.DEBUG: error exception | AgentController -> get()  
[2022-07-12 01:48:07] local.DEBUG: user agent : Mozilla/5.0 (Windows NT 6.1) AppleWebKit/537.36 (KHTML, like Gecko) Chrome/103.0.0.0 Safari/537.36  
[2022-07-12 01:48:07] local.DEBUG: -> error string  
[2022-07-12 01:48:07] local.DEBUG: SQLSTATE[HY000] [1044] Access denied for user 'tpc'@'localhost' to database 'master_agent' (SQL: select * from `platform`)  
[2022-07-12 01:48:07] local.DEBUG: -> end  
[2022-07-12 01:48:22] local.DEBUG: error exception | AgentController -> get()  
[2022-07-12 01:48:22] local.DEBUG: user agent : Mozilla/5.0 (Windows NT 6.1) AppleWebKit/537.36 (KHTML, like Gecko) Chrome/103.0.0.0 Safari/537.36  
[2022-07-12 01:48:22] local.DEBUG: -> error string  
[2022-07-12 01:48:22] local.DEBUG: SQLSTATE[HY000] [1044] Access denied for user 'tpc'@'localhost' to database 'master_agent' (SQL: select * from `platform`)  
[2022-07-12 01:48:22] local.DEBUG: -> end  
[2022-07-12 01:48:44] local.DEBUG: error exception | AgentController -> get()  
[2022-07-12 01:48:44] local.DEBUG: user agent : Mozilla/5.0 (Windows NT 6.1) AppleWebKit/537.36 (KHTML, like Gecko) Chrome/103.0.0.0 Safari/537.36  
[2022-07-12 01:48:44] local.DEBUG: -> error string  
[2022-07-12 01:48:44] local.DEBUG: SQLSTATE[HY000] [1044] Access denied for user 'tpc'@'localhost' to database 'master_agent' (SQL: select * from `platform`)  
[2022-07-12 01:48:44] local.DEBUG: -> end  
[2022-07-12 01:49:19] local.DEBUG: error exception | AgentController -> get()  
[2022-07-12 01:49:19] local.DEBUG: user agent : Mozilla/5.0 (Windows NT 6.1) AppleWebKit/537.36 (KHTML, like Gecko) Chrome/103.0.0.0 Safari/537.36  
[2022-07-12 01:49:19] local.DEBUG: -> error string  
[2022-07-12 01:49:19] local.DEBUG: SQLSTATE[HY000] [1044] Access denied for user 'tpc'@'localhost' to database 'master_agent' (SQL: select * from `platform`)  
[2022-07-12 01:49:19] local.DEBUG: -> end  
[2022-07-12 01:51:28] local.DEBUG: error exception | AgentController -> get()  
[2022-07-12 01:51:28] local.DEBUG: user agent : Mozilla/5.0 (Windows NT 6.1) AppleWebKit/537.36 (KHTML, like Gecko) Chrome/103.0.0.0 Safari/537.36  
[2022-07-12 01:51:28] local.DEBUG: -> error string  
[2022-07-12 01:51:28] local.DEBUG: SQLSTATE[HY000] [1044] Access denied for user 'tpc'@'localhost' to database 'master_agent' (SQL: select * from `platform`)  
[2022-07-12 01:51:28] local.DEBUG: -> end  
[2022-07-12 01:52:39] local.DEBUG: error exception | AgentController -> get()  
[2022-07-12 01:52:39] local.DEBUG: user agent : Mozilla/5.0 (Windows NT 6.1) AppleWebKit/537.36 (KHTML, like Gecko) Chrome/103.0.0.0 Safari/537.36  
[2022-07-12 01:52:39] local.DEBUG: -> error string  
[2022-07-12 01:52:39] local.DEBUG: SQLSTATE[HY000] [1044] Access denied for user 'tpc'@'localhost' to database 'master_agent' (SQL: select * from `platform`)  
[2022-07-12 01:52:39] local.DEBUG: -> end  
[2022-07-12 01:56:34] local.DEBUG: error exception | AgentController -> get()  
[2022-07-12 01:56:34] local.DEBUG: user agent : Mozilla/5.0 (Windows NT 6.1) AppleWebKit/537.36 (KHTML, like Gecko) Chrome/103.0.0.0 Safari/537.36  
[2022-07-12 01:56:34] local.DEBUG: -> error string  
[2022-07-12 01:56:34] local.DEBUG: SQLSTATE[HY000] [1044] Access denied for user 'tpc'@'localhost' to database 'master_agent' (SQL: select * from `platform`)  
[2022-07-12 01:56:34] local.DEBUG: -> end  
[2022-07-12 01:56:56] local.DEBUG: error exception | AgentController -> get()  
[2022-07-12 01:56:56] local.DEBUG: user agent : Mozilla/5.0 (Windows NT 6.1) AppleWebKit/537.36 (KHTML, like Gecko) Chrome/103.0.0.0 Safari/537.36  
[2022-07-12 01:56:56] local.DEBUG: -> error string  
[2022-07-12 01:56:56] local.DEBUG: SQLSTATE[HY000] [1044] Access denied for user 'tpc'@'localhost' to database 'master_agent' (SQL: select * from `platform`)  
[2022-07-12 01:56:56] local.DEBUG: -> end  
[2022-07-12 01:57:22] local.DEBUG: error exception | AgentController -> get()  
[2022-07-12 01:57:22] local.DEBUG: user agent : Mozilla/5.0 (Windows NT 6.1) AppleWebKit/537.36 (KHTML, like Gecko) Chrome/103.0.0.0 Safari/537.36  
[2022-07-12 01:57:22] local.DEBUG: -> error string  
[2022-07-12 01:57:22] local.DEBUG: SQLSTATE[HY000] [1044] Access denied for user 'tpc'@'localhost' to database 'master_agent' (SQL: select * from `platform`)  
[2022-07-12 01:57:22] local.DEBUG: -> end  
[2022-07-12 01:57:43] local.DEBUG: error exception | AgentController -> get()  
[2022-07-12 01:57:43] local.DEBUG: user agent : Mozilla/5.0 (Windows NT 6.1) AppleWebKit/537.36 (KHTML, like Gecko) Chrome/103.0.0.0 Safari/537.36  
[2022-07-12 01:57:43] local.DEBUG: -> error string  
[2022-07-12 01:57:43] local.DEBUG: SQLSTATE[HY000] [1044] Access denied for user 'tpc'@'localhost' to database 'master_agent' (SQL: select * from `platform`)  
[2022-07-12 01:57:43] local.DEBUG: -> end  
[2022-07-12 02:04:40] local.DEBUG: error exception | AgentController -> get()  
[2022-07-12 02:04:40] local.DEBUG: user agent : Mozilla/5.0 (Windows NT 6.1) AppleWebKit/537.36 (KHTML, like Gecko) Chrome/103.0.0.0 Safari/537.36  
[2022-07-12 02:04:40] local.DEBUG: -> error string  
[2022-07-12 02:04:40] local.DEBUG: SQLSTATE[HY000] [1044] Access denied for user 'tpc'@'localhost' to database 'master_agent' (SQL: select * from `platform`)  
[2022-07-12 02:04:40] local.DEBUG: -> end  
[2022-07-12 02:06:48] local.DEBUG: error exception | AgentController -> get()  
[2022-07-12 02:06:48] local.DEBUG: user agent : Mozilla/5.0 (Windows NT 6.1) AppleWebKit/537.36 (KHTML, like Gecko) Chrome/103.0.0.0 Safari/537.36  
[2022-07-12 02:06:48] local.DEBUG: -> error string  
[2022-07-12 02:06:48] local.DEBUG: SQLSTATE[HY000] [1044] Access denied for user 'tpc'@'localhost' to database 'master_agent' (SQL: select * from `platform`)  
[2022-07-12 02:06:48] local.DEBUG: -> end  
[2022-07-12 02:08:32] local.DEBUG: error exception | AgentController -> get()  
[2022-07-12 02:08:32] local.DEBUG: user agent : Mozilla/5.0 (Windows NT 6.1) AppleWebKit/537.36 (KHTML, like Gecko) Chrome/103.0.0.0 Safari/537.36  
[2022-07-12 02:08:32] local.DEBUG: -> error string  
[2022-07-12 02:08:32] local.DEBUG: SQLSTATE[HY000] [1044] Access denied for user 'tpc'@'localhost' to database 'master_agent' (SQL: select * from `platform`)  
[2022-07-12 02:08:32] local.DEBUG: -> end  
[2022-07-12 02:09:29] local.DEBUG: error exception | AgentController -> get()  
[2022-07-12 02:09:29] local.DEBUG: user agent : Mozilla/5.0 (Windows NT 6.1) AppleWebKit/537.36 (KHTML, like Gecko) Chrome/103.0.0.0 Safari/537.36  
[2022-07-12 02:09:29] local.DEBUG: -> error string  
[2022-07-12 02:09:29] local.DEBUG: SQLSTATE[HY000] [1044] Access denied for user 'tpc'@'localhost' to database 'master_agent' (SQL: select * from `platform`)  
[2022-07-12 02:09:29] local.DEBUG: -> end  
[2022-07-12 02:13:02] local.DEBUG: error exception | AgentController -> get()  
[2022-07-12 02:13:02] local.DEBUG: user agent : Mozilla/5.0 (Windows NT 6.1) AppleWebKit/537.36 (KHTML, like Gecko) Chrome/103.0.0.0 Safari/537.36  
[2022-07-12 02:13:02] local.DEBUG: -> error string  
[2022-07-12 02:13:02] local.DEBUG: SQLSTATE[HY000] [1044] Access denied for user 'tpc'@'localhost' to database 'master_agent' (SQL: select * from `platform`)  
[2022-07-12 02:13:02] local.DEBUG: -> end  
[2022-07-12 02:13:50] local.DEBUG: error exception | AgentController -> get()  
[2022-07-12 02:13:50] local.DEBUG: user agent : Mozilla/5.0 (Windows NT 6.1) AppleWebKit/537.36 (KHTML, like Gecko) Chrome/103.0.0.0 Safari/537.36  
[2022-07-12 02:13:50] local.DEBUG: -> error string  
[2022-07-12 02:13:50] local.DEBUG: SQLSTATE[HY000] [1044] Access denied for user 'tpc'@'localhost' to database 'master_agent' (SQL: select * from `platform`)  
[2022-07-12 02:13:50] local.DEBUG: -> end  
[2022-07-12 02:14:02] local.DEBUG: error exception | AgentController -> get()  
[2022-07-12 02:14:02] local.DEBUG: user agent : Mozilla/5.0 (Windows NT 6.1) AppleWebKit/537.36 (KHTML, like Gecko) Chrome/103.0.0.0 Safari/537.36  
[2022-07-12 02:14:02] local.DEBUG: -> error string  
[2022-07-12 02:14:02] local.DEBUG: SQLSTATE[HY000] [1044] Access denied for user 'tpc'@'localhost' to database 'master_agent' (SQL: select * from `platform`)  
[2022-07-12 02:14:02] local.DEBUG: -> end  
[2022-07-12 02:14:20] local.DEBUG: error exception | AgentController -> get()  
[2022-07-12 02:14:20] local.DEBUG: user agent : Mozilla/5.0 (Windows NT 6.1) AppleWebKit/537.36 (KHTML, like Gecko) Chrome/103.0.0.0 Safari/537.36  
[2022-07-12 02:14:20] local.DEBUG: -> error string  
[2022-07-12 02:14:20] local.DEBUG: SQLSTATE[HY000] [1044] Access denied for user 'tpc'@'localhost' to database 'master_agent' (SQL: select * from `platform`)  
[2022-07-12 02:14:20] local.DEBUG: -> end  
[2022-07-12 02:17:43] local.DEBUG: error exception | AgentController -> get()  
[2022-07-12 02:17:43] local.DEBUG: user agent : Mozilla/5.0 (Windows NT 6.1) AppleWebKit/537.36 (KHTML, like Gecko) Chrome/103.0.0.0 Safari/537.36  
[2022-07-12 02:17:43] local.DEBUG: -> error string  
[2022-07-12 02:17:43] local.DEBUG: SQLSTATE[HY000] [1044] Access denied for user 'tpc'@'localhost' to database 'master_agent' (SQL: select * from `platform`)  
[2022-07-12 02:17:43] local.DEBUG: -> end  
[2022-07-12 02:24:31] local.DEBUG: error exception | AgentController -> get()  
[2022-07-12 02:24:31] local.DEBUG: user agent : Mozilla/5.0 (Windows NT 6.1) AppleWebKit/537.36 (KHTML, like Gecko) Chrome/103.0.0.0 Safari/537.36  
[2022-07-12 02:24:31] local.DEBUG: -> error string  
[2022-07-12 02:24:31] local.DEBUG: SQLSTATE[HY000] [1044] Access denied for user 'tpc'@'localhost' to database 'master_agent' (SQL: select * from `platform`)  
[2022-07-12 02:24:31] local.DEBUG: -> end  
[2022-07-12 02:28:30] local.DEBUG: error exception | AgentController -> get()  
[2022-07-12 02:28:30] local.DEBUG: user agent : Mozilla/5.0 (Windows NT 6.1) AppleWebKit/537.36 (KHTML, like Gecko) Chrome/103.0.0.0 Safari/537.36  
[2022-07-12 02:28:30] local.DEBUG: -> error string  
[2022-07-12 02:28:30] local.DEBUG: SQLSTATE[HY000] [1044] Access denied for user 'tpc'@'localhost' to database 'master_agent' (SQL: select * from `platform`)  
[2022-07-12 02:28:30] local.DEBUG: -> end  
[2022-07-12 02:29:56] local.DEBUG: error exception | AgentController -> get()  
[2022-07-12 02:29:56] local.DEBUG: user agent : Mozilla/5.0 (Windows NT 6.1) AppleWebKit/537.36 (KHTML, like Gecko) Chrome/103.0.0.0 Safari/537.36  
[2022-07-12 02:29:56] local.DEBUG: -> error string  
[2022-07-12 02:29:56] local.DEBUG: SQLSTATE[HY000] [1044] Access denied for user 'tpc'@'localhost' to database 'master_agent' (SQL: select * from `platform`)  
[2022-07-12 02:29:56] local.DEBUG: -> end  
[2022-07-12 02:30:43] local.DEBUG: error exception | AgentController -> get()  
[2022-07-12 02:30:43] local.DEBUG: user agent : Mozilla/5.0 (Windows NT 6.1) AppleWebKit/537.36 (KHTML, like Gecko) Chrome/103.0.0.0 Safari/537.36  
[2022-07-12 02:30:43] local.DEBUG: -> error string  
[2022-07-12 02:30:43] local.DEBUG: SQLSTATE[HY000] [1044] Access denied for user 'tpc'@'localhost' to database 'master_agent' (SQL: select * from `platform`)  
[2022-07-12 02:30:43] local.DEBUG: -> end  
[2022-07-12 02:31:16] local.DEBUG: error exception | AgentController -> get()  
[2022-07-12 02:31:16] local.DEBUG: user agent : Mozilla/5.0 (Windows NT 6.1) AppleWebKit/537.36 (KHTML, like Gecko) Chrome/103.0.0.0 Safari/537.36  
[2022-07-12 02:31:16] local.DEBUG: -> error string  
[2022-07-12 02:31:16] local.DEBUG: SQLSTATE[HY000] [1044] Access denied for user 'tpc'@'localhost' to database 'master_agent' (SQL: select * from `platform`)  
[2022-07-12 02:31:16] local.DEBUG: -> end  
[2022-07-12 02:33:17] local.DEBUG: error exception | AgentController -> get()  
[2022-07-12 02:33:17] local.DEBUG: user agent : Mozilla/5.0 (Windows NT 6.1) AppleWebKit/537.36 (KHTML, like Gecko) Chrome/103.0.0.0 Safari/537.36  
[2022-07-12 02:33:17] local.DEBUG: -> error string  
[2022-07-12 02:33:17] local.DEBUG: SQLSTATE[HY000] [1044] Access denied for user 'tpc'@'localhost' to database 'master_agent' (SQL: select * from `platform`)  
[2022-07-12 02:33:17] local.DEBUG: -> end  
[2022-07-12 02:39:24] local.DEBUG: error exception | AgentController -> get()  
[2022-07-12 02:39:24] local.DEBUG: user agent : Mozilla/5.0 (Windows NT 6.1) AppleWebKit/537.36 (KHTML, like Gecko) Chrome/103.0.0.0 Safari/537.36  
[2022-07-12 02:39:24] local.DEBUG: -> error string  
[2022-07-12 02:39:24] local.DEBUG: SQLSTATE[HY000] [1044] Access denied for user 'tpc'@'localhost' to database 'master_agent' (SQL: select * from `platform`)  
[2022-07-12 02:39:24] local.DEBUG: -> end  
[2022-07-12 02:42:06] local.DEBUG: error exception | AgentController -> get()  
[2022-07-12 02:42:06] local.DEBUG: user agent : Mozilla/5.0 (Windows NT 6.1) AppleWebKit/537.36 (KHTML, like Gecko) Chrome/103.0.0.0 Safari/537.36  
[2022-07-12 02:42:06] local.DEBUG: -> error string  
[2022-07-12 02:42:06] local.DEBUG: SQLSTATE[HY000] [1044] Access denied for user 'tpc'@'localhost' to database 'master_agent' (SQL: select * from `platform`)  
[2022-07-12 02:42:06] local.DEBUG: -> end  
[2022-07-12 02:45:46] local.DEBUG: error exception | AgentController -> get()  
[2022-07-12 02:45:46] local.DEBUG: user agent : Mozilla/5.0 (Windows NT 6.1) AppleWebKit/537.36 (KHTML, like Gecko) Chrome/103.0.0.0 Safari/537.36  
[2022-07-12 02:45:46] local.DEBUG: -> error string  
[2022-07-12 02:45:46] local.DEBUG: SQLSTATE[HY000] [1044] Access denied for user 'tpc'@'localhost' to database 'master_agent' (SQL: select * from `platform`)  
[2022-07-12 02:45:46] local.DEBUG: -> end  
[2022-07-12 02:51:56] local.DEBUG: error exception | AgentController -> get()  
[2022-07-12 02:51:56] local.DEBUG: user agent : Mozilla/5.0 (Windows NT 6.1) AppleWebKit/537.36 (KHTML, like Gecko) Chrome/103.0.0.0 Safari/537.36  
[2022-07-12 02:51:56] local.DEBUG: -> error string  
[2022-07-12 02:51:56] local.DEBUG: SQLSTATE[HY000] [1044] Access denied for user 'tpc'@'localhost' to database 'master_agent' (SQL: select * from `platform`)  
[2022-07-12 02:51:56] local.DEBUG: -> end  
[2022-07-12 02:54:55] local.DEBUG: error exception | AgentController -> get()  
[2022-07-12 02:54:55] local.DEBUG: user agent : Mozilla/5.0 (Windows NT 6.1) AppleWebKit/537.36 (KHTML, like Gecko) Chrome/103.0.0.0 Safari/537.36  
[2022-07-12 02:54:55] local.DEBUG: -> error string  
[2022-07-12 02:54:55] local.DEBUG: SQLSTATE[HY000] [1044] Access denied for user 'tpc'@'localhost' to database 'master_agent' (SQL: select * from `platform`)  
[2022-07-12 02:54:55] local.DEBUG: -> end  
[2022-07-12 02:56:00] local.DEBUG: error exception | AgentController -> get()  
[2022-07-12 02:56:00] local.DEBUG: user agent : Mozilla/5.0 (Windows NT 6.1) AppleWebKit/537.36 (KHTML, like Gecko) Chrome/103.0.0.0 Safari/537.36  
[2022-07-12 02:56:00] local.DEBUG: -> error string  
[2022-07-12 02:56:00] local.DEBUG: SQLSTATE[HY000] [1044] Access denied for user 'tpc'@'localhost' to database 'master_agent' (SQL: select * from `platform`)  
[2022-07-12 02:56:00] local.DEBUG: -> end  
[2022-07-12 02:57:16] local.DEBUG: error exception | AgentController -> get()  
[2022-07-12 02:57:16] local.DEBUG: user agent : Mozilla/5.0 (Windows NT 6.1) AppleWebKit/537.36 (KHTML, like Gecko) Chrome/103.0.0.0 Safari/537.36  
[2022-07-12 02:57:16] local.DEBUG: -> error string  
[2022-07-12 02:57:16] local.DEBUG: SQLSTATE[HY000] [1044] Access denied for user 'tpc'@'localhost' to database 'master_agent' (SQL: select * from `platform`)  
[2022-07-12 02:57:16] local.DEBUG: -> end  
[2022-07-12 02:59:49] local.DEBUG: error exception | AgentController -> get()  
[2022-07-12 02:59:49] local.DEBUG: user agent : Mozilla/5.0 (Windows NT 6.1) AppleWebKit/537.36 (KHTML, like Gecko) Chrome/103.0.0.0 Safari/537.36  
[2022-07-12 02:59:49] local.DEBUG: -> error string  
[2022-07-12 02:59:49] local.DEBUG: SQLSTATE[HY000] [1044] Access denied for user 'tpc'@'localhost' to database 'master_agent' (SQL: select * from `platform`)  
[2022-07-12 02:59:49] local.DEBUG: -> end  
[2022-07-12 03:01:09] local.DEBUG: error exception | AgentController -> get()  
[2022-07-12 03:01:09] local.DEBUG: user agent : Mozilla/5.0 (Windows NT 6.1) AppleWebKit/537.36 (KHTML, like Gecko) Chrome/103.0.0.0 Safari/537.36  
[2022-07-12 03:01:09] local.DEBUG: -> error string  
[2022-07-12 03:01:09] local.DEBUG: SQLSTATE[HY000] [1044] Access denied for user 'tpc'@'localhost' to database 'master_agent' (SQL: select * from `platform`)  
[2022-07-12 03:01:09] local.DEBUG: -> end  
[2022-07-12 03:02:57] local.DEBUG: error exception | AgentController -> get()  
[2022-07-12 03:02:57] local.DEBUG: user agent : Mozilla/5.0 (Windows NT 6.1) AppleWebKit/537.36 (KHTML, like Gecko) Chrome/103.0.0.0 Safari/537.36  
[2022-07-12 03:02:57] local.DEBUG: -> error string  
[2022-07-12 03:02:57] local.DEBUG: SQLSTATE[HY000] [1044] Access denied for user 'tpc'@'localhost' to database 'master_agent' (SQL: select * from `platform`)  
[2022-07-12 03:02:57] local.DEBUG: -> end  
[2022-07-12 03:03:59] local.DEBUG: error exception | AgentController -> get()  
[2022-07-12 03:03:59] local.DEBUG: user agent : Mozilla/5.0 (Windows NT 6.1) AppleWebKit/537.36 (KHTML, like Gecko) Chrome/103.0.0.0 Safari/537.36  
[2022-07-12 03:03:59] local.DEBUG: -> error string  
[2022-07-12 03:03:59] local.DEBUG: SQLSTATE[HY000] [1044] Access denied for user 'tpc'@'localhost' to database 'master_agent' (SQL: select * from `platform`)  
[2022-07-12 03:03:59] local.DEBUG: -> end  
[2022-07-12 03:04:41] local.DEBUG: error exception | AgentController -> get()  
[2022-07-12 03:04:41] local.DEBUG: user agent : Mozilla/5.0 (Windows NT 6.1) AppleWebKit/537.36 (KHTML, like Gecko) Chrome/103.0.0.0 Safari/537.36  
[2022-07-12 03:04:41] local.DEBUG: -> error string  
[2022-07-12 03:04:41] local.DEBUG: SQLSTATE[HY000] [1044] Access denied for user 'tpc'@'localhost' to database 'master_agent' (SQL: select * from `platform`)  
[2022-07-12 03:04:41] local.DEBUG: -> end  
[2022-07-12 03:05:39] local.DEBUG: error exception | AgentController -> get()  
[2022-07-12 03:05:39] local.DEBUG: user agent : Mozilla/5.0 (Windows NT 6.1) AppleWebKit/537.36 (KHTML, like Gecko) Chrome/103.0.0.0 Safari/537.36  
[2022-07-12 03:05:39] local.DEBUG: -> error string  
[2022-07-12 03:05:39] local.DEBUG: SQLSTATE[HY000] [1044] Access denied for user 'tpc'@'localhost' to database 'master_agent' (SQL: select * from `platform`)  
[2022-07-12 03:05:39] local.DEBUG: -> end  
[2022-07-12 03:05:56] local.DEBUG: error exception | AgentController -> get()  
[2022-07-12 03:05:56] local.DEBUG: user agent : Mozilla/5.0 (Windows NT 6.1) AppleWebKit/537.36 (KHTML, like Gecko) Chrome/103.0.0.0 Safari/537.36  
[2022-07-12 03:05:56] local.DEBUG: -> error string  
[2022-07-12 03:05:56] local.DEBUG: SQLSTATE[HY000] [1044] Access denied for user 'tpc'@'localhost' to database 'master_agent' (SQL: select * from `platform`)  
[2022-07-12 03:05:56] local.DEBUG: -> end  
[2022-07-12 03:13:42] local.DEBUG: error exception | AgentController -> get()  
[2022-07-12 03:13:42] local.DEBUG: user agent : Mozilla/5.0 (Windows NT 6.1) AppleWebKit/537.36 (KHTML, like Gecko) Chrome/103.0.0.0 Safari/537.36  
[2022-07-12 03:13:42] local.DEBUG: -> error string  
[2022-07-12 03:13:42] local.DEBUG: SQLSTATE[HY000] [1044] Access denied for user 'tpc'@'localhost' to database 'master_agent' (SQL: select * from `platform`)  
[2022-07-12 03:13:42] local.DEBUG: -> end  
[2022-07-12 03:16:08] local.DEBUG: error exception | AgentController -> get()  
[2022-07-12 03:16:08] local.DEBUG: user agent : Mozilla/5.0 (Windows NT 6.1) AppleWebKit/537.36 (KHTML, like Gecko) Chrome/103.0.0.0 Safari/537.36  
[2022-07-12 03:16:08] local.DEBUG: -> error string  
[2022-07-12 03:16:08] local.DEBUG: SQLSTATE[HY000] [1044] Access denied for user 'tpc'@'localhost' to database 'master_agent' (SQL: select * from `platform`)  
[2022-07-12 03:16:08] local.DEBUG: -> end  
[2022-07-12 03:21:40] local.DEBUG: error exception | AgentController -> get()  
[2022-07-12 03:21:40] local.DEBUG: user agent : Mozilla/5.0 (Windows NT 6.1) AppleWebKit/537.36 (KHTML, like Gecko) Chrome/103.0.0.0 Safari/537.36  
[2022-07-12 03:21:40] local.DEBUG: -> error string  
[2022-07-12 03:21:40] local.DEBUG: SQLSTATE[HY000] [1044] Access denied for user 'tpc'@'localhost' to database 'master_agent' (SQL: select * from `platform`)  
[2022-07-12 03:21:40] local.DEBUG: -> end  
[2022-07-12 03:22:32] local.DEBUG: error exception | AgentController -> get()  
[2022-07-12 03:22:32] local.DEBUG: user agent : Mozilla/5.0 (Windows NT 6.1) AppleWebKit/537.36 (KHTML, like Gecko) Chrome/103.0.0.0 Safari/537.36  
[2022-07-12 03:22:32] local.DEBUG: -> error string  
[2022-07-12 03:22:32] local.DEBUG: SQLSTATE[HY000] [1044] Access denied for user 'tpc'@'localhost' to database 'master_agent' (SQL: select * from `platform`)  
[2022-07-12 03:22:32] local.DEBUG: -> end  
[2022-07-12 03:23:01] local.DEBUG: error exception | AgentController -> get()  
[2022-07-12 03:23:01] local.DEBUG: user agent : Mozilla/5.0 (Windows NT 6.1) AppleWebKit/537.36 (KHTML, like Gecko) Chrome/103.0.0.0 Safari/537.36  
[2022-07-12 03:23:01] local.DEBUG: -> error string  
[2022-07-12 03:23:01] local.DEBUG: SQLSTATE[HY000] [1044] Access denied for user 'tpc'@'localhost' to database 'master_agent' (SQL: select * from `platform`)  
[2022-07-12 03:23:01] local.DEBUG: -> end  
[2022-07-12 04:21:07] local.DEBUG: error exception | AgentController -> get()  
[2022-07-12 04:21:07] local.DEBUG: user agent : Mozilla/5.0 (Windows NT 6.1) AppleWebKit/537.36 (KHTML, like Gecko) Chrome/103.0.0.0 Safari/537.36  
[2022-07-12 04:21:07] local.DEBUG: -> error string  
[2022-07-12 04:21:07] local.DEBUG: SQLSTATE[HY000] [1044] Access denied for user 'tpc'@'localhost' to database 'master_agent' (SQL: select * from `platform`)  
[2022-07-12 04:21:07] local.DEBUG: -> end  
[2022-07-12 04:22:08] local.DEBUG: error exception | AgentController -> get()  
[2022-07-12 04:22:08] local.DEBUG: user agent : Mozilla/5.0 (Windows NT 6.1) AppleWebKit/537.36 (KHTML, like Gecko) Chrome/103.0.0.0 Safari/537.36  
[2022-07-12 04:22:08] local.DEBUG: -> error string  
[2022-07-12 04:22:08] local.DEBUG: SQLSTATE[HY000] [1044] Access denied for user 'tpc'@'localhost' to database 'master_agent' (SQL: select * from `platform`)  
[2022-07-12 04:22:08] local.DEBUG: -> end  
[2022-07-12 04:39:31] local.DEBUG: error exception | AgentController -> get()  
[2022-07-12 04:39:31] local.DEBUG: user agent : Mozilla/5.0 (Windows NT 6.1) AppleWebKit/537.36 (KHTML, like Gecko) Chrome/103.0.0.0 Safari/537.36  
[2022-07-12 04:39:31] local.DEBUG: -> error string  
[2022-07-12 04:39:31] local.DEBUG: SQLSTATE[HY000] [1044] Access denied for user 'tpc'@'localhost' to database 'master_agent' (SQL: select * from `platform`)  
[2022-07-12 04:39:31] local.DEBUG: -> end  
[2022-07-12 04:40:11] local.DEBUG: error exception | AgentController -> get()  
[2022-07-12 04:40:11] local.DEBUG: user agent : Mozilla/5.0 (Windows NT 6.1) AppleWebKit/537.36 (KHTML, like Gecko) Chrome/103.0.0.0 Safari/537.36  
[2022-07-12 04:40:11] local.DEBUG: -> error string  
[2022-07-12 04:40:11] local.DEBUG: SQLSTATE[HY000] [1044] Access denied for user 'tpc'@'localhost' to database 'master_agent' (SQL: select * from `platform`)  
[2022-07-12 04:40:11] local.DEBUG: -> end  
[2022-07-12 04:47:25] local.DEBUG: error exception | AgentController -> get()  
[2022-07-12 04:47:25] local.DEBUG: user agent : Mozilla/5.0 (Windows NT 6.1) AppleWebKit/537.36 (KHTML, like Gecko) Chrome/103.0.0.0 Safari/537.36  
[2022-07-12 04:47:25] local.DEBUG: -> error string  
[2022-07-12 04:47:25] local.DEBUG: SQLSTATE[HY000] [1044] Access denied for user 'tpc'@'localhost' to database 'master_agent' (SQL: select * from `platform`)  
[2022-07-12 04:47:25] local.DEBUG: -> end  
[2022-07-12 04:59:04] local.DEBUG: error exception | AgentController -> get()  
[2022-07-12 04:59:04] local.DEBUG: user agent : Mozilla/5.0 (Windows NT 6.1) AppleWebKit/537.36 (KHTML, like Gecko) Chrome/103.0.0.0 Safari/537.36  
[2022-07-12 04:59:04] local.DEBUG: -> error string  
[2022-07-12 04:59:04] local.DEBUG: SQLSTATE[HY000] [1044] Access denied for user 'tpc'@'localhost' to database 'master_agent' (SQL: select * from `platform`)  
[2022-07-12 04:59:04] local.DEBUG: -> end  
[2022-07-12 05:00:38] local.DEBUG: error exception | AgentController -> get()  
[2022-07-12 05:00:38] local.DEBUG: user agent : Mozilla/5.0 (Windows NT 6.1) AppleWebKit/537.36 (KHTML, like Gecko) Chrome/103.0.0.0 Safari/537.36  
[2022-07-12 05:00:38] local.DEBUG: -> error string  
[2022-07-12 05:00:38] local.DEBUG: SQLSTATE[HY000] [1044] Access denied for user 'tpc'@'localhost' to database 'master_agent' (SQL: select * from `platform`)  
[2022-07-12 05:00:38] local.DEBUG: -> end  
[2022-07-12 05:03:59] local.DEBUG: error exception | AgentController -> get()  
[2022-07-12 05:03:59] local.DEBUG: user agent : Mozilla/5.0 (Windows NT 6.1) AppleWebKit/537.36 (KHTML, like Gecko) Chrome/103.0.0.0 Safari/537.36  
[2022-07-12 05:03:59] local.DEBUG: -> error string  
[2022-07-12 05:03:59] local.DEBUG: SQLSTATE[HY000] [1044] Access denied for user 'tpc'@'localhost' to database 'master_agent' (SQL: select * from `platform`)  
[2022-07-12 05:03:59] local.DEBUG: -> end  
[2022-07-12 05:09:38] local.DEBUG: error exception | AgentController -> get()  
[2022-07-12 05:09:38] local.DEBUG: user agent : Mozilla/5.0 (Windows NT 6.1) AppleWebKit/537.36 (KHTML, like Gecko) Chrome/103.0.0.0 Safari/537.36  
[2022-07-12 05:09:38] local.DEBUG: -> error string  
[2022-07-12 05:09:38] local.DEBUG: SQLSTATE[HY000] [1044] Access denied for user 'tpc'@'localhost' to database 'master_agent' (SQL: select * from `platform`)  
[2022-07-12 05:09:38] local.DEBUG: -> end  
[2022-07-12 05:13:05] local.DEBUG: error exception | AgentController -> get()  
[2022-07-12 05:13:05] local.DEBUG: user agent : Mozilla/5.0 (Windows NT 6.1) AppleWebKit/537.36 (KHTML, like Gecko) Chrome/103.0.0.0 Safari/537.36  
[2022-07-12 05:13:05] local.DEBUG: -> error string  
[2022-07-12 05:13:05] local.DEBUG: SQLSTATE[HY000] [1044] Access denied for user 'tpc'@'localhost' to database 'master_agent' (SQL: select * from `platform`)  
[2022-07-12 05:13:05] local.DEBUG: -> end  
[2022-07-12 05:13:41] local.DEBUG: error exception | AgentController -> get()  
[2022-07-12 05:13:41] local.DEBUG: user agent : Mozilla/5.0 (Windows NT 6.1) AppleWebKit/537.36 (KHTML, like Gecko) Chrome/103.0.0.0 Safari/537.36  
[2022-07-12 05:13:41] local.DEBUG: -> error string  
[2022-07-12 05:13:41] local.DEBUG: SQLSTATE[HY000] [1044] Access denied for user 'tpc'@'localhost' to database 'master_agent' (SQL: select * from `platform`)  
[2022-07-12 05:13:41] local.DEBUG: -> end  
[2022-07-12 05:14:56] local.DEBUG: error exception | AgentController -> get()  
[2022-07-12 05:14:56] local.DEBUG: user agent : Mozilla/5.0 (Windows NT 6.1) AppleWebKit/537.36 (KHTML, like Gecko) Chrome/103.0.0.0 Safari/537.36  
[2022-07-12 05:14:56] local.DEBUG: -> error string  
[2022-07-12 05:14:56] local.DEBUG: SQLSTATE[HY000] [1044] Access denied for user 'tpc'@'localhost' to database 'master_agent' (SQL: select * from `platform`)  
[2022-07-12 05:14:56] local.DEBUG: -> end  
[2022-07-12 05:19:20] local.DEBUG: error exception | AgentController -> get()  
[2022-07-12 05:19:20] local.DEBUG: user agent : Mozilla/5.0 (Windows NT 6.1) AppleWebKit/537.36 (KHTML, like Gecko) Chrome/103.0.0.0 Safari/537.36  
[2022-07-12 05:19:20] local.DEBUG: -> error string  
[2022-07-12 05:19:20] local.DEBUG: SQLSTATE[HY000] [1044] Access denied for user 'tpc'@'localhost' to database 'master_agent' (SQL: select * from `platform`)  
[2022-07-12 05:19:20] local.DEBUG: -> end  
[2022-07-12 05:19:45] local.DEBUG: error exception | AgentController -> get()  
[2022-07-12 05:19:45] local.DEBUG: user agent : Mozilla/5.0 (Windows NT 6.1) AppleWebKit/537.36 (KHTML, like Gecko) Chrome/103.0.0.0 Safari/537.36  
[2022-07-12 05:19:45] local.DEBUG: -> error string  
[2022-07-12 05:19:45] local.DEBUG: SQLSTATE[HY000] [1044] Access denied for user 'tpc'@'localhost' to database 'master_agent' (SQL: select * from `platform`)  
[2022-07-12 05:19:45] local.DEBUG: -> end  
[2022-07-12 05:20:06] local.DEBUG: error exception | AgentController -> get()  
[2022-07-12 05:20:06] local.DEBUG: user agent : Mozilla/5.0 (Windows NT 6.1) AppleWebKit/537.36 (KHTML, like Gecko) Chrome/103.0.0.0 Safari/537.36  
[2022-07-12 05:20:06] local.DEBUG: -> error string  
[2022-07-12 05:20:06] local.DEBUG: SQLSTATE[HY000] [1044] Access denied for user 'tpc'@'localhost' to database 'master_agent' (SQL: select * from `platform`)  
[2022-07-12 05:20:06] local.DEBUG: -> end  
[2022-07-12 05:22:57] local.DEBUG: error exception | AgentController -> get()  
[2022-07-12 05:22:57] local.DEBUG: user agent : Mozilla/5.0 (Windows NT 6.1) AppleWebKit/537.36 (KHTML, like Gecko) Chrome/103.0.0.0 Safari/537.36  
[2022-07-12 05:22:57] local.DEBUG: -> error string  
[2022-07-12 05:22:57] local.DEBUG: SQLSTATE[HY000] [1044] Access denied for user 'tpc'@'localhost' to database 'master_agent' (SQL: select * from `platform`)  
[2022-07-12 05:22:57] local.DEBUG: -> end  
[2022-07-12 05:23:19] local.DEBUG: error exception | AgentController -> get()  
[2022-07-12 05:23:19] local.DEBUG: user agent : Mozilla/5.0 (Windows NT 6.1) AppleWebKit/537.36 (KHTML, like Gecko) Chrome/103.0.0.0 Safari/537.36  
[2022-07-12 05:23:19] local.DEBUG: -> error string  
[2022-07-12 05:23:19] local.DEBUG: SQLSTATE[HY000] [1044] Access denied for user 'tpc'@'localhost' to database 'master_agent' (SQL: select * from `platform`)  
[2022-07-12 05:23:19] local.DEBUG: -> end  
[2022-07-12 05:31:01] local.DEBUG: error exception | AgentController -> get()  
[2022-07-12 05:31:01] local.DEBUG: user agent : Mozilla/5.0 (Windows NT 6.1) AppleWebKit/537.36 (KHTML, like Gecko) Chrome/103.0.0.0 Safari/537.36  
[2022-07-12 05:31:01] local.DEBUG: -> error string  
[2022-07-12 05:31:01] local.DEBUG: SQLSTATE[HY000] [1044] Access denied for user 'tpc'@'localhost' to database 'master_agent' (SQL: select * from `platform`)  
[2022-07-12 05:31:01] local.DEBUG: -> end  
[2022-07-12 05:31:21] local.DEBUG: error exception | AgentController -> get()  
[2022-07-12 05:31:21] local.DEBUG: user agent : Mozilla/5.0 (Windows NT 6.1) AppleWebKit/537.36 (KHTML, like Gecko) Chrome/103.0.0.0 Safari/537.36  
[2022-07-12 05:31:21] local.DEBUG: -> error string  
[2022-07-12 05:31:21] local.DEBUG: SQLSTATE[HY000] [1044] Access denied for user 'tpc'@'localhost' to database 'master_agent' (SQL: select * from `platform`)  
[2022-07-12 05:31:21] local.DEBUG: -> end  
[2022-07-12 06:17:58] local.DEBUG: error exception | AgentController -> get()  
[2022-07-12 06:17:58] local.DEBUG: user agent : Mozilla/5.0 (Windows NT 6.1) AppleWebKit/537.36 (KHTML, like Gecko) Chrome/103.0.0.0 Safari/537.36  
[2022-07-12 06:17:58] local.DEBUG: -> error string  
[2022-07-12 06:17:58] local.DEBUG: SQLSTATE[HY000] [1044] Access denied for user 'tpc'@'localhost' to database 'master_agent' (SQL: select * from `platform`)  
[2022-07-12 06:17:58] local.DEBUG: -> end  
[2022-07-12 06:18:13] local.DEBUG: error exception | AgentController -> get()  
[2022-07-12 06:18:13] local.DEBUG: user agent : Mozilla/5.0 (Windows NT 6.1) AppleWebKit/537.36 (KHTML, like Gecko) Chrome/103.0.0.0 Safari/537.36  
[2022-07-12 06:18:13] local.DEBUG: -> error string  
[2022-07-12 06:18:13] local.DEBUG: SQLSTATE[HY000] [1044] Access denied for user 'tpc'@'localhost' to database 'master_agent' (SQL: select * from `platform`)  
[2022-07-12 06:18:13] local.DEBUG: -> end  
[2022-07-12 06:20:11] local.DEBUG: error exception | AgentController -> get()  
[2022-07-12 06:20:11] local.DEBUG: user agent : Mozilla/5.0 (Windows NT 6.1) AppleWebKit/537.36 (KHTML, like Gecko) Chrome/103.0.0.0 Safari/537.36  
[2022-07-12 06:20:11] local.DEBUG: -> error string  
[2022-07-12 06:20:11] local.DEBUG: SQLSTATE[HY000] [1044] Access denied for user 'tpc'@'localhost' to database 'master_agent' (SQL: select * from `platform`)  
[2022-07-12 06:20:11] local.DEBUG: -> end  
[2022-07-12 06:20:46] local.DEBUG: error exception | AgentController -> get()  
[2022-07-12 06:20:46] local.DEBUG: user agent : Mozilla/5.0 (Windows NT 6.1) AppleWebKit/537.36 (KHTML, like Gecko) Chrome/103.0.0.0 Safari/537.36  
[2022-07-12 06:20:46] local.DEBUG: -> error string  
[2022-07-12 06:20:46] local.DEBUG: SQLSTATE[HY000] [1044] Access denied for user 'tpc'@'localhost' to database 'master_agent' (SQL: select * from `platform`)  
[2022-07-12 06:20:46] local.DEBUG: -> end  
[2022-07-12 06:21:11] local.DEBUG: error exception | AgentController -> get()  
[2022-07-12 06:21:11] local.DEBUG: user agent : Mozilla/5.0 (Windows NT 6.1) AppleWebKit/537.36 (KHTML, like Gecko) Chrome/103.0.0.0 Safari/537.36  
[2022-07-12 06:21:11] local.DEBUG: -> error string  
[2022-07-12 06:21:11] local.DEBUG: SQLSTATE[HY000] [1044] Access denied for user 'tpc'@'localhost' to database 'master_agent' (SQL: select * from `platform`)  
[2022-07-12 06:21:11] local.DEBUG: -> end  
[2022-07-12 06:21:28] local.DEBUG: error exception | AgentController -> get()  
[2022-07-12 06:21:28] local.DEBUG: user agent : Mozilla/5.0 (Windows NT 6.1) AppleWebKit/537.36 (KHTML, like Gecko) Chrome/103.0.0.0 Safari/537.36  
[2022-07-12 06:21:28] local.DEBUG: -> error string  
[2022-07-12 06:21:28] local.DEBUG: SQLSTATE[HY000] [1044] Access denied for user 'tpc'@'localhost' to database 'master_agent' (SQL: select * from `platform`)  
[2022-07-12 06:21:28] local.DEBUG: -> end  
[2022-07-12 06:22:25] local.DEBUG: error exception | AgentController -> get()  
[2022-07-12 06:22:25] local.DEBUG: user agent : Mozilla/5.0 (Windows NT 6.1) AppleWebKit/537.36 (KHTML, like Gecko) Chrome/103.0.0.0 Safari/537.36  
[2022-07-12 06:22:25] local.DEBUG: -> error string  
[2022-07-12 06:22:25] local.DEBUG: SQLSTATE[HY000] [1044] Access denied for user 'tpc'@'localhost' to database 'master_agent' (SQL: select * from `platform`)  
[2022-07-12 06:22:25] local.DEBUG: -> end  
[2022-07-12 06:23:19] local.DEBUG: error exception | AgentController -> get()  
[2022-07-12 06:23:19] local.DEBUG: user agent : Mozilla/5.0 (Windows NT 6.1) AppleWebKit/537.36 (KHTML, like Gecko) Chrome/103.0.0.0 Safari/537.36  
[2022-07-12 06:23:19] local.DEBUG: -> error string  
[2022-07-12 06:23:19] local.DEBUG: SQLSTATE[HY000] [1044] Access denied for user 'tpc'@'localhost' to database 'master_agent' (SQL: select * from `platform`)  
[2022-07-12 06:23:19] local.DEBUG: -> end  
[2022-07-12 06:23:48] local.DEBUG: error exception | AgentController -> get()  
[2022-07-12 06:23:48] local.DEBUG: user agent : Mozilla/5.0 (Windows NT 6.1) AppleWebKit/537.36 (KHTML, like Gecko) Chrome/103.0.0.0 Safari/537.36  
[2022-07-12 06:23:48] local.DEBUG: -> error string  
[2022-07-12 06:23:48] local.DEBUG: SQLSTATE[HY000] [1044] Access denied for user 'tpc'@'localhost' to database 'master_agent' (SQL: select * from `platform`)  
[2022-07-12 06:23:48] local.DEBUG: -> end  
[2022-07-12 06:32:32] local.DEBUG: error exception | AgentController -> get()  
[2022-07-12 06:32:32] local.DEBUG: user agent : Mozilla/5.0 (Windows NT 6.1) AppleWebKit/537.36 (KHTML, like Gecko) Chrome/103.0.0.0 Safari/537.36  
[2022-07-12 06:32:32] local.DEBUG: -> error string  
[2022-07-12 06:32:32] local.DEBUG: SQLSTATE[HY000] [1044] Access denied for user 'tpc'@'localhost' to database 'master_agent' (SQL: select * from `platform`)  
[2022-07-12 06:32:32] local.DEBUG: -> end  
[2022-07-12 06:35:03] local.DEBUG: error exception | AgentController -> get()  
[2022-07-12 06:35:03] local.DEBUG: user agent : Mozilla/5.0 (Windows NT 6.1) AppleWebKit/537.36 (KHTML, like Gecko) Chrome/103.0.0.0 Safari/537.36  
[2022-07-12 06:35:03] local.DEBUG: -> error string  
[2022-07-12 06:35:03] local.DEBUG: SQLSTATE[HY000] [1044] Access denied for user 'tpc'@'localhost' to database 'master_agent' (SQL: select * from `platform`)  
[2022-07-12 06:35:03] local.DEBUG: -> end  
[2022-07-12 06:38:25] local.DEBUG: error exception | AgentController -> get()  
[2022-07-12 06:38:25] local.DEBUG: user agent : Mozilla/5.0 (Windows NT 6.1) AppleWebKit/537.36 (KHTML, like Gecko) Chrome/103.0.0.0 Safari/537.36  
[2022-07-12 06:38:25] local.DEBUG: -> error string  
[2022-07-12 06:38:25] local.DEBUG: SQLSTATE[HY000] [1044] Access denied for user 'tpc'@'localhost' to database 'master_agent' (SQL: select * from `platform`)  
[2022-07-12 06:38:25] local.DEBUG: -> end  
[2022-07-12 06:39:10] local.DEBUG: error exception | AgentController -> get()  
[2022-07-12 06:39:10] local.DEBUG: user agent : Mozilla/5.0 (Windows NT 6.1) AppleWebKit/537.36 (KHTML, like Gecko) Chrome/103.0.0.0 Safari/537.36  
[2022-07-12 06:39:10] local.DEBUG: -> error string  
[2022-07-12 06:39:10] local.DEBUG: SQLSTATE[HY000] [1044] Access denied for user 'tpc'@'localhost' to database 'master_agent' (SQL: select * from `platform`)  
[2022-07-12 06:39:10] local.DEBUG: -> end  
[2022-07-12 06:39:28] local.DEBUG: error exception | AgentController -> get()  
[2022-07-12 06:39:28] local.DEBUG: user agent : Mozilla/5.0 (Windows NT 6.1) AppleWebKit/537.36 (KHTML, like Gecko) Chrome/103.0.0.0 Safari/537.36  
[2022-07-12 06:39:28] local.DEBUG: -> error string  
[2022-07-12 06:39:28] local.DEBUG: SQLSTATE[HY000] [1044] Access denied for user 'tpc'@'localhost' to database 'master_agent' (SQL: select * from `platform`)  
[2022-07-12 06:39:28] local.DEBUG: -> end  
[2022-07-12 06:44:19] local.DEBUG: error exception | AgentController -> get()  
[2022-07-12 06:44:19] local.DEBUG: user agent : Mozilla/5.0 (Windows NT 6.1) AppleWebKit/537.36 (KHTML, like Gecko) Chrome/103.0.0.0 Safari/537.36  
[2022-07-12 06:44:19] local.DEBUG: -> error string  
[2022-07-12 06:44:19] local.DEBUG: SQLSTATE[HY000] [1044] Access denied for user 'tpc'@'localhost' to database 'master_agent' (SQL: select * from `platform`)  
[2022-07-12 06:44:19] local.DEBUG: -> end  
[2022-07-12 06:48:29] local.DEBUG: error exception | AgentController -> get()  
[2022-07-12 06:48:29] local.DEBUG: user agent : Mozilla/5.0 (Windows NT 6.1) AppleWebKit/537.36 (KHTML, like Gecko) Chrome/103.0.0.0 Safari/537.36  
[2022-07-12 06:48:29] local.DEBUG: -> error string  
[2022-07-12 06:48:29] local.DEBUG: SQLSTATE[HY000] [1044] Access denied for user 'tpc'@'localhost' to database 'master_agent' (SQL: select * from `platform`)  
[2022-07-12 06:48:29] local.DEBUG: -> end  
[2022-07-12 06:49:45] local.DEBUG: error exception | AgentController -> get()  
[2022-07-12 06:49:45] local.DEBUG: user agent : Mozilla/5.0 (Windows NT 6.1) AppleWebKit/537.36 (KHTML, like Gecko) Chrome/103.0.0.0 Safari/537.36  
[2022-07-12 06:49:45] local.DEBUG: -> error string  
[2022-07-12 06:49:45] local.DEBUG: SQLSTATE[HY000] [1044] Access denied for user 'tpc'@'localhost' to database 'master_agent' (SQL: select * from `platform`)  
[2022-07-12 06:49:45] local.DEBUG: -> end  
[2022-07-12 06:54:57] local.DEBUG: error exception | AgentController -> get()  
[2022-07-12 06:54:57] local.DEBUG: user agent : Mozilla/5.0 (Windows NT 6.1) AppleWebKit/537.36 (KHTML, like Gecko) Chrome/103.0.0.0 Safari/537.36  
[2022-07-12 06:54:57] local.DEBUG: -> error string  
[2022-07-12 06:54:57] local.DEBUG: SQLSTATE[HY000] [1044] Access denied for user 'tpc'@'localhost' to database 'master_agent' (SQL: select * from `platform`)  
[2022-07-12 06:54:57] local.DEBUG: -> end  
[2022-07-12 06:55:14] local.DEBUG: error exception | AgentController -> get()  
[2022-07-12 06:55:14] local.DEBUG: user agent : Mozilla/5.0 (Linux; Android 4.1.1; X909 Build/JRO03L) AppleWebKit/537.36 (KHTML, like Gecko) Chrome/30.0.1599.92 Mobile Safari/537.36  
[2022-07-12 06:55:14] local.DEBUG: -> error string  
[2022-07-12 06:55:14] local.DEBUG: SQLSTATE[HY000] [1044] Access denied for user 'tpc'@'localhost' to database 'master_agent' (SQL: select * from `platform`)  
[2022-07-12 06:55:14] local.DEBUG: -> end  
[2022-07-12 06:56:00] local.DEBUG: error exception | AgentController -> get()  
[2022-07-12 06:56:00] local.DEBUG: user agent : Mozilla/5.0 (Linux; Android 4.1.1; X909 Build/JRO03L) AppleWebKit/537.36 (KHTML, like Gecko) Chrome/30.0.1599.92 Mobile Safari/537.36  
[2022-07-12 06:56:00] local.DEBUG: -> error string  
[2022-07-12 06:56:00] local.DEBUG: SQLSTATE[HY000] [1044] Access denied for user 'tpc'@'localhost' to database 'master_agent' (SQL: select * from `platform`)  
[2022-07-12 06:56:00] local.DEBUG: -> end  
[2022-07-12 06:57:01] local.DEBUG: error exception | AgentController -> get()  
[2022-07-12 06:57:01] local.DEBUG: user agent : Mozilla/5.0 (Linux; Android 4.1.1; X909 Build/JRO03L) AppleWebKit/537.36 (KHTML, like Gecko) Chrome/30.0.1599.92 Mobile Safari/537.36  
[2022-07-12 06:57:01] local.DEBUG: -> error string  
[2022-07-12 06:57:01] local.DEBUG: SQLSTATE[HY000] [1044] Access denied for user 'tpc'@'localhost' to database 'master_agent' (SQL: select * from `platform`)  
[2022-07-12 06:57:01] local.DEBUG: -> end  
[2022-07-12 06:58:56] local.DEBUG: error exception | AgentController -> get()  
[2022-07-12 06:58:56] local.DEBUG: user agent : Mozilla/5.0 (Linux; Android 4.1.1; X909 Build/JRO03L) AppleWebKit/537.36 (KHTML, like Gecko) Chrome/30.0.1599.92 Mobile Safari/537.36  
[2022-07-12 06:58:56] local.DEBUG: -> error string  
[2022-07-12 06:58:56] local.DEBUG: SQLSTATE[HY000] [1044] Access denied for user 'tpc'@'localhost' to database 'master_agent' (SQL: select * from `platform`)  
[2022-07-12 06:58:56] local.DEBUG: -> end  
[2022-07-12 07:00:25] local.DEBUG: error exception | AgentController -> get()  
[2022-07-12 07:00:25] local.DEBUG: user agent : Mozilla/5.0 (Linux; Android 4.1.1; X909 Build/JRO03L) AppleWebKit/537.36 (KHTML, like Gecko) Chrome/30.0.1599.92 Mobile Safari/537.36  
[2022-07-12 07:00:25] local.DEBUG: -> error string  
[2022-07-12 07:00:25] local.DEBUG: SQLSTATE[HY000] [1044] Access denied for user 'tpc'@'localhost' to database 'master_agent' (SQL: select * from `platform`)  
[2022-07-12 07:00:25] local.DEBUG: -> end  
[2022-07-12 07:04:35] local.DEBUG: error exception | AgentController -> get()  
[2022-07-12 07:04:35] local.DEBUG: user agent : Mozilla/5.0 (Linux; Android 4.1.1; X909 Build/JRO03L) AppleWebKit/537.36 (KHTML, like Gecko) Chrome/30.0.1599.92 Mobile Safari/537.36  
[2022-07-12 07:04:35] local.DEBUG: -> error string  
[2022-07-12 07:04:35] local.DEBUG: SQLSTATE[HY000] [1044] Access denied for user 'tpc'@'localhost' to database 'master_agent' (SQL: select * from `platform`)  
[2022-07-12 07:04:35] local.DEBUG: -> end  
[2022-07-12 07:06:31] local.DEBUG: error exception | AgentController -> get()  
[2022-07-12 07:06:31] local.DEBUG: user agent : Mozilla/5.0 (Linux; Android 4.1.1; X909 Build/JRO03L) AppleWebKit/537.36 (KHTML, like Gecko) Chrome/30.0.1599.92 Mobile Safari/537.36  
[2022-07-12 07:06:31] local.DEBUG: -> error string  
[2022-07-12 07:06:31] local.DEBUG: SQLSTATE[HY000] [1044] Access denied for user 'tpc'@'localhost' to database 'master_agent' (SQL: select * from `platform`)  
[2022-07-12 07:06:31] local.DEBUG: -> end  
[2022-07-12 07:15:25] local.DEBUG: error exception | AgentController -> get()  
[2022-07-12 07:15:25] local.DEBUG: user agent : Mozilla/5.0 (Windows NT 6.1) AppleWebKit/537.36 (KHTML, like Gecko) Chrome/103.0.0.0 Safari/537.36  
[2022-07-12 07:15:25] local.DEBUG: -> error string  
[2022-07-12 07:15:25] local.DEBUG: SQLSTATE[HY000] [1044] Access denied for user 'tpc'@'localhost' to database 'master_agent' (SQL: select * from `platform`)  
[2022-07-12 07:15:25] local.DEBUG: -> end  
[2022-07-12 07:19:57] local.DEBUG: error exception | AgentController -> get()  
[2022-07-12 07:19:57] local.DEBUG: user agent : Mozilla/5.0 (Windows NT 6.1) AppleWebKit/537.36 (KHTML, like Gecko) Chrome/103.0.0.0 Safari/537.36  
[2022-07-12 07:19:57] local.DEBUG: -> error string  
[2022-07-12 07:19:57] local.DEBUG: SQLSTATE[HY000] [1044] Access denied for user 'tpc'@'localhost' to database 'master_agent' (SQL: select * from `platform`)  
[2022-07-12 07:19:57] local.DEBUG: -> end  
[2022-07-12 07:20:19] local.DEBUG: error exception | AgentController -> get()  
[2022-07-12 07:20:19] local.DEBUG: user agent : Mozilla/5.0 (Windows NT 6.1) AppleWebKit/537.36 (KHTML, like Gecko) Chrome/103.0.0.0 Safari/537.36  
[2022-07-12 07:20:19] local.DEBUG: -> error string  
[2022-07-12 07:20:19] local.DEBUG: SQLSTATE[HY000] [1044] Access denied for user 'tpc'@'localhost' to database 'master_agent' (SQL: select * from `platform`)  
[2022-07-12 07:20:19] local.DEBUG: -> end  
[2022-07-12 07:24:23] local.DEBUG: error exception | AgentController -> get()  
[2022-07-12 07:24:23] local.DEBUG: user agent : Mozilla/5.0 (Windows NT 6.1) AppleWebKit/537.36 (KHTML, like Gecko) Chrome/103.0.0.0 Safari/537.36  
[2022-07-12 07:24:23] local.DEBUG: -> error string  
[2022-07-12 07:24:23] local.DEBUG: SQLSTATE[HY000] [1044] Access denied for user 'tpc'@'localhost' to database 'master_agent' (SQL: select * from `platform`)  
[2022-07-12 07:24:23] local.DEBUG: -> end  
[2022-07-12 07:28:03] local.DEBUG: error exception | AgentController -> get()  
[2022-07-12 07:28:03] local.DEBUG: user agent : Mozilla/5.0 (Windows NT 6.1) AppleWebKit/537.36 (KHTML, like Gecko) Chrome/103.0.0.0 Safari/537.36  
[2022-07-12 07:28:03] local.DEBUG: -> error string  
[2022-07-12 07:28:03] local.DEBUG: SQLSTATE[HY000] [1044] Access denied for user 'tpc'@'localhost' to database 'master_agent' (SQL: select * from `platform`)  
[2022-07-12 07:28:03] local.DEBUG: -> end  
[2022-07-12 07:32:36] local.DEBUG: error exception | AgentController -> get()  
[2022-07-12 07:32:36] local.DEBUG: user agent : Mozilla/5.0 (Linux; Android 4.1.1; X909 Build/JRO03L) AppleWebKit/537.36 (KHTML, like Gecko) Chrome/30.0.1599.92 Mobile Safari/537.36  
[2022-07-12 07:32:36] local.DEBUG: -> error string  
[2022-07-12 07:32:36] local.DEBUG: SQLSTATE[HY000] [1044] Access denied for user 'tpc'@'localhost' to database 'master_agent' (SQL: select * from `platform`)  
[2022-07-12 07:32:36] local.DEBUG: -> end  
[2022-07-12 07:38:01] local.DEBUG: error exception | AgentController -> get()  
[2022-07-12 07:38:01] local.DEBUG: user agent : Mozilla/5.0 (Linux; Android 4.1.1; X909 Build/JRO03L) AppleWebKit/537.36 (KHTML, like Gecko) Chrome/30.0.1599.92 Mobile Safari/537.36  
[2022-07-12 07:38:01] local.DEBUG: -> error string  
[2022-07-12 07:38:01] local.DEBUG: SQLSTATE[HY000] [1044] Access denied for user 'tpc'@'localhost' to database 'master_agent' (SQL: select * from `platform`)  
[2022-07-12 07:38:01] local.DEBUG: -> end  
[2022-07-12 07:47:55] local.DEBUG: error exception | AgentController -> get()  
[2022-07-12 07:47:55] local.DEBUG: user agent : Mozilla/5.0 (Linux; Android 4.1.1; X909 Build/JRO03L) AppleWebKit/537.36 (KHTML, like Gecko) Chrome/30.0.1599.92 Mobile Safari/537.36  
[2022-07-12 07:47:55] local.DEBUG: -> error string  
[2022-07-12 07:47:55] local.DEBUG: SQLSTATE[HY000] [1044] Access denied for user 'tpc'@'localhost' to database 'master_agent' (SQL: select * from `platform`)  
[2022-07-12 07:47:55] local.DEBUG: -> end  
[2022-07-12 07:49:00] local.DEBUG: error exception | AgentController -> get()  
[2022-07-12 07:49:00] local.DEBUG: user agent : Mozilla/5.0 (Linux; Android 4.1.1; X909 Build/JRO03L) AppleWebKit/537.36 (KHTML, like Gecko) Chrome/30.0.1599.92 Mobile Safari/537.36  
[2022-07-12 07:49:00] local.DEBUG: -> error string  
[2022-07-12 07:49:00] local.DEBUG: SQLSTATE[HY000] [1044] Access denied for user 'tpc'@'localhost' to database 'master_agent' (SQL: select * from `platform`)  
[2022-07-12 07:49:00] local.DEBUG: -> end  
[2022-07-12 07:50:52] local.DEBUG: error exception | AgentController -> get()  
[2022-07-12 07:50:52] local.DEBUG: user agent : Mozilla/5.0 (Linux; Android 4.1.1; X909 Build/JRO03L) AppleWebKit/537.36 (KHTML, like Gecko) Chrome/30.0.1599.92 Mobile Safari/537.36  
[2022-07-12 07:50:52] local.DEBUG: -> error string  
[2022-07-12 07:50:52] local.DEBUG: SQLSTATE[HY000] [1044] Access denied for user 'tpc'@'localhost' to database 'master_agent' (SQL: select * from `platform`)  
[2022-07-12 07:50:52] local.DEBUG: -> end  
[2022-07-12 07:52:47] local.DEBUG: error exception | AgentController -> get()  
[2022-07-12 07:52:47] local.DEBUG: user agent : Mozilla/5.0 (Windows NT 6.1) AppleWebKit/537.36 (KHTML, like Gecko) Chrome/103.0.0.0 Safari/537.36  
[2022-07-12 07:52:47] local.DEBUG: -> error string  
[2022-07-12 07:52:47] local.DEBUG: SQLSTATE[HY000] [1044] Access denied for user 'tpc'@'localhost' to database 'master_agent' (SQL: select * from `platform`)  
[2022-07-12 07:52:47] local.DEBUG: -> end  
[2022-07-12 07:53:18] local.DEBUG: error exception | AgentController -> get()  
[2022-07-12 07:53:18] local.DEBUG: user agent : Mozilla/5.0 (Windows NT 6.1) AppleWebKit/537.36 (KHTML, like Gecko) Chrome/103.0.0.0 Safari/537.36  
[2022-07-12 07:53:18] local.DEBUG: -> error string  
[2022-07-12 07:53:18] local.DEBUG: SQLSTATE[HY000] [1044] Access denied for user 'tpc'@'localhost' to database 'master_agent' (SQL: select * from `platform`)  
[2022-07-12 07:53:18] local.DEBUG: -> end  
[2022-07-12 08:00:47] local.DEBUG: error exception | AgentController -> get()  
[2022-07-12 08:00:47] local.DEBUG: user agent : Mozilla/5.0 (Windows NT 6.1) AppleWebKit/537.36 (KHTML, like Gecko) Chrome/103.0.0.0 Safari/537.36  
[2022-07-12 08:00:47] local.DEBUG: -> error string  
[2022-07-12 08:00:47] local.DEBUG: SQLSTATE[HY000] [1044] Access denied for user 'tpc'@'localhost' to database 'master_agent' (SQL: select * from `platform`)  
[2022-07-12 08:00:47] local.DEBUG: -> end  
[2022-07-12 08:01:11] local.DEBUG: error exception | AgentController -> get()  
[2022-07-12 08:01:11] local.DEBUG: user agent : Mozilla/5.0 (Windows NT 6.1) AppleWebKit/537.36 (KHTML, like Gecko) Chrome/103.0.0.0 Safari/537.36  
[2022-07-12 08:01:11] local.DEBUG: -> error string  
[2022-07-12 08:01:11] local.DEBUG: SQLSTATE[HY000] [1044] Access denied for user 'tpc'@'localhost' to database 'master_agent' (SQL: select * from `platform`)  
[2022-07-12 08:01:11] local.DEBUG: -> end  
[2022-07-12 08:01:49] local.DEBUG: error exception | AgentController -> get()  
[2022-07-12 08:01:49] local.DEBUG: user agent : Mozilla/5.0 (Windows NT 6.1) AppleWebKit/537.36 (KHTML, like Gecko) Chrome/103.0.0.0 Safari/537.36  
[2022-07-12 08:01:49] local.DEBUG: -> error string  
[2022-07-12 08:01:49] local.DEBUG: SQLSTATE[HY000] [1044] Access denied for user 'tpc'@'localhost' to database 'master_agent' (SQL: select * from `platform`)  
[2022-07-12 08:01:49] local.DEBUG: -> end  
[2022-07-12 08:02:25] local.DEBUG: error exception | AgentController -> get()  
[2022-07-12 08:02:25] local.DEBUG: user agent : Mozilla/5.0 (Windows NT 6.1) AppleWebKit/537.36 (KHTML, like Gecko) Chrome/103.0.0.0 Safari/537.36  
[2022-07-12 08:02:25] local.DEBUG: -> error string  
[2022-07-12 08:02:25] local.DEBUG: SQLSTATE[HY000] [1044] Access denied for user 'tpc'@'localhost' to database 'master_agent' (SQL: select * from `platform`)  
[2022-07-12 08:02:25] local.DEBUG: -> end  
[2022-07-12 08:03:41] local.DEBUG: error exception | AgentController -> get()  
[2022-07-12 08:03:41] local.DEBUG: user agent : Mozilla/5.0 (Windows NT 6.1) AppleWebKit/537.36 (KHTML, like Gecko) Chrome/103.0.0.0 Safari/537.36  
[2022-07-12 08:03:41] local.DEBUG: -> error string  
[2022-07-12 08:03:41] local.DEBUG: SQLSTATE[HY000] [1044] Access denied for user 'tpc'@'localhost' to database 'master_agent' (SQL: select * from `platform`)  
[2022-07-12 08:03:41] local.DEBUG: -> end  
[2022-07-12 08:04:03] local.DEBUG: error exception | AgentController -> get()  
[2022-07-12 08:04:03] local.DEBUG: user agent : Mozilla/5.0 (Windows NT 6.1) AppleWebKit/537.36 (KHTML, like Gecko) Chrome/103.0.0.0 Safari/537.36  
[2022-07-12 08:04:03] local.DEBUG: -> error string  
[2022-07-12 08:04:03] local.DEBUG: SQLSTATE[HY000] [1044] Access denied for user 'tpc'@'localhost' to database 'master_agent' (SQL: select * from `platform`)  
[2022-07-12 08:04:03] local.DEBUG: -> end  
[2022-07-12 08:04:48] local.DEBUG: error exception | AgentController -> get()  
[2022-07-12 08:04:48] local.DEBUG: user agent : Mozilla/5.0 (Windows NT 6.1) AppleWebKit/537.36 (KHTML, like Gecko) Chrome/103.0.0.0 Safari/537.36  
[2022-07-12 08:04:48] local.DEBUG: -> error string  
[2022-07-12 08:04:48] local.DEBUG: SQLSTATE[HY000] [1044] Access denied for user 'tpc'@'localhost' to database 'master_agent' (SQL: select * from `platform`)  
[2022-07-12 08:04:48] local.DEBUG: -> end  
[2022-07-12 08:06:51] local.DEBUG: error exception | AgentController -> get()  
[2022-07-12 08:06:51] local.DEBUG: user agent : Mozilla/5.0 (Linux; Android 4.1.1; X909 Build/JRO03L) AppleWebKit/537.36 (KHTML, like Gecko) Chrome/30.0.1599.92 Mobile Safari/537.36  
[2022-07-12 08:06:51] local.DEBUG: -> error string  
[2022-07-12 08:06:51] local.DEBUG: SQLSTATE[HY000] [1044] Access denied for user 'tpc'@'localhost' to database 'master_agent' (SQL: select * from `platform`)  
[2022-07-12 08:06:51] local.DEBUG: -> end  
[2022-07-12 08:07:06] local.DEBUG: error exception | AgentController -> get()  
[2022-07-12 08:07:06] local.DEBUG: user agent : Mozilla/5.0 (Linux; Android 4.1.1; X909 Build/JRO03L) AppleWebKit/537.36 (KHTML, like Gecko) Chrome/30.0.1599.92 Mobile Safari/537.36  
[2022-07-12 08:07:06] local.DEBUG: -> error string  
[2022-07-12 08:07:06] local.DEBUG: SQLSTATE[HY000] [1044] Access denied for user 'tpc'@'localhost' to database 'master_agent' (SQL: select * from `platform`)  
[2022-07-12 08:07:06] local.DEBUG: -> end  
[2022-07-12 08:07:35] local.DEBUG: error exception | AgentController -> get()  
[2022-07-12 08:07:35] local.DEBUG: user agent : Mozilla/5.0 (Linux; Android 4.1.1; X909 Build/JRO03L) AppleWebKit/537.36 (KHTML, like Gecko) Chrome/30.0.1599.92 Mobile Safari/537.36  
[2022-07-12 08:07:35] local.DEBUG: -> error string  
[2022-07-12 08:07:35] local.DEBUG: SQLSTATE[HY000] [1044] Access denied for user 'tpc'@'localhost' to database 'master_agent' (SQL: select * from `platform`)  
[2022-07-12 08:07:35] local.DEBUG: -> end  
[2022-07-12 08:08:19] local.DEBUG: error exception | AgentController -> get()  
[2022-07-12 08:08:19] local.DEBUG: user agent : Mozilla/5.0 (Linux; Android 4.1.1; X909 Build/JRO03L) AppleWebKit/537.36 (KHTML, like Gecko) Chrome/30.0.1599.92 Mobile Safari/537.36  
[2022-07-12 08:08:19] local.DEBUG: -> error string  
[2022-07-12 08:08:19] local.DEBUG: SQLSTATE[HY000] [1044] Access denied for user 'tpc'@'localhost' to database 'master_agent' (SQL: select * from `platform`)  
[2022-07-12 08:08:19] local.DEBUG: -> end  
[2022-07-12 08:08:50] local.DEBUG: error exception | AgentController -> get()  
[2022-07-12 08:08:50] local.DEBUG: user agent : Mozilla/5.0 (Linux; Android 4.1.1; X909 Build/JRO03L) AppleWebKit/537.36 (KHTML, like Gecko) Chrome/30.0.1599.92 Mobile Safari/537.36  
[2022-07-12 08:08:50] local.DEBUG: -> error string  
[2022-07-12 08:08:50] local.DEBUG: SQLSTATE[HY000] [1044] Access denied for user 'tpc'@'localhost' to database 'master_agent' (SQL: select * from `platform`)  
[2022-07-12 08:08:50] local.DEBUG: -> end  
[2022-07-12 08:09:45] local.DEBUG: error exception | AgentController -> get()  
[2022-07-12 08:09:45] local.DEBUG: user agent : Mozilla/5.0 (Linux; Android 4.1.1; X909 Build/JRO03L) AppleWebKit/537.36 (KHTML, like Gecko) Chrome/30.0.1599.92 Mobile Safari/537.36  
[2022-07-12 08:09:45] local.DEBUG: -> error string  
[2022-07-12 08:09:45] local.DEBUG: SQLSTATE[HY000] [1044] Access denied for user 'tpc'@'localhost' to database 'master_agent' (SQL: select * from `platform`)  
[2022-07-12 08:09:45] local.DEBUG: -> end  
[2022-07-12 08:12:38] local.DEBUG: error exception | AgentController -> get()  
[2022-07-12 08:12:38] local.DEBUG: user agent : Mozilla/5.0 (Linux; Android 4.1.1; X909 Build/JRO03L) AppleWebKit/537.36 (KHTML, like Gecko) Chrome/30.0.1599.92 Mobile Safari/537.36  
[2022-07-12 08:12:38] local.DEBUG: -> error string  
[2022-07-12 08:12:38] local.DEBUG: SQLSTATE[HY000] [1044] Access denied for user 'tpc'@'localhost' to database 'master_agent' (SQL: select * from `platform`)  
[2022-07-12 08:12:38] local.DEBUG: -> end  
[2022-07-12 08:12:52] local.DEBUG: error exception | AgentController -> get()  
[2022-07-12 08:12:52] local.DEBUG: user agent : Mozilla/5.0 (Linux; Android 4.1.1; X909 Build/JRO03L) AppleWebKit/537.36 (KHTML, like Gecko) Chrome/30.0.1599.92 Mobile Safari/537.36  
[2022-07-12 08:12:52] local.DEBUG: -> error string  
[2022-07-12 08:12:52] local.DEBUG: SQLSTATE[HY000] [1044] Access denied for user 'tpc'@'localhost' to database 'master_agent' (SQL: select * from `platform`)  
[2022-07-12 08:12:52] local.DEBUG: -> end  
[2022-07-12 08:13:23] local.DEBUG: error exception | AgentController -> get()  
[2022-07-12 08:13:23] local.DEBUG: user agent : Mozilla/5.0 (Linux; Android 4.1.1; X909 Build/JRO03L) AppleWebKit/537.36 (KHTML, like Gecko) Chrome/30.0.1599.92 Mobile Safari/537.36  
[2022-07-12 08:13:23] local.DEBUG: -> error string  
[2022-07-12 08:13:23] local.DEBUG: SQLSTATE[HY000] [1044] Access denied for user 'tpc'@'localhost' to database 'master_agent' (SQL: select * from `platform`)  
[2022-07-12 08:13:23] local.DEBUG: -> end  
[2022-07-12 08:13:58] local.DEBUG: error exception | AgentController -> get()  
[2022-07-12 08:13:58] local.DEBUG: user agent : Mozilla/5.0 (Linux; Android 4.1.1; X909 Build/JRO03L) AppleWebKit/537.36 (KHTML, like Gecko) Chrome/30.0.1599.92 Mobile Safari/537.36  
[2022-07-12 08:13:58] local.DEBUG: -> error string  
[2022-07-12 08:13:58] local.DEBUG: SQLSTATE[HY000] [1044] Access denied for user 'tpc'@'localhost' to database 'master_agent' (SQL: select * from `platform`)  
[2022-07-12 08:13:58] local.DEBUG: -> end  
[2022-07-12 08:14:23] local.DEBUG: error exception | AgentController -> get()  
[2022-07-12 08:14:23] local.DEBUG: user agent : Mozilla/5.0 (Linux; Android 4.1.1; X909 Build/JRO03L) AppleWebKit/537.36 (KHTML, like Gecko) Chrome/30.0.1599.92 Mobile Safari/537.36  
[2022-07-12 08:14:23] local.DEBUG: -> error string  
[2022-07-12 08:14:23] local.DEBUG: SQLSTATE[HY000] [1044] Access denied for user 'tpc'@'localhost' to database 'master_agent' (SQL: select * from `platform`)  
[2022-07-12 08:14:23] local.DEBUG: -> end  
[2022-07-12 08:15:35] local.DEBUG: error exception | AgentController -> get()  
[2022-07-12 08:15:35] local.DEBUG: user agent : Mozilla/5.0 (Linux; Android 4.1.1; X909 Build/JRO03L) AppleWebKit/537.36 (KHTML, like Gecko) Chrome/30.0.1599.92 Mobile Safari/537.36  
[2022-07-12 08:15:35] local.DEBUG: -> error string  
[2022-07-12 08:15:35] local.DEBUG: SQLSTATE[HY000] [1044] Access denied for user 'tpc'@'localhost' to database 'master_agent' (SQL: select * from `platform`)  
[2022-07-12 08:15:35] local.DEBUG: -> end  
[2022-07-12 08:19:18] local.DEBUG: error exception | AgentController -> get()  
[2022-07-12 08:19:18] local.DEBUG: user agent : Mozilla/5.0 (Linux; Android 4.1.1; X909 Build/JRO03L) AppleWebKit/537.36 (KHTML, like Gecko) Chrome/30.0.1599.92 Mobile Safari/537.36  
[2022-07-12 08:19:18] local.DEBUG: -> error string  
[2022-07-12 08:19:18] local.DEBUG: SQLSTATE[HY000] [1044] Access denied for user 'tpc'@'localhost' to database 'master_agent' (SQL: select * from `platform`)  
[2022-07-12 08:19:18] local.DEBUG: -> end  
[2022-07-12 08:20:45] local.DEBUG: error exception | AgentController -> get()  
[2022-07-12 08:20:45] local.DEBUG: user agent : Mozilla/5.0 (Linux; Android 4.1.1; X909 Build/JRO03L) AppleWebKit/537.36 (KHTML, like Gecko) Chrome/30.0.1599.92 Mobile Safari/537.36  
[2022-07-12 08:20:45] local.DEBUG: -> error string  
[2022-07-12 08:20:45] local.DEBUG: SQLSTATE[HY000] [1044] Access denied for user 'tpc'@'localhost' to database 'master_agent' (SQL: select * from `platform`)  
[2022-07-12 08:20:45] local.DEBUG: -> end  
[2022-07-12 08:22:17] local.DEBUG: error exception | AgentController -> get()  
[2022-07-12 08:22:17] local.DEBUG: user agent : Mozilla/5.0 (Linux; Android 4.1.1; X909 Build/JRO03L) AppleWebKit/537.36 (KHTML, like Gecko) Chrome/30.0.1599.92 Mobile Safari/537.36  
[2022-07-12 08:22:17] local.DEBUG: -> error string  
[2022-07-12 08:22:17] local.DEBUG: SQLSTATE[HY000] [1044] Access denied for user 'tpc'@'localhost' to database 'master_agent' (SQL: select * from `platform`)  
[2022-07-12 08:22:17] local.DEBUG: -> end  
[2022-07-12 08:24:26] local.DEBUG: error exception | AgentController -> get()  
[2022-07-12 08:24:26] local.DEBUG: user agent : Mozilla/5.0 (Linux; Android 4.1.1; X909 Build/JRO03L) AppleWebKit/537.36 (KHTML, like Gecko) Chrome/30.0.1599.92 Mobile Safari/537.36  
[2022-07-12 08:24:26] local.DEBUG: -> error string  
[2022-07-12 08:24:26] local.DEBUG: SQLSTATE[HY000] [1044] Access denied for user 'tpc'@'localhost' to database 'master_agent' (SQL: select * from `platform`)  
[2022-07-12 08:24:26] local.DEBUG: -> end  
[2022-07-12 08:26:56] local.DEBUG: error exception | AgentController -> get()  
[2022-07-12 08:26:56] local.DEBUG: user agent : Mozilla/5.0 (Linux; Android 4.1.1; X909 Build/JRO03L) AppleWebKit/537.36 (KHTML, like Gecko) Chrome/30.0.1599.92 Mobile Safari/537.36  
[2022-07-12 08:26:56] local.DEBUG: -> error string  
[2022-07-12 08:26:56] local.DEBUG: SQLSTATE[HY000] [1044] Access denied for user 'tpc'@'localhost' to database 'master_agent' (SQL: select * from `platform`)  
[2022-07-12 08:26:56] local.DEBUG: -> end  
[2022-07-12 08:28:24] local.DEBUG: error exception | AgentController -> get()  
[2022-07-12 08:28:24] local.DEBUG: user agent : Mozilla/5.0 (Linux; Android 4.1.1; X909 Build/JRO03L) AppleWebKit/537.36 (KHTML, like Gecko) Chrome/30.0.1599.92 Mobile Safari/537.36  
[2022-07-12 08:28:24] local.DEBUG: -> error string  
[2022-07-12 08:28:24] local.DEBUG: SQLSTATE[HY000] [1044] Access denied for user 'tpc'@'localhost' to database 'master_agent' (SQL: select * from `platform`)  
[2022-07-12 08:28:24] local.DEBUG: -> end  
[2022-07-12 08:31:13] local.DEBUG: error exception | AgentController -> get()  
[2022-07-12 08:31:13] local.DEBUG: user agent : Mozilla/5.0 (Linux; Android 4.1.1; X909 Build/JRO03L) AppleWebKit/537.36 (KHTML, like Gecko) Chrome/30.0.1599.92 Mobile Safari/537.36  
[2022-07-12 08:31:13] local.DEBUG: -> error string  
[2022-07-12 08:31:13] local.DEBUG: SQLSTATE[HY000] [1044] Access denied for user 'tpc'@'localhost' to database 'master_agent' (SQL: select * from `platform`)  
[2022-07-12 08:31:13] local.DEBUG: -> end  
[2022-07-12 08:31:48] local.DEBUG: error exception | AgentController -> get()  
[2022-07-12 08:31:48] local.DEBUG: user agent : Mozilla/5.0 (Linux; Android 4.1.1; X909 Build/JRO03L) AppleWebKit/537.36 (KHTML, like Gecko) Chrome/30.0.1599.92 Mobile Safari/537.36  
[2022-07-12 08:31:48] local.DEBUG: -> error string  
[2022-07-12 08:31:48] local.DEBUG: SQLSTATE[HY000] [1044] Access denied for user 'tpc'@'localhost' to database 'master_agent' (SQL: select * from `platform`)  
[2022-07-12 08:31:48] local.DEBUG: -> end  
[2022-07-12 08:33:26] local.DEBUG: error exception | AgentController -> get()  
[2022-07-12 08:33:26] local.DEBUG: user agent : Mozilla/5.0 (Linux; Android 4.1.1; X909 Build/JRO03L) AppleWebKit/537.36 (KHTML, like Gecko) Chrome/30.0.1599.92 Mobile Safari/537.36  
[2022-07-12 08:33:26] local.DEBUG: -> error string  
[2022-07-12 08:33:26] local.DEBUG: SQLSTATE[HY000] [1044] Access denied for user 'tpc'@'localhost' to database 'master_agent' (SQL: select * from `platform`)  
[2022-07-12 08:33:26] local.DEBUG: -> end  
[2022-07-12 08:33:51] local.DEBUG: error exception | AgentController -> get()  
[2022-07-12 08:33:51] local.DEBUG: user agent : Mozilla/5.0 (Linux; Android 4.1.1; X909 Build/JRO03L) AppleWebKit/537.36 (KHTML, like Gecko) Chrome/30.0.1599.92 Mobile Safari/537.36  
[2022-07-12 08:33:51] local.DEBUG: -> error string  
[2022-07-12 08:33:51] local.DEBUG: SQLSTATE[HY000] [1044] Access denied for user 'tpc'@'localhost' to database 'master_agent' (SQL: select * from `platform`)  
[2022-07-12 08:33:51] local.DEBUG: -> end  
[2022-07-12 08:36:46] local.DEBUG: error exception | AgentController -> get()  
[2022-07-12 08:36:46] local.DEBUG: user agent : Mozilla/5.0 (Windows NT 6.1) AppleWebKit/537.36 (KHTML, like Gecko) Chrome/103.0.0.0 Safari/537.36  
[2022-07-12 08:36:46] local.DEBUG: -> error string  
[2022-07-12 08:36:46] local.DEBUG: SQLSTATE[HY000] [1044] Access denied for user 'tpc'@'localhost' to database 'master_agent' (SQL: select * from `platform`)  
[2022-07-12 08:36:46] local.DEBUG: -> end  
[2022-07-12 08:39:39] local.DEBUG: error exception | AgentController -> get()  
[2022-07-12 08:39:39] local.DEBUG: user agent : Mozilla/5.0 (Windows NT 6.1) AppleWebKit/537.36 (KHTML, like Gecko) Chrome/103.0.0.0 Safari/537.36  
[2022-07-12 08:39:39] local.DEBUG: -> error string  
[2022-07-12 08:39:39] local.DEBUG: SQLSTATE[HY000] [1044] Access denied for user 'tpc'@'localhost' to database 'master_agent' (SQL: select * from `platform`)  
[2022-07-12 08:39:39] local.DEBUG: -> end  
[2022-07-12 08:44:01] local.DEBUG: error exception | AgentController -> get()  
[2022-07-12 08:44:01] local.DEBUG: user agent : Mozilla/5.0 (Linux; Android 4.1.1; X909 Build/JRO03L) AppleWebKit/537.36 (KHTML, like Gecko) Chrome/30.0.1599.92 Mobile Safari/537.36  
[2022-07-12 08:44:01] local.DEBUG: -> error string  
[2022-07-12 08:44:01] local.DEBUG: SQLSTATE[HY000] [1044] Access denied for user 'tpc'@'localhost' to database 'master_agent' (SQL: select * from `platform`)  
[2022-07-12 08:44:01] local.DEBUG: -> end  
[2022-07-12 08:47:08] local.DEBUG: error exception | AgentController -> get()  
[2022-07-12 08:47:08] local.DEBUG: user agent : Mozilla/5.0 (Windows NT 6.1) AppleWebKit/537.36 (KHTML, like Gecko) Chrome/103.0.0.0 Safari/537.36  
[2022-07-12 08:47:08] local.DEBUG: -> error string  
[2022-07-12 08:47:08] local.DEBUG: SQLSTATE[HY000] [1044] Access denied for user 'tpc'@'localhost' to database 'master_agent' (SQL: select * from `platform`)  
[2022-07-12 08:47:08] local.DEBUG: -> end  
[2022-07-12 08:47:54] local.DEBUG: error exception | AgentController -> get()  
[2022-07-12 08:47:54] local.DEBUG: user agent : Mozilla/5.0 (Windows NT 6.1) AppleWebKit/537.36 (KHTML, like Gecko) Chrome/103.0.0.0 Safari/537.36  
[2022-07-12 08:47:54] local.DEBUG: -> error string  
[2022-07-12 08:47:54] local.DEBUG: SQLSTATE[HY000] [1044] Access denied for user 'tpc'@'localhost' to database 'master_agent' (SQL: select * from `platform`)  
[2022-07-12 08:47:54] local.DEBUG: -> end  
[2022-07-12 08:48:14] local.DEBUG: error exception | AgentController -> get()  
[2022-07-12 08:48:14] local.DEBUG: user agent : Mozilla/5.0 (Windows NT 6.1) AppleWebKit/537.36 (KHTML, like Gecko) Chrome/103.0.0.0 Safari/537.36  
[2022-07-12 08:48:14] local.DEBUG: -> error string  
[2022-07-12 08:48:14] local.DEBUG: SQLSTATE[HY000] [1044] Access denied for user 'tpc'@'localhost' to database 'master_agent' (SQL: select * from `platform`)  
[2022-07-12 08:48:14] local.DEBUG: -> end  
[2022-07-12 08:48:30] local.DEBUG: error exception | AgentController -> get()  
[2022-07-12 08:48:30] local.DEBUG: user agent : Mozilla/5.0 (Windows NT 6.1) AppleWebKit/537.36 (KHTML, like Gecko) Chrome/103.0.0.0 Safari/537.36  
[2022-07-12 08:48:30] local.DEBUG: -> error string  
[2022-07-12 08:48:30] local.DEBUG: SQLSTATE[HY000] [1044] Access denied for user 'tpc'@'localhost' to database 'master_agent' (SQL: select * from `platform`)  
[2022-07-12 08:48:30] local.DEBUG: -> end  
[2022-07-12 08:49:38] local.DEBUG: error exception | AgentController -> get()  
[2022-07-12 08:49:38] local.DEBUG: user agent : Mozilla/5.0 (Windows NT 6.1) AppleWebKit/537.36 (KHTML, like Gecko) Chrome/103.0.0.0 Safari/537.36  
[2022-07-12 08:49:38] local.DEBUG: -> error string  
[2022-07-12 08:49:38] local.DEBUG: SQLSTATE[HY000] [1044] Access denied for user 'tpc'@'localhost' to database 'master_agent' (SQL: select * from `platform`)  
[2022-07-12 08:49:38] local.DEBUG: -> end  
[2022-07-12 08:58:12] local.DEBUG: error exception | AgentController -> get()  
[2022-07-12 08:58:12] local.DEBUG: user agent : Mozilla/5.0 (Windows NT 6.1) AppleWebKit/537.36 (KHTML, like Gecko) Chrome/103.0.0.0 Safari/537.36  
[2022-07-12 08:58:12] local.DEBUG: -> error string  
[2022-07-12 08:58:12] local.DEBUG: SQLSTATE[HY000] [1044] Access denied for user 'tpc'@'localhost' to database 'master_agent' (SQL: select * from `platform`)  
[2022-07-12 08:58:12] local.DEBUG: -> end  
