[2022-01-19 03:10:51] local.ERROR: require(/var/www/website/thaipolyester/frontend/routes/backend.php): failed to open stream: No such file or directory {"exception":"[object] (ErrorException(code: 0): require(/var/www/website/thaipolyester/frontend/routes/backend.php): failed to open stream: No such file or directory at /var/www/website/thaipolyester/frontend/app/Providers/RouteServiceProvider.php:57)
[stacktrace]
#0 /var/www/website/thaipolyester/frontend/app/Providers/RouteServiceProvider.php(57): Illuminate\\Foundation\\Bootstrap\\HandleExceptions->handleError(2, 'require(/var/ww...', '/var/www/websit...', 57, Array)
#1 /var/www/website/thaipolyester/frontend/app/Providers/RouteServiceProvider.php(57): require()
#2 /var/www/website/thaipolyester/frontend/vendor/laravel/framework/src/Illuminate/Routing/Router.php(414): App\\Providers\\RouteServiceProvider->App\\Providers\\{closure}(Object(Illuminate\\Routing\\Router))
#3 /var/www/website/thaipolyester/frontend/vendor/laravel/framework/src/Illuminate/Routing/Router.php(374): Illuminate\\Routing\\Router->loadRoutes(Object(Closure))
#4 /var/www/website/thaipolyester/frontend/vendor/laravel/framework/src/Illuminate/Support/Facades/Facade.php(261): Illuminate\\Routing\\Router->group(Array, Object(Closure))
#5 /var/www/website/thaipolyester/frontend/app/Providers/RouteServiceProvider.php(58): Illuminate\\Support\\Facades\\Facade::__callStatic('group', Array)
#6 /var/www/website/thaipolyester/frontend/app/Providers/RouteServiceProvider.php(37): App\\Providers\\RouteServiceProvider->mapWebRoutes()
#7 /var/www/website/thaipolyester/frontend/vendor/laravel/framework/src/Illuminate/Container/BoundMethod.php(36): App\\Providers\\RouteServiceProvider->map()
#8 /var/www/website/thaipolyester/frontend/vendor/laravel/framework/src/Illuminate/Container/Util.php(37): Illuminate\\Container\\BoundMethod::Illuminate\\Container\\{closure}()
#9 /var/www/website/thaipolyester/frontend/vendor/laravel/framework/src/Illuminate/Container/BoundMethod.php(93): Illuminate\\Container\\Util::unwrapIfClosure(Object(Closure))
#10 /var/www/website/thaipolyester/frontend/vendor/laravel/framework/src/Illuminate/Container/BoundMethod.php(37): Illuminate\\Container\\BoundMethod::callBoundMethod(Object(Illuminate\\Foundation\\Application), Array, Object(Closure))
#11 /var/www/website/thaipolyester/frontend/vendor/laravel/framework/src/Illuminate/Container/Container.php(590): Illuminate\\Container\\BoundMethod::call(Object(Illuminate\\Foundation\\Application), Array, Array, NULL)
#12 /var/www/website/thaipolyester/frontend/vendor/laravel/framework/src/Illuminate/Foundation/Support/Providers/RouteServiceProvider.php(87): Illuminate\\Container\\Container->call(Array)
#13 /var/www/website/thaipolyester/frontend/vendor/laravel/framework/src/Illuminate/Foundation/Support/Providers/RouteServiceProvider.php(36): Illuminate\\Foundation\\Support\\Providers\\RouteServiceProvider->loadRoutes()
#14 /var/www/website/thaipolyester/frontend/app/Providers/RouteServiceProvider.php(26): Illuminate\\Foundation\\Support\\Providers\\RouteServiceProvider->boot()
#15 /var/www/website/thaipolyester/frontend/vendor/laravel/framework/src/Illuminate/Container/BoundMethod.php(36): App\\Providers\\RouteServiceProvider->boot()
#16 /var/www/website/thaipolyester/frontend/vendor/laravel/framework/src/Illuminate/Container/Util.php(37): Illuminate\\Container\\BoundMethod::Illuminate\\Container\\{closure}()
#17 /var/www/website/thaipolyester/frontend/vendor/laravel/framework/src/Illuminate/Container/BoundMethod.php(93): Illuminate\\Container\\Util::unwrapIfClosure(Object(Closure))
#18 /var/www/website/thaipolyester/frontend/vendor/laravel/framework/src/Illuminate/Container/BoundMethod.php(37): Illuminate\\Container\\BoundMethod::callBoundMethod(Object(Illuminate\\Foundation\\Application), Array, Object(Closure))
#19 /var/www/website/thaipolyester/frontend/vendor/laravel/framework/src/Illuminate/Container/Container.php(590): Illuminate\\Container\\BoundMethod::call(Object(Illuminate\\Foundation\\Application), Array, Array, NULL)
#20 /var/www/website/thaipolyester/frontend/vendor/laravel/framework/src/Illuminate/Foundation/Application.php(856): Illuminate\\Container\\Container->call(Array)
#21 /var/www/website/thaipolyester/frontend/vendor/laravel/framework/src/Illuminate/Foundation/Application.php(839): Illuminate\\Foundation\\Application->bootProvider(Object(App\\Providers\\RouteServiceProvider))
#22 [internal function]: Illuminate\\Foundation\\Application->Illuminate\\Foundation\\{closure}(Object(App\\Providers\\RouteServiceProvider), 24)
#23 /var/www/website/thaipolyester/frontend/vendor/laravel/framework/src/Illuminate/Foundation/Application.php(840): array_walk(Array, Object(Closure))
#24 /var/www/website/thaipolyester/frontend/vendor/laravel/framework/src/Illuminate/Foundation/Bootstrap/BootProviders.php(17): Illuminate\\Foundation\\Application->boot()
#25 /var/www/website/thaipolyester/frontend/vendor/laravel/framework/src/Illuminate/Foundation/Application.php(219): Illuminate\\Foundation\\Bootstrap\\BootProviders->bootstrap(Object(Illuminate\\Foundation\\Application))
#26 /var/www/website/thaipolyester/frontend/vendor/laravel/framework/src/Illuminate/Foundation/Http/Kernel.php(156): Illuminate\\Foundation\\Application->bootstrapWith(Array)
#27 /var/www/website/thaipolyester/frontend/vendor/laravel/framework/src/Illuminate/Foundation/Http/Kernel.php(140): Illuminate\\Foundation\\Http\\Kernel->bootstrap()
#28 /var/www/website/thaipolyester/frontend/vendor/laravel/framework/src/Illuminate/Foundation/Http/Kernel.php(110): Illuminate\\Foundation\\Http\\Kernel->sendRequestThroughRouter(Object(Illuminate\\Http\\Request))
#29 /var/www/website/thaipolyester/frontend/public/index.php(55): Illuminate\\Foundation\\Http\\Kernel->handle(Object(Illuminate\\Http\\Request))
#30 {main}
"} 
[2022-01-19 03:18:29] local.ERROR: Class 'Intervention\Image\ImageServiceProvider' not found {"exception":"[object] (Symfony\\Component\\Debug\\Exception\\FatalThrowableError(code: 0): Class 'Intervention\\Image\\ImageServiceProvider' not found at /var/www/website/thaipolyester/frontend/vendor/laravel/framework/src/Illuminate/Foundation/ProviderRepository.php:208)
[stacktrace]
#0 /var/www/website/thaipolyester/frontend/vendor/laravel/framework/src/Illuminate/Foundation/ProviderRepository.php(144): Illuminate\\Foundation\\ProviderRepository->createProvider('Intervention\\\\Im...')
#1 /var/www/website/thaipolyester/frontend/vendor/laravel/framework/src/Illuminate/Foundation/ProviderRepository.php(61): Illuminate\\Foundation\\ProviderRepository->compileManifest(Array)
#2 /var/www/website/thaipolyester/frontend/vendor/laravel/framework/src/Illuminate/Foundation/Application.php(593): Illuminate\\Foundation\\ProviderRepository->load(Array)
#3 /var/www/website/thaipolyester/frontend/vendor/laravel/framework/src/Illuminate/Foundation/Bootstrap/RegisterProviders.php(17): Illuminate\\Foundation\\Application->registerConfiguredProviders()
#4 /var/www/website/thaipolyester/frontend/vendor/laravel/framework/src/Illuminate/Foundation/Application.php(219): Illuminate\\Foundation\\Bootstrap\\RegisterProviders->bootstrap(Object(Illuminate\\Foundation\\Application))
#5 /var/www/website/thaipolyester/frontend/vendor/laravel/framework/src/Illuminate/Foundation/Http/Kernel.php(156): Illuminate\\Foundation\\Application->bootstrapWith(Array)
#6 /var/www/website/thaipolyester/frontend/vendor/laravel/framework/src/Illuminate/Foundation/Http/Kernel.php(140): Illuminate\\Foundation\\Http\\Kernel->bootstrap()
#7 /var/www/website/thaipolyester/frontend/vendor/laravel/framework/src/Illuminate/Foundation/Http/Kernel.php(110): Illuminate\\Foundation\\Http\\Kernel->sendRequestThroughRouter(Object(Illuminate\\Http\\Request))
#8 /var/www/website/thaipolyester/frontend/public/index.php(55): Illuminate\\Foundation\\Http\\Kernel->handle(Object(Illuminate\\Http\\Request))
#9 {main}
"} 
