[2022-06-16 01:13:09] local.DEBUG: error exception | AgentController -> get()  
[2022-06-16 01:13:09] local.DEBUG: user agent : Mozilla/5.0 (Windows NT 6.1) AppleWebKit/537.36 (KHTML, like Gecko) Chrome/102.0.0.0 Safari/537.36  
[2022-06-16 01:13:09] local.DEBUG: -> error string  
[2022-06-16 01:13:09] local.DEBUG: SQLSTATE[HY000] [1044] Access denied for user 'tpc'@'localhost' to database 'master_agent' (SQL: select * from `platform`)  
[2022-06-16 01:13:09] local.DEBUG: -> end  
[2022-06-16 01:13:29] local.DEBUG: error exception | AgentController -> get()  
[2022-06-16 01:13:29] local.DEBUG: user agent : Mozilla/5.0 (Windows NT 6.1) AppleWebKit/537.36 (KHTML, like Gecko) Chrome/102.0.0.0 Safari/537.36  
[2022-06-16 01:13:29] local.DEBUG: -> error string  
[2022-06-16 01:13:29] local.DEBUG: SQLSTATE[HY000] [1044] Access denied for user 'tpc'@'localhost' to database 'master_agent' (SQL: select * from `platform`)  
[2022-06-16 01:13:29] local.DEBUG: -> end  
[2022-06-16 01:13:49] local.DEBUG: error exception | AgentController -> get()  
[2022-06-16 01:13:49] local.DEBUG: user agent : Mozilla/5.0 (Windows NT 6.1) AppleWebKit/537.36 (KHTML, like Gecko) Chrome/102.0.0.0 Safari/537.36  
[2022-06-16 01:13:49] local.DEBUG: -> error string  
[2022-06-16 01:13:49] local.DEBUG: SQLSTATE[HY000] [1044] Access denied for user 'tpc'@'localhost' to database 'master_agent' (SQL: select * from `platform`)  
[2022-06-16 01:13:49] local.DEBUG: -> end  
[2022-06-16 01:26:18] local.DEBUG: error exception | AgentController -> get()  
[2022-06-16 01:26:18] local.DEBUG: user agent : Mozilla/5.0 (Windows NT 6.1) AppleWebKit/537.36 (KHTML, like Gecko) Chrome/102.0.0.0 Safari/537.36  
[2022-06-16 01:26:18] local.DEBUG: -> error string  
[2022-06-16 01:26:18] local.DEBUG: SQLSTATE[HY000] [1044] Access denied for user 'tpc'@'localhost' to database 'master_agent' (SQL: select * from `platform`)  
[2022-06-16 01:26:18] local.DEBUG: -> end  
[2022-06-16 01:28:11] local.DEBUG: error exception | AgentController -> get()  
[2022-06-16 01:28:11] local.DEBUG: user agent : Mozilla/5.0 (Windows NT 6.1) AppleWebKit/537.36 (KHTML, like Gecko) Chrome/102.0.0.0 Safari/537.36  
[2022-06-16 01:28:11] local.DEBUG: -> error string  
[2022-06-16 01:28:11] local.DEBUG: SQLSTATE[HY000] [1044] Access denied for user 'tpc'@'localhost' to database 'master_agent' (SQL: select * from `platform`)  
[2022-06-16 01:28:11] local.DEBUG: -> end  
[2022-06-16 01:34:22] local.DEBUG: error exception | AgentController -> get()  
[2022-06-16 01:34:22] local.DEBUG: user agent : Mozilla/5.0 (Windows NT 6.1) AppleWebKit/537.36 (KHTML, like Gecko) Chrome/102.0.0.0 Safari/537.36  
[2022-06-16 01:34:22] local.DEBUG: -> error string  
[2022-06-16 01:34:22] local.DEBUG: SQLSTATE[HY000] [1044] Access denied for user 'tpc'@'localhost' to database 'master_agent' (SQL: select * from `platform`)  
[2022-06-16 01:34:22] local.DEBUG: -> end  
[2022-06-16 01:39:48] local.DEBUG: error exception | AgentController -> get()  
[2022-06-16 01:39:48] local.DEBUG: user agent : Mozilla/5.0 (Windows NT 6.1) AppleWebKit/537.36 (KHTML, like Gecko) Chrome/102.0.0.0 Safari/537.36  
[2022-06-16 01:39:48] local.DEBUG: -> error string  
[2022-06-16 01:39:48] local.DEBUG: SQLSTATE[HY000] [1044] Access denied for user 'tpc'@'localhost' to database 'master_agent' (SQL: select * from `platform`)  
[2022-06-16 01:39:48] local.DEBUG: -> end  
[2022-06-16 01:41:25] local.DEBUG: error exception | AgentController -> get()  
[2022-06-16 01:41:25] local.DEBUG: user agent : Mozilla/5.0 (Windows NT 6.1) AppleWebKit/537.36 (KHTML, like Gecko) Chrome/102.0.0.0 Safari/537.36  
[2022-06-16 01:41:25] local.DEBUG: -> error string  
[2022-06-16 01:41:25] local.DEBUG: SQLSTATE[HY000] [1044] Access denied for user 'tpc'@'localhost' to database 'master_agent' (SQL: select * from `platform`)  
[2022-06-16 01:41:25] local.DEBUG: -> end  
[2022-06-16 01:41:49] local.DEBUG: error exception | AgentController -> get()  
[2022-06-16 01:41:49] local.DEBUG: user agent : Mozilla/5.0 (Windows NT 6.1) AppleWebKit/537.36 (KHTML, like Gecko) Chrome/102.0.0.0 Safari/537.36  
[2022-06-16 01:41:49] local.DEBUG: -> error string  
[2022-06-16 01:41:49] local.DEBUG: SQLSTATE[HY000] [1044] Access denied for user 'tpc'@'localhost' to database 'master_agent' (SQL: select * from `platform`)  
[2022-06-16 01:41:49] local.DEBUG: -> end  
[2022-06-16 01:42:16] local.DEBUG: error exception | AgentController -> get()  
[2022-06-16 01:42:16] local.DEBUG: user agent : Mozilla/5.0 (Windows NT 6.1) AppleWebKit/537.36 (KHTML, like Gecko) Chrome/102.0.0.0 Safari/537.36  
[2022-06-16 01:42:16] local.DEBUG: -> error string  
[2022-06-16 01:42:16] local.DEBUG: SQLSTATE[HY000] [1044] Access denied for user 'tpc'@'localhost' to database 'master_agent' (SQL: select * from `platform`)  
[2022-06-16 01:42:16] local.DEBUG: -> end  
[2022-06-16 01:42:47] local.DEBUG: error exception | AgentController -> get()  
[2022-06-16 01:42:47] local.DEBUG: user agent : Mozilla/5.0 (Windows NT 6.1) AppleWebKit/537.36 (KHTML, like Gecko) Chrome/102.0.0.0 Safari/537.36  
[2022-06-16 01:42:47] local.DEBUG: -> error string  
[2022-06-16 01:42:47] local.DEBUG: SQLSTATE[HY000] [1044] Access denied for user 'tpc'@'localhost' to database 'master_agent' (SQL: select * from `platform`)  
[2022-06-16 01:42:47] local.DEBUG: -> end  
[2022-06-16 01:48:33] local.DEBUG: error exception | AgentController -> get()  
[2022-06-16 01:48:33] local.DEBUG: user agent : Mozilla/5.0 (Windows NT 6.1) AppleWebKit/537.36 (KHTML, like Gecko) Chrome/102.0.0.0 Safari/537.36  
[2022-06-16 01:48:33] local.DEBUG: -> error string  
[2022-06-16 01:48:33] local.DEBUG: SQLSTATE[HY000] [1044] Access denied for user 'tpc'@'localhost' to database 'master_agent' (SQL: select * from `platform`)  
[2022-06-16 01:48:33] local.DEBUG: -> end  
[2022-06-16 01:51:42] local.DEBUG: error exception | AgentController -> get()  
[2022-06-16 01:51:42] local.DEBUG: user agent : Mozilla/5.0 (Windows NT 6.1) AppleWebKit/537.36 (KHTML, like Gecko) Chrome/102.0.0.0 Safari/537.36  
[2022-06-16 01:51:42] local.DEBUG: -> error string  
[2022-06-16 01:51:42] local.DEBUG: SQLSTATE[HY000] [1044] Access denied for user 'tpc'@'localhost' to database 'master_agent' (SQL: select * from `platform`)  
[2022-06-16 01:51:42] local.DEBUG: -> end  
[2022-06-16 01:53:53] local.DEBUG: error exception | AgentController -> get()  
[2022-06-16 01:53:53] local.DEBUG: user agent : Mozilla/5.0 (Linux; Android 8.0; Pixel 2 Build/OPD3.170816.012) AppleWebKit/537.36 (KHTML, like Gecko) Chrome/102.0.0.0 Mobile Safari/537.36  
[2022-06-16 01:53:53] local.DEBUG: -> error string  
[2022-06-16 01:53:53] local.DEBUG: SQLSTATE[HY000] [1044] Access denied for user 'tpc'@'localhost' to database 'master_agent' (SQL: select * from `platform`)  
[2022-06-16 01:53:53] local.DEBUG: -> end  
[2022-06-16 01:55:21] local.DEBUG: error exception | AgentController -> get()  
[2022-06-16 01:55:21] local.DEBUG: user agent : Mozilla/5.0 (Linux; Android 4.1.1; X909 Build/JRO03L) AppleWebKit/537.36 (KHTML, like Gecko) Chrome/30.0.1599.92 Mobile Safari/537.36  
[2022-06-16 01:55:21] local.DEBUG: -> error string  
[2022-06-16 01:55:21] local.DEBUG: SQLSTATE[HY000] [1044] Access denied for user 'tpc'@'localhost' to database 'master_agent' (SQL: select * from `platform`)  
[2022-06-16 01:55:21] local.DEBUG: -> end  
[2022-06-16 01:58:30] local.DEBUG: error exception | AgentController -> get()  
[2022-06-16 01:58:30] local.DEBUG: user agent : Mozilla/5.0 (Windows NT 6.1) AppleWebKit/537.36 (KHTML, like Gecko) Chrome/102.0.0.0 Safari/537.36  
[2022-06-16 01:58:30] local.DEBUG: -> error string  
[2022-06-16 01:58:30] local.DEBUG: SQLSTATE[HY000] [1044] Access denied for user 'tpc'@'localhost' to database 'master_agent' (SQL: select * from `platform`)  
[2022-06-16 01:58:30] local.DEBUG: -> end  
[2022-06-16 01:59:04] local.DEBUG: error exception | AgentController -> get()  
[2022-06-16 01:59:04] local.DEBUG: user agent : Mozilla/5.0 (Windows NT 6.1) AppleWebKit/537.36 (KHTML, like Gecko) Chrome/102.0.0.0 Safari/537.36  
[2022-06-16 01:59:04] local.DEBUG: -> error string  
[2022-06-16 01:59:04] local.DEBUG: SQLSTATE[HY000] [1044] Access denied for user 'tpc'@'localhost' to database 'master_agent' (SQL: select * from `platform`)  
[2022-06-16 01:59:04] local.DEBUG: -> end  
[2022-06-16 02:01:24] local.DEBUG: error exception | AgentController -> get()  
[2022-06-16 02:01:24] local.DEBUG: user agent : Mozilla/5.0 (Windows NT 6.1) AppleWebKit/537.36 (KHTML, like Gecko) Chrome/102.0.0.0 Safari/537.36  
[2022-06-16 02:01:24] local.DEBUG: -> error string  
[2022-06-16 02:01:24] local.DEBUG: SQLSTATE[HY000] [1044] Access denied for user 'tpc'@'localhost' to database 'master_agent' (SQL: select * from `platform`)  
[2022-06-16 02:01:24] local.DEBUG: -> end  
[2022-06-16 02:06:27] local.DEBUG: error exception | AgentController -> get()  
[2022-06-16 02:06:27] local.DEBUG: user agent : Mozilla/5.0 (Windows NT 6.1) AppleWebKit/537.36 (KHTML, like Gecko) Chrome/102.0.0.0 Safari/537.36  
[2022-06-16 02:06:27] local.DEBUG: -> error string  
[2022-06-16 02:06:27] local.DEBUG: SQLSTATE[HY000] [1044] Access denied for user 'tpc'@'localhost' to database 'master_agent' (SQL: select * from `platform`)  
[2022-06-16 02:06:27] local.DEBUG: -> end  
[2022-06-16 02:07:02] local.DEBUG: error exception | AgentController -> get()  
[2022-06-16 02:07:02] local.DEBUG: user agent : Mozilla/5.0 (Windows NT 6.1) AppleWebKit/537.36 (KHTML, like Gecko) Chrome/102.0.0.0 Safari/537.36  
[2022-06-16 02:07:02] local.DEBUG: -> error string  
[2022-06-16 02:07:02] local.DEBUG: SQLSTATE[HY000] [1044] Access denied for user 'tpc'@'localhost' to database 'master_agent' (SQL: select * from `platform`)  
[2022-06-16 02:07:02] local.DEBUG: -> end  
[2022-06-16 02:07:24] local.DEBUG: error exception | AgentController -> get()  
[2022-06-16 02:07:24] local.DEBUG: user agent : Mozilla/5.0 (Windows NT 6.1) AppleWebKit/537.36 (KHTML, like Gecko) Chrome/102.0.0.0 Safari/537.36  
[2022-06-16 02:07:24] local.DEBUG: -> error string  
[2022-06-16 02:07:24] local.DEBUG: SQLSTATE[HY000] [1044] Access denied for user 'tpc'@'localhost' to database 'master_agent' (SQL: select * from `platform`)  
[2022-06-16 02:07:24] local.DEBUG: -> end  
[2022-06-16 02:09:17] local.DEBUG: error exception | AgentController -> get()  
[2022-06-16 02:09:17] local.DEBUG: user agent : Mozilla/5.0 (Windows NT 6.1) AppleWebKit/537.36 (KHTML, like Gecko) Chrome/102.0.0.0 Safari/537.36  
[2022-06-16 02:09:17] local.DEBUG: -> error string  
[2022-06-16 02:09:17] local.DEBUG: SQLSTATE[HY000] [1044] Access denied for user 'tpc'@'localhost' to database 'master_agent' (SQL: select * from `platform`)  
[2022-06-16 02:09:17] local.DEBUG: -> end  
[2022-06-16 02:09:29] local.DEBUG: error exception | AgentController -> get()  
[2022-06-16 02:09:29] local.DEBUG: user agent : Mozilla/5.0 (Windows NT 6.1) AppleWebKit/537.36 (KHTML, like Gecko) Chrome/102.0.0.0 Safari/537.36  
[2022-06-16 02:09:29] local.DEBUG: -> error string  
[2022-06-16 02:09:29] local.DEBUG: SQLSTATE[HY000] [1044] Access denied for user 'tpc'@'localhost' to database 'master_agent' (SQL: select * from `platform`)  
[2022-06-16 02:09:29] local.DEBUG: -> end  
[2022-06-16 02:11:28] local.DEBUG: error exception | AgentController -> get()  
[2022-06-16 02:11:28] local.DEBUG: user agent : Mozilla/5.0 (Windows NT 6.1) AppleWebKit/537.36 (KHTML, like Gecko) Chrome/102.0.0.0 Safari/537.36  
[2022-06-16 02:11:28] local.DEBUG: -> error string  
[2022-06-16 02:11:28] local.DEBUG: SQLSTATE[HY000] [1044] Access denied for user 'tpc'@'localhost' to database 'master_agent' (SQL: select * from `platform`)  
[2022-06-16 02:11:28] local.DEBUG: -> end  
[2022-06-16 02:14:26] local.DEBUG: error exception | AgentController -> get()  
[2022-06-16 02:14:26] local.DEBUG: user agent : Mozilla/5.0 (Windows NT 6.1) AppleWebKit/537.36 (KHTML, like Gecko) Chrome/102.0.0.0 Safari/537.36  
[2022-06-16 02:14:26] local.DEBUG: -> error string  
[2022-06-16 02:14:26] local.DEBUG: SQLSTATE[HY000] [1044] Access denied for user 'tpc'@'localhost' to database 'master_agent' (SQL: select * from `platform`)  
[2022-06-16 02:14:26] local.DEBUG: -> end  
[2022-06-16 02:15:12] local.DEBUG: error exception | AgentController -> get()  
[2022-06-16 02:15:12] local.DEBUG: user agent : Mozilla/5.0 (Linux; Android 4.1.1; X909 Build/JRO03L) AppleWebKit/537.36 (KHTML, like Gecko) Chrome/30.0.1599.92 Mobile Safari/537.36  
[2022-06-16 02:15:12] local.DEBUG: -> error string  
[2022-06-16 02:15:12] local.DEBUG: SQLSTATE[HY000] [1044] Access denied for user 'tpc'@'localhost' to database 'master_agent' (SQL: select * from `platform`)  
[2022-06-16 02:15:12] local.DEBUG: -> end  
[2022-06-16 02:16:02] local.DEBUG: error exception | AgentController -> get()  
[2022-06-16 02:16:02] local.DEBUG: user agent : Mozilla/5.0 (Linux; Android 4.1.1; X909 Build/JRO03L) AppleWebKit/537.36 (KHTML, like Gecko) Chrome/30.0.1599.92 Mobile Safari/537.36  
[2022-06-16 02:16:02] local.DEBUG: -> error string  
[2022-06-16 02:16:02] local.DEBUG: SQLSTATE[HY000] [1044] Access denied for user 'tpc'@'localhost' to database 'master_agent' (SQL: select * from `platform`)  
[2022-06-16 02:16:02] local.DEBUG: -> end  
[2022-06-16 02:16:44] local.DEBUG: error exception | AgentController -> get()  
[2022-06-16 02:16:44] local.DEBUG: user agent : Mozilla/5.0 (Linux; Android 4.1.1; X909 Build/JRO03L) AppleWebKit/537.36 (KHTML, like Gecko) Chrome/30.0.1599.92 Mobile Safari/537.36  
[2022-06-16 02:16:44] local.DEBUG: -> error string  
[2022-06-16 02:16:44] local.DEBUG: SQLSTATE[HY000] [1044] Access denied for user 'tpc'@'localhost' to database 'master_agent' (SQL: select * from `platform`)  
[2022-06-16 02:16:44] local.DEBUG: -> end  
[2022-06-16 02:17:20] local.DEBUG: error exception | AgentController -> get()  
[2022-06-16 02:17:20] local.DEBUG: user agent : Mozilla/5.0 (Linux; Android 4.1.1; X909 Build/JRO03L) AppleWebKit/537.36 (KHTML, like Gecko) Chrome/30.0.1599.92 Mobile Safari/537.36  
[2022-06-16 02:17:20] local.DEBUG: -> error string  
[2022-06-16 02:17:20] local.DEBUG: SQLSTATE[HY000] [1044] Access denied for user 'tpc'@'localhost' to database 'master_agent' (SQL: select * from `platform`)  
[2022-06-16 02:17:20] local.DEBUG: -> end  
[2022-06-16 02:17:44] local.DEBUG: error exception | AgentController -> get()  
[2022-06-16 02:17:44] local.DEBUG: user agent : Mozilla/5.0 (Linux; Android 4.1.1; X909 Build/JRO03L) AppleWebKit/537.36 (KHTML, like Gecko) Chrome/30.0.1599.92 Mobile Safari/537.36  
[2022-06-16 02:17:44] local.DEBUG: -> error string  
[2022-06-16 02:17:44] local.DEBUG: SQLSTATE[HY000] [1044] Access denied for user 'tpc'@'localhost' to database 'master_agent' (SQL: select * from `platform`)  
[2022-06-16 02:17:44] local.DEBUG: -> end  
[2022-06-16 02:18:02] local.DEBUG: error exception | AgentController -> get()  
[2022-06-16 02:18:02] local.DEBUG: user agent : Mozilla/5.0 (Linux; Android 4.1.1; X909 Build/JRO03L) AppleWebKit/537.36 (KHTML, like Gecko) Chrome/30.0.1599.92 Mobile Safari/537.36  
[2022-06-16 02:18:02] local.DEBUG: -> error string  
[2022-06-16 02:18:02] local.DEBUG: SQLSTATE[HY000] [1044] Access denied for user 'tpc'@'localhost' to database 'master_agent' (SQL: select * from `platform`)  
[2022-06-16 02:18:02] local.DEBUG: -> end  
[2022-06-16 02:18:24] local.DEBUG: error exception | AgentController -> get()  
[2022-06-16 02:18:24] local.DEBUG: user agent : Mozilla/5.0 (Linux; Android 4.1.1; X909 Build/JRO03L) AppleWebKit/537.36 (KHTML, like Gecko) Chrome/30.0.1599.92 Mobile Safari/537.36  
[2022-06-16 02:18:24] local.DEBUG: -> error string  
[2022-06-16 02:18:24] local.DEBUG: SQLSTATE[HY000] [1044] Access denied for user 'tpc'@'localhost' to database 'master_agent' (SQL: select * from `platform`)  
[2022-06-16 02:18:24] local.DEBUG: -> end  
[2022-06-16 02:19:14] local.DEBUG: error exception | AgentController -> get()  
[2022-06-16 02:19:14] local.DEBUG: user agent : Mozilla/5.0 (Linux; Android 4.1.1; X909 Build/JRO03L) AppleWebKit/537.36 (KHTML, like Gecko) Chrome/30.0.1599.92 Mobile Safari/537.36  
[2022-06-16 02:19:14] local.DEBUG: -> error string  
[2022-06-16 02:19:14] local.DEBUG: SQLSTATE[HY000] [1044] Access denied for user 'tpc'@'localhost' to database 'master_agent' (SQL: select * from `platform`)  
[2022-06-16 02:19:14] local.DEBUG: -> end  
[2022-06-16 02:19:34] local.DEBUG: error exception | AgentController -> get()  
[2022-06-16 02:19:34] local.DEBUG: user agent : Mozilla/5.0 (Linux; Android 4.1.1; X909 Build/JRO03L) AppleWebKit/537.36 (KHTML, like Gecko) Chrome/30.0.1599.92 Mobile Safari/537.36  
[2022-06-16 02:19:34] local.DEBUG: -> error string  
[2022-06-16 02:19:34] local.DEBUG: SQLSTATE[HY000] [1044] Access denied for user 'tpc'@'localhost' to database 'master_agent' (SQL: select * from `platform`)  
[2022-06-16 02:19:34] local.DEBUG: -> end  
[2022-06-16 02:20:26] local.DEBUG: error exception | AgentController -> get()  
[2022-06-16 02:20:26] local.DEBUG: user agent : Mozilla/5.0 (Linux; Android 4.1.1; X909 Build/JRO03L) AppleWebKit/537.36 (KHTML, like Gecko) Chrome/30.0.1599.92 Mobile Safari/537.36  
[2022-06-16 02:20:26] local.DEBUG: -> error string  
[2022-06-16 02:20:26] local.DEBUG: SQLSTATE[HY000] [1044] Access denied for user 'tpc'@'localhost' to database 'master_agent' (SQL: select * from `platform`)  
[2022-06-16 02:20:26] local.DEBUG: -> end  
[2022-06-16 02:20:43] local.DEBUG: error exception | AgentController -> get()  
[2022-06-16 02:20:43] local.DEBUG: user agent : Mozilla/5.0 (Linux; Android 4.1.1; X909 Build/JRO03L) AppleWebKit/537.36 (KHTML, like Gecko) Chrome/30.0.1599.92 Mobile Safari/537.36  
[2022-06-16 02:20:43] local.DEBUG: -> error string  
[2022-06-16 02:20:43] local.DEBUG: SQLSTATE[HY000] [1044] Access denied for user 'tpc'@'localhost' to database 'master_agent' (SQL: select * from `platform`)  
[2022-06-16 02:20:43] local.DEBUG: -> end  
[2022-06-16 02:21:49] local.DEBUG: error exception | AgentController -> get()  
[2022-06-16 02:21:49] local.DEBUG: user agent : Mozilla/5.0 (Windows NT 6.1) AppleWebKit/537.36 (KHTML, like Gecko) Chrome/102.0.0.0 Safari/537.36  
[2022-06-16 02:21:49] local.DEBUG: -> error string  
[2022-06-16 02:21:49] local.DEBUG: SQLSTATE[HY000] [1044] Access denied for user 'tpc'@'localhost' to database 'master_agent' (SQL: select * from `platform`)  
[2022-06-16 02:21:49] local.DEBUG: -> end  
[2022-06-16 02:22:45] local.DEBUG: error exception | AgentController -> get()  
[2022-06-16 02:22:45] local.DEBUG: user agent : Mozilla/5.0 (Linux; Android 4.1.1; X909 Build/JRO03L) AppleWebKit/537.36 (KHTML, like Gecko) Chrome/30.0.1599.92 Mobile Safari/537.36  
[2022-06-16 02:22:45] local.DEBUG: -> error string  
[2022-06-16 02:22:45] local.DEBUG: SQLSTATE[HY000] [1044] Access denied for user 'tpc'@'localhost' to database 'master_agent' (SQL: select * from `platform`)  
[2022-06-16 02:22:45] local.DEBUG: -> end  
[2022-06-16 02:23:03] local.DEBUG: error exception | AgentController -> get()  
[2022-06-16 02:23:03] local.DEBUG: user agent : Mozilla/5.0 (Linux; Android 4.1.1; X909 Build/JRO03L) AppleWebKit/537.36 (KHTML, like Gecko) Chrome/30.0.1599.92 Mobile Safari/537.36  
[2022-06-16 02:23:03] local.DEBUG: -> error string  
[2022-06-16 02:23:03] local.DEBUG: SQLSTATE[HY000] [1044] Access denied for user 'tpc'@'localhost' to database 'master_agent' (SQL: select * from `platform`)  
[2022-06-16 02:23:03] local.DEBUG: -> end  
[2022-06-16 02:24:54] local.DEBUG: error exception | AgentController -> get()  
[2022-06-16 02:24:54] local.DEBUG: user agent : Mozilla/5.0 (Windows NT 6.1) AppleWebKit/537.36 (KHTML, like Gecko) Chrome/102.0.0.0 Safari/537.36  
[2022-06-16 02:24:54] local.DEBUG: -> error string  
[2022-06-16 02:24:54] local.DEBUG: SQLSTATE[HY000] [1044] Access denied for user 'tpc'@'localhost' to database 'master_agent' (SQL: select * from `platform`)  
[2022-06-16 02:24:54] local.DEBUG: -> end  
[2022-06-16 02:25:46] local.DEBUG: error exception | AgentController -> get()  
[2022-06-16 02:25:46] local.DEBUG: user agent : Mozilla/5.0 (Linux; Android 4.1.1; X909 Build/JRO03L) AppleWebKit/537.36 (KHTML, like Gecko) Chrome/30.0.1599.92 Mobile Safari/537.36  
[2022-06-16 02:25:46] local.DEBUG: -> error string  
[2022-06-16 02:25:46] local.DEBUG: SQLSTATE[HY000] [1044] Access denied for user 'tpc'@'localhost' to database 'master_agent' (SQL: select * from `platform`)  
[2022-06-16 02:25:46] local.DEBUG: -> end  
[2022-06-16 02:26:06] local.DEBUG: error exception | AgentController -> get()  
[2022-06-16 02:26:06] local.DEBUG: user agent : Mozilla/5.0 (Linux; Android 4.1.1; X909 Build/JRO03L) AppleWebKit/537.36 (KHTML, like Gecko) Chrome/30.0.1599.92 Mobile Safari/537.36  
[2022-06-16 02:26:06] local.DEBUG: -> error string  
[2022-06-16 02:26:06] local.DEBUG: SQLSTATE[HY000] [1044] Access denied for user 'tpc'@'localhost' to database 'master_agent' (SQL: select * from `platform`)  
[2022-06-16 02:26:06] local.DEBUG: -> end  
[2022-06-16 02:28:06] local.DEBUG: error exception | AgentController -> get()  
[2022-06-16 02:28:06] local.DEBUG: user agent : Mozilla/5.0 (Linux; Android 4.1.1; X909 Build/JRO03L) AppleWebKit/537.36 (KHTML, like Gecko) Chrome/30.0.1599.92 Mobile Safari/537.36  
[2022-06-16 02:28:06] local.DEBUG: -> error string  
[2022-06-16 02:28:06] local.DEBUG: SQLSTATE[HY000] [1044] Access denied for user 'tpc'@'localhost' to database 'master_agent' (SQL: select * from `platform`)  
[2022-06-16 02:28:06] local.DEBUG: -> end  
[2022-06-16 02:28:22] local.DEBUG: error exception | AgentController -> get()  
[2022-06-16 02:28:22] local.DEBUG: user agent : Mozilla/5.0 (Linux; Android 4.1.1; X909 Build/JRO03L) AppleWebKit/537.36 (KHTML, like Gecko) Chrome/30.0.1599.92 Mobile Safari/537.36  
[2022-06-16 02:28:22] local.DEBUG: -> error string  
[2022-06-16 02:28:22] local.DEBUG: SQLSTATE[HY000] [1044] Access denied for user 'tpc'@'localhost' to database 'master_agent' (SQL: select * from `platform`)  
[2022-06-16 02:28:22] local.DEBUG: -> end  
[2022-06-16 02:29:12] local.DEBUG: error exception | AgentController -> get()  
[2022-06-16 02:29:12] local.DEBUG: user agent : Mozilla/5.0 (Windows NT 6.1) AppleWebKit/537.36 (KHTML, like Gecko) Chrome/102.0.0.0 Safari/537.36  
[2022-06-16 02:29:12] local.DEBUG: -> error string  
[2022-06-16 02:29:12] local.DEBUG: SQLSTATE[HY000] [1044] Access denied for user 'tpc'@'localhost' to database 'master_agent' (SQL: select * from `platform`)  
[2022-06-16 02:29:12] local.DEBUG: -> end  
[2022-06-16 02:29:52] local.DEBUG: error exception | AgentController -> get()  
[2022-06-16 02:29:52] local.DEBUG: user agent : Mozilla/5.0 (Windows NT 6.1) AppleWebKit/537.36 (KHTML, like Gecko) Chrome/102.0.0.0 Safari/537.36  
[2022-06-16 02:29:52] local.DEBUG: -> error string  
[2022-06-16 02:29:52] local.DEBUG: SQLSTATE[HY000] [1044] Access denied for user 'tpc'@'localhost' to database 'master_agent' (SQL: select * from `platform`)  
[2022-06-16 02:29:52] local.DEBUG: -> end  
[2022-06-16 02:31:54] local.DEBUG: error exception | AgentController -> get()  
[2022-06-16 02:31:54] local.DEBUG: user agent : Mozilla/5.0 (Windows NT 6.1) AppleWebKit/537.36 (KHTML, like Gecko) Chrome/102.0.0.0 Safari/537.36  
[2022-06-16 02:31:54] local.DEBUG: -> error string  
[2022-06-16 02:31:54] local.DEBUG: SQLSTATE[HY000] [1044] Access denied for user 'tpc'@'localhost' to database 'master_agent' (SQL: select * from `platform`)  
[2022-06-16 02:31:54] local.DEBUG: -> end  
[2022-06-16 02:32:25] local.DEBUG: error exception | AgentController -> get()  
[2022-06-16 02:32:25] local.DEBUG: user agent : Mozilla/5.0 (Windows NT 6.1) AppleWebKit/537.36 (KHTML, like Gecko) Chrome/102.0.0.0 Safari/537.36  
[2022-06-16 02:32:25] local.DEBUG: -> error string  
[2022-06-16 02:32:25] local.DEBUG: SQLSTATE[HY000] [1044] Access denied for user 'tpc'@'localhost' to database 'master_agent' (SQL: select * from `platform`)  
[2022-06-16 02:32:25] local.DEBUG: -> end  
[2022-06-16 02:32:56] local.DEBUG: error exception | AgentController -> get()  
[2022-06-16 02:32:56] local.DEBUG: user agent : Mozilla/5.0 (Windows NT 6.1) AppleWebKit/537.36 (KHTML, like Gecko) Chrome/102.0.0.0 Safari/537.36  
[2022-06-16 02:32:56] local.DEBUG: -> error string  
[2022-06-16 02:32:56] local.DEBUG: SQLSTATE[HY000] [1044] Access denied for user 'tpc'@'localhost' to database 'master_agent' (SQL: select * from `platform`)  
[2022-06-16 02:32:56] local.DEBUG: -> end  
[2022-06-16 02:33:43] local.DEBUG: error exception | AgentController -> get()  
[2022-06-16 02:33:43] local.DEBUG: user agent : Mozilla/5.0 (Windows NT 6.1) AppleWebKit/537.36 (KHTML, like Gecko) Chrome/102.0.0.0 Safari/537.36  
[2022-06-16 02:33:43] local.DEBUG: -> error string  
[2022-06-16 02:33:43] local.DEBUG: SQLSTATE[HY000] [1044] Access denied for user 'tpc'@'localhost' to database 'master_agent' (SQL: select * from `platform`)  
[2022-06-16 02:33:43] local.DEBUG: -> end  
[2022-06-16 02:36:13] local.DEBUG: error exception | AgentController -> get()  
[2022-06-16 02:36:13] local.DEBUG: user agent : Mozilla/5.0 (Windows NT 6.1) AppleWebKit/537.36 (KHTML, like Gecko) Chrome/102.0.0.0 Safari/537.36  
[2022-06-16 02:36:13] local.DEBUG: -> error string  
[2022-06-16 02:36:13] local.DEBUG: SQLSTATE[HY000] [1044] Access denied for user 'tpc'@'localhost' to database 'master_agent' (SQL: select * from `platform`)  
[2022-06-16 02:36:13] local.DEBUG: -> end  
[2022-06-16 02:36:59] local.DEBUG: error exception | AgentController -> get()  
[2022-06-16 02:36:59] local.DEBUG: user agent : Mozilla/5.0 (Windows NT 6.1) AppleWebKit/537.36 (KHTML, like Gecko) Chrome/102.0.0.0 Safari/537.36  
[2022-06-16 02:36:59] local.DEBUG: -> error string  
[2022-06-16 02:36:59] local.DEBUG: SQLSTATE[HY000] [1044] Access denied for user 'tpc'@'localhost' to database 'master_agent' (SQL: select * from `platform`)  
[2022-06-16 02:36:59] local.DEBUG: -> end  
[2022-06-16 02:38:12] local.DEBUG: error exception | AgentController -> get()  
[2022-06-16 02:38:12] local.DEBUG: user agent : Mozilla/5.0 (Windows NT 6.1) AppleWebKit/537.36 (KHTML, like Gecko) Chrome/102.0.0.0 Safari/537.36  
[2022-06-16 02:38:12] local.DEBUG: -> error string  
[2022-06-16 02:38:12] local.DEBUG: SQLSTATE[HY000] [1044] Access denied for user 'tpc'@'localhost' to database 'master_agent' (SQL: select * from `platform`)  
[2022-06-16 02:38:12] local.DEBUG: -> end  
[2022-06-16 02:39:31] local.DEBUG: error exception | AgentController -> get()  
[2022-06-16 02:39:31] local.DEBUG: user agent : Mozilla/5.0 (Windows NT 6.1) AppleWebKit/537.36 (KHTML, like Gecko) Chrome/102.0.0.0 Safari/537.36  
[2022-06-16 02:39:31] local.DEBUG: -> error string  
[2022-06-16 02:39:31] local.DEBUG: SQLSTATE[HY000] [1044] Access denied for user 'tpc'@'localhost' to database 'master_agent' (SQL: select * from `platform`)  
[2022-06-16 02:39:31] local.DEBUG: -> end  
[2022-06-16 02:41:56] local.DEBUG: error exception | AgentController -> get()  
[2022-06-16 02:41:56] local.DEBUG: user agent : Mozilla/5.0 (Windows NT 6.1) AppleWebKit/537.36 (KHTML, like Gecko) Chrome/102.0.0.0 Safari/537.36  
[2022-06-16 02:41:56] local.DEBUG: -> error string  
[2022-06-16 02:41:56] local.DEBUG: SQLSTATE[HY000] [1044] Access denied for user 'tpc'@'localhost' to database 'master_agent' (SQL: select * from `platform`)  
[2022-06-16 02:41:56] local.DEBUG: -> end  
[2022-06-16 02:42:18] local.DEBUG: error exception | AgentController -> get()  
[2022-06-16 02:42:18] local.DEBUG: user agent : Mozilla/5.0 (Windows NT 6.1) AppleWebKit/537.36 (KHTML, like Gecko) Chrome/102.0.0.0 Safari/537.36  
[2022-06-16 02:42:18] local.DEBUG: -> error string  
[2022-06-16 02:42:18] local.DEBUG: SQLSTATE[HY000] [1044] Access denied for user 'tpc'@'localhost' to database 'master_agent' (SQL: select * from `platform`)  
[2022-06-16 02:42:18] local.DEBUG: -> end  
[2022-06-16 02:56:58] local.DEBUG: error exception | AgentController -> get()  
[2022-06-16 02:56:58] local.DEBUG: user agent : Mozilla/5.0 (Windows NT 6.1) AppleWebKit/537.36 (KHTML, like Gecko) Chrome/102.0.0.0 Safari/537.36  
[2022-06-16 02:56:58] local.DEBUG: -> error string  
[2022-06-16 02:56:58] local.DEBUG: SQLSTATE[HY000] [1044] Access denied for user 'tpc'@'localhost' to database 'master_agent' (SQL: select * from `platform`)  
[2022-06-16 02:56:58] local.DEBUG: -> end  
[2022-06-16 02:58:23] local.DEBUG: error exception | AgentController -> get()  
[2022-06-16 02:58:23] local.DEBUG: user agent : Mozilla/5.0 (Windows NT 6.1) AppleWebKit/537.36 (KHTML, like Gecko) Chrome/102.0.0.0 Safari/537.36  
[2022-06-16 02:58:23] local.DEBUG: -> error string  
[2022-06-16 02:58:23] local.DEBUG: SQLSTATE[HY000] [1044] Access denied for user 'tpc'@'localhost' to database 'master_agent' (SQL: select * from `platform`)  
[2022-06-16 02:58:23] local.DEBUG: -> end  
[2022-06-16 02:59:42] local.DEBUG: error exception | AgentController -> get()  
[2022-06-16 02:59:42] local.DEBUG: user agent : Mozilla/5.0 (Windows NT 6.1) AppleWebKit/537.36 (KHTML, like Gecko) Chrome/102.0.0.0 Safari/537.36  
[2022-06-16 02:59:42] local.DEBUG: -> error string  
[2022-06-16 02:59:42] local.DEBUG: SQLSTATE[HY000] [1044] Access denied for user 'tpc'@'localhost' to database 'master_agent' (SQL: select * from `platform`)  
[2022-06-16 02:59:42] local.DEBUG: -> end  
[2022-06-16 03:01:08] local.DEBUG: error exception | AgentController -> get()  
[2022-06-16 03:01:08] local.DEBUG: user agent : Mozilla/5.0 (Windows NT 6.1) AppleWebKit/537.36 (KHTML, like Gecko) Chrome/102.0.0.0 Safari/537.36  
[2022-06-16 03:01:08] local.DEBUG: -> error string  
[2022-06-16 03:01:08] local.DEBUG: SQLSTATE[HY000] [1044] Access denied for user 'tpc'@'localhost' to database 'master_agent' (SQL: select * from `platform`)  
[2022-06-16 03:01:08] local.DEBUG: -> end  
[2022-06-16 03:02:52] local.DEBUG: error exception | AgentController -> get()  
[2022-06-16 03:02:52] local.DEBUG: user agent : Mozilla/5.0 (Windows NT 6.1) AppleWebKit/537.36 (KHTML, like Gecko) Chrome/102.0.0.0 Safari/537.36  
[2022-06-16 03:02:52] local.DEBUG: -> error string  
[2022-06-16 03:02:52] local.DEBUG: SQLSTATE[HY000] [1044] Access denied for user 'tpc'@'localhost' to database 'master_agent' (SQL: select * from `platform`)  
[2022-06-16 03:02:52] local.DEBUG: -> end  
[2022-06-16 03:08:07] local.DEBUG: error exception | AgentController -> get()  
[2022-06-16 03:08:07] local.DEBUG: user agent : Mozilla/5.0 (Windows NT 6.1) AppleWebKit/537.36 (KHTML, like Gecko) Chrome/102.0.0.0 Safari/537.36  
[2022-06-16 03:08:07] local.DEBUG: -> error string  
[2022-06-16 03:08:07] local.DEBUG: SQLSTATE[HY000] [1044] Access denied for user 'tpc'@'localhost' to database 'master_agent' (SQL: select * from `platform`)  
[2022-06-16 03:08:07] local.DEBUG: -> end  
[2022-06-16 03:10:19] local.DEBUG: error exception | AgentController -> get()  
[2022-06-16 03:10:19] local.DEBUG: user agent : Mozilla/5.0 (Windows NT 6.1) AppleWebKit/537.36 (KHTML, like Gecko) Chrome/102.0.0.0 Safari/537.36  
[2022-06-16 03:10:19] local.DEBUG: -> error string  
[2022-06-16 03:10:19] local.DEBUG: SQLSTATE[HY000] [1044] Access denied for user 'tpc'@'localhost' to database 'master_agent' (SQL: select * from `platform`)  
[2022-06-16 03:10:19] local.DEBUG: -> end  
[2022-06-16 03:10:57] local.DEBUG: error exception | AgentController -> get()  
[2022-06-16 03:10:57] local.DEBUG: user agent : Mozilla/5.0 (Windows NT 6.1) AppleWebKit/537.36 (KHTML, like Gecko) Chrome/102.0.0.0 Safari/537.36  
[2022-06-16 03:10:57] local.DEBUG: -> error string  
[2022-06-16 03:10:57] local.DEBUG: SQLSTATE[HY000] [1044] Access denied for user 'tpc'@'localhost' to database 'master_agent' (SQL: select * from `platform`)  
[2022-06-16 03:10:57] local.DEBUG: -> end  
[2022-06-16 03:16:35] local.DEBUG: error exception | AgentController -> get()  
[2022-06-16 03:16:35] local.DEBUG: user agent : Mozilla/5.0 (Windows NT 6.1) AppleWebKit/537.36 (KHTML, like Gecko) Chrome/102.0.0.0 Safari/537.36  
[2022-06-16 03:16:35] local.DEBUG: -> error string  
[2022-06-16 03:16:35] local.DEBUG: SQLSTATE[HY000] [1044] Access denied for user 'tpc'@'localhost' to database 'master_agent' (SQL: select * from `platform`)  
[2022-06-16 03:16:35] local.DEBUG: -> end  
[2022-06-16 03:40:23] local.DEBUG: error exception | AgentController -> get()  
[2022-06-16 03:40:23] local.DEBUG: user agent : Mozilla/5.0 (Windows NT 6.1) AppleWebKit/537.36 (KHTML, like Gecko) Chrome/102.0.0.0 Safari/537.36  
[2022-06-16 03:40:23] local.DEBUG: -> error string  
[2022-06-16 03:40:23] local.DEBUG: SQLSTATE[HY000] [1044] Access denied for user 'tpc'@'localhost' to database 'master_agent' (SQL: select * from `platform`)  
[2022-06-16 03:40:23] local.DEBUG: -> end  
[2022-06-16 03:41:05] local.DEBUG: error exception | AgentController -> get()  
[2022-06-16 03:41:05] local.DEBUG: user agent : Mozilla/5.0 (Windows NT 6.1) AppleWebKit/537.36 (KHTML, like Gecko) Chrome/102.0.0.0 Safari/537.36  
[2022-06-16 03:41:05] local.DEBUG: -> error string  
[2022-06-16 03:41:05] local.DEBUG: SQLSTATE[HY000] [1044] Access denied for user 'tpc'@'localhost' to database 'master_agent' (SQL: select * from `platform`)  
[2022-06-16 03:41:05] local.DEBUG: -> end  
[2022-06-16 03:51:23] local.DEBUG: error exception | AgentController -> get()  
[2022-06-16 03:51:23] local.DEBUG: user agent : Mozilla/5.0 (Windows NT 6.1) AppleWebKit/537.36 (KHTML, like Gecko) Chrome/102.0.0.0 Safari/537.36  
[2022-06-16 03:51:23] local.DEBUG: -> error string  
[2022-06-16 03:51:23] local.DEBUG: SQLSTATE[HY000] [1044] Access denied for user 'tpc'@'localhost' to database 'master_agent' (SQL: select * from `platform`)  
[2022-06-16 03:51:23] local.DEBUG: -> end  
[2022-06-16 03:55:18] local.DEBUG: error exception | AgentController -> get()  
[2022-06-16 03:55:18] local.DEBUG: user agent : Mozilla/5.0 (Windows NT 6.1) AppleWebKit/537.36 (KHTML, like Gecko) Chrome/102.0.0.0 Safari/537.36  
[2022-06-16 03:55:18] local.DEBUG: -> error string  
[2022-06-16 03:55:18] local.DEBUG: SQLSTATE[HY000] [1044] Access denied for user 'tpc'@'localhost' to database 'master_agent' (SQL: select * from `platform`)  
[2022-06-16 03:55:18] local.DEBUG: -> end  
[2022-06-16 04:00:10] local.DEBUG: error exception | AgentController -> get()  
[2022-06-16 04:00:10] local.DEBUG: user agent : Mozilla/5.0 (Windows NT 6.1) AppleWebKit/537.36 (KHTML, like Gecko) Chrome/102.0.0.0 Safari/537.36  
[2022-06-16 04:00:10] local.DEBUG: -> error string  
[2022-06-16 04:00:10] local.DEBUG: SQLSTATE[HY000] [1044] Access denied for user 'tpc'@'localhost' to database 'master_agent' (SQL: select * from `platform`)  
[2022-06-16 04:00:10] local.DEBUG: -> end  
[2022-06-16 04:00:20] local.DEBUG: error exception | AgentController -> get()  
[2022-06-16 04:00:20] local.DEBUG: user agent : Mozilla/5.0 (Windows NT 6.1) AppleWebKit/537.36 (KHTML, like Gecko) Chrome/102.0.0.0 Safari/537.36  
[2022-06-16 04:00:20] local.DEBUG: -> error string  
[2022-06-16 04:00:20] local.DEBUG: SQLSTATE[HY000] [1044] Access denied for user 'tpc'@'localhost' to database 'master_agent' (SQL: select * from `platform`)  
[2022-06-16 04:00:20] local.DEBUG: -> end  
[2022-06-16 04:01:03] local.DEBUG: error exception | AgentController -> get()  
[2022-06-16 04:01:03] local.DEBUG: user agent : Mozilla/5.0 (Windows NT 6.1) AppleWebKit/537.36 (KHTML, like Gecko) Chrome/102.0.0.0 Safari/537.36  
[2022-06-16 04:01:03] local.DEBUG: -> error string  
[2022-06-16 04:01:03] local.DEBUG: SQLSTATE[HY000] [1044] Access denied for user 'tpc'@'localhost' to database 'master_agent' (SQL: select * from `platform`)  
[2022-06-16 04:01:03] local.DEBUG: -> end  
[2022-06-16 04:01:42] local.DEBUG: error exception | AgentController -> get()  
[2022-06-16 04:01:42] local.DEBUG: user agent : Mozilla/5.0 (Windows NT 6.1) AppleWebKit/537.36 (KHTML, like Gecko) Chrome/102.0.0.0 Safari/537.36  
[2022-06-16 04:01:42] local.DEBUG: -> error string  
[2022-06-16 04:01:42] local.DEBUG: SQLSTATE[HY000] [1044] Access denied for user 'tpc'@'localhost' to database 'master_agent' (SQL: select * from `platform`)  
[2022-06-16 04:01:42] local.DEBUG: -> end  
[2022-06-16 04:03:12] local.DEBUG: error exception | AgentController -> get()  
[2022-06-16 04:03:12] local.DEBUG: user agent : Mozilla/5.0 (Windows NT 6.1) AppleWebKit/537.36 (KHTML, like Gecko) Chrome/102.0.0.0 Safari/537.36  
[2022-06-16 04:03:12] local.DEBUG: -> error string  
[2022-06-16 04:03:12] local.DEBUG: SQLSTATE[HY000] [1044] Access denied for user 'tpc'@'localhost' to database 'master_agent' (SQL: select * from `platform`)  
[2022-06-16 04:03:12] local.DEBUG: -> end  
[2022-06-16 04:04:18] local.DEBUG: error exception | AgentController -> get()  
[2022-06-16 04:04:18] local.DEBUG: user agent : Mozilla/5.0 (Windows NT 6.1) AppleWebKit/537.36 (KHTML, like Gecko) Chrome/102.0.0.0 Safari/537.36  
[2022-06-16 04:04:18] local.DEBUG: -> error string  
[2022-06-16 04:04:18] local.DEBUG: SQLSTATE[HY000] [1044] Access denied for user 'tpc'@'localhost' to database 'master_agent' (SQL: select * from `platform`)  
[2022-06-16 04:04:18] local.DEBUG: -> end  
[2022-06-16 04:04:53] local.DEBUG: error exception | AgentController -> get()  
[2022-06-16 04:04:53] local.DEBUG: user agent : Mozilla/5.0 (Windows NT 6.1) AppleWebKit/537.36 (KHTML, like Gecko) Chrome/102.0.0.0 Safari/537.36  
[2022-06-16 04:04:53] local.DEBUG: -> error string  
[2022-06-16 04:04:53] local.DEBUG: SQLSTATE[HY000] [1044] Access denied for user 'tpc'@'localhost' to database 'master_agent' (SQL: select * from `platform`)  
[2022-06-16 04:04:53] local.DEBUG: -> end  
[2022-06-16 04:06:06] local.DEBUG: error exception | AgentController -> get()  
[2022-06-16 04:06:06] local.DEBUG: user agent : Mozilla/5.0 (Windows NT 6.1) AppleWebKit/537.36 (KHTML, like Gecko) Chrome/102.0.0.0 Safari/537.36  
[2022-06-16 04:06:06] local.DEBUG: -> error string  
[2022-06-16 04:06:06] local.DEBUG: SQLSTATE[HY000] [1044] Access denied for user 'tpc'@'localhost' to database 'master_agent' (SQL: select * from `platform`)  
[2022-06-16 04:06:06] local.DEBUG: -> end  
[2022-06-16 04:07:20] local.DEBUG: error exception | AgentController -> get()  
[2022-06-16 04:07:20] local.DEBUG: user agent : Mozilla/5.0 (Windows NT 6.1) AppleWebKit/537.36 (KHTML, like Gecko) Chrome/102.0.0.0 Safari/537.36  
[2022-06-16 04:07:20] local.DEBUG: -> error string  
[2022-06-16 04:07:20] local.DEBUG: SQLSTATE[HY000] [1044] Access denied for user 'tpc'@'localhost' to database 'master_agent' (SQL: select * from `platform`)  
[2022-06-16 04:07:20] local.DEBUG: -> end  
[2022-06-16 04:08:21] local.DEBUG: error exception | AgentController -> get()  
[2022-06-16 04:08:21] local.DEBUG: user agent : Mozilla/5.0 (Windows NT 6.1) AppleWebKit/537.36 (KHTML, like Gecko) Chrome/102.0.0.0 Safari/537.36  
[2022-06-16 04:08:21] local.DEBUG: -> error string  
[2022-06-16 04:08:21] local.DEBUG: SQLSTATE[HY000] [1044] Access denied for user 'tpc'@'localhost' to database 'master_agent' (SQL: select * from `platform`)  
[2022-06-16 04:08:21] local.DEBUG: -> end  
[2022-06-16 04:11:27] local.DEBUG: error exception | AgentController -> get()  
[2022-06-16 04:11:27] local.DEBUG: user agent : Mozilla/5.0 (Linux; Android 4.1.1; X909 Build/JRO03L) AppleWebKit/537.36 (KHTML, like Gecko) Chrome/30.0.1599.92 Mobile Safari/537.36  
[2022-06-16 04:11:27] local.DEBUG: -> error string  
[2022-06-16 04:11:27] local.DEBUG: SQLSTATE[HY000] [1044] Access denied for user 'tpc'@'localhost' to database 'master_agent' (SQL: select * from `platform`)  
[2022-06-16 04:11:27] local.DEBUG: -> end  
[2022-06-16 04:16:13] local.DEBUG: error exception | AgentController -> get()  
[2022-06-16 04:16:13] local.DEBUG: user agent : Mozilla/5.0 (Windows NT 6.1) AppleWebKit/537.36 (KHTML, like Gecko) Chrome/102.0.0.0 Safari/537.36  
[2022-06-16 04:16:13] local.DEBUG: -> error string  
[2022-06-16 04:16:13] local.DEBUG: SQLSTATE[HY000] [1044] Access denied for user 'tpc'@'localhost' to database 'master_agent' (SQL: select * from `platform`)  
[2022-06-16 04:16:13] local.DEBUG: -> end  
[2022-06-16 04:16:30] local.DEBUG: error exception | AgentController -> get()  
[2022-06-16 04:16:30] local.DEBUG: user agent : Mozilla/5.0 (Windows NT 6.1) AppleWebKit/537.36 (KHTML, like Gecko) Chrome/102.0.0.0 Safari/537.36  
[2022-06-16 04:16:30] local.DEBUG: -> error string  
[2022-06-16 04:16:30] local.DEBUG: SQLSTATE[HY000] [1044] Access denied for user 'tpc'@'localhost' to database 'master_agent' (SQL: select * from `platform`)  
[2022-06-16 04:16:30] local.DEBUG: -> end  
[2022-06-16 04:17:02] local.DEBUG: error exception | AgentController -> get()  
[2022-06-16 04:17:02] local.DEBUG: user agent : Mozilla/5.0 (Windows NT 6.1) AppleWebKit/537.36 (KHTML, like Gecko) Chrome/102.0.0.0 Safari/537.36  
[2022-06-16 04:17:02] local.DEBUG: -> error string  
[2022-06-16 04:17:02] local.DEBUG: SQLSTATE[HY000] [1044] Access denied for user 'tpc'@'localhost' to database 'master_agent' (SQL: select * from `platform`)  
[2022-06-16 04:17:02] local.DEBUG: -> end  
[2022-06-16 04:19:23] local.DEBUG: error exception | AgentController -> get()  
[2022-06-16 04:19:23] local.DEBUG: user agent : Mozilla/5.0 (Windows NT 6.1) AppleWebKit/537.36 (KHTML, like Gecko) Chrome/102.0.0.0 Safari/537.36  
[2022-06-16 04:19:23] local.DEBUG: -> error string  
[2022-06-16 04:19:23] local.DEBUG: SQLSTATE[HY000] [1044] Access denied for user 'tpc'@'localhost' to database 'master_agent' (SQL: select * from `platform`)  
[2022-06-16 04:19:23] local.DEBUG: -> end  
[2022-06-16 04:20:22] local.DEBUG: error exception | AgentController -> get()  
[2022-06-16 04:20:22] local.DEBUG: user agent : Mozilla/5.0 (Windows NT 6.1) AppleWebKit/537.36 (KHTML, like Gecko) Chrome/102.0.0.0 Safari/537.36  
[2022-06-16 04:20:22] local.DEBUG: -> error string  
[2022-06-16 04:20:22] local.DEBUG: SQLSTATE[HY000] [1044] Access denied for user 'tpc'@'localhost' to database 'master_agent' (SQL: select * from `platform`)  
[2022-06-16 04:20:22] local.DEBUG: -> end  
[2022-06-16 04:21:36] local.DEBUG: error exception | AgentController -> get()  
[2022-06-16 04:21:36] local.DEBUG: user agent : Mozilla/5.0 (Windows NT 6.1) AppleWebKit/537.36 (KHTML, like Gecko) Chrome/102.0.0.0 Safari/537.36  
[2022-06-16 04:21:36] local.DEBUG: -> error string  
[2022-06-16 04:21:36] local.DEBUG: SQLSTATE[HY000] [1044] Access denied for user 'tpc'@'localhost' to database 'master_agent' (SQL: select * from `platform`)  
[2022-06-16 04:21:36] local.DEBUG: -> end  
[2022-06-16 04:31:15] local.DEBUG: error exception | AgentController -> get()  
[2022-06-16 04:31:15] local.DEBUG: user agent : Mozilla/5.0 (Windows NT 6.1) AppleWebKit/537.36 (KHTML, like Gecko) Chrome/102.0.0.0 Safari/537.36  
[2022-06-16 04:31:15] local.DEBUG: -> error string  
[2022-06-16 04:31:15] local.DEBUG: SQLSTATE[HY000] [1044] Access denied for user 'tpc'@'localhost' to database 'master_agent' (SQL: select * from `platform`)  
[2022-06-16 04:31:15] local.DEBUG: -> end  
[2022-06-16 04:33:13] local.DEBUG: error exception | AgentController -> get()  
[2022-06-16 04:33:13] local.DEBUG: user agent : Mozilla/5.0 (Windows NT 6.1) AppleWebKit/537.36 (KHTML, like Gecko) Chrome/102.0.0.0 Safari/537.36  
[2022-06-16 04:33:13] local.DEBUG: -> error string  
[2022-06-16 04:33:13] local.DEBUG: SQLSTATE[HY000] [1044] Access denied for user 'tpc'@'localhost' to database 'master_agent' (SQL: select * from `platform`)  
[2022-06-16 04:33:13] local.DEBUG: -> end  
[2022-06-16 04:33:48] local.DEBUG: error exception | AgentController -> get()  
[2022-06-16 04:33:48] local.DEBUG: user agent : Mozilla/5.0 (Windows NT 6.1) AppleWebKit/537.36 (KHTML, like Gecko) Chrome/102.0.0.0 Safari/537.36  
[2022-06-16 04:33:48] local.DEBUG: -> error string  
[2022-06-16 04:33:48] local.DEBUG: SQLSTATE[HY000] [1044] Access denied for user 'tpc'@'localhost' to database 'master_agent' (SQL: select * from `platform`)  
[2022-06-16 04:33:48] local.DEBUG: -> end  
[2022-06-16 04:37:58] local.DEBUG: error exception | AgentController -> get()  
[2022-06-16 04:37:58] local.DEBUG: user agent : Mozilla/5.0 (Windows NT 6.1) AppleWebKit/537.36 (KHTML, like Gecko) Chrome/102.0.0.0 Safari/537.36  
[2022-06-16 04:37:58] local.DEBUG: -> error string  
[2022-06-16 04:37:58] local.DEBUG: SQLSTATE[HY000] [1044] Access denied for user 'tpc'@'localhost' to database 'master_agent' (SQL: select * from `platform`)  
[2022-06-16 04:37:58] local.DEBUG: -> end  
[2022-06-16 04:39:09] local.DEBUG: error exception | AgentController -> get()  
[2022-06-16 04:39:09] local.DEBUG: user agent : Mozilla/5.0 (Windows NT 6.1) AppleWebKit/537.36 (KHTML, like Gecko) Chrome/102.0.0.0 Safari/537.36  
[2022-06-16 04:39:09] local.DEBUG: -> error string  
[2022-06-16 04:39:09] local.DEBUG: SQLSTATE[HY000] [1044] Access denied for user 'tpc'@'localhost' to database 'master_agent' (SQL: select * from `platform`)  
[2022-06-16 04:39:09] local.DEBUG: -> end  
[2022-06-16 04:39:42] local.DEBUG: error exception | AgentController -> get()  
[2022-06-16 04:39:42] local.DEBUG: user agent : Mozilla/5.0 (Windows NT 6.1) AppleWebKit/537.36 (KHTML, like Gecko) Chrome/102.0.0.0 Safari/537.36  
[2022-06-16 04:39:42] local.DEBUG: -> error string  
[2022-06-16 04:39:42] local.DEBUG: SQLSTATE[HY000] [1044] Access denied for user 'tpc'@'localhost' to database 'master_agent' (SQL: select * from `platform`)  
[2022-06-16 04:39:42] local.DEBUG: -> end  
[2022-06-16 04:40:25] local.DEBUG: error exception | AgentController -> get()  
[2022-06-16 04:40:25] local.DEBUG: user agent : Mozilla/5.0 (Windows NT 6.1) AppleWebKit/537.36 (KHTML, like Gecko) Chrome/102.0.0.0 Safari/537.36  
[2022-06-16 04:40:25] local.DEBUG: -> error string  
[2022-06-16 04:40:25] local.DEBUG: SQLSTATE[HY000] [1044] Access denied for user 'tpc'@'localhost' to database 'master_agent' (SQL: select * from `platform`)  
[2022-06-16 04:40:25] local.DEBUG: -> end  
[2022-06-16 04:40:38] local.DEBUG: error exception | AgentController -> get()  
[2022-06-16 04:40:38] local.DEBUG: user agent : Mozilla/5.0 (Windows NT 6.1) AppleWebKit/537.36 (KHTML, like Gecko) Chrome/102.0.0.0 Safari/537.36  
[2022-06-16 04:40:38] local.DEBUG: -> error string  
[2022-06-16 04:40:38] local.DEBUG: SQLSTATE[HY000] [1044] Access denied for user 'tpc'@'localhost' to database 'master_agent' (SQL: select * from `platform`)  
[2022-06-16 04:40:38] local.DEBUG: -> end  
[2022-06-16 04:41:30] local.DEBUG: error exception | AgentController -> get()  
[2022-06-16 04:41:30] local.DEBUG: user agent : Mozilla/5.0 (Windows NT 6.1) AppleWebKit/537.36 (KHTML, like Gecko) Chrome/102.0.0.0 Safari/537.36  
[2022-06-16 04:41:30] local.DEBUG: -> error string  
[2022-06-16 04:41:30] local.DEBUG: SQLSTATE[HY000] [1044] Access denied for user 'tpc'@'localhost' to database 'master_agent' (SQL: select * from `platform`)  
[2022-06-16 04:41:30] local.DEBUG: -> end  
[2022-06-16 04:42:31] local.DEBUG: error exception | AgentController -> get()  
[2022-06-16 04:42:31] local.DEBUG: user agent : Mozilla/5.0 (Windows NT 6.1) AppleWebKit/537.36 (KHTML, like Gecko) Chrome/102.0.0.0 Safari/537.36  
[2022-06-16 04:42:31] local.DEBUG: -> error string  
[2022-06-16 04:42:31] local.DEBUG: SQLSTATE[HY000] [1044] Access denied for user 'tpc'@'localhost' to database 'master_agent' (SQL: select * from `platform`)  
[2022-06-16 04:42:31] local.DEBUG: -> end  
[2022-06-16 04:43:43] local.DEBUG: error exception | AgentController -> get()  
[2022-06-16 04:43:43] local.DEBUG: user agent : Mozilla/5.0 (Windows NT 6.1) AppleWebKit/537.36 (KHTML, like Gecko) Chrome/102.0.0.0 Safari/537.36  
[2022-06-16 04:43:43] local.DEBUG: -> error string  
[2022-06-16 04:43:43] local.DEBUG: SQLSTATE[HY000] [1044] Access denied for user 'tpc'@'localhost' to database 'master_agent' (SQL: select * from `platform`)  
[2022-06-16 04:43:43] local.DEBUG: -> end  
[2022-06-16 04:44:13] local.DEBUG: error exception | AgentController -> get()  
[2022-06-16 04:44:13] local.DEBUG: user agent : Mozilla/5.0 (Windows NT 6.1) AppleWebKit/537.36 (KHTML, like Gecko) Chrome/102.0.0.0 Safari/537.36  
[2022-06-16 04:44:13] local.DEBUG: -> error string  
[2022-06-16 04:44:13] local.DEBUG: SQLSTATE[HY000] [1044] Access denied for user 'tpc'@'localhost' to database 'master_agent' (SQL: select * from `platform`)  
[2022-06-16 04:44:13] local.DEBUG: -> end  
[2022-06-16 04:44:26] local.DEBUG: error exception | AgentController -> get()  
[2022-06-16 04:44:26] local.DEBUG: user agent : Mozilla/5.0 (Windows NT 6.1) AppleWebKit/537.36 (KHTML, like Gecko) Chrome/102.0.0.0 Safari/537.36  
[2022-06-16 04:44:26] local.DEBUG: -> error string  
[2022-06-16 04:44:26] local.DEBUG: SQLSTATE[HY000] [1044] Access denied for user 'tpc'@'localhost' to database 'master_agent' (SQL: select * from `platform`)  
[2022-06-16 04:44:26] local.DEBUG: -> end  
[2022-06-16 04:45:33] local.DEBUG: error exception | AgentController -> get()  
[2022-06-16 04:45:33] local.DEBUG: user agent : Mozilla/5.0 (Windows NT 6.1) AppleWebKit/537.36 (KHTML, like Gecko) Chrome/102.0.0.0 Safari/537.36  
[2022-06-16 04:45:33] local.DEBUG: -> error string  
[2022-06-16 04:45:33] local.DEBUG: SQLSTATE[HY000] [1044] Access denied for user 'tpc'@'localhost' to database 'master_agent' (SQL: select * from `platform`)  
[2022-06-16 04:45:33] local.DEBUG: -> end  
[2022-06-16 04:46:15] local.DEBUG: error exception | AgentController -> get()  
[2022-06-16 04:46:15] local.DEBUG: user agent : Mozilla/5.0 (Windows NT 6.1) AppleWebKit/537.36 (KHTML, like Gecko) Chrome/102.0.0.0 Safari/537.36  
[2022-06-16 04:46:15] local.DEBUG: -> error string  
[2022-06-16 04:46:15] local.DEBUG: SQLSTATE[HY000] [1044] Access denied for user 'tpc'@'localhost' to database 'master_agent' (SQL: select * from `platform`)  
[2022-06-16 04:46:15] local.DEBUG: -> end  
[2022-06-16 04:46:44] local.DEBUG: error exception | AgentController -> get()  
[2022-06-16 04:46:44] local.DEBUG: user agent : Mozilla/5.0 (Windows NT 6.1) AppleWebKit/537.36 (KHTML, like Gecko) Chrome/102.0.0.0 Safari/537.36  
[2022-06-16 04:46:44] local.DEBUG: -> error string  
[2022-06-16 04:46:44] local.DEBUG: SQLSTATE[HY000] [1044] Access denied for user 'tpc'@'localhost' to database 'master_agent' (SQL: select * from `platform`)  
[2022-06-16 04:46:44] local.DEBUG: -> end  
[2022-06-16 04:46:59] local.DEBUG: error exception | AgentController -> get()  
[2022-06-16 04:46:59] local.DEBUG: user agent : Mozilla/5.0 (Windows NT 6.1) AppleWebKit/537.36 (KHTML, like Gecko) Chrome/102.0.0.0 Safari/537.36  
[2022-06-16 04:46:59] local.DEBUG: -> error string  
[2022-06-16 04:46:59] local.DEBUG: SQLSTATE[HY000] [1044] Access denied for user 'tpc'@'localhost' to database 'master_agent' (SQL: select * from `platform`)  
[2022-06-16 04:46:59] local.DEBUG: -> end  
[2022-06-16 04:47:49] local.DEBUG: error exception | AgentController -> get()  
[2022-06-16 04:47:49] local.DEBUG: user agent : Mozilla/5.0 (Windows NT 6.1) AppleWebKit/537.36 (KHTML, like Gecko) Chrome/102.0.0.0 Safari/537.36  
[2022-06-16 04:47:49] local.DEBUG: -> error string  
[2022-06-16 04:47:49] local.DEBUG: SQLSTATE[HY000] [1044] Access denied for user 'tpc'@'localhost' to database 'master_agent' (SQL: select * from `platform`)  
[2022-06-16 04:47:49] local.DEBUG: -> end  
[2022-06-16 04:48:11] local.DEBUG: error exception | AgentController -> get()  
[2022-06-16 04:48:11] local.DEBUG: user agent : Mozilla/5.0 (Windows NT 6.1) AppleWebKit/537.36 (KHTML, like Gecko) Chrome/102.0.0.0 Safari/537.36  
[2022-06-16 04:48:11] local.DEBUG: -> error string  
[2022-06-16 04:48:11] local.DEBUG: SQLSTATE[HY000] [1044] Access denied for user 'tpc'@'localhost' to database 'master_agent' (SQL: select * from `platform`)  
[2022-06-16 04:48:11] local.DEBUG: -> end  
[2022-06-16 04:50:55] local.DEBUG: error exception | AgentController -> get()  
[2022-06-16 04:50:55] local.DEBUG: user agent : Mozilla/5.0 (Windows NT 6.1) AppleWebKit/537.36 (KHTML, like Gecko) Chrome/102.0.0.0 Safari/537.36  
[2022-06-16 04:50:55] local.DEBUG: -> error string  
[2022-06-16 04:50:55] local.DEBUG: SQLSTATE[HY000] [1044] Access denied for user 'tpc'@'localhost' to database 'master_agent' (SQL: select * from `platform`)  
[2022-06-16 04:50:55] local.DEBUG: -> end  
[2022-06-16 04:54:43] local.DEBUG: error exception | AgentController -> get()  
[2022-06-16 04:54:43] local.DEBUG: user agent : Mozilla/5.0 (Windows NT 6.1) AppleWebKit/537.36 (KHTML, like Gecko) Chrome/102.0.0.0 Safari/537.36  
[2022-06-16 04:54:43] local.DEBUG: -> error string  
[2022-06-16 04:54:43] local.DEBUG: SQLSTATE[HY000] [1044] Access denied for user 'tpc'@'localhost' to database 'master_agent' (SQL: select * from `platform`)  
[2022-06-16 04:54:43] local.DEBUG: -> end  
[2022-06-16 04:56:02] local.DEBUG: error exception | AgentController -> get()  
[2022-06-16 04:56:02] local.DEBUG: user agent : Mozilla/5.0 (Windows NT 6.1) AppleWebKit/537.36 (KHTML, like Gecko) Chrome/102.0.0.0 Safari/537.36  
[2022-06-16 04:56:02] local.DEBUG: -> error string  
[2022-06-16 04:56:02] local.DEBUG: SQLSTATE[HY000] [1044] Access denied for user 'tpc'@'localhost' to database 'master_agent' (SQL: select * from `platform`)  
[2022-06-16 04:56:02] local.DEBUG: -> end  
[2022-06-16 05:00:08] local.DEBUG: error exception | AgentController -> get()  
[2022-06-16 05:00:08] local.DEBUG: user agent : Mozilla/5.0 (Windows NT 6.1) AppleWebKit/537.36 (KHTML, like Gecko) Chrome/102.0.0.0 Safari/537.36  
[2022-06-16 05:00:08] local.DEBUG: -> error string  
[2022-06-16 05:00:08] local.DEBUG: SQLSTATE[HY000] [1044] Access denied for user 'tpc'@'localhost' to database 'master_agent' (SQL: select * from `platform`)  
[2022-06-16 05:00:08] local.DEBUG: -> end  
[2022-06-16 05:00:52] local.DEBUG: error exception | AgentController -> get()  
[2022-06-16 05:00:52] local.DEBUG: user agent : Mozilla/5.0 (Windows NT 6.1) AppleWebKit/537.36 (KHTML, like Gecko) Chrome/102.0.0.0 Safari/537.36  
[2022-06-16 05:00:52] local.DEBUG: -> error string  
[2022-06-16 05:00:52] local.DEBUG: SQLSTATE[HY000] [1044] Access denied for user 'tpc'@'localhost' to database 'master_agent' (SQL: select * from `platform`)  
[2022-06-16 05:00:52] local.DEBUG: -> end  
[2022-06-16 05:01:14] local.DEBUG: error exception | AgentController -> get()  
[2022-06-16 05:01:14] local.DEBUG: user agent : Mozilla/5.0 (Windows NT 6.1) AppleWebKit/537.36 (KHTML, like Gecko) Chrome/102.0.0.0 Safari/537.36  
[2022-06-16 05:01:14] local.DEBUG: -> error string  
[2022-06-16 05:01:14] local.DEBUG: SQLSTATE[HY000] [1044] Access denied for user 'tpc'@'localhost' to database 'master_agent' (SQL: select * from `platform`)  
[2022-06-16 05:01:14] local.DEBUG: -> end  
[2022-06-16 05:03:19] local.DEBUG: error exception | AgentController -> get()  
[2022-06-16 05:03:19] local.DEBUG: user agent : Mozilla/5.0 (Windows NT 6.1) AppleWebKit/537.36 (KHTML, like Gecko) Chrome/102.0.0.0 Safari/537.36  
[2022-06-16 05:03:19] local.DEBUG: -> error string  
[2022-06-16 05:03:19] local.DEBUG: SQLSTATE[HY000] [1044] Access denied for user 'tpc'@'localhost' to database 'master_agent' (SQL: select * from `platform`)  
[2022-06-16 05:03:19] local.DEBUG: -> end  
[2022-06-16 05:08:48] local.DEBUG: error exception | AgentController -> get()  
[2022-06-16 05:08:48] local.DEBUG: user agent : Mozilla/5.0 (Windows NT 6.1) AppleWebKit/537.36 (KHTML, like Gecko) Chrome/102.0.0.0 Safari/537.36  
[2022-06-16 05:08:48] local.DEBUG: -> error string  
[2022-06-16 05:08:48] local.DEBUG: SQLSTATE[HY000] [1044] Access denied for user 'tpc'@'localhost' to database 'master_agent' (SQL: select * from `platform`)  
[2022-06-16 05:08:48] local.DEBUG: -> end  
[2022-06-16 05:09:44] local.DEBUG: error exception | AgentController -> get()  
[2022-06-16 05:09:44] local.DEBUG: user agent : Mozilla/5.0 (Windows NT 6.1) AppleWebKit/537.36 (KHTML, like Gecko) Chrome/102.0.0.0 Safari/537.36  
[2022-06-16 05:09:44] local.DEBUG: -> error string  
[2022-06-16 05:09:44] local.DEBUG: SQLSTATE[HY000] [1044] Access denied for user 'tpc'@'localhost' to database 'master_agent' (SQL: select * from `platform`)  
[2022-06-16 05:09:44] local.DEBUG: -> end  
[2022-06-16 05:27:43] local.DEBUG: error exception | AgentController -> get()  
[2022-06-16 05:27:43] local.DEBUG: user agent : Mozilla/5.0 (Windows NT 6.1) AppleWebKit/537.36 (KHTML, like Gecko) Chrome/102.0.0.0 Safari/537.36  
[2022-06-16 05:27:43] local.DEBUG: -> error string  
[2022-06-16 05:27:43] local.DEBUG: SQLSTATE[HY000] [1044] Access denied for user 'tpc'@'localhost' to database 'master_agent' (SQL: select * from `platform`)  
[2022-06-16 05:27:43] local.DEBUG: -> end  
[2022-06-16 05:28:47] local.DEBUG: error exception | AgentController -> get()  
[2022-06-16 05:28:47] local.DEBUG: user agent : Mozilla/5.0 (Windows NT 6.1) AppleWebKit/537.36 (KHTML, like Gecko) Chrome/102.0.0.0 Safari/537.36  
[2022-06-16 05:28:47] local.DEBUG: -> error string  
[2022-06-16 05:28:47] local.DEBUG: SQLSTATE[HY000] [1044] Access denied for user 'tpc'@'localhost' to database 'master_agent' (SQL: select * from `platform`)  
[2022-06-16 05:28:47] local.DEBUG: -> end  
[2022-06-16 05:30:07] local.DEBUG: error exception | AgentController -> get()  
[2022-06-16 05:30:07] local.DEBUG: user agent : Mozilla/5.0 (Windows NT 6.1) AppleWebKit/537.36 (KHTML, like Gecko) Chrome/102.0.0.0 Safari/537.36  
[2022-06-16 05:30:07] local.DEBUG: -> error string  
[2022-06-16 05:30:07] local.DEBUG: SQLSTATE[HY000] [1044] Access denied for user 'tpc'@'localhost' to database 'master_agent' (SQL: select * from `platform`)  
[2022-06-16 05:30:07] local.DEBUG: -> end  
[2022-06-16 06:19:29] local.DEBUG: error exception | AgentController -> get()  
[2022-06-16 06:19:29] local.DEBUG: user agent : Mozilla/5.0 (Linux; Android 4.1.1; X909 Build/JRO03L) AppleWebKit/537.36 (KHTML, like Gecko) Chrome/30.0.1599.92 Mobile Safari/537.36  
[2022-06-16 06:19:29] local.DEBUG: -> error string  
[2022-06-16 06:19:29] local.DEBUG: SQLSTATE[HY000] [1044] Access denied for user 'tpc'@'localhost' to database 'master_agent' (SQL: select * from `platform`)  
[2022-06-16 06:19:29] local.DEBUG: -> end  
[2022-06-16 06:20:36] local.DEBUG: error exception | AgentController -> get()  
[2022-06-16 06:20:36] local.DEBUG: user agent : Mozilla/5.0 (Linux; Android 4.1.1; X909 Build/JRO03L) AppleWebKit/537.36 (KHTML, like Gecko) Chrome/30.0.1599.92 Mobile Safari/537.36  
[2022-06-16 06:20:36] local.DEBUG: -> error string  
[2022-06-16 06:20:36] local.DEBUG: SQLSTATE[HY000] [1044] Access denied for user 'tpc'@'localhost' to database 'master_agent' (SQL: select * from `platform`)  
[2022-06-16 06:20:36] local.DEBUG: -> end  
[2022-06-16 06:25:06] local.DEBUG: error exception | AgentController -> get()  
[2022-06-16 06:25:06] local.DEBUG: user agent : Mozilla/5.0 (Linux; Android 4.1.1; X909 Build/JRO03L) AppleWebKit/537.36 (KHTML, like Gecko) Chrome/30.0.1599.92 Mobile Safari/537.36  
[2022-06-16 06:25:06] local.DEBUG: -> error string  
[2022-06-16 06:25:06] local.DEBUG: SQLSTATE[HY000] [1044] Access denied for user 'tpc'@'localhost' to database 'master_agent' (SQL: select * from `platform`)  
[2022-06-16 06:25:06] local.DEBUG: -> end  
[2022-06-16 06:27:13] local.DEBUG: error exception | AgentController -> get()  
[2022-06-16 06:27:13] local.DEBUG: user agent : Mozilla/5.0 (Linux; Android 4.1.1; X909 Build/JRO03L) AppleWebKit/537.36 (KHTML, like Gecko) Chrome/30.0.1599.92 Mobile Safari/537.36  
[2022-06-16 06:27:13] local.DEBUG: -> error string  
[2022-06-16 06:27:13] local.DEBUG: SQLSTATE[HY000] [1044] Access denied for user 'tpc'@'localhost' to database 'master_agent' (SQL: select * from `platform`)  
[2022-06-16 06:27:13] local.DEBUG: -> end  
[2022-06-16 06:27:25] local.DEBUG: error exception | AgentController -> get()  
[2022-06-16 06:27:25] local.DEBUG: user agent : Mozilla/5.0 (Linux; Android 4.1.1; X909 Build/JRO03L) AppleWebKit/537.36 (KHTML, like Gecko) Chrome/30.0.1599.92 Mobile Safari/537.36  
[2022-06-16 06:27:25] local.DEBUG: -> error string  
[2022-06-16 06:27:25] local.DEBUG: SQLSTATE[HY000] [1044] Access denied for user 'tpc'@'localhost' to database 'master_agent' (SQL: select * from `platform`)  
[2022-06-16 06:27:25] local.DEBUG: -> end  
[2022-06-16 06:30:27] local.DEBUG: error exception | AgentController -> get()  
[2022-06-16 06:30:27] local.DEBUG: user agent : Mozilla/5.0 (Windows NT 6.1) AppleWebKit/537.36 (KHTML, like Gecko) Chrome/102.0.0.0 Safari/537.36  
[2022-06-16 06:30:27] local.DEBUG: -> error string  
[2022-06-16 06:30:27] local.DEBUG: SQLSTATE[HY000] [1044] Access denied for user 'tpc'@'localhost' to database 'master_agent' (SQL: select * from `platform`)  
[2022-06-16 06:30:27] local.DEBUG: -> end  
[2022-06-16 06:31:18] local.DEBUG: error exception | AgentController -> get()  
[2022-06-16 06:31:18] local.DEBUG: user agent : Mozilla/5.0 (Windows NT 6.1) AppleWebKit/537.36 (KHTML, like Gecko) Chrome/102.0.0.0 Safari/537.36  
[2022-06-16 06:31:18] local.DEBUG: -> error string  
[2022-06-16 06:31:18] local.DEBUG: SQLSTATE[HY000] [1044] Access denied for user 'tpc'@'localhost' to database 'master_agent' (SQL: select * from `platform`)  
[2022-06-16 06:31:18] local.DEBUG: -> end  
[2022-06-16 06:32:36] local.DEBUG: error exception | AgentController -> get()  
[2022-06-16 06:32:36] local.DEBUG: user agent : Mozilla/5.0 (Linux; Android 8.0; Pixel 2 Build/OPD3.170816.012) AppleWebKit/537.36 (KHTML, like Gecko) Chrome/102.0.0.0 Mobile Safari/537.36  
[2022-06-16 06:32:36] local.DEBUG: -> error string  
[2022-06-16 06:32:36] local.DEBUG: SQLSTATE[HY000] [1044] Access denied for user 'tpc'@'localhost' to database 'master_agent' (SQL: select * from `platform`)  
[2022-06-16 06:32:36] local.DEBUG: -> end  
[2022-06-16 06:32:48] local.DEBUG: error exception | AgentController -> get()  
[2022-06-16 06:32:48] local.DEBUG: user agent : Mozilla/5.0 (Linux; Android 8.0; Pixel 2 Build/OPD3.170816.012) AppleWebKit/537.36 (KHTML, like Gecko) Chrome/102.0.0.0 Mobile Safari/537.36  
[2022-06-16 06:32:48] local.DEBUG: -> error string  
[2022-06-16 06:32:48] local.DEBUG: SQLSTATE[HY000] [1044] Access denied for user 'tpc'@'localhost' to database 'master_agent' (SQL: select * from `platform`)  
[2022-06-16 06:32:48] local.DEBUG: -> end  
[2022-06-16 06:34:38] local.DEBUG: error exception | AgentController -> get()  
[2022-06-16 06:34:38] local.DEBUG: user agent : Mozilla/5.0 (Windows NT 6.1) AppleWebKit/537.36 (KHTML, like Gecko) Chrome/102.0.0.0 Safari/537.36  
[2022-06-16 06:34:38] local.DEBUG: -> error string  
[2022-06-16 06:34:38] local.DEBUG: SQLSTATE[HY000] [1044] Access denied for user 'tpc'@'localhost' to database 'master_agent' (SQL: select * from `platform`)  
[2022-06-16 06:34:38] local.DEBUG: -> end  
[2022-06-16 06:35:39] local.DEBUG: error exception | AgentController -> get()  
[2022-06-16 06:35:39] local.DEBUG: user agent : Mozilla/5.0 (Linux; Android 4.1.1; X909 Build/JRO03L) AppleWebKit/537.36 (KHTML, like Gecko) Chrome/30.0.1599.92 Mobile Safari/537.36  
[2022-06-16 06:35:39] local.DEBUG: -> error string  
[2022-06-16 06:35:39] local.DEBUG: SQLSTATE[HY000] [1044] Access denied for user 'tpc'@'localhost' to database 'master_agent' (SQL: select * from `platform`)  
[2022-06-16 06:35:39] local.DEBUG: -> end  
[2022-06-16 06:45:29] local.DEBUG: error exception | AgentController -> get()  
[2022-06-16 06:45:29] local.DEBUG: user agent : Mozilla/5.0 (Linux; Android 4.1.1; X909 Build/JRO03L) AppleWebKit/537.36 (KHTML, like Gecko) Chrome/30.0.1599.92 Mobile Safari/537.36  
[2022-06-16 06:45:29] local.DEBUG: -> error string  
[2022-06-16 06:45:29] local.DEBUG: SQLSTATE[HY000] [1044] Access denied for user 'tpc'@'localhost' to database 'master_agent' (SQL: select * from `platform`)  
[2022-06-16 06:45:29] local.DEBUG: -> end  
[2022-06-16 06:46:48] local.DEBUG: error exception | AgentController -> get()  
[2022-06-16 06:46:48] local.DEBUG: user agent : Mozilla/5.0 (Linux; Android 10; Redmi Note 9 Pro) AppleWebKit/537.36 (KHTML, like Gecko) Chrome/87.0.4280.86 Mobile Safari/537.36  
[2022-06-16 06:46:48] local.DEBUG: -> error string  
[2022-06-16 06:46:48] local.DEBUG: SQLSTATE[HY000] [1044] Access denied for user 'tpc'@'localhost' to database 'master_agent' (SQL: select * from `platform`)  
[2022-06-16 06:46:48] local.DEBUG: -> end  
[2022-06-16 06:48:01] local.DEBUG: error exception | AgentController -> get()  
[2022-06-16 06:48:01] local.DEBUG: user agent : Mozilla/5.0 (Linux; Android 10; Redmi Note 9 Pro) AppleWebKit/537.36 (KHTML, like Gecko) Chrome/87.0.4280.86 Mobile Safari/537.36  
[2022-06-16 06:48:01] local.DEBUG: -> error string  
[2022-06-16 06:48:01] local.DEBUG: SQLSTATE[HY000] [1044] Access denied for user 'tpc'@'localhost' to database 'master_agent' (SQL: select * from `platform`)  
[2022-06-16 06:48:01] local.DEBUG: -> end  
[2022-06-16 06:53:45] local.DEBUG: error exception | AgentController -> get()  
[2022-06-16 06:53:45] local.DEBUG: user agent : Mozilla/5.0 (Windows NT 6.1) AppleWebKit/537.36 (KHTML, like Gecko) Chrome/102.0.0.0 Safari/537.36  
[2022-06-16 06:53:45] local.DEBUG: -> error string  
[2022-06-16 06:53:45] local.DEBUG: SQLSTATE[HY000] [1044] Access denied for user 'tpc'@'localhost' to database 'master_agent' (SQL: select * from `platform`)  
[2022-06-16 06:53:45] local.DEBUG: -> end  
[2022-06-16 06:56:44] local.DEBUG: error exception | AgentController -> get()  
[2022-06-16 06:56:44] local.DEBUG: user agent : Mozilla/5.0 (Linux; Android 4.1.1; X909 Build/JRO03L) AppleWebKit/537.36 (KHTML, like Gecko) Chrome/30.0.1599.92 Mobile Safari/537.36  
[2022-06-16 06:56:44] local.DEBUG: -> error string  
[2022-06-16 06:56:44] local.DEBUG: SQLSTATE[HY000] [1044] Access denied for user 'tpc'@'localhost' to database 'master_agent' (SQL: select * from `platform`)  
[2022-06-16 06:56:44] local.DEBUG: -> end  
[2022-06-16 06:57:48] local.DEBUG: error exception | AgentController -> get()  
[2022-06-16 06:57:48] local.DEBUG: user agent : Mozilla/5.0 (Windows NT 6.1) AppleWebKit/537.36 (KHTML, like Gecko) Chrome/102.0.0.0 Safari/537.36  
[2022-06-16 06:57:48] local.DEBUG: -> error string  
[2022-06-16 06:57:48] local.DEBUG: SQLSTATE[HY000] [1044] Access denied for user 'tpc'@'localhost' to database 'master_agent' (SQL: select * from `platform`)  
[2022-06-16 06:57:48] local.DEBUG: -> end  
[2022-06-16 06:58:13] local.DEBUG: error exception | AgentController -> get()  
[2022-06-16 06:58:13] local.DEBUG: user agent : Mozilla/5.0 (Windows NT 6.1) AppleWebKit/537.36 (KHTML, like Gecko) Chrome/102.0.0.0 Safari/537.36  
[2022-06-16 06:58:13] local.DEBUG: -> error string  
[2022-06-16 06:58:13] local.DEBUG: SQLSTATE[HY000] [1044] Access denied for user 'tpc'@'localhost' to database 'master_agent' (SQL: select * from `platform`)  
[2022-06-16 06:58:13] local.DEBUG: -> end  
[2022-06-16 06:59:01] local.DEBUG: error exception | AgentController -> get()  
[2022-06-16 06:59:01] local.DEBUG: user agent : Mozilla/5.0 (Windows NT 6.1) AppleWebKit/537.36 (KHTML, like Gecko) Chrome/102.0.0.0 Safari/537.36  
[2022-06-16 06:59:01] local.DEBUG: -> error string  
[2022-06-16 06:59:01] local.DEBUG: SQLSTATE[HY000] [1044] Access denied for user 'tpc'@'localhost' to database 'master_agent' (SQL: select * from `platform`)  
[2022-06-16 06:59:01] local.DEBUG: -> end  
[2022-06-16 06:59:21] local.DEBUG: error exception | AgentController -> get()  
[2022-06-16 06:59:21] local.DEBUG: user agent : Mozilla/5.0 (Windows NT 6.1) AppleWebKit/537.36 (KHTML, like Gecko) Chrome/102.0.0.0 Safari/537.36  
[2022-06-16 06:59:21] local.DEBUG: -> error string  
[2022-06-16 06:59:21] local.DEBUG: SQLSTATE[HY000] [1044] Access denied for user 'tpc'@'localhost' to database 'master_agent' (SQL: select * from `platform`)  
[2022-06-16 06:59:21] local.DEBUG: -> end  
[2022-06-16 07:01:05] local.DEBUG: error exception | AgentController -> get()  
[2022-06-16 07:01:05] local.DEBUG: user agent : Mozilla/5.0 (Linux; Android 4.1.1; X909 Build/JRO03L) AppleWebKit/537.36 (KHTML, like Gecko) Chrome/30.0.1599.92 Mobile Safari/537.36  
[2022-06-16 07:01:05] local.DEBUG: -> error string  
[2022-06-16 07:01:05] local.DEBUG: SQLSTATE[HY000] [1044] Access denied for user 'tpc'@'localhost' to database 'master_agent' (SQL: select * from `platform`)  
[2022-06-16 07:01:05] local.DEBUG: -> end  
[2022-06-16 07:01:57] local.DEBUG: error exception | AgentController -> get()  
[2022-06-16 07:01:57] local.DEBUG: user agent : Mozilla/5.0 (Linux; Android 8.0; Pixel 2 Build/OPD3.170816.012) AppleWebKit/537.36 (KHTML, like Gecko) Chrome/102.0.0.0 Mobile Safari/537.36  
[2022-06-16 07:01:57] local.DEBUG: -> error string  
[2022-06-16 07:01:57] local.DEBUG: SQLSTATE[HY000] [1044] Access denied for user 'tpc'@'localhost' to database 'master_agent' (SQL: select * from `platform`)  
[2022-06-16 07:01:57] local.DEBUG: -> end  
[2022-06-16 07:36:44] local.DEBUG: error exception | AgentController -> get()  
[2022-06-16 07:36:44] local.DEBUG: user agent : Mozilla/5.0 (Windows NT 6.1) AppleWebKit/537.36 (KHTML, like Gecko) Chrome/102.0.0.0 Safari/537.36  
[2022-06-16 07:36:44] local.DEBUG: -> error string  
[2022-06-16 07:36:44] local.DEBUG: SQLSTATE[HY000] [1044] Access denied for user 'tpc'@'localhost' to database 'master_agent' (SQL: select * from `platform`)  
[2022-06-16 07:36:44] local.DEBUG: -> end  
[2022-06-16 07:58:52] local.DEBUG: error exception | AgentController -> get()  
[2022-06-16 07:58:52] local.DEBUG: user agent : Mozilla/5.0 (Windows NT 6.1) AppleWebKit/537.36 (KHTML, like Gecko) Chrome/102.0.0.0 Safari/537.36  
[2022-06-16 07:58:52] local.DEBUG: -> error string  
[2022-06-16 07:58:52] local.DEBUG: SQLSTATE[HY000] [1044] Access denied for user 'tpc'@'localhost' to database 'master_agent' (SQL: select * from `platform`)  
[2022-06-16 07:58:52] local.DEBUG: -> end  
[2022-06-16 08:14:29] local.DEBUG: error exception | AgentController -> get()  
[2022-06-16 08:14:29] local.DEBUG: user agent : Mozilla/5.0 (Windows NT 6.1) AppleWebKit/537.36 (KHTML, like Gecko) Chrome/102.0.0.0 Safari/537.36  
[2022-06-16 08:14:29] local.DEBUG: -> error string  
[2022-06-16 08:14:29] local.DEBUG: SQLSTATE[HY000] [1044] Access denied for user 'tpc'@'localhost' to database 'master_agent' (SQL: select * from `platform`)  
[2022-06-16 08:14:29] local.DEBUG: -> end  
[2022-06-16 08:24:59] local.DEBUG: error exception | AgentController -> get()  
[2022-06-16 08:24:59] local.DEBUG: user agent : Mozilla/5.0 (Windows NT 6.1) AppleWebKit/537.36 (KHTML, like Gecko) Chrome/102.0.0.0 Safari/537.36  
[2022-06-16 08:24:59] local.DEBUG: -> error string  
[2022-06-16 08:24:59] local.DEBUG: SQLSTATE[HY000] [2002] No connection could be made because the target machine actively refused it.
 (SQL: select * from `platform`)  
[2022-06-16 08:24:59] local.DEBUG: -> end  
[2022-06-16 08:25:21] local.DEBUG: error exception | AgentController -> get()  
[2022-06-16 08:25:21] local.DEBUG: user agent : Mozilla/5.0 (Windows NT 6.1) AppleWebKit/537.36 (KHTML, like Gecko) Chrome/102.0.0.0 Safari/537.36  
[2022-06-16 08:25:21] local.DEBUG: -> error string  
[2022-06-16 08:25:21] local.DEBUG: SQLSTATE[HY000] [2002] No connection could be made because the target machine actively refused it.
 (SQL: select * from `platform`)  
[2022-06-16 08:25:21] local.DEBUG: -> end  
[2022-06-16 08:25:26] local.DEBUG: error exception | AgentController -> get()  
[2022-06-16 08:25:26] local.DEBUG: user agent : Mozilla/5.0 (Linux; Android 8.0; Pixel 2 Build/OPD3.170816.012) AppleWebKit/537.36 (KHTML, like Gecko) Chrome/102.0.0.0 Mobile Safari/537.36  
[2022-06-16 08:25:26] local.DEBUG: -> error string  
[2022-06-16 08:25:26] local.DEBUG: SQLSTATE[HY000] [2002] No connection could be made because the target machine actively refused it.
 (SQL: select * from `platform`)  
[2022-06-16 08:25:26] local.DEBUG: -> end  
[2022-06-16 08:25:28] local.DEBUG: error exception | AgentController -> get()  
[2022-06-16 08:25:28] local.DEBUG: user agent : Mozilla/5.0 (Linux; Android 8.0; Pixel 2 Build/OPD3.170816.012) AppleWebKit/537.36 (KHTML, like Gecko) Chrome/102.0.0.0 Mobile Safari/537.36  
[2022-06-16 08:25:28] local.DEBUG: -> error string  
[2022-06-16 08:25:28] local.DEBUG: SQLSTATE[HY000] [2002] No connection could be made because the target machine actively refused it.
 (SQL: select * from `platform`)  
[2022-06-16 08:25:28] local.DEBUG: -> end  
[2022-06-16 08:25:30] local.DEBUG: error exception | AgentController -> get()  
[2022-06-16 08:25:30] local.DEBUG: user agent : Mozilla/5.0 (Linux; Android 8.0; Pixel 2 Build/OPD3.170816.012) AppleWebKit/537.36 (KHTML, like Gecko) Chrome/102.0.0.0 Mobile Safari/537.36  
[2022-06-16 08:25:30] local.DEBUG: -> error string  
[2022-06-16 08:25:30] local.DEBUG: SQLSTATE[HY000] [2002] No connection could be made because the target machine actively refused it.
 (SQL: select * from `platform`)  
[2022-06-16 08:25:30] local.DEBUG: -> end  
[2022-06-16 08:25:33] local.DEBUG: error exception | AgentController -> get()  
[2022-06-16 08:25:33] local.DEBUG: user agent : Mozilla/5.0 (Linux; Android 8.0; Pixel 2 Build/OPD3.170816.012) AppleWebKit/537.36 (KHTML, like Gecko) Chrome/102.0.0.0 Mobile Safari/537.36  
[2022-06-16 08:25:33] local.DEBUG: -> error string  
[2022-06-16 08:25:33] local.DEBUG: SQLSTATE[HY000] [2002] No connection could be made because the target machine actively refused it.
 (SQL: select * from `platform`)  
[2022-06-16 08:25:33] local.DEBUG: -> end  
[2022-06-16 08:25:35] local.DEBUG: error exception | AgentController -> get()  
[2022-06-16 08:25:35] local.DEBUG: user agent : Mozilla/5.0 (Linux; Android 8.0; Pixel 2 Build/OPD3.170816.012) AppleWebKit/537.36 (KHTML, like Gecko) Chrome/102.0.0.0 Mobile Safari/537.36  
[2022-06-16 08:25:35] local.DEBUG: -> error string  
[2022-06-16 08:25:35] local.DEBUG: SQLSTATE[HY000] [2002] No connection could be made because the target machine actively refused it.
 (SQL: select * from `platform`)  
[2022-06-16 08:25:35] local.DEBUG: -> end  
[2022-06-16 08:25:37] local.DEBUG: error exception | AgentController -> get()  
[2022-06-16 08:25:37] local.DEBUG: user agent : Mozilla/5.0 (Linux; Android 8.0; Pixel 2 Build/OPD3.170816.012) AppleWebKit/537.36 (KHTML, like Gecko) Chrome/102.0.0.0 Mobile Safari/537.36  
[2022-06-16 08:25:37] local.DEBUG: -> error string  
[2022-06-16 08:25:37] local.DEBUG: SQLSTATE[HY000] [2002] No connection could be made because the target machine actively refused it.
 (SQL: select * from `platform`)  
[2022-06-16 08:25:37] local.DEBUG: -> end  
[2022-06-16 08:25:39] local.DEBUG: error exception | AgentController -> get()  
[2022-06-16 08:25:39] local.DEBUG: user agent : Mozilla/5.0 (Linux; Android 8.0; Pixel 2 Build/OPD3.170816.012) AppleWebKit/537.36 (KHTML, like Gecko) Chrome/102.0.0.0 Mobile Safari/537.36  
[2022-06-16 08:25:39] local.DEBUG: -> error string  
[2022-06-16 08:25:39] local.DEBUG: SQLSTATE[HY000] [2002] No connection could be made because the target machine actively refused it.
 (SQL: select * from `platform`)  
[2022-06-16 08:25:39] local.DEBUG: -> end  
[2022-06-16 08:25:41] local.DEBUG: error exception | AgentController -> get()  
[2022-06-16 08:25:41] local.DEBUG: user agent : Mozilla/5.0 (Linux; Android 8.0; Pixel 2 Build/OPD3.170816.012) AppleWebKit/537.36 (KHTML, like Gecko) Chrome/102.0.0.0 Mobile Safari/537.36  
[2022-06-16 08:25:41] local.DEBUG: -> error string  
[2022-06-16 08:25:41] local.DEBUG: SQLSTATE[HY000] [2002] No connection could be made because the target machine actively refused it.
 (SQL: select * from `platform`)  
[2022-06-16 08:25:41] local.DEBUG: -> end  
[2022-06-16 08:25:43] local.DEBUG: error exception | AgentController -> get()  
[2022-06-16 08:25:43] local.DEBUG: user agent : Mozilla/5.0 (Linux; Android 8.0; Pixel 2 Build/OPD3.170816.012) AppleWebKit/537.36 (KHTML, like Gecko) Chrome/102.0.0.0 Mobile Safari/537.36  
[2022-06-16 08:25:43] local.DEBUG: -> error string  
[2022-06-16 08:25:43] local.DEBUG: SQLSTATE[HY000] [2002] No connection could be made because the target machine actively refused it.
 (SQL: select * from `platform`)  
[2022-06-16 08:25:43] local.DEBUG: -> end  
[2022-06-16 08:25:46] local.DEBUG: error exception | AgentController -> get()  
[2022-06-16 08:25:46] local.DEBUG: user agent : Mozilla/5.0 (Linux; Android 8.0; Pixel 2 Build/OPD3.170816.012) AppleWebKit/537.36 (KHTML, like Gecko) Chrome/102.0.0.0 Mobile Safari/537.36  
[2022-06-16 08:25:46] local.DEBUG: -> error string  
[2022-06-16 08:25:46] local.DEBUG: SQLSTATE[HY000] [2002] No connection could be made because the target machine actively refused it.
 (SQL: select * from `platform`)  
[2022-06-16 08:25:46] local.DEBUG: -> end  
[2022-06-16 08:26:42] local.DEBUG: error exception | AgentController -> get()  
[2022-06-16 08:26:42] local.DEBUG: user agent : Mozilla/5.0 (Linux; Android 4.1.1; X909 Build/JRO03L) AppleWebKit/537.36 (KHTML, like Gecko) Chrome/30.0.1599.92 Mobile Safari/537.36  
[2022-06-16 08:26:42] local.DEBUG: -> error string  
[2022-06-16 08:26:42] local.DEBUG: SQLSTATE[HY000] [2002] No connection could be made because the target machine actively refused it.
 (SQL: select * from `platform`)  
[2022-06-16 08:26:42] local.DEBUG: -> end  
