[2022-03-15 03:14:10] local.ERROR: Target class [landing] does not exist. {"exception":"[object] (Illuminate\\Contracts\\Container\\BindingResolutionException(code: 0): Target class [landing] does not exist. at D:\\Panya.l\\MyProject\\xampp\\htdocs\\Project\\TPC_New\\frontend\\vendor\\laravel\\framework\\src\\Illuminate\\Container\\Container.php:805)
[stacktrace]
#0 D:\\Panya.l\\MyProject\\xampp\\htdocs\\Project\\TPC_New\\frontend\\vendor\\laravel\\framework\\src\\Illuminate\\Container\\Container.php(681): Illuminate\\Container\\Container->build('landing')
#1 D:\\Panya.l\\MyProject\\xampp\\htdocs\\Project\\TPC_New\\frontend\\vendor\\laravel\\framework\\src\\Illuminate\\Foundation\\Application.php(785): Illuminate\\Container\\Container->resolve('landing', Array, true)
#2 D:\\Panya.l\\MyProject\\xampp\\htdocs\\Project\\TPC_New\\frontend\\vendor\\laravel\\framework\\src\\Illuminate\\Container\\Container.php(629): Illuminate\\Foundation\\Application->resolve('landing', Array)
#3 D:\\Panya.l\\MyProject\\xampp\\htdocs\\Project\\TPC_New\\frontend\\vendor\\laravel\\framework\\src\\Illuminate\\Foundation\\Application.php(770): Illuminate\\Container\\Container->make('landing', Array)
#4 D:\\Panya.l\\MyProject\\xampp\\htdocs\\Project\\TPC_New\\frontend\\vendor\\laravel\\framework\\src\\Illuminate\\Pipeline\\Pipeline.php(160): Illuminate\\Foundation\\Application->make('landing')
#5 D:\\Panya.l\\MyProject\\xampp\\htdocs\\Project\\TPC_New\\frontend\\vendor\\laravel\\framework\\src\\Illuminate\\Pipeline\\Pipeline.php(105): Illuminate\\Pipeline\\Pipeline->Illuminate\\Pipeline\\{closure}(Object(Illuminate\\Http\\Request))
#6 D:\\Panya.l\\MyProject\\xampp\\htdocs\\Project\\TPC_New\\frontend\\vendor\\laravel\\framework\\src\\Illuminate\\Routing\\Router.php(683): Illuminate\\Pipeline\\Pipeline->then(Object(Closure))
#7 D:\\Panya.l\\MyProject\\xampp\\htdocs\\Project\\TPC_New\\frontend\\vendor\\laravel\\framework\\src\\Illuminate\\Routing\\Router.php(658): Illuminate\\Routing\\Router->runRouteWithinStack(Object(Illuminate\\Routing\\Route), Object(Illuminate\\Http\\Request))
#8 D:\\Panya.l\\MyProject\\xampp\\htdocs\\Project\\TPC_New\\frontend\\vendor\\laravel\\framework\\src\\Illuminate\\Routing\\Router.php(624): Illuminate\\Routing\\Router->runRoute(Object(Illuminate\\Http\\Request), Object(Illuminate\\Routing\\Route))
#9 D:\\Panya.l\\MyProject\\xampp\\htdocs\\Project\\TPC_New\\frontend\\vendor\\laravel\\framework\\src\\Illuminate\\Routing\\Router.php(613): Illuminate\\Routing\\Router->dispatchToRoute(Object(Illuminate\\Http\\Request))
#10 D:\\Panya.l\\MyProject\\xampp\\htdocs\\Project\\TPC_New\\frontend\\vendor\\laravel\\framework\\src\\Illuminate\\Foundation\\Http\\Kernel.php(170): Illuminate\\Routing\\Router->dispatch(Object(Illuminate\\Http\\Request))
#11 D:\\Panya.l\\MyProject\\xampp\\htdocs\\Project\\TPC_New\\frontend\\vendor\\laravel\\framework\\src\\Illuminate\\Pipeline\\Pipeline.php(130): Illuminate\\Foundation\\Http\\Kernel->Illuminate\\Foundation\\Http\\{closure}(Object(Illuminate\\Http\\Request))
#12 D:\\Panya.l\\MyProject\\xampp\\htdocs\\Project\\TPC_New\\frontend\\vendor\\laravel\\framework\\src\\Illuminate\\Foundation\\Http\\Middleware\\TransformsRequest.php(21): Illuminate\\Pipeline\\Pipeline->Illuminate\\Pipeline\\{closure}(Object(Illuminate\\Http\\Request))
#13 D:\\Panya.l\\MyProject\\xampp\\htdocs\\Project\\TPC_New\\frontend\\vendor\\laravel\\framework\\src\\Illuminate\\Pipeline\\Pipeline.php(171): Illuminate\\Foundation\\Http\\Middleware\\TransformsRequest->handle(Object(Illuminate\\Http\\Request), Object(Closure))
#14 D:\\Panya.l\\MyProject\\xampp\\htdocs\\Project\\TPC_New\\frontend\\vendor\\laravel\\framework\\src\\Illuminate\\Foundation\\Http\\Middleware\\TransformsRequest.php(21): Illuminate\\Pipeline\\Pipeline->Illuminate\\Pipeline\\{closure}(Object(Illuminate\\Http\\Request))
#15 D:\\Panya.l\\MyProject\\xampp\\htdocs\\Project\\TPC_New\\frontend\\vendor\\laravel\\framework\\src\\Illuminate\\Pipeline\\Pipeline.php(171): Illuminate\\Foundation\\Http\\Middleware\\TransformsRequest->handle(Object(Illuminate\\Http\\Request), Object(Closure))
#16 D:\\Panya.l\\MyProject\\xampp\\htdocs\\Project\\TPC_New\\frontend\\vendor\\laravel\\framework\\src\\Illuminate\\Foundation\\Http\\Middleware\\ValidatePostSize.php(27): Illuminate\\Pipeline\\Pipeline->Illuminate\\Pipeline\\{closure}(Object(Illuminate\\Http\\Request))
#17 D:\\Panya.l\\MyProject\\xampp\\htdocs\\Project\\TPC_New\\frontend\\vendor\\laravel\\framework\\src\\Illuminate\\Pipeline\\Pipeline.php(171): Illuminate\\Foundation\\Http\\Middleware\\ValidatePostSize->handle(Object(Illuminate\\Http\\Request), Object(Closure))
#18 D:\\Panya.l\\MyProject\\xampp\\htdocs\\Project\\TPC_New\\frontend\\vendor\\laravel\\framework\\src\\Illuminate\\Foundation\\Http\\Middleware\\CheckForMaintenanceMode.php(63): Illuminate\\Pipeline\\Pipeline->Illuminate\\Pipeline\\{closure}(Object(Illuminate\\Http\\Request))
#19 D:\\Panya.l\\MyProject\\xampp\\htdocs\\Project\\TPC_New\\frontend\\vendor\\laravel\\framework\\src\\Illuminate\\Pipeline\\Pipeline.php(171): Illuminate\\Foundation\\Http\\Middleware\\CheckForMaintenanceMode->handle(Object(Illuminate\\Http\\Request), Object(Closure))
#20 D:\\Panya.l\\MyProject\\xampp\\htdocs\\Project\\TPC_New\\frontend\\vendor\\fideloper\\proxy\\src\\TrustProxies.php(57): Illuminate\\Pipeline\\Pipeline->Illuminate\\Pipeline\\{closure}(Object(Illuminate\\Http\\Request))
#21 D:\\Panya.l\\MyProject\\xampp\\htdocs\\Project\\TPC_New\\frontend\\vendor\\laravel\\framework\\src\\Illuminate\\Pipeline\\Pipeline.php(171): Fideloper\\Proxy\\TrustProxies->handle(Object(Illuminate\\Http\\Request), Object(Closure))
#22 D:\\Panya.l\\MyProject\\xampp\\htdocs\\Project\\TPC_New\\frontend\\vendor\\laravel\\framework\\src\\Illuminate\\Pipeline\\Pipeline.php(105): Illuminate\\Pipeline\\Pipeline->Illuminate\\Pipeline\\{closure}(Object(Illuminate\\Http\\Request))
#23 D:\\Panya.l\\MyProject\\xampp\\htdocs\\Project\\TPC_New\\frontend\\vendor\\laravel\\framework\\src\\Illuminate\\Foundation\\Http\\Kernel.php(145): Illuminate\\Pipeline\\Pipeline->then(Object(Closure))
#24 D:\\Panya.l\\MyProject\\xampp\\htdocs\\Project\\TPC_New\\frontend\\vendor\\laravel\\framework\\src\\Illuminate\\Foundation\\Http\\Kernel.php(110): Illuminate\\Foundation\\Http\\Kernel->sendRequestThroughRouter(Object(Illuminate\\Http\\Request))
#25 D:\\Panya.l\\MyProject\\xampp\\htdocs\\Project\\TPC_New\\frontend\\public\\index.php(55): Illuminate\\Foundation\\Http\\Kernel->handle(Object(Illuminate\\Http\\Request))
#26 D:\\Panya.l\\MyProject\\xampp\\htdocs\\Project\\TPC_New\\frontend\\server.php(21): require_once('D:\\\\Panya.l\\\\MyPr...')
#27 {main}

[previous exception] [object] (ReflectionException(code: -1): Class landing does not exist at D:\\Panya.l\\MyProject\\xampp\\htdocs\\Project\\TPC_New\\frontend\\vendor\\laravel\\framework\\src\\Illuminate\\Container\\Container.php:803)
[stacktrace]
#0 D:\\Panya.l\\MyProject\\xampp\\htdocs\\Project\\TPC_New\\frontend\\vendor\\laravel\\framework\\src\\Illuminate\\Container\\Container.php(803): ReflectionClass->__construct('landing')
#1 D:\\Panya.l\\MyProject\\xampp\\htdocs\\Project\\TPC_New\\frontend\\vendor\\laravel\\framework\\src\\Illuminate\\Container\\Container.php(681): Illuminate\\Container\\Container->build('landing')
#2 D:\\Panya.l\\MyProject\\xampp\\htdocs\\Project\\TPC_New\\frontend\\vendor\\laravel\\framework\\src\\Illuminate\\Foundation\\Application.php(785): Illuminate\\Container\\Container->resolve('landing', Array, true)
#3 D:\\Panya.l\\MyProject\\xampp\\htdocs\\Project\\TPC_New\\frontend\\vendor\\laravel\\framework\\src\\Illuminate\\Container\\Container.php(629): Illuminate\\Foundation\\Application->resolve('landing', Array)
#4 D:\\Panya.l\\MyProject\\xampp\\htdocs\\Project\\TPC_New\\frontend\\vendor\\laravel\\framework\\src\\Illuminate\\Foundation\\Application.php(770): Illuminate\\Container\\Container->make('landing', Array)
#5 D:\\Panya.l\\MyProject\\xampp\\htdocs\\Project\\TPC_New\\frontend\\vendor\\laravel\\framework\\src\\Illuminate\\Pipeline\\Pipeline.php(160): Illuminate\\Foundation\\Application->make('landing')
#6 D:\\Panya.l\\MyProject\\xampp\\htdocs\\Project\\TPC_New\\frontend\\vendor\\laravel\\framework\\src\\Illuminate\\Pipeline\\Pipeline.php(105): Illuminate\\Pipeline\\Pipeline->Illuminate\\Pipeline\\{closure}(Object(Illuminate\\Http\\Request))
#7 D:\\Panya.l\\MyProject\\xampp\\htdocs\\Project\\TPC_New\\frontend\\vendor\\laravel\\framework\\src\\Illuminate\\Routing\\Router.php(683): Illuminate\\Pipeline\\Pipeline->then(Object(Closure))
#8 D:\\Panya.l\\MyProject\\xampp\\htdocs\\Project\\TPC_New\\frontend\\vendor\\laravel\\framework\\src\\Illuminate\\Routing\\Router.php(658): Illuminate\\Routing\\Router->runRouteWithinStack(Object(Illuminate\\Routing\\Route), Object(Illuminate\\Http\\Request))
#9 D:\\Panya.l\\MyProject\\xampp\\htdocs\\Project\\TPC_New\\frontend\\vendor\\laravel\\framework\\src\\Illuminate\\Routing\\Router.php(624): Illuminate\\Routing\\Router->runRoute(Object(Illuminate\\Http\\Request), Object(Illuminate\\Routing\\Route))
#10 D:\\Panya.l\\MyProject\\xampp\\htdocs\\Project\\TPC_New\\frontend\\vendor\\laravel\\framework\\src\\Illuminate\\Routing\\Router.php(613): Illuminate\\Routing\\Router->dispatchToRoute(Object(Illuminate\\Http\\Request))
#11 D:\\Panya.l\\MyProject\\xampp\\htdocs\\Project\\TPC_New\\frontend\\vendor\\laravel\\framework\\src\\Illuminate\\Foundation\\Http\\Kernel.php(170): Illuminate\\Routing\\Router->dispatch(Object(Illuminate\\Http\\Request))
#12 D:\\Panya.l\\MyProject\\xampp\\htdocs\\Project\\TPC_New\\frontend\\vendor\\laravel\\framework\\src\\Illuminate\\Pipeline\\Pipeline.php(130): Illuminate\\Foundation\\Http\\Kernel->Illuminate\\Foundation\\Http\\{closure}(Object(Illuminate\\Http\\Request))
#13 D:\\Panya.l\\MyProject\\xampp\\htdocs\\Project\\TPC_New\\frontend\\vendor\\laravel\\framework\\src\\Illuminate\\Foundation\\Http\\Middleware\\TransformsRequest.php(21): Illuminate\\Pipeline\\Pipeline->Illuminate\\Pipeline\\{closure}(Object(Illuminate\\Http\\Request))
#14 D:\\Panya.l\\MyProject\\xampp\\htdocs\\Project\\TPC_New\\frontend\\vendor\\laravel\\framework\\src\\Illuminate\\Pipeline\\Pipeline.php(171): Illuminate\\Foundation\\Http\\Middleware\\TransformsRequest->handle(Object(Illuminate\\Http\\Request), Object(Closure))
#15 D:\\Panya.l\\MyProject\\xampp\\htdocs\\Project\\TPC_New\\frontend\\vendor\\laravel\\framework\\src\\Illuminate\\Foundation\\Http\\Middleware\\TransformsRequest.php(21): Illuminate\\Pipeline\\Pipeline->Illuminate\\Pipeline\\{closure}(Object(Illuminate\\Http\\Request))
#16 D:\\Panya.l\\MyProject\\xampp\\htdocs\\Project\\TPC_New\\frontend\\vendor\\laravel\\framework\\src\\Illuminate\\Pipeline\\Pipeline.php(171): Illuminate\\Foundation\\Http\\Middleware\\TransformsRequest->handle(Object(Illuminate\\Http\\Request), Object(Closure))
#17 D:\\Panya.l\\MyProject\\xampp\\htdocs\\Project\\TPC_New\\frontend\\vendor\\laravel\\framework\\src\\Illuminate\\Foundation\\Http\\Middleware\\ValidatePostSize.php(27): Illuminate\\Pipeline\\Pipeline->Illuminate\\Pipeline\\{closure}(Object(Illuminate\\Http\\Request))
#18 D:\\Panya.l\\MyProject\\xampp\\htdocs\\Project\\TPC_New\\frontend\\vendor\\laravel\\framework\\src\\Illuminate\\Pipeline\\Pipeline.php(171): Illuminate\\Foundation\\Http\\Middleware\\ValidatePostSize->handle(Object(Illuminate\\Http\\Request), Object(Closure))
#19 D:\\Panya.l\\MyProject\\xampp\\htdocs\\Project\\TPC_New\\frontend\\vendor\\laravel\\framework\\src\\Illuminate\\Foundation\\Http\\Middleware\\CheckForMaintenanceMode.php(63): Illuminate\\Pipeline\\Pipeline->Illuminate\\Pipeline\\{closure}(Object(Illuminate\\Http\\Request))
#20 D:\\Panya.l\\MyProject\\xampp\\htdocs\\Project\\TPC_New\\frontend\\vendor\\laravel\\framework\\src\\Illuminate\\Pipeline\\Pipeline.php(171): Illuminate\\Foundation\\Http\\Middleware\\CheckForMaintenanceMode->handle(Object(Illuminate\\Http\\Request), Object(Closure))
#21 D:\\Panya.l\\MyProject\\xampp\\htdocs\\Project\\TPC_New\\frontend\\vendor\\fideloper\\proxy\\src\\TrustProxies.php(57): Illuminate\\Pipeline\\Pipeline->Illuminate\\Pipeline\\{closure}(Object(Illuminate\\Http\\Request))
#22 D:\\Panya.l\\MyProject\\xampp\\htdocs\\Project\\TPC_New\\frontend\\vendor\\laravel\\framework\\src\\Illuminate\\Pipeline\\Pipeline.php(171): Fideloper\\Proxy\\TrustProxies->handle(Object(Illuminate\\Http\\Request), Object(Closure))
#23 D:\\Panya.l\\MyProject\\xampp\\htdocs\\Project\\TPC_New\\frontend\\vendor\\laravel\\framework\\src\\Illuminate\\Pipeline\\Pipeline.php(105): Illuminate\\Pipeline\\Pipeline->Illuminate\\Pipeline\\{closure}(Object(Illuminate\\Http\\Request))
#24 D:\\Panya.l\\MyProject\\xampp\\htdocs\\Project\\TPC_New\\frontend\\vendor\\laravel\\framework\\src\\Illuminate\\Foundation\\Http\\Kernel.php(145): Illuminate\\Pipeline\\Pipeline->then(Object(Closure))
#25 D:\\Panya.l\\MyProject\\xampp\\htdocs\\Project\\TPC_New\\frontend\\vendor\\laravel\\framework\\src\\Illuminate\\Foundation\\Http\\Kernel.php(110): Illuminate\\Foundation\\Http\\Kernel->sendRequestThroughRouter(Object(Illuminate\\Http\\Request))
#26 D:\\Panya.l\\MyProject\\xampp\\htdocs\\Project\\TPC_New\\frontend\\public\\index.php(55): Illuminate\\Foundation\\Http\\Kernel->handle(Object(Illuminate\\Http\\Request))
#27 D:\\Panya.l\\MyProject\\xampp\\htdocs\\Project\\TPC_New\\frontend\\server.php(21): require_once('D:\\\\Panya.l\\\\MyPr...')
#28 {main}
"} 
[2022-03-15 03:14:13] local.ERROR: Target class [landing] does not exist. {"exception":"[object] (Illuminate\\Contracts\\Container\\BindingResolutionException(code: 0): Target class [landing] does not exist. at D:\\Panya.l\\MyProject\\xampp\\htdocs\\Project\\TPC_New\\frontend\\vendor\\laravel\\framework\\src\\Illuminate\\Container\\Container.php:805)
[stacktrace]
#0 D:\\Panya.l\\MyProject\\xampp\\htdocs\\Project\\TPC_New\\frontend\\vendor\\laravel\\framework\\src\\Illuminate\\Container\\Container.php(681): Illuminate\\Container\\Container->build('landing')
#1 D:\\Panya.l\\MyProject\\xampp\\htdocs\\Project\\TPC_New\\frontend\\vendor\\laravel\\framework\\src\\Illuminate\\Foundation\\Application.php(785): Illuminate\\Container\\Container->resolve('landing', Array, true)
#2 D:\\Panya.l\\MyProject\\xampp\\htdocs\\Project\\TPC_New\\frontend\\vendor\\laravel\\framework\\src\\Illuminate\\Container\\Container.php(629): Illuminate\\Foundation\\Application->resolve('landing', Array)
#3 D:\\Panya.l\\MyProject\\xampp\\htdocs\\Project\\TPC_New\\frontend\\vendor\\laravel\\framework\\src\\Illuminate\\Foundation\\Application.php(770): Illuminate\\Container\\Container->make('landing', Array)
#4 D:\\Panya.l\\MyProject\\xampp\\htdocs\\Project\\TPC_New\\frontend\\vendor\\laravel\\framework\\src\\Illuminate\\Foundation\\Http\\Kernel.php(209): Illuminate\\Foundation\\Application->make('landing')
#5 D:\\Panya.l\\MyProject\\xampp\\htdocs\\Project\\TPC_New\\frontend\\vendor\\laravel\\framework\\src\\Illuminate\\Foundation\\Http\\Kernel.php(183): Illuminate\\Foundation\\Http\\Kernel->terminateMiddleware(Object(Illuminate\\Http\\Request), Object(Illuminate\\Http\\Response))
#6 D:\\Panya.l\\MyProject\\xampp\\htdocs\\Project\\TPC_New\\frontend\\public\\index.php(60): Illuminate\\Foundation\\Http\\Kernel->terminate(Object(Illuminate\\Http\\Request), Object(Illuminate\\Http\\Response))
#7 D:\\Panya.l\\MyProject\\xampp\\htdocs\\Project\\TPC_New\\frontend\\server.php(21): require_once('D:\\\\Panya.l\\\\MyPr...')
#8 {main}

[previous exception] [object] (ReflectionException(code: -1): Class landing does not exist at D:\\Panya.l\\MyProject\\xampp\\htdocs\\Project\\TPC_New\\frontend\\vendor\\laravel\\framework\\src\\Illuminate\\Container\\Container.php:803)
[stacktrace]
#0 D:\\Panya.l\\MyProject\\xampp\\htdocs\\Project\\TPC_New\\frontend\\vendor\\laravel\\framework\\src\\Illuminate\\Container\\Container.php(803): ReflectionClass->__construct('landing')
#1 D:\\Panya.l\\MyProject\\xampp\\htdocs\\Project\\TPC_New\\frontend\\vendor\\laravel\\framework\\src\\Illuminate\\Container\\Container.php(681): Illuminate\\Container\\Container->build('landing')
#2 D:\\Panya.l\\MyProject\\xampp\\htdocs\\Project\\TPC_New\\frontend\\vendor\\laravel\\framework\\src\\Illuminate\\Foundation\\Application.php(785): Illuminate\\Container\\Container->resolve('landing', Array, true)
#3 D:\\Panya.l\\MyProject\\xampp\\htdocs\\Project\\TPC_New\\frontend\\vendor\\laravel\\framework\\src\\Illuminate\\Container\\Container.php(629): Illuminate\\Foundation\\Application->resolve('landing', Array)
#4 D:\\Panya.l\\MyProject\\xampp\\htdocs\\Project\\TPC_New\\frontend\\vendor\\laravel\\framework\\src\\Illuminate\\Foundation\\Application.php(770): Illuminate\\Container\\Container->make('landing', Array)
#5 D:\\Panya.l\\MyProject\\xampp\\htdocs\\Project\\TPC_New\\frontend\\vendor\\laravel\\framework\\src\\Illuminate\\Foundation\\Http\\Kernel.php(209): Illuminate\\Foundation\\Application->make('landing')
#6 D:\\Panya.l\\MyProject\\xampp\\htdocs\\Project\\TPC_New\\frontend\\vendor\\laravel\\framework\\src\\Illuminate\\Foundation\\Http\\Kernel.php(183): Illuminate\\Foundation\\Http\\Kernel->terminateMiddleware(Object(Illuminate\\Http\\Request), Object(Illuminate\\Http\\Response))
#7 D:\\Panya.l\\MyProject\\xampp\\htdocs\\Project\\TPC_New\\frontend\\public\\index.php(60): Illuminate\\Foundation\\Http\\Kernel->terminate(Object(Illuminate\\Http\\Request), Object(Illuminate\\Http\\Response))
#8 D:\\Panya.l\\MyProject\\xampp\\htdocs\\Project\\TPC_New\\frontend\\server.php(21): require_once('D:\\\\Panya.l\\\\MyPr...')
#9 {main}
"} 
