[2022-07-08 01:37:55] local.DEBUG: error exception | AgentController -> get()  
[2022-07-08 01:37:55] local.DEBUG: user agent : Mozilla/5.0 (Windows NT 6.1) AppleWebKit/537.36 (KHTML, like Gecko) Chrome/103.0.0.0 Safari/537.36  
[2022-07-08 01:37:55] local.DEBUG: -> error string  
[2022-07-08 01:37:55] local.DEBUG: SQLSTATE[HY000] [1044] Access denied for user 'tpc'@'localhost' to database 'master_agent' (SQL: select * from `platform`)  
[2022-07-08 01:37:55] local.DEBUG: -> end  
[2022-07-08 01:40:03] local.DEBUG: error exception | AgentController -> get()  
[2022-07-08 01:40:03] local.DEBUG: user agent : Mozilla/5.0 (Windows NT 6.1) AppleWebKit/537.36 (KHTML, like Gecko) Chrome/103.0.0.0 Safari/537.36  
[2022-07-08 01:40:03] local.DEBUG: -> error string  
[2022-07-08 01:40:03] local.DEBUG: SQLSTATE[HY000] [1044] Access denied for user 'tpc'@'localhost' to database 'master_agent' (SQL: select * from `platform`)  
[2022-07-08 01:40:03] local.DEBUG: -> end  
[2022-07-08 01:41:17] local.DEBUG: error exception | AgentController -> get()  
[2022-07-08 01:41:17] local.DEBUG: user agent : Mozilla/5.0 (Windows NT 6.1) AppleWebKit/537.36 (KHTML, like Gecko) Chrome/103.0.0.0 Safari/537.36  
[2022-07-08 01:41:17] local.DEBUG: -> error string  
[2022-07-08 01:41:17] local.DEBUG: SQLSTATE[HY000] [1044] Access denied for user 'tpc'@'localhost' to database 'master_agent' (SQL: select * from `platform`)  
[2022-07-08 01:41:17] local.DEBUG: -> end  
[2022-07-08 01:42:20] local.DEBUG: error exception | AgentController -> get()  
[2022-07-08 01:42:20] local.DEBUG: user agent : Mozilla/5.0 (Linux; Android 4.1.1; X909 Build/JRO03L) AppleWebKit/537.36 (KHTML, like Gecko) Chrome/30.0.1599.92 Mobile Safari/537.36  
[2022-07-08 01:42:20] local.DEBUG: -> error string  
[2022-07-08 01:42:20] local.DEBUG: SQLSTATE[HY000] [1044] Access denied for user 'tpc'@'localhost' to database 'master_agent' (SQL: select * from `platform`)  
[2022-07-08 01:42:20] local.DEBUG: -> end  
[2022-07-08 01:44:33] local.DEBUG: error exception | AgentController -> get()  
[2022-07-08 01:44:33] local.DEBUG: user agent : Mozilla/5.0 (Linux; Android 4.1.1; X909 Build/JRO03L) AppleWebKit/537.36 (KHTML, like Gecko) Chrome/30.0.1599.92 Mobile Safari/537.36  
[2022-07-08 01:44:33] local.DEBUG: -> error string  
[2022-07-08 01:44:33] local.DEBUG: SQLSTATE[HY000] [1044] Access denied for user 'tpc'@'localhost' to database 'master_agent' (SQL: select * from `platform`)  
[2022-07-08 01:44:33] local.DEBUG: -> end  
[2022-07-08 01:47:24] local.DEBUG: error exception | AgentController -> get()  
[2022-07-08 01:47:24] local.DEBUG: user agent : Mozilla/5.0 (Linux; Android 4.1.1; X909 Build/JRO03L) AppleWebKit/537.36 (KHTML, like Gecko) Chrome/30.0.1599.92 Mobile Safari/537.36  
[2022-07-08 01:47:24] local.DEBUG: -> error string  
[2022-07-08 01:47:24] local.DEBUG: SQLSTATE[HY000] [1044] Access denied for user 'tpc'@'localhost' to database 'master_agent' (SQL: select * from `platform`)  
[2022-07-08 01:47:24] local.DEBUG: -> end  
[2022-07-08 01:49:31] local.DEBUG: error exception | AgentController -> get()  
[2022-07-08 01:49:31] local.DEBUG: user agent : Mozilla/5.0 (Linux; Android 4.1.1; X909 Build/JRO03L) AppleWebKit/537.36 (KHTML, like Gecko) Chrome/30.0.1599.92 Mobile Safari/537.36  
[2022-07-08 01:49:31] local.DEBUG: -> error string  
[2022-07-08 01:49:31] local.DEBUG: SQLSTATE[HY000] [1044] Access denied for user 'tpc'@'localhost' to database 'master_agent' (SQL: select * from `platform`)  
[2022-07-08 01:49:31] local.DEBUG: -> end  
[2022-07-08 01:52:55] local.DEBUG: error exception | AgentController -> get()  
[2022-07-08 01:52:55] local.DEBUG: user agent : Mozilla/5.0 (Linux; Android 4.1.1; X909 Build/JRO03L) AppleWebKit/537.36 (KHTML, like Gecko) Chrome/30.0.1599.92 Mobile Safari/537.36  
[2022-07-08 01:52:55] local.DEBUG: -> error string  
[2022-07-08 01:52:55] local.DEBUG: SQLSTATE[HY000] [1044] Access denied for user 'tpc'@'localhost' to database 'master_agent' (SQL: select * from `platform`)  
[2022-07-08 01:52:55] local.DEBUG: -> end  
[2022-07-08 01:54:04] local.DEBUG: error exception | AgentController -> get()  
[2022-07-08 01:54:04] local.DEBUG: user agent : Mozilla/5.0 (Linux; Android 4.1.1; X909 Build/JRO03L) AppleWebKit/537.36 (KHTML, like Gecko) Chrome/30.0.1599.92 Mobile Safari/537.36  
[2022-07-08 01:54:04] local.DEBUG: -> error string  
[2022-07-08 01:54:04] local.DEBUG: SQLSTATE[HY000] [1044] Access denied for user 'tpc'@'localhost' to database 'master_agent' (SQL: select * from `platform`)  
[2022-07-08 01:54:04] local.DEBUG: -> end  
[2022-07-08 01:54:43] local.DEBUG: error exception | AgentController -> get()  
[2022-07-08 01:54:43] local.DEBUG: user agent : Mozilla/5.0 (Linux; Android 4.1.1; X909 Build/JRO03L) AppleWebKit/537.36 (KHTML, like Gecko) Chrome/30.0.1599.92 Mobile Safari/537.36  
[2022-07-08 01:54:43] local.DEBUG: -> error string  
[2022-07-08 01:54:43] local.DEBUG: SQLSTATE[HY000] [1044] Access denied for user 'tpc'@'localhost' to database 'master_agent' (SQL: select * from `platform`)  
[2022-07-08 01:54:43] local.DEBUG: -> end  
[2022-07-08 01:55:16] local.DEBUG: error exception | AgentController -> get()  
[2022-07-08 01:55:16] local.DEBUG: user agent : Mozilla/5.0 (Linux; Android 4.1.1; X909 Build/JRO03L) AppleWebKit/537.36 (KHTML, like Gecko) Chrome/30.0.1599.92 Mobile Safari/537.36  
[2022-07-08 01:55:16] local.DEBUG: -> error string  
[2022-07-08 01:55:16] local.DEBUG: SQLSTATE[HY000] [1044] Access denied for user 'tpc'@'localhost' to database 'master_agent' (SQL: select * from `platform`)  
[2022-07-08 01:55:16] local.DEBUG: -> end  
[2022-07-08 01:55:42] local.DEBUG: error exception | AgentController -> get()  
[2022-07-08 01:55:42] local.DEBUG: user agent : Mozilla/5.0 (Linux; Android 4.1.1; X909 Build/JRO03L) AppleWebKit/537.36 (KHTML, like Gecko) Chrome/30.0.1599.92 Mobile Safari/537.36  
[2022-07-08 01:55:42] local.DEBUG: -> error string  
[2022-07-08 01:55:42] local.DEBUG: SQLSTATE[HY000] [1044] Access denied for user 'tpc'@'localhost' to database 'master_agent' (SQL: select * from `platform`)  
[2022-07-08 01:55:42] local.DEBUG: -> end  
[2022-07-08 01:57:44] local.DEBUG: error exception | AgentController -> get()  
[2022-07-08 01:57:44] local.DEBUG: user agent : Mozilla/5.0 (Windows NT 6.1) AppleWebKit/537.36 (KHTML, like Gecko) Chrome/103.0.0.0 Safari/537.36  
[2022-07-08 01:57:44] local.DEBUG: -> error string  
[2022-07-08 01:57:44] local.DEBUG: SQLSTATE[HY000] [1044] Access denied for user 'tpc'@'localhost' to database 'master_agent' (SQL: select * from `platform`)  
[2022-07-08 01:57:44] local.DEBUG: -> end  
[2022-07-08 01:58:09] local.DEBUG: error exception | AgentController -> get()  
[2022-07-08 01:58:09] local.DEBUG: user agent : Mozilla/5.0 (Linux; Android 4.1.1; X909 Build/JRO03L) AppleWebKit/537.36 (KHTML, like Gecko) Chrome/30.0.1599.92 Mobile Safari/537.36  
[2022-07-08 01:58:09] local.DEBUG: -> error string  
[2022-07-08 01:58:09] local.DEBUG: SQLSTATE[HY000] [1044] Access denied for user 'tpc'@'localhost' to database 'master_agent' (SQL: select * from `platform`)  
[2022-07-08 01:58:09] local.DEBUG: -> end  
[2022-07-08 02:00:03] local.DEBUG: error exception | AgentController -> get()  
[2022-07-08 02:00:03] local.DEBUG: user agent : Mozilla/5.0 (Linux; Android 4.1.1; X909 Build/JRO03L) AppleWebKit/537.36 (KHTML, like Gecko) Chrome/30.0.1599.92 Mobile Safari/537.36  
[2022-07-08 02:00:03] local.DEBUG: -> error string  
[2022-07-08 02:00:03] local.DEBUG: SQLSTATE[HY000] [1044] Access denied for user 'tpc'@'localhost' to database 'master_agent' (SQL: select * from `platform`)  
[2022-07-08 02:00:03] local.DEBUG: -> end  
[2022-07-08 02:01:04] local.DEBUG: error exception | AgentController -> get()  
[2022-07-08 02:01:04] local.DEBUG: user agent : Mozilla/5.0 (Linux; Android 4.1.1; X909 Build/JRO03L) AppleWebKit/537.36 (KHTML, like Gecko) Chrome/30.0.1599.92 Mobile Safari/537.36  
[2022-07-08 02:01:04] local.DEBUG: -> error string  
[2022-07-08 02:01:04] local.DEBUG: SQLSTATE[HY000] [1044] Access denied for user 'tpc'@'localhost' to database 'master_agent' (SQL: select * from `platform`)  
[2022-07-08 02:01:04] local.DEBUG: -> end  
[2022-07-08 02:01:17] local.DEBUG: error exception | AgentController -> get()  
[2022-07-08 02:01:17] local.DEBUG: user agent : Mozilla/5.0 (Linux; Android 4.1.1; X909 Build/JRO03L) AppleWebKit/537.36 (KHTML, like Gecko) Chrome/30.0.1599.92 Mobile Safari/537.36  
[2022-07-08 02:01:17] local.DEBUG: -> error string  
[2022-07-08 02:01:17] local.DEBUG: SQLSTATE[HY000] [1044] Access denied for user 'tpc'@'localhost' to database 'master_agent' (SQL: select * from `platform`)  
[2022-07-08 02:01:17] local.DEBUG: -> end  
[2022-07-08 02:02:17] local.DEBUG: error exception | AgentController -> get()  
[2022-07-08 02:02:17] local.DEBUG: user agent : Mozilla/5.0 (Linux; Android 4.1.1; X909 Build/JRO03L) AppleWebKit/537.36 (KHTML, like Gecko) Chrome/30.0.1599.92 Mobile Safari/537.36  
[2022-07-08 02:02:17] local.DEBUG: -> error string  
[2022-07-08 02:02:17] local.DEBUG: SQLSTATE[HY000] [1044] Access denied for user 'tpc'@'localhost' to database 'master_agent' (SQL: select * from `platform`)  
[2022-07-08 02:02:17] local.DEBUG: -> end  
[2022-07-08 02:02:59] local.DEBUG: error exception | AgentController -> get()  
[2022-07-08 02:02:59] local.DEBUG: user agent : Mozilla/5.0 (Linux; Android 4.1.1; X909 Build/JRO03L) AppleWebKit/537.36 (KHTML, like Gecko) Chrome/30.0.1599.92 Mobile Safari/537.36  
[2022-07-08 02:02:59] local.DEBUG: -> error string  
[2022-07-08 02:02:59] local.DEBUG: SQLSTATE[HY000] [1044] Access denied for user 'tpc'@'localhost' to database 'master_agent' (SQL: select * from `platform`)  
[2022-07-08 02:02:59] local.DEBUG: -> end  
[2022-07-08 02:03:57] local.DEBUG: error exception | AgentController -> get()  
[2022-07-08 02:03:57] local.DEBUG: user agent : Mozilla/5.0 (Linux; Android 4.1.1; X909 Build/JRO03L) AppleWebKit/537.36 (KHTML, like Gecko) Chrome/30.0.1599.92 Mobile Safari/537.36  
[2022-07-08 02:03:57] local.DEBUG: -> error string  
[2022-07-08 02:03:57] local.DEBUG: SQLSTATE[HY000] [1044] Access denied for user 'tpc'@'localhost' to database 'master_agent' (SQL: select * from `platform`)  
[2022-07-08 02:03:57] local.DEBUG: -> end  
[2022-07-08 02:04:11] local.DEBUG: error exception | AgentController -> get()  
[2022-07-08 02:04:11] local.DEBUG: user agent : Mozilla/5.0 (Linux; Android 4.1.1; X909 Build/JRO03L) AppleWebKit/537.36 (KHTML, like Gecko) Chrome/30.0.1599.92 Mobile Safari/537.36  
[2022-07-08 02:04:11] local.DEBUG: -> error string  
[2022-07-08 02:04:11] local.DEBUG: SQLSTATE[HY000] [1044] Access denied for user 'tpc'@'localhost' to database 'master_agent' (SQL: select * from `platform`)  
[2022-07-08 02:04:11] local.DEBUG: -> end  
[2022-07-08 02:04:59] local.DEBUG: error exception | AgentController -> get()  
[2022-07-08 02:04:59] local.DEBUG: user agent : Mozilla/5.0 (Linux; Android 4.1.1; X909 Build/JRO03L) AppleWebKit/537.36 (KHTML, like Gecko) Chrome/30.0.1599.92 Mobile Safari/537.36  
[2022-07-08 02:04:59] local.DEBUG: -> error string  
[2022-07-08 02:04:59] local.DEBUG: SQLSTATE[HY000] [1044] Access denied for user 'tpc'@'localhost' to database 'master_agent' (SQL: select * from `platform`)  
[2022-07-08 02:04:59] local.DEBUG: -> end  
[2022-07-08 02:05:28] local.DEBUG: error exception | AgentController -> get()  
[2022-07-08 02:05:28] local.DEBUG: user agent : Mozilla/5.0 (Linux; Android 4.1.1; X909 Build/JRO03L) AppleWebKit/537.36 (KHTML, like Gecko) Chrome/30.0.1599.92 Mobile Safari/537.36  
[2022-07-08 02:05:28] local.DEBUG: -> error string  
[2022-07-08 02:05:28] local.DEBUG: SQLSTATE[HY000] [1044] Access denied for user 'tpc'@'localhost' to database 'master_agent' (SQL: select * from `platform`)  
[2022-07-08 02:05:28] local.DEBUG: -> end  
[2022-07-08 02:06:16] local.DEBUG: error exception | AgentController -> get()  
[2022-07-08 02:06:16] local.DEBUG: user agent : Mozilla/5.0 (Linux; Android 4.1.1; X909 Build/JRO03L) AppleWebKit/537.36 (KHTML, like Gecko) Chrome/30.0.1599.92 Mobile Safari/537.36  
[2022-07-08 02:06:16] local.DEBUG: -> error string  
[2022-07-08 02:06:16] local.DEBUG: SQLSTATE[HY000] [1044] Access denied for user 'tpc'@'localhost' to database 'master_agent' (SQL: select * from `platform`)  
[2022-07-08 02:06:16] local.DEBUG: -> end  
[2022-07-08 02:06:21] local.DEBUG: error exception | AgentController -> get()  
[2022-07-08 02:06:21] local.DEBUG: user agent : Mozilla/5.0 (Linux; Android 4.1.1; X909 Build/JRO03L) AppleWebKit/537.36 (KHTML, like Gecko) Chrome/30.0.1599.92 Mobile Safari/537.36  
[2022-07-08 02:06:21] local.DEBUG: -> error string  
[2022-07-08 02:06:21] local.DEBUG: SQLSTATE[HY000] [1044] Access denied for user 'tpc'@'localhost' to database 'master_agent' (SQL: select * from `platform`)  
[2022-07-08 02:06:21] local.DEBUG: -> end  
[2022-07-08 02:07:04] local.DEBUG: error exception | AgentController -> get()  
[2022-07-08 02:07:04] local.DEBUG: user agent : Mozilla/5.0 (Linux; Android 4.1.1; X909 Build/JRO03L) AppleWebKit/537.36 (KHTML, like Gecko) Chrome/30.0.1599.92 Mobile Safari/537.36  
[2022-07-08 02:07:04] local.DEBUG: -> error string  
[2022-07-08 02:07:04] local.DEBUG: SQLSTATE[HY000] [1044] Access denied for user 'tpc'@'localhost' to database 'master_agent' (SQL: select * from `platform`)  
[2022-07-08 02:07:04] local.DEBUG: -> end  
[2022-07-08 02:11:03] local.DEBUG: error exception | AgentController -> get()  
[2022-07-08 02:11:03] local.DEBUG: user agent : Mozilla/5.0 (Linux; Android 4.1.1; X909 Build/JRO03L) AppleWebKit/537.36 (KHTML, like Gecko) Chrome/30.0.1599.92 Mobile Safari/537.36  
[2022-07-08 02:11:03] local.DEBUG: -> error string  
[2022-07-08 02:11:03] local.DEBUG: SQLSTATE[HY000] [1044] Access denied for user 'tpc'@'localhost' to database 'master_agent' (SQL: select * from `platform`)  
[2022-07-08 02:11:03] local.DEBUG: -> end  
[2022-07-08 02:12:54] local.DEBUG: error exception | AgentController -> get()  
[2022-07-08 02:12:54] local.DEBUG: user agent : Mozilla/5.0 (Linux; Android 4.1.1; X909 Build/JRO03L) AppleWebKit/537.36 (KHTML, like Gecko) Chrome/30.0.1599.92 Mobile Safari/537.36  
[2022-07-08 02:12:54] local.DEBUG: -> error string  
[2022-07-08 02:12:54] local.DEBUG: SQLSTATE[HY000] [1044] Access denied for user 'tpc'@'localhost' to database 'master_agent' (SQL: select * from `platform`)  
[2022-07-08 02:12:54] local.DEBUG: -> end  
[2022-07-08 02:13:28] local.DEBUG: error exception | AgentController -> get()  
[2022-07-08 02:13:28] local.DEBUG: user agent : Mozilla/5.0 (Linux; Android 4.1.1; X909 Build/JRO03L) AppleWebKit/537.36 (KHTML, like Gecko) Chrome/30.0.1599.92 Mobile Safari/537.36  
[2022-07-08 02:13:28] local.DEBUG: -> error string  
[2022-07-08 02:13:28] local.DEBUG: SQLSTATE[HY000] [1044] Access denied for user 'tpc'@'localhost' to database 'master_agent' (SQL: select * from `platform`)  
[2022-07-08 02:13:28] local.DEBUG: -> end  
[2022-07-08 02:14:39] local.DEBUG: error exception | AgentController -> get()  
[2022-07-08 02:14:39] local.DEBUG: user agent : Mozilla/5.0 (Linux; Android 4.1.1; X909 Build/JRO03L) AppleWebKit/537.36 (KHTML, like Gecko) Chrome/30.0.1599.92 Mobile Safari/537.36  
[2022-07-08 02:14:39] local.DEBUG: -> error string  
[2022-07-08 02:14:39] local.DEBUG: SQLSTATE[HY000] [1044] Access denied for user 'tpc'@'localhost' to database 'master_agent' (SQL: select * from `platform`)  
[2022-07-08 02:14:39] local.DEBUG: -> end  
[2022-07-08 02:18:35] local.DEBUG: error exception | AgentController -> get()  
[2022-07-08 02:18:35] local.DEBUG: user agent : Mozilla/5.0 (Linux; Android 4.1.1; X909 Build/JRO03L) AppleWebKit/537.36 (KHTML, like Gecko) Chrome/30.0.1599.92 Mobile Safari/537.36  
[2022-07-08 02:18:35] local.DEBUG: -> error string  
[2022-07-08 02:18:35] local.DEBUG: SQLSTATE[HY000] [1044] Access denied for user 'tpc'@'localhost' to database 'master_agent' (SQL: select * from `platform`)  
[2022-07-08 02:18:35] local.DEBUG: -> end  
[2022-07-08 02:27:26] local.DEBUG: error exception | AgentController -> get()  
[2022-07-08 02:27:26] local.DEBUG: user agent : Mozilla/5.0 (Linux; Android 4.1.1; X909 Build/JRO03L) AppleWebKit/537.36 (KHTML, like Gecko) Chrome/30.0.1599.92 Mobile Safari/537.36  
[2022-07-08 02:27:26] local.DEBUG: -> error string  
[2022-07-08 02:27:26] local.DEBUG: SQLSTATE[HY000] [1044] Access denied for user 'tpc'@'localhost' to database 'master_agent' (SQL: select * from `platform`)  
[2022-07-08 02:27:26] local.DEBUG: -> end  
