[2022-06-30 01:43:02] local.DEBUG: error exception | AgentController -> get()  
[2022-06-30 01:43:02] local.DEBUG: user agent : Mozilla/5.0 (Windows NT 6.1) AppleWebKit/537.36 (KHTML, like Gecko) Chrome/102.0.0.0 Safari/537.36  
[2022-06-30 01:43:02] local.DEBUG: -> error string  
[2022-06-30 01:43:02] local.DEBUG: SQLSTATE[HY000] [1044] Access denied for user 'tpc'@'localhost' to database 'master_agent' (SQL: select * from `platform`)  
[2022-06-30 01:43:02] local.DEBUG: -> end  
[2022-06-30 01:43:22] local.DEBUG: error exception | AgentController -> get()  
[2022-06-30 01:43:22] local.DEBUG: user agent : Mozilla/5.0 (Windows NT 6.1) AppleWebKit/537.36 (KHTML, like Gecko) Chrome/102.0.0.0 Safari/537.36  
[2022-06-30 01:43:22] local.DEBUG: -> error string  
[2022-06-30 01:43:22] local.DEBUG: SQLSTATE[HY000] [1044] Access denied for user 'tpc'@'localhost' to database 'master_agent' (SQL: select * from `platform`)  
[2022-06-30 01:43:22] local.DEBUG: -> end  
[2022-06-30 01:47:31] local.DEBUG: error exception | AgentController -> get()  
[2022-06-30 01:47:31] local.DEBUG: user agent : Mozilla/5.0 (Windows NT 6.1) AppleWebKit/537.36 (KHTML, like Gecko) Chrome/102.0.0.0 Safari/537.36  
[2022-06-30 01:47:31] local.DEBUG: -> error string  
[2022-06-30 01:47:31] local.DEBUG: SQLSTATE[HY000] [1044] Access denied for user 'tpc'@'localhost' to database 'master_agent' (SQL: select * from `platform`)  
[2022-06-30 01:47:31] local.DEBUG: -> end  
[2022-06-30 01:48:08] local.DEBUG: error exception | AgentController -> get()  
[2022-06-30 01:48:08] local.DEBUG: user agent : Mozilla/5.0 (Linux; Android 8.0; Pixel 2 Build/OPD3.170816.012) AppleWebKit/537.36 (KHTML, like Gecko) Chrome/102.0.0.0 Mobile Safari/537.36  
[2022-06-30 01:48:08] local.DEBUG: -> error string  
[2022-06-30 01:48:08] local.DEBUG: SQLSTATE[HY000] [1044] Access denied for user 'tpc'@'localhost' to database 'master_agent' (SQL: select * from `platform`)  
[2022-06-30 01:48:08] local.DEBUG: -> end  
[2022-06-30 01:49:55] local.DEBUG: error exception | AgentController -> get()  
[2022-06-30 01:49:55] local.DEBUG: user agent : Mozilla/5.0 (iPad; CPU OS 13_3 like Mac OS X) AppleWebKit/605.1.15 (KHTML, like Gecko) CriOS/87.0.4280.77 Mobile/15E148 Safari/604.1  
[2022-06-30 01:49:55] local.DEBUG: -> error string  
[2022-06-30 01:49:55] local.DEBUG: SQLSTATE[HY000] [1044] Access denied for user 'tpc'@'localhost' to database 'master_agent' (SQL: select * from `platform`)  
[2022-06-30 01:49:55] local.DEBUG: -> end  
[2022-06-30 01:50:19] local.DEBUG: error exception | AgentController -> get()  
[2022-06-30 01:50:19] local.DEBUG: user agent : Mozilla/5.0 (iPad; CPU OS 13_3 like Mac OS X) AppleWebKit/605.1.15 (KHTML, like Gecko) CriOS/87.0.4280.77 Mobile/15E148 Safari/604.1  
[2022-06-30 01:50:19] local.DEBUG: -> error string  
[2022-06-30 01:50:19] local.DEBUG: SQLSTATE[HY000] [1044] Access denied for user 'tpc'@'localhost' to database 'master_agent' (SQL: select * from `platform`)  
[2022-06-30 01:50:19] local.DEBUG: -> end  
[2022-06-30 01:50:38] local.DEBUG: error exception | AgentController -> get()  
[2022-06-30 01:50:38] local.DEBUG: user agent : Mozilla/5.0 (iPad; CPU OS 13_3 like Mac OS X) AppleWebKit/605.1.15 (KHTML, like Gecko) CriOS/87.0.4280.77 Mobile/15E148 Safari/604.1  
[2022-06-30 01:50:38] local.DEBUG: -> error string  
[2022-06-30 01:50:38] local.DEBUG: SQLSTATE[HY000] [1044] Access denied for user 'tpc'@'localhost' to database 'master_agent' (SQL: select * from `platform`)  
[2022-06-30 01:50:38] local.DEBUG: -> end  
[2022-06-30 01:51:26] local.DEBUG: error exception | AgentController -> get()  
[2022-06-30 01:51:26] local.DEBUG: user agent : Mozilla/5.0 (iPad; CPU OS 13_3 like Mac OS X) AppleWebKit/605.1.15 (KHTML, like Gecko) CriOS/87.0.4280.77 Mobile/15E148 Safari/604.1  
[2022-06-30 01:51:26] local.DEBUG: -> error string  
[2022-06-30 01:51:26] local.DEBUG: SQLSTATE[HY000] [1044] Access denied for user 'tpc'@'localhost' to database 'master_agent' (SQL: select * from `platform`)  
[2022-06-30 01:51:26] local.DEBUG: -> end  
[2022-06-30 01:51:53] local.DEBUG: error exception | AgentController -> get()  
[2022-06-30 01:51:53] local.DEBUG: user agent : Mozilla/5.0 (iPad; CPU OS 13_3 like Mac OS X) AppleWebKit/605.1.15 (KHTML, like Gecko) CriOS/87.0.4280.77 Mobile/15E148 Safari/604.1  
[2022-06-30 01:51:53] local.DEBUG: -> error string  
[2022-06-30 01:51:53] local.DEBUG: SQLSTATE[HY000] [1044] Access denied for user 'tpc'@'localhost' to database 'master_agent' (SQL: select * from `platform`)  
[2022-06-30 01:51:53] local.DEBUG: -> end  
[2022-06-30 01:53:04] local.DEBUG: error exception | AgentController -> get()  
[2022-06-30 01:53:04] local.DEBUG: user agent : Mozilla/5.0 (iPad; CPU OS 13_3 like Mac OS X) AppleWebKit/605.1.15 (KHTML, like Gecko) CriOS/87.0.4280.77 Mobile/15E148 Safari/604.1  
[2022-06-30 01:53:04] local.DEBUG: -> error string  
[2022-06-30 01:53:04] local.DEBUG: SQLSTATE[HY000] [1044] Access denied for user 'tpc'@'localhost' to database 'master_agent' (SQL: select * from `platform`)  
[2022-06-30 01:53:04] local.DEBUG: -> end  
[2022-06-30 01:53:20] local.DEBUG: error exception | AgentController -> get()  
[2022-06-30 01:53:20] local.DEBUG: user agent : Mozilla/5.0 (iPad; CPU OS 13_3 like Mac OS X) AppleWebKit/605.1.15 (KHTML, like Gecko) CriOS/87.0.4280.77 Mobile/15E148 Safari/604.1  
[2022-06-30 01:53:20] local.DEBUG: -> error string  
[2022-06-30 01:53:20] local.DEBUG: SQLSTATE[HY000] [1044] Access denied for user 'tpc'@'localhost' to database 'master_agent' (SQL: select * from `platform`)  
[2022-06-30 01:53:20] local.DEBUG: -> end  
[2022-06-30 01:53:34] local.DEBUG: error exception | AgentController -> get()  
[2022-06-30 01:53:34] local.DEBUG: user agent : Mozilla/5.0 (iPad; CPU OS 13_3 like Mac OS X) AppleWebKit/605.1.15 (KHTML, like Gecko) CriOS/87.0.4280.77 Mobile/15E148 Safari/604.1  
[2022-06-30 01:53:34] local.DEBUG: -> error string  
[2022-06-30 01:53:34] local.DEBUG: SQLSTATE[HY000] [1044] Access denied for user 'tpc'@'localhost' to database 'master_agent' (SQL: select * from `platform`)  
[2022-06-30 01:53:34] local.DEBUG: -> end  
[2022-06-30 01:53:48] local.DEBUG: error exception | AgentController -> get()  
[2022-06-30 01:53:48] local.DEBUG: user agent : Mozilla/5.0 (iPad; CPU OS 13_3 like Mac OS X) AppleWebKit/605.1.15 (KHTML, like Gecko) CriOS/87.0.4280.77 Mobile/15E148 Safari/604.1  
[2022-06-30 01:53:48] local.DEBUG: -> error string  
[2022-06-30 01:53:48] local.DEBUG: SQLSTATE[HY000] [1044] Access denied for user 'tpc'@'localhost' to database 'master_agent' (SQL: select * from `platform`)  
[2022-06-30 01:53:48] local.DEBUG: -> end  
[2022-06-30 01:54:49] local.DEBUG: error exception | AgentController -> get()  
[2022-06-30 01:54:49] local.DEBUG: user agent : Mozilla/5.0 (iPad; CPU OS 13_3 like Mac OS X) AppleWebKit/605.1.15 (KHTML, like Gecko) CriOS/87.0.4280.77 Mobile/15E148 Safari/604.1  
[2022-06-30 01:54:49] local.DEBUG: -> error string  
[2022-06-30 01:54:49] local.DEBUG: SQLSTATE[HY000] [1044] Access denied for user 'tpc'@'localhost' to database 'master_agent' (SQL: select * from `platform`)  
[2022-06-30 01:54:49] local.DEBUG: -> end  
[2022-06-30 01:56:36] local.DEBUG: error exception | AgentController -> get()  
[2022-06-30 01:56:36] local.DEBUG: user agent : Mozilla/5.0 (iPad; CPU OS 13_3 like Mac OS X) AppleWebKit/605.1.15 (KHTML, like Gecko) CriOS/87.0.4280.77 Mobile/15E148 Safari/604.1  
[2022-06-30 01:56:36] local.DEBUG: -> error string  
[2022-06-30 01:56:36] local.DEBUG: SQLSTATE[HY000] [1044] Access denied for user 'tpc'@'localhost' to database 'master_agent' (SQL: select * from `platform`)  
[2022-06-30 01:56:36] local.DEBUG: -> end  
[2022-06-30 01:56:49] local.DEBUG: error exception | AgentController -> get()  
[2022-06-30 01:56:49] local.DEBUG: user agent : Mozilla/5.0 (iPad; CPU OS 13_3 like Mac OS X) AppleWebKit/605.1.15 (KHTML, like Gecko) CriOS/87.0.4280.77 Mobile/15E148 Safari/604.1  
[2022-06-30 01:56:49] local.DEBUG: -> error string  
[2022-06-30 01:56:49] local.DEBUG: SQLSTATE[HY000] [1044] Access denied for user 'tpc'@'localhost' to database 'master_agent' (SQL: select * from `platform`)  
[2022-06-30 01:56:49] local.DEBUG: -> end  
[2022-06-30 01:57:01] local.DEBUG: error exception | AgentController -> get()  
[2022-06-30 01:57:01] local.DEBUG: user agent : Mozilla/5.0 (iPad; CPU OS 13_3 like Mac OS X) AppleWebKit/605.1.15 (KHTML, like Gecko) CriOS/87.0.4280.77 Mobile/15E148 Safari/604.1  
[2022-06-30 01:57:01] local.DEBUG: -> error string  
[2022-06-30 01:57:01] local.DEBUG: SQLSTATE[HY000] [1044] Access denied for user 'tpc'@'localhost' to database 'master_agent' (SQL: select * from `platform`)  
[2022-06-30 01:57:01] local.DEBUG: -> end  
[2022-06-30 01:57:41] local.DEBUG: error exception | AgentController -> get()  
[2022-06-30 01:57:41] local.DEBUG: user agent : Mozilla/5.0 (iPad; CPU OS 13_3 like Mac OS X) AppleWebKit/605.1.15 (KHTML, like Gecko) CriOS/87.0.4280.77 Mobile/15E148 Safari/604.1  
[2022-06-30 01:57:41] local.DEBUG: -> error string  
[2022-06-30 01:57:41] local.DEBUG: SQLSTATE[HY000] [1044] Access denied for user 'tpc'@'localhost' to database 'master_agent' (SQL: select * from `platform`)  
[2022-06-30 01:57:41] local.DEBUG: -> end  
[2022-06-30 01:59:34] local.DEBUG: error exception | AgentController -> get()  
[2022-06-30 01:59:34] local.DEBUG: user agent : Mozilla/5.0 (iPad; CPU OS 13_3 like Mac OS X) AppleWebKit/605.1.15 (KHTML, like Gecko) CriOS/87.0.4280.77 Mobile/15E148 Safari/604.1  
[2022-06-30 01:59:34] local.DEBUG: -> error string  
[2022-06-30 01:59:34] local.DEBUG: SQLSTATE[HY000] [1044] Access denied for user 'tpc'@'localhost' to database 'master_agent' (SQL: select * from `platform`)  
[2022-06-30 01:59:34] local.DEBUG: -> end  
[2022-06-30 02:01:27] local.DEBUG: error exception | AgentController -> get()  
[2022-06-30 02:01:27] local.DEBUG: user agent : Mozilla/5.0 (iPad; CPU OS 13_3 like Mac OS X) AppleWebKit/605.1.15 (KHTML, like Gecko) CriOS/87.0.4280.77 Mobile/15E148 Safari/604.1  
[2022-06-30 02:01:27] local.DEBUG: -> error string  
[2022-06-30 02:01:27] local.DEBUG: SQLSTATE[HY000] [1044] Access denied for user 'tpc'@'localhost' to database 'master_agent' (SQL: select * from `platform`)  
[2022-06-30 02:01:27] local.DEBUG: -> end  
[2022-06-30 02:03:13] local.DEBUG: error exception | AgentController -> get()  
[2022-06-30 02:03:13] local.DEBUG: user agent : Mozilla/5.0 (iPad; CPU OS 13_3 like Mac OS X) AppleWebKit/605.1.15 (KHTML, like Gecko) CriOS/87.0.4280.77 Mobile/15E148 Safari/604.1  
[2022-06-30 02:03:13] local.DEBUG: -> error string  
[2022-06-30 02:03:13] local.DEBUG: SQLSTATE[HY000] [1044] Access denied for user 'tpc'@'localhost' to database 'master_agent' (SQL: select * from `platform`)  
[2022-06-30 02:03:13] local.DEBUG: -> end  
[2022-06-30 02:03:34] local.DEBUG: error exception | AgentController -> get()  
[2022-06-30 02:03:34] local.DEBUG: user agent : Mozilla/5.0 (iPad; CPU OS 13_3 like Mac OS X) AppleWebKit/605.1.15 (KHTML, like Gecko) CriOS/87.0.4280.77 Mobile/15E148 Safari/604.1  
[2022-06-30 02:03:34] local.DEBUG: -> error string  
[2022-06-30 02:03:34] local.DEBUG: SQLSTATE[HY000] [1044] Access denied for user 'tpc'@'localhost' to database 'master_agent' (SQL: select * from `platform`)  
[2022-06-30 02:03:34] local.DEBUG: -> end  
[2022-06-30 02:03:50] local.DEBUG: error exception | AgentController -> get()  
[2022-06-30 02:03:50] local.DEBUG: user agent : Mozilla/5.0 (iPad; CPU OS 13_3 like Mac OS X) AppleWebKit/605.1.15 (KHTML, like Gecko) CriOS/87.0.4280.77 Mobile/15E148 Safari/604.1  
[2022-06-30 02:03:50] local.DEBUG: -> error string  
[2022-06-30 02:03:50] local.DEBUG: SQLSTATE[HY000] [1044] Access denied for user 'tpc'@'localhost' to database 'master_agent' (SQL: select * from `platform`)  
[2022-06-30 02:03:50] local.DEBUG: -> end  
[2022-06-30 02:04:06] local.DEBUG: error exception | AgentController -> get()  
[2022-06-30 02:04:06] local.DEBUG: user agent : Mozilla/5.0 (iPad; CPU OS 13_3 like Mac OS X) AppleWebKit/605.1.15 (KHTML, like Gecko) CriOS/87.0.4280.77 Mobile/15E148 Safari/604.1  
[2022-06-30 02:04:06] local.DEBUG: -> error string  
[2022-06-30 02:04:06] local.DEBUG: SQLSTATE[HY000] [1044] Access denied for user 'tpc'@'localhost' to database 'master_agent' (SQL: select * from `platform`)  
[2022-06-30 02:04:06] local.DEBUG: -> end  
[2022-06-30 02:04:20] local.DEBUG: error exception | AgentController -> get()  
[2022-06-30 02:04:20] local.DEBUG: user agent : Mozilla/5.0 (iPad; CPU OS 13_3 like Mac OS X) AppleWebKit/605.1.15 (KHTML, like Gecko) CriOS/87.0.4280.77 Mobile/15E148 Safari/604.1  
[2022-06-30 02:04:20] local.DEBUG: -> error string  
[2022-06-30 02:04:20] local.DEBUG: SQLSTATE[HY000] [1044] Access denied for user 'tpc'@'localhost' to database 'master_agent' (SQL: select * from `platform`)  
[2022-06-30 02:04:20] local.DEBUG: -> end  
[2022-06-30 02:04:30] local.DEBUG: error exception | AgentController -> get()  
[2022-06-30 02:04:30] local.DEBUG: user agent : Mozilla/5.0 (iPad; CPU OS 13_3 like Mac OS X) AppleWebKit/605.1.15 (KHTML, like Gecko) CriOS/87.0.4280.77 Mobile/15E148 Safari/604.1  
[2022-06-30 02:04:30] local.DEBUG: -> error string  
[2022-06-30 02:04:30] local.DEBUG: SQLSTATE[HY000] [1044] Access denied for user 'tpc'@'localhost' to database 'master_agent' (SQL: select * from `platform`)  
[2022-06-30 02:04:30] local.DEBUG: -> end  
[2022-06-30 02:04:37] local.DEBUG: error exception | AgentController -> get()  
[2022-06-30 02:04:37] local.DEBUG: user agent : Mozilla/5.0 (Windows NT 6.1) AppleWebKit/537.36 (KHTML, like Gecko) Chrome/102.0.0.0 Safari/537.36  
[2022-06-30 02:04:37] local.DEBUG: -> error string  
[2022-06-30 02:04:37] local.DEBUG: SQLSTATE[HY000] [1044] Access denied for user 'tpc'@'localhost' to database 'master_agent' (SQL: select * from `platform`)  
[2022-06-30 02:04:37] local.DEBUG: -> end  
[2022-06-30 02:05:04] local.DEBUG: error exception | AgentController -> get()  
[2022-06-30 02:05:04] local.DEBUG: user agent : Mozilla/5.0 (iPad; CPU OS 13_3 like Mac OS X) AppleWebKit/605.1.15 (KHTML, like Gecko) CriOS/87.0.4280.77 Mobile/15E148 Safari/604.1  
[2022-06-30 02:05:04] local.DEBUG: -> error string  
[2022-06-30 02:05:04] local.DEBUG: SQLSTATE[HY000] [1044] Access denied for user 'tpc'@'localhost' to database 'master_agent' (SQL: select * from `platform`)  
[2022-06-30 02:05:04] local.DEBUG: -> end  
[2022-06-30 02:05:46] local.DEBUG: error exception | AgentController -> get()  
[2022-06-30 02:05:46] local.DEBUG: user agent : Mozilla/5.0 (iPad; CPU OS 13_3 like Mac OS X) AppleWebKit/605.1.15 (KHTML, like Gecko) CriOS/87.0.4280.77 Mobile/15E148 Safari/604.1  
[2022-06-30 02:05:46] local.DEBUG: -> error string  
[2022-06-30 02:05:46] local.DEBUG: SQLSTATE[HY000] [1044] Access denied for user 'tpc'@'localhost' to database 'master_agent' (SQL: select * from `platform`)  
[2022-06-30 02:05:46] local.DEBUG: -> end  
[2022-06-30 02:07:36] local.DEBUG: error exception | AgentController -> get()  
[2022-06-30 02:07:36] local.DEBUG: user agent : Mozilla/5.0 (iPad; CPU OS 13_3 like Mac OS X) AppleWebKit/605.1.15 (KHTML, like Gecko) CriOS/87.0.4280.77 Mobile/15E148 Safari/604.1  
[2022-06-30 02:07:36] local.DEBUG: -> error string  
[2022-06-30 02:07:36] local.DEBUG: SQLSTATE[HY000] [1044] Access denied for user 'tpc'@'localhost' to database 'master_agent' (SQL: select * from `platform`)  
[2022-06-30 02:07:36] local.DEBUG: -> end  
[2022-06-30 02:08:21] local.DEBUG: error exception | AgentController -> get()  
[2022-06-30 02:08:21] local.DEBUG: user agent : Mozilla/5.0 (Windows NT 6.1) AppleWebKit/537.36 (KHTML, like Gecko) Chrome/102.0.0.0 Safari/537.36  
[2022-06-30 02:08:21] local.DEBUG: -> error string  
[2022-06-30 02:08:21] local.DEBUG: SQLSTATE[HY000] [1044] Access denied for user 'tpc'@'localhost' to database 'master_agent' (SQL: select * from `platform`)  
[2022-06-30 02:08:21] local.DEBUG: -> end  
[2022-06-30 02:09:09] local.DEBUG: error exception | AgentController -> get()  
[2022-06-30 02:09:09] local.DEBUG: user agent : Mozilla/5.0 (Windows NT 6.1) AppleWebKit/537.36 (KHTML, like Gecko) Chrome/102.0.0.0 Safari/537.36  
[2022-06-30 02:09:09] local.DEBUG: -> error string  
[2022-06-30 02:09:09] local.DEBUG: SQLSTATE[HY000] [1044] Access denied for user 'tpc'@'localhost' to database 'master_agent' (SQL: select * from `platform`)  
[2022-06-30 02:09:09] local.DEBUG: -> end  
[2022-06-30 02:09:24] local.DEBUG: error exception | AgentController -> get()  
[2022-06-30 02:09:24] local.DEBUG: user agent : Mozilla/5.0 (Windows NT 6.1) AppleWebKit/537.36 (KHTML, like Gecko) Chrome/102.0.0.0 Safari/537.36  
[2022-06-30 02:09:24] local.DEBUG: -> error string  
[2022-06-30 02:09:24] local.DEBUG: SQLSTATE[HY000] [1044] Access denied for user 'tpc'@'localhost' to database 'master_agent' (SQL: select * from `platform`)  
[2022-06-30 02:09:24] local.DEBUG: -> end  
[2022-06-30 02:20:11] local.DEBUG: error exception | AgentController -> get()  
[2022-06-30 02:20:11] local.DEBUG: user agent : Mozilla/5.0 (Windows NT 6.1) AppleWebKit/537.36 (KHTML, like Gecko) Chrome/102.0.0.0 Safari/537.36  
[2022-06-30 02:20:11] local.DEBUG: -> error string  
[2022-06-30 02:20:11] local.DEBUG: SQLSTATE[HY000] [1044] Access denied for user 'tpc'@'localhost' to database 'master_agent' (SQL: select * from `platform`)  
[2022-06-30 02:20:11] local.DEBUG: -> end  
[2022-06-30 02:20:23] local.DEBUG: error exception | AgentController -> get()  
[2022-06-30 02:20:23] local.DEBUG: user agent : Mozilla/5.0 (Windows NT 6.1) AppleWebKit/537.36 (KHTML, like Gecko) Chrome/102.0.0.0 Safari/537.36  
[2022-06-30 02:20:23] local.DEBUG: -> error string  
[2022-06-30 02:20:23] local.DEBUG: SQLSTATE[HY000] [1044] Access denied for user 'tpc'@'localhost' to database 'master_agent' (SQL: select * from `platform`)  
[2022-06-30 02:20:23] local.DEBUG: -> end  
[2022-06-30 02:30:26] local.DEBUG: error exception | AgentController -> get()  
[2022-06-30 02:30:26] local.DEBUG: user agent : Mozilla/5.0 (Windows NT 6.1) AppleWebKit/537.36 (KHTML, like Gecko) Chrome/102.0.0.0 Safari/537.36  
[2022-06-30 02:30:26] local.DEBUG: -> error string  
[2022-06-30 02:30:26] local.DEBUG: SQLSTATE[HY000] [1044] Access denied for user 'tpc'@'localhost' to database 'master_agent' (SQL: select * from `platform`)  
[2022-06-30 02:30:26] local.DEBUG: -> end  
[2022-06-30 02:30:46] local.DEBUG: error exception | AgentController -> get()  
[2022-06-30 02:30:46] local.DEBUG: user agent : Mozilla/5.0 (Windows NT 6.1) AppleWebKit/537.36 (KHTML, like Gecko) Chrome/102.0.0.0 Safari/537.36  
[2022-06-30 02:30:46] local.DEBUG: -> error string  
[2022-06-30 02:30:46] local.DEBUG: SQLSTATE[HY000] [1044] Access denied for user 'tpc'@'localhost' to database 'master_agent' (SQL: select * from `platform`)  
[2022-06-30 02:30:46] local.DEBUG: -> end  
[2022-06-30 02:31:28] local.DEBUG: error exception | AgentController -> get()  
[2022-06-30 02:31:28] local.DEBUG: user agent : Mozilla/5.0 (Windows NT 6.1) AppleWebKit/537.36 (KHTML, like Gecko) Chrome/102.0.0.0 Safari/537.36  
[2022-06-30 02:31:28] local.DEBUG: -> error string  
[2022-06-30 02:31:28] local.DEBUG: SQLSTATE[HY000] [1044] Access denied for user 'tpc'@'localhost' to database 'master_agent' (SQL: select * from `platform`)  
[2022-06-30 02:31:28] local.DEBUG: -> end  
[2022-06-30 02:31:46] local.DEBUG: error exception | AgentController -> get()  
[2022-06-30 02:31:46] local.DEBUG: user agent : Mozilla/5.0 (Windows NT 6.1) AppleWebKit/537.36 (KHTML, like Gecko) Chrome/102.0.0.0 Safari/537.36  
[2022-06-30 02:31:46] local.DEBUG: -> error string  
[2022-06-30 02:31:46] local.DEBUG: SQLSTATE[HY000] [1044] Access denied for user 'tpc'@'localhost' to database 'master_agent' (SQL: select * from `platform`)  
[2022-06-30 02:31:46] local.DEBUG: -> end  
[2022-06-30 02:32:03] local.DEBUG: error exception | AgentController -> get()  
[2022-06-30 02:32:03] local.DEBUG: user agent : Mozilla/5.0 (Windows NT 6.1) AppleWebKit/537.36 (KHTML, like Gecko) Chrome/102.0.0.0 Safari/537.36  
[2022-06-30 02:32:03] local.DEBUG: -> error string  
[2022-06-30 02:32:03] local.DEBUG: SQLSTATE[HY000] [1044] Access denied for user 'tpc'@'localhost' to database 'master_agent' (SQL: select * from `platform`)  
[2022-06-30 02:32:03] local.DEBUG: -> end  
[2022-06-30 02:32:14] local.DEBUG: error exception | AgentController -> get()  
[2022-06-30 02:32:14] local.DEBUG: user agent : Mozilla/5.0 (Windows NT 6.1) AppleWebKit/537.36 (KHTML, like Gecko) Chrome/102.0.0.0 Safari/537.36  
[2022-06-30 02:32:14] local.DEBUG: -> error string  
[2022-06-30 02:32:14] local.DEBUG: SQLSTATE[HY000] [1044] Access denied for user 'tpc'@'localhost' to database 'master_agent' (SQL: select * from `platform`)  
[2022-06-30 02:32:14] local.DEBUG: -> end  
[2022-06-30 02:32:52] local.DEBUG: error exception | AgentController -> get()  
[2022-06-30 02:32:52] local.DEBUG: user agent : Mozilla/5.0 (iPad; CPU OS 13_3 like Mac OS X) AppleWebKit/605.1.15 (KHTML, like Gecko) CriOS/87.0.4280.77 Mobile/15E148 Safari/604.1  
[2022-06-30 02:32:52] local.DEBUG: -> error string  
[2022-06-30 02:32:52] local.DEBUG: SQLSTATE[HY000] [1044] Access denied for user 'tpc'@'localhost' to database 'master_agent' (SQL: select * from `platform`)  
[2022-06-30 02:32:52] local.DEBUG: -> end  
[2022-06-30 02:33:28] local.DEBUG: error exception | AgentController -> get()  
[2022-06-30 02:33:28] local.DEBUG: user agent : Mozilla/5.0 (iPad; CPU OS 13_3 like Mac OS X) AppleWebKit/605.1.15 (KHTML, like Gecko) CriOS/87.0.4280.77 Mobile/15E148 Safari/604.1  
[2022-06-30 02:33:28] local.DEBUG: -> error string  
[2022-06-30 02:33:28] local.DEBUG: SQLSTATE[HY000] [1044] Access denied for user 'tpc'@'localhost' to database 'master_agent' (SQL: select * from `platform`)  
[2022-06-30 02:33:28] local.DEBUG: -> end  
[2022-06-30 02:33:44] local.DEBUG: error exception | AgentController -> get()  
[2022-06-30 02:33:44] local.DEBUG: user agent : Mozilla/5.0 (iPad; CPU OS 13_3 like Mac OS X) AppleWebKit/605.1.15 (KHTML, like Gecko) CriOS/87.0.4280.77 Mobile/15E148 Safari/604.1  
[2022-06-30 02:33:44] local.DEBUG: -> error string  
[2022-06-30 02:33:44] local.DEBUG: SQLSTATE[HY000] [1044] Access denied for user 'tpc'@'localhost' to database 'master_agent' (SQL: select * from `platform`)  
[2022-06-30 02:33:44] local.DEBUG: -> end  
[2022-06-30 02:34:16] local.DEBUG: error exception | AgentController -> get()  
[2022-06-30 02:34:16] local.DEBUG: user agent : Mozilla/5.0 (Windows NT 6.1) AppleWebKit/537.36 (KHTML, like Gecko) Chrome/102.0.0.0 Safari/537.36  
[2022-06-30 02:34:16] local.DEBUG: -> error string  
[2022-06-30 02:34:16] local.DEBUG: SQLSTATE[HY000] [1044] Access denied for user 'tpc'@'localhost' to database 'master_agent' (SQL: select * from `platform`)  
[2022-06-30 02:34:16] local.DEBUG: -> end  
[2022-06-30 02:45:22] local.DEBUG: error exception | AgentController -> get()  
[2022-06-30 02:45:22] local.DEBUG: user agent : Mozilla/5.0 (Windows NT 6.1) AppleWebKit/537.36 (KHTML, like Gecko) Chrome/102.0.0.0 Safari/537.36  
[2022-06-30 02:45:22] local.DEBUG: -> error string  
[2022-06-30 02:45:22] local.DEBUG: SQLSTATE[HY000] [1044] Access denied for user 'tpc'@'localhost' to database 'master_agent' (SQL: select * from `platform`)  
[2022-06-30 02:45:22] local.DEBUG: -> end  
[2022-06-30 02:48:33] local.DEBUG: error exception | AgentController -> get()  
[2022-06-30 02:48:33] local.DEBUG: user agent : Mozilla/5.0 (Windows NT 6.1) AppleWebKit/537.36 (KHTML, like Gecko) Chrome/102.0.0.0 Safari/537.36  
[2022-06-30 02:48:33] local.DEBUG: -> error string  
[2022-06-30 02:48:33] local.DEBUG: SQLSTATE[HY000] [1044] Access denied for user 'tpc'@'localhost' to database 'master_agent' (SQL: select * from `platform`)  
[2022-06-30 02:48:33] local.DEBUG: -> end  
[2022-06-30 02:49:11] local.DEBUG: error exception | AgentController -> get()  
[2022-06-30 02:49:11] local.DEBUG: user agent : Mozilla/5.0 (Windows NT 6.1) AppleWebKit/537.36 (KHTML, like Gecko) Chrome/102.0.0.0 Safari/537.36  
[2022-06-30 02:49:11] local.DEBUG: -> error string  
[2022-06-30 02:49:11] local.DEBUG: SQLSTATE[HY000] [1044] Access denied for user 'tpc'@'localhost' to database 'master_agent' (SQL: select * from `platform`)  
[2022-06-30 02:49:11] local.DEBUG: -> end  
[2022-06-30 02:54:48] local.DEBUG: error exception | AgentController -> get()  
[2022-06-30 02:54:48] local.DEBUG: user agent : Mozilla/5.0 (Linux; Android 4.1.1; X909 Build/JRO03L) AppleWebKit/537.36 (KHTML, like Gecko) Chrome/30.0.1599.92 Mobile Safari/537.36  
[2022-06-30 02:54:48] local.DEBUG: -> error string  
[2022-06-30 02:54:48] local.DEBUG: SQLSTATE[HY000] [1044] Access denied for user 'tpc'@'localhost' to database 'master_agent' (SQL: select * from `platform`)  
[2022-06-30 02:54:48] local.DEBUG: -> end  
[2022-06-30 02:54:59] local.DEBUG: error exception | AgentController -> get()  
[2022-06-30 02:54:59] local.DEBUG: user agent : Mozilla/5.0 (Windows NT 6.1) AppleWebKit/537.36 (KHTML, like Gecko) Chrome/102.0.0.0 Safari/537.36  
[2022-06-30 02:54:59] local.DEBUG: -> error string  
[2022-06-30 02:54:59] local.DEBUG: SQLSTATE[HY000] [1044] Access denied for user 'tpc'@'localhost' to database 'master_agent' (SQL: select * from `platform`)  
[2022-06-30 02:54:59] local.DEBUG: -> end  
[2022-06-30 02:56:53] local.DEBUG: error exception | AgentController -> get()  
[2022-06-30 02:56:53] local.DEBUG: user agent : Mozilla/5.0 (Windows NT 6.1) AppleWebKit/537.36 (KHTML, like Gecko) Chrome/102.0.0.0 Safari/537.36  
[2022-06-30 02:56:53] local.DEBUG: -> error string  
[2022-06-30 02:56:53] local.DEBUG: SQLSTATE[HY000] [1044] Access denied for user 'tpc'@'localhost' to database 'master_agent' (SQL: select * from `platform`)  
[2022-06-30 02:56:53] local.DEBUG: -> end  
[2022-06-30 03:01:07] local.DEBUG: error exception | AgentController -> get()  
[2022-06-30 03:01:07] local.DEBUG: user agent : Mozilla/5.0 (Linux; Android 4.1.1; X909 Build/JRO03L) AppleWebKit/537.36 (KHTML, like Gecko) Chrome/30.0.1599.92 Mobile Safari/537.36  
[2022-06-30 03:01:07] local.DEBUG: -> error string  
[2022-06-30 03:01:07] local.DEBUG: SQLSTATE[HY000] [1044] Access denied for user 'tpc'@'localhost' to database 'master_agent' (SQL: select * from `platform`)  
[2022-06-30 03:01:07] local.DEBUG: -> end  
[2022-06-30 03:01:15] local.DEBUG: error exception | AgentController -> get()  
[2022-06-30 03:01:15] local.DEBUG: user agent : Mozilla/5.0 (Windows NT 6.1) AppleWebKit/537.36 (KHTML, like Gecko) Chrome/102.0.0.0 Safari/537.36  
[2022-06-30 03:01:15] local.DEBUG: -> error string  
[2022-06-30 03:01:15] local.DEBUG: SQLSTATE[HY000] [1044] Access denied for user 'tpc'@'localhost' to database 'master_agent' (SQL: select * from `platform`)  
[2022-06-30 03:01:15] local.DEBUG: -> end  
[2022-06-30 03:01:37] local.DEBUG: error exception | AgentController -> get()  
[2022-06-30 03:01:37] local.DEBUG: user agent : Mozilla/5.0 (Windows NT 6.1) AppleWebKit/537.36 (KHTML, like Gecko) Chrome/102.0.0.0 Safari/537.36  
[2022-06-30 03:01:37] local.DEBUG: -> error string  
[2022-06-30 03:01:37] local.DEBUG: SQLSTATE[HY000] [1044] Access denied for user 'tpc'@'localhost' to database 'master_agent' (SQL: select * from `platform`)  
[2022-06-30 03:01:37] local.DEBUG: -> end  
[2022-06-30 03:01:50] local.DEBUG: error exception | AgentController -> get()  
[2022-06-30 03:01:50] local.DEBUG: user agent : Mozilla/5.0 (Windows NT 6.1) AppleWebKit/537.36 (KHTML, like Gecko) Chrome/102.0.0.0 Safari/537.36  
[2022-06-30 03:01:50] local.DEBUG: -> error string  
[2022-06-30 03:01:50] local.DEBUG: SQLSTATE[HY000] [1044] Access denied for user 'tpc'@'localhost' to database 'master_agent' (SQL: select * from `platform`)  
[2022-06-30 03:01:50] local.DEBUG: -> end  
[2022-06-30 03:03:03] local.DEBUG: error exception | AgentController -> get()  
[2022-06-30 03:03:03] local.DEBUG: user agent : Mozilla/5.0 (Windows NT 6.1) AppleWebKit/537.36 (KHTML, like Gecko) Chrome/102.0.0.0 Safari/537.36  
[2022-06-30 03:03:03] local.DEBUG: -> error string  
[2022-06-30 03:03:03] local.DEBUG: SQLSTATE[HY000] [1044] Access denied for user 'tpc'@'localhost' to database 'master_agent' (SQL: select * from `platform`)  
[2022-06-30 03:03:03] local.DEBUG: -> end  
[2022-06-30 03:05:28] local.DEBUG: error exception | AgentController -> get()  
[2022-06-30 03:05:28] local.DEBUG: user agent : Mozilla/5.0 (Linux; Android 4.1.1; X909 Build/JRO03L) AppleWebKit/537.36 (KHTML, like Gecko) Chrome/30.0.1599.92 Mobile Safari/537.36  
[2022-06-30 03:05:28] local.DEBUG: -> error string  
[2022-06-30 03:05:28] local.DEBUG: SQLSTATE[HY000] [1044] Access denied for user 'tpc'@'localhost' to database 'master_agent' (SQL: select * from `platform`)  
[2022-06-30 03:05:28] local.DEBUG: -> end  
[2022-06-30 03:13:20] local.DEBUG: error exception | AgentController -> get()  
[2022-06-30 03:13:20] local.DEBUG: user agent : Mozilla/5.0 (Linux; Android 4.1.1; X909 Build/JRO03L) AppleWebKit/537.36 (KHTML, like Gecko) Chrome/30.0.1599.92 Mobile Safari/537.36  
[2022-06-30 03:13:20] local.DEBUG: -> error string  
[2022-06-30 03:13:20] local.DEBUG: SQLSTATE[HY000] [1044] Access denied for user 'tpc'@'localhost' to database 'master_agent' (SQL: select * from `platform`)  
[2022-06-30 03:13:20] local.DEBUG: -> end  
[2022-06-30 03:13:32] local.DEBUG: error exception | AgentController -> get()  
[2022-06-30 03:13:32] local.DEBUG: user agent : Mozilla/5.0 (Linux; Android 4.1.1; X909 Build/JRO03L) AppleWebKit/537.36 (KHTML, like Gecko) Chrome/30.0.1599.92 Mobile Safari/537.36  
[2022-06-30 03:13:32] local.DEBUG: -> error string  
[2022-06-30 03:13:32] local.DEBUG: SQLSTATE[HY000] [1044] Access denied for user 'tpc'@'localhost' to database 'master_agent' (SQL: select * from `platform`)  
[2022-06-30 03:13:32] local.DEBUG: -> end  
[2022-06-30 03:14:14] local.DEBUG: error exception | AgentController -> get()  
[2022-06-30 03:14:14] local.DEBUG: user agent : Mozilla/5.0 (Linux; Android 4.1.1; X909 Build/JRO03L) AppleWebKit/537.36 (KHTML, like Gecko) Chrome/30.0.1599.92 Mobile Safari/537.36  
[2022-06-30 03:14:14] local.DEBUG: -> error string  
[2022-06-30 03:14:14] local.DEBUG: SQLSTATE[HY000] [1044] Access denied for user 'tpc'@'localhost' to database 'master_agent' (SQL: select * from `platform`)  
[2022-06-30 03:14:14] local.DEBUG: -> end  
[2022-06-30 03:14:42] local.DEBUG: error exception | AgentController -> get()  
[2022-06-30 03:14:42] local.DEBUG: user agent : Mozilla/5.0 (Linux; Android 4.1.1; X909 Build/JRO03L) AppleWebKit/537.36 (KHTML, like Gecko) Chrome/30.0.1599.92 Mobile Safari/537.36  
[2022-06-30 03:14:42] local.DEBUG: -> error string  
[2022-06-30 03:14:42] local.DEBUG: SQLSTATE[HY000] [1044] Access denied for user 'tpc'@'localhost' to database 'master_agent' (SQL: select * from `platform`)  
[2022-06-30 03:14:42] local.DEBUG: -> end  
[2022-06-30 03:21:35] local.DEBUG: error exception | AgentController -> get()  
[2022-06-30 03:21:35] local.DEBUG: user agent : Mozilla/5.0 (Windows NT 6.1) AppleWebKit/537.36 (KHTML, like Gecko) Chrome/102.0.0.0 Safari/537.36  
[2022-06-30 03:21:35] local.DEBUG: -> error string  
[2022-06-30 03:21:35] local.DEBUG: SQLSTATE[HY000] [1044] Access denied for user 'tpc'@'localhost' to database 'master_agent' (SQL: select * from `platform`)  
[2022-06-30 03:21:35] local.DEBUG: -> end  
[2022-06-30 04:22:20] local.DEBUG: error exception | AgentController -> get()  
[2022-06-30 04:22:20] local.DEBUG: user agent : Mozilla/5.0 (Linux; Android 4.1.1; X909 Build/JRO03L) AppleWebKit/537.36 (KHTML, like Gecko) Chrome/30.0.1599.92 Mobile Safari/537.36  
[2022-06-30 04:22:20] local.DEBUG: -> error string  
[2022-06-30 04:22:20] local.DEBUG: SQLSTATE[HY000] [1044] Access denied for user 'tpc'@'localhost' to database 'master_agent' (SQL: select * from `platform`)  
[2022-06-30 04:22:20] local.DEBUG: -> end  
[2022-06-30 04:34:02] local.DEBUG: error exception | AgentController -> get()  
[2022-06-30 04:34:02] local.DEBUG: user agent : Mozilla/5.0 (iPhone; CPU iPhone OS 13_2_3 like Mac OS X) AppleWebKit/605.1.15 (KHTML, like Gecko) Version/13.0.3 Mobile/15E148 Safari/604.1  
[2022-06-30 04:34:02] local.DEBUG: -> error string  
[2022-06-30 04:34:02] local.DEBUG: SQLSTATE[HY000] [1044] Access denied for user 'tpc'@'localhost' to database 'master_agent' (SQL: select * from `platform`)  
[2022-06-30 04:34:02] local.DEBUG: -> end  
[2022-06-30 04:35:26] local.DEBUG: error exception | AgentController -> get()  
[2022-06-30 04:35:26] local.DEBUG: user agent : Mozilla/5.0 (iPhone; CPU iPhone OS 13_2_3 like Mac OS X) AppleWebKit/605.1.15 (KHTML, like Gecko) Version/13.0.3 Mobile/15E148 Safari/604.1  
[2022-06-30 04:35:26] local.DEBUG: -> error string  
[2022-06-30 04:35:26] local.DEBUG: SQLSTATE[HY000] [1044] Access denied for user 'tpc'@'localhost' to database 'master_agent' (SQL: select * from `platform`)  
[2022-06-30 04:35:26] local.DEBUG: -> end  
[2022-06-30 04:36:23] local.DEBUG: error exception | AgentController -> get()  
[2022-06-30 04:36:23] local.DEBUG: user agent : Mozilla/5.0 (Linux; Android 4.1.1; X909 Build/JRO03L) AppleWebKit/537.36 (KHTML, like Gecko) Chrome/30.0.1599.92 Mobile Safari/537.36  
[2022-06-30 04:36:23] local.DEBUG: -> error string  
[2022-06-30 04:36:23] local.DEBUG: SQLSTATE[HY000] [1044] Access denied for user 'tpc'@'localhost' to database 'master_agent' (SQL: select * from `platform`)  
[2022-06-30 04:36:23] local.DEBUG: -> end  
[2022-06-30 04:39:53] local.DEBUG: error exception | AgentController -> get()  
[2022-06-30 04:39:53] local.DEBUG: user agent : Mozilla/5.0 (Linux; Android 4.1.1; X909 Build/JRO03L) AppleWebKit/537.36 (KHTML, like Gecko) Chrome/30.0.1599.92 Mobile Safari/537.36  
[2022-06-30 04:39:53] local.DEBUG: -> error string  
[2022-06-30 04:39:53] local.DEBUG: SQLSTATE[HY000] [1044] Access denied for user 'tpc'@'localhost' to database 'master_agent' (SQL: select * from `platform`)  
[2022-06-30 04:39:53] local.DEBUG: -> end  
[2022-06-30 04:40:21] local.DEBUG: error exception | AgentController -> get()  
[2022-06-30 04:40:21] local.DEBUG: user agent : Mozilla/5.0 (Linux; Android 4.1.1; X909 Build/JRO03L) AppleWebKit/537.36 (KHTML, like Gecko) Chrome/30.0.1599.92 Mobile Safari/537.36  
[2022-06-30 04:40:21] local.DEBUG: -> error string  
[2022-06-30 04:40:21] local.DEBUG: SQLSTATE[HY000] [1044] Access denied for user 'tpc'@'localhost' to database 'master_agent' (SQL: select * from `platform`)  
[2022-06-30 04:40:21] local.DEBUG: -> end  
[2022-06-30 04:40:54] local.DEBUG: error exception | AgentController -> get()  
[2022-06-30 04:40:54] local.DEBUG: user agent : Mozilla/5.0 (Linux; Android 4.1.1; X909 Build/JRO03L) AppleWebKit/537.36 (KHTML, like Gecko) Chrome/30.0.1599.92 Mobile Safari/537.36  
[2022-06-30 04:40:54] local.DEBUG: -> error string  
[2022-06-30 04:40:54] local.DEBUG: SQLSTATE[HY000] [1044] Access denied for user 'tpc'@'localhost' to database 'master_agent' (SQL: select * from `platform`)  
[2022-06-30 04:40:54] local.DEBUG: -> end  
[2022-06-30 04:43:49] local.DEBUG: error exception | AgentController -> get()  
[2022-06-30 04:43:49] local.DEBUG: user agent : Mozilla/5.0 (Linux; Android 4.1.1; X909 Build/JRO03L) AppleWebKit/537.36 (KHTML, like Gecko) Chrome/30.0.1599.92 Mobile Safari/537.36  
[2022-06-30 04:43:49] local.DEBUG: -> error string  
[2022-06-30 04:43:49] local.DEBUG: SQLSTATE[HY000] [1044] Access denied for user 'tpc'@'localhost' to database 'master_agent' (SQL: select * from `platform`)  
[2022-06-30 04:43:49] local.DEBUG: -> end  
[2022-06-30 04:45:31] local.DEBUG: error exception | AgentController -> get()  
[2022-06-30 04:45:31] local.DEBUG: user agent : Mozilla/5.0 (Linux; Android 4.1.1; X909 Build/JRO03L) AppleWebKit/537.36 (KHTML, like Gecko) Chrome/30.0.1599.92 Mobile Safari/537.36  
[2022-06-30 04:45:31] local.DEBUG: -> error string  
[2022-06-30 04:45:31] local.DEBUG: SQLSTATE[HY000] [1044] Access denied for user 'tpc'@'localhost' to database 'master_agent' (SQL: select * from `platform`)  
[2022-06-30 04:45:31] local.DEBUG: -> end  
[2022-06-30 04:46:14] local.DEBUG: error exception | AgentController -> get()  
[2022-06-30 04:46:14] local.DEBUG: user agent : Mozilla/5.0 (Windows NT 6.1) AppleWebKit/537.36 (KHTML, like Gecko) Chrome/102.0.0.0 Safari/537.36  
[2022-06-30 04:46:14] local.DEBUG: -> error string  
[2022-06-30 04:46:14] local.DEBUG: SQLSTATE[HY000] [1044] Access denied for user 'tpc'@'localhost' to database 'master_agent' (SQL: select * from `platform`)  
[2022-06-30 04:46:14] local.DEBUG: -> end  
[2022-06-30 04:47:09] local.DEBUG: error exception | AgentController -> get()  
[2022-06-30 04:47:09] local.DEBUG: user agent : Mozilla/5.0 (Windows NT 6.1) AppleWebKit/537.36 (KHTML, like Gecko) Chrome/102.0.0.0 Safari/537.36  
[2022-06-30 04:47:09] local.DEBUG: -> error string  
[2022-06-30 04:47:09] local.DEBUG: SQLSTATE[HY000] [1044] Access denied for user 'tpc'@'localhost' to database 'master_agent' (SQL: select * from `platform`)  
[2022-06-30 04:47:09] local.DEBUG: -> end  
[2022-06-30 04:48:31] local.DEBUG: error exception | AgentController -> get()  
[2022-06-30 04:48:31] local.DEBUG: user agent : Mozilla/5.0 (Linux; Android 4.1.1; X909 Build/JRO03L) AppleWebKit/537.36 (KHTML, like Gecko) Chrome/30.0.1599.92 Mobile Safari/537.36  
[2022-06-30 04:48:31] local.DEBUG: -> error string  
[2022-06-30 04:48:31] local.DEBUG: SQLSTATE[HY000] [1044] Access denied for user 'tpc'@'localhost' to database 'master_agent' (SQL: select * from `platform`)  
[2022-06-30 04:48:31] local.DEBUG: -> end  
[2022-06-30 04:49:01] local.DEBUG: error exception | AgentController -> get()  
[2022-06-30 04:49:01] local.DEBUG: user agent : Mozilla/5.0 (Linux; Android 4.1.1; X909 Build/JRO03L) AppleWebKit/537.36 (KHTML, like Gecko) Chrome/30.0.1599.92 Mobile Safari/537.36  
[2022-06-30 04:49:01] local.DEBUG: -> error string  
[2022-06-30 04:49:01] local.DEBUG: SQLSTATE[HY000] [1044] Access denied for user 'tpc'@'localhost' to database 'master_agent' (SQL: select * from `platform`)  
[2022-06-30 04:49:01] local.DEBUG: -> end  
[2022-06-30 04:50:22] local.DEBUG: error exception | AgentController -> get()  
[2022-06-30 04:50:22] local.DEBUG: user agent : Mozilla/5.0 (Linux; Android 4.1.1; X909 Build/JRO03L) AppleWebKit/537.36 (KHTML, like Gecko) Chrome/30.0.1599.92 Mobile Safari/537.36  
[2022-06-30 04:50:22] local.DEBUG: -> error string  
[2022-06-30 04:50:22] local.DEBUG: SQLSTATE[HY000] [1044] Access denied for user 'tpc'@'localhost' to database 'master_agent' (SQL: select * from `platform`)  
[2022-06-30 04:50:22] local.DEBUG: -> end  
[2022-06-30 04:50:33] local.DEBUG: error exception | AgentController -> get()  
[2022-06-30 04:50:33] local.DEBUG: user agent : Mozilla/5.0 (Linux; Android 4.1.1; X909 Build/JRO03L) AppleWebKit/537.36 (KHTML, like Gecko) Chrome/30.0.1599.92 Mobile Safari/537.36  
[2022-06-30 04:50:33] local.DEBUG: -> error string  
[2022-06-30 04:50:33] local.DEBUG: SQLSTATE[HY000] [1044] Access denied for user 'tpc'@'localhost' to database 'master_agent' (SQL: select * from `platform`)  
[2022-06-30 04:50:33] local.DEBUG: -> end  
[2022-06-30 04:50:59] local.DEBUG: error exception | AgentController -> get()  
[2022-06-30 04:50:59] local.DEBUG: user agent : Mozilla/5.0 (Linux; Android 4.1.1; X909 Build/JRO03L) AppleWebKit/537.36 (KHTML, like Gecko) Chrome/30.0.1599.92 Mobile Safari/537.36  
[2022-06-30 04:50:59] local.DEBUG: -> error string  
[2022-06-30 04:50:59] local.DEBUG: SQLSTATE[HY000] [1044] Access denied for user 'tpc'@'localhost' to database 'master_agent' (SQL: select * from `platform`)  
[2022-06-30 04:50:59] local.DEBUG: -> end  
[2022-06-30 04:53:57] local.DEBUG: error exception | AgentController -> get()  
[2022-06-30 04:53:57] local.DEBUG: user agent : Mozilla/5.0 (iPad; CPU OS 13_3 like Mac OS X) AppleWebKit/605.1.15 (KHTML, like Gecko) CriOS/87.0.4280.77 Mobile/15E148 Safari/604.1  
[2022-06-30 04:53:57] local.DEBUG: -> error string  
[2022-06-30 04:53:57] local.DEBUG: SQLSTATE[HY000] [1044] Access denied for user 'tpc'@'localhost' to database 'master_agent' (SQL: select * from `platform`)  
[2022-06-30 04:53:57] local.DEBUG: -> end  
[2022-06-30 05:00:41] local.DEBUG: error exception | AgentController -> get()  
[2022-06-30 05:00:41] local.DEBUG: user agent : Mozilla/5.0 (Windows NT 6.1) AppleWebKit/537.36 (KHTML, like Gecko) Chrome/102.0.0.0 Safari/537.36  
[2022-06-30 05:00:41] local.DEBUG: -> error string  
[2022-06-30 05:00:41] local.DEBUG: SQLSTATE[HY000] [1044] Access denied for user 'tpc'@'localhost' to database 'master_agent' (SQL: select * from `platform`)  
[2022-06-30 05:00:41] local.DEBUG: -> end  
[2022-06-30 05:01:25] local.DEBUG: error exception | AgentController -> get()  
[2022-06-30 05:01:25] local.DEBUG: user agent : Mozilla/5.0 (Windows NT 6.1) AppleWebKit/537.36 (KHTML, like Gecko) Chrome/102.0.0.0 Safari/537.36  
[2022-06-30 05:01:25] local.DEBUG: -> error string  
[2022-06-30 05:01:25] local.DEBUG: SQLSTATE[HY000] [1044] Access denied for user 'tpc'@'localhost' to database 'master_agent' (SQL: select * from `platform`)  
[2022-06-30 05:01:25] local.DEBUG: -> end  
[2022-06-30 05:02:45] local.DEBUG: error exception | AgentController -> get()  
[2022-06-30 05:02:45] local.DEBUG: user agent : Mozilla/5.0 (Windows NT 6.1) AppleWebKit/537.36 (KHTML, like Gecko) Chrome/102.0.0.0 Safari/537.36  
[2022-06-30 05:02:45] local.DEBUG: -> error string  
[2022-06-30 05:02:45] local.DEBUG: SQLSTATE[HY000] [1044] Access denied for user 'tpc'@'localhost' to database 'master_agent' (SQL: select * from `platform`)  
[2022-06-30 05:02:45] local.DEBUG: -> end  
[2022-06-30 05:04:41] local.DEBUG: error exception | AgentController -> get()  
[2022-06-30 05:04:41] local.DEBUG: user agent : Mozilla/5.0 (Windows NT 6.1) AppleWebKit/537.36 (KHTML, like Gecko) Chrome/102.0.0.0 Safari/537.36  
[2022-06-30 05:04:41] local.DEBUG: -> error string  
[2022-06-30 05:04:41] local.DEBUG: SQLSTATE[HY000] [1044] Access denied for user 'tpc'@'localhost' to database 'master_agent' (SQL: select * from `platform`)  
[2022-06-30 05:04:41] local.DEBUG: -> end  
[2022-06-30 05:05:46] local.DEBUG: error exception | AgentController -> get()  
[2022-06-30 05:05:46] local.DEBUG: user agent : Mozilla/5.0 (Windows NT 6.1) AppleWebKit/537.36 (KHTML, like Gecko) Chrome/102.0.0.0 Safari/537.36  
[2022-06-30 05:05:46] local.DEBUG: -> error string  
[2022-06-30 05:05:46] local.DEBUG: SQLSTATE[HY000] [1044] Access denied for user 'tpc'@'localhost' to database 'master_agent' (SQL: select * from `platform`)  
[2022-06-30 05:05:46] local.DEBUG: -> end  
[2022-06-30 05:06:15] local.DEBUG: error exception | AgentController -> get()  
[2022-06-30 05:06:15] local.DEBUG: user agent : Mozilla/5.0 (Windows NT 6.1) AppleWebKit/537.36 (KHTML, like Gecko) Chrome/102.0.0.0 Safari/537.36  
[2022-06-30 05:06:15] local.DEBUG: -> error string  
[2022-06-30 05:06:15] local.DEBUG: SQLSTATE[HY000] [1044] Access denied for user 'tpc'@'localhost' to database 'master_agent' (SQL: select * from `platform`)  
[2022-06-30 05:06:15] local.DEBUG: -> end  
[2022-06-30 05:07:00] local.DEBUG: error exception | AgentController -> get()  
[2022-06-30 05:07:00] local.DEBUG: user agent : Mozilla/5.0 (Windows NT 6.1) AppleWebKit/537.36 (KHTML, like Gecko) Chrome/102.0.0.0 Safari/537.36  
[2022-06-30 05:07:00] local.DEBUG: -> error string  
[2022-06-30 05:07:00] local.DEBUG: SQLSTATE[HY000] [1044] Access denied for user 'tpc'@'localhost' to database 'master_agent' (SQL: select * from `platform`)  
[2022-06-30 05:07:00] local.DEBUG: -> end  
[2022-06-30 05:07:09] local.DEBUG: error exception | AgentController -> get()  
[2022-06-30 05:07:09] local.DEBUG: user agent : Mozilla/5.0 (Windows NT 6.1) AppleWebKit/537.36 (KHTML, like Gecko) Chrome/102.0.0.0 Safari/537.36  
[2022-06-30 05:07:09] local.DEBUG: -> error string  
[2022-06-30 05:07:09] local.DEBUG: SQLSTATE[HY000] [1044] Access denied for user 'tpc'@'localhost' to database 'master_agent' (SQL: select * from `platform`)  
[2022-06-30 05:07:09] local.DEBUG: -> end  
[2022-06-30 05:08:11] local.DEBUG: error exception | AgentController -> get()  
[2022-06-30 05:08:11] local.DEBUG: user agent : Mozilla/5.0 (Windows NT 6.1) AppleWebKit/537.36 (KHTML, like Gecko) Chrome/102.0.0.0 Safari/537.36  
[2022-06-30 05:08:11] local.DEBUG: -> error string  
[2022-06-30 05:08:11] local.DEBUG: SQLSTATE[HY000] [1044] Access denied for user 'tpc'@'localhost' to database 'master_agent' (SQL: select * from `platform`)  
[2022-06-30 05:08:11] local.DEBUG: -> end  
[2022-06-30 05:08:23] local.DEBUG: error exception | AgentController -> get()  
[2022-06-30 05:08:23] local.DEBUG: user agent : Mozilla/5.0 (Windows NT 6.1) AppleWebKit/537.36 (KHTML, like Gecko) Chrome/102.0.0.0 Safari/537.36  
[2022-06-30 05:08:23] local.DEBUG: -> error string  
[2022-06-30 05:08:23] local.DEBUG: SQLSTATE[HY000] [1044] Access denied for user 'tpc'@'localhost' to database 'master_agent' (SQL: select * from `platform`)  
[2022-06-30 05:08:23] local.DEBUG: -> end  
[2022-06-30 05:08:52] local.DEBUG: error exception | AgentController -> get()  
[2022-06-30 05:08:52] local.DEBUG: user agent : Mozilla/5.0 (Windows NT 6.1) AppleWebKit/537.36 (KHTML, like Gecko) Chrome/102.0.0.0 Safari/537.36  
[2022-06-30 05:08:52] local.DEBUG: -> error string  
[2022-06-30 05:08:52] local.DEBUG: SQLSTATE[HY000] [1044] Access denied for user 'tpc'@'localhost' to database 'master_agent' (SQL: select * from `platform`)  
[2022-06-30 05:08:52] local.DEBUG: -> end  
[2022-06-30 05:11:04] local.DEBUG: error exception | AgentController -> get()  
[2022-06-30 05:11:04] local.DEBUG: user agent : Mozilla/5.0 (Linux; Android 4.1.1; X909 Build/JRO03L) AppleWebKit/537.36 (KHTML, like Gecko) Chrome/30.0.1599.92 Mobile Safari/537.36  
[2022-06-30 05:11:04] local.DEBUG: -> error string  
[2022-06-30 05:11:04] local.DEBUG: SQLSTATE[HY000] [1044] Access denied for user 'tpc'@'localhost' to database 'master_agent' (SQL: select * from `platform`)  
[2022-06-30 05:11:04] local.DEBUG: -> end  
[2022-06-30 05:11:41] local.DEBUG: error exception | AgentController -> get()  
[2022-06-30 05:11:41] local.DEBUG: user agent : Mozilla/5.0 (Windows NT 6.1) AppleWebKit/537.36 (KHTML, like Gecko) Chrome/102.0.0.0 Safari/537.36  
[2022-06-30 05:11:41] local.DEBUG: -> error string  
[2022-06-30 05:11:41] local.DEBUG: SQLSTATE[HY000] [1044] Access denied for user 'tpc'@'localhost' to database 'master_agent' (SQL: select * from `platform`)  
[2022-06-30 05:11:41] local.DEBUG: -> end  
[2022-06-30 05:12:04] local.DEBUG: error exception | AgentController -> get()  
[2022-06-30 05:12:04] local.DEBUG: user agent : Mozilla/5.0 (Windows NT 6.1) AppleWebKit/537.36 (KHTML, like Gecko) Chrome/102.0.0.0 Safari/537.36  
[2022-06-30 05:12:04] local.DEBUG: -> error string  
[2022-06-30 05:12:04] local.DEBUG: SQLSTATE[HY000] [1044] Access denied for user 'tpc'@'localhost' to database 'master_agent' (SQL: select * from `platform`)  
[2022-06-30 05:12:04] local.DEBUG: -> end  
[2022-06-30 05:13:27] local.DEBUG: error exception | AgentController -> get()  
[2022-06-30 05:13:27] local.DEBUG: user agent : Mozilla/5.0 (Windows NT 6.1) AppleWebKit/537.36 (KHTML, like Gecko) Chrome/102.0.0.0 Safari/537.36  
[2022-06-30 05:13:27] local.DEBUG: -> error string  
[2022-06-30 05:13:27] local.DEBUG: SQLSTATE[HY000] [1044] Access denied for user 'tpc'@'localhost' to database 'master_agent' (SQL: select * from `platform`)  
[2022-06-30 05:13:27] local.DEBUG: -> end  
[2022-06-30 05:14:21] local.DEBUG: error exception | AgentController -> get()  
[2022-06-30 05:14:21] local.DEBUG: user agent : Mozilla/5.0 (Windows NT 6.1) AppleWebKit/537.36 (KHTML, like Gecko) Chrome/102.0.0.0 Safari/537.36  
[2022-06-30 05:14:21] local.DEBUG: -> error string  
[2022-06-30 05:14:21] local.DEBUG: SQLSTATE[HY000] [1044] Access denied for user 'tpc'@'localhost' to database 'master_agent' (SQL: select * from `platform`)  
[2022-06-30 05:14:21] local.DEBUG: -> end  
[2022-06-30 05:14:37] local.DEBUG: error exception | AgentController -> get()  
[2022-06-30 05:14:37] local.DEBUG: user agent : Mozilla/5.0 (Windows NT 6.1) AppleWebKit/537.36 (KHTML, like Gecko) Chrome/102.0.0.0 Safari/537.36  
[2022-06-30 05:14:37] local.DEBUG: -> error string  
[2022-06-30 05:14:37] local.DEBUG: SQLSTATE[HY000] [1044] Access denied for user 'tpc'@'localhost' to database 'master_agent' (SQL: select * from `platform`)  
[2022-06-30 05:14:37] local.DEBUG: -> end  
[2022-06-30 05:17:49] local.DEBUG: error exception | AgentController -> get()  
[2022-06-30 05:17:49] local.DEBUG: user agent : Mozilla/5.0 (Linux; Android 6.0; Nexus 5 Build/MRA58N) AppleWebKit/537.36 (KHTML, like Gecko) Chrome/102.0.0.0 Mobile Safari/537.36  
[2022-06-30 05:17:49] local.DEBUG: -> error string  
[2022-06-30 05:17:49] local.DEBUG: SQLSTATE[HY000] [1044] Access denied for user 'tpc'@'localhost' to database 'master_agent' (SQL: select * from `platform`)  
[2022-06-30 05:17:49] local.DEBUG: -> end  
[2022-06-30 05:18:37] local.DEBUG: error exception | AgentController -> get()  
[2022-06-30 05:18:37] local.DEBUG: user agent : Mozilla/5.0 (Linux; Android 6.0; Nexus 5 Build/MRA58N) AppleWebKit/537.36 (KHTML, like Gecko) Chrome/102.0.0.0 Mobile Safari/537.36  
[2022-06-30 05:18:37] local.DEBUG: -> error string  
[2022-06-30 05:18:37] local.DEBUG: SQLSTATE[HY000] [1044] Access denied for user 'tpc'@'localhost' to database 'master_agent' (SQL: select * from `platform`)  
[2022-06-30 05:18:37] local.DEBUG: -> end  
[2022-06-30 05:22:09] local.DEBUG: error exception | AgentController -> get()  
[2022-06-30 05:22:09] local.DEBUG: user agent : Mozilla/5.0 (Windows NT 6.1) AppleWebKit/537.36 (KHTML, like Gecko) Chrome/102.0.0.0 Safari/537.36  
[2022-06-30 05:22:09] local.DEBUG: -> error string  
[2022-06-30 05:22:09] local.DEBUG: SQLSTATE[HY000] [1044] Access denied for user 'tpc'@'localhost' to database 'master_agent' (SQL: select * from `platform`)  
[2022-06-30 05:22:09] local.DEBUG: -> end  
[2022-06-30 05:23:36] local.DEBUG: error exception | AgentController -> get()  
[2022-06-30 05:23:36] local.DEBUG: user agent : Mozilla/5.0 (Windows NT 6.1) AppleWebKit/537.36 (KHTML, like Gecko) Chrome/102.0.0.0 Safari/537.36  
[2022-06-30 05:23:36] local.DEBUG: -> error string  
[2022-06-30 05:23:36] local.DEBUG: SQLSTATE[HY000] [1044] Access denied for user 'tpc'@'localhost' to database 'master_agent' (SQL: select * from `platform`)  
[2022-06-30 05:23:36] local.DEBUG: -> end  
[2022-06-30 06:32:32] local.DEBUG: error exception | AgentController -> get()  
[2022-06-30 06:32:32] local.DEBUG: user agent : Mozilla/5.0 (Windows NT 6.1) AppleWebKit/537.36 (KHTML, like Gecko) Chrome/102.0.0.0 Safari/537.36  
[2022-06-30 06:32:32] local.DEBUG: -> error string  
[2022-06-30 06:32:32] local.DEBUG: SQLSTATE[HY000] [1044] Access denied for user 'tpc'@'localhost' to database 'master_agent' (SQL: select * from `platform`)  
[2022-06-30 06:32:32] local.DEBUG: -> end  
[2022-06-30 06:32:51] local.DEBUG: error exception | AgentController -> get()  
[2022-06-30 06:32:51] local.DEBUG: user agent : Mozilla/5.0 (Windows NT 6.1) AppleWebKit/537.36 (KHTML, like Gecko) Chrome/102.0.0.0 Safari/537.36  
[2022-06-30 06:32:51] local.DEBUG: -> error string  
[2022-06-30 06:32:51] local.DEBUG: SQLSTATE[HY000] [1044] Access denied for user 'tpc'@'localhost' to database 'master_agent' (SQL: select * from `platform`)  
[2022-06-30 06:32:51] local.DEBUG: -> end  
[2022-06-30 06:33:18] local.DEBUG: error exception | AgentController -> get()  
[2022-06-30 06:33:18] local.DEBUG: user agent : Mozilla/5.0 (Windows NT 6.1) AppleWebKit/537.36 (KHTML, like Gecko) Chrome/102.0.0.0 Safari/537.36  
[2022-06-30 06:33:18] local.DEBUG: -> error string  
[2022-06-30 06:33:18] local.DEBUG: SQLSTATE[HY000] [1044] Access denied for user 'tpc'@'localhost' to database 'master_agent' (SQL: select * from `platform`)  
[2022-06-30 06:33:18] local.DEBUG: -> end  
[2022-06-30 06:33:19] local.DEBUG: error exception | AgentController -> get()  
[2022-06-30 06:33:19] local.DEBUG: user agent : Mozilla/5.0 (Windows NT 6.1) AppleWebKit/537.36 (KHTML, like Gecko) Chrome/102.0.0.0 Safari/537.36  
[2022-06-30 06:33:19] local.DEBUG: -> error string  
[2022-06-30 06:33:19] local.DEBUG: SQLSTATE[HY000] [1044] Access denied for user 'tpc'@'localhost' to database 'master_agent' (SQL: select * from `platform`)  
[2022-06-30 06:33:19] local.DEBUG: -> end  
[2022-06-30 06:34:42] local.DEBUG: error exception | AgentController -> get()  
[2022-06-30 06:34:42] local.DEBUG: user agent : Mozilla/5.0 (Windows NT 6.1) AppleWebKit/537.36 (KHTML, like Gecko) Chrome/102.0.0.0 Safari/537.36  
[2022-06-30 06:34:42] local.DEBUG: -> error string  
[2022-06-30 06:34:42] local.DEBUG: SQLSTATE[HY000] [1044] Access denied for user 'tpc'@'localhost' to database 'master_agent' (SQL: select * from `platform`)  
[2022-06-30 06:34:42] local.DEBUG: -> end  
[2022-06-30 06:34:43] local.DEBUG: error exception | AgentController -> get()  
[2022-06-30 06:34:43] local.DEBUG: user agent : Mozilla/5.0 (Windows NT 6.1) AppleWebKit/537.36 (KHTML, like Gecko) Chrome/102.0.0.0 Safari/537.36  
[2022-06-30 06:34:43] local.DEBUG: -> error string  
[2022-06-30 06:34:43] local.DEBUG: SQLSTATE[HY000] [1044] Access denied for user 'tpc'@'localhost' to database 'master_agent' (SQL: select * from `platform`)  
[2022-06-30 06:34:43] local.DEBUG: -> end  
[2022-06-30 06:36:55] local.DEBUG: error exception | AgentController -> get()  
[2022-06-30 06:36:55] local.DEBUG: user agent : Mozilla/5.0 (Windows NT 6.1) AppleWebKit/537.36 (KHTML, like Gecko) Chrome/102.0.0.0 Safari/537.36  
[2022-06-30 06:36:55] local.DEBUG: -> error string  
[2022-06-30 06:36:55] local.DEBUG: SQLSTATE[HY000] [1044] Access denied for user 'tpc'@'localhost' to database 'master_agent' (SQL: select * from `platform`)  
[2022-06-30 06:36:55] local.DEBUG: -> end  
[2022-06-30 06:36:57] local.DEBUG: error exception | AgentController -> get()  
[2022-06-30 06:36:57] local.DEBUG: user agent : Mozilla/5.0 (Windows NT 6.1) AppleWebKit/537.36 (KHTML, like Gecko) Chrome/102.0.0.0 Safari/537.36  
[2022-06-30 06:36:57] local.DEBUG: -> error string  
[2022-06-30 06:36:57] local.DEBUG: SQLSTATE[HY000] [1044] Access denied for user 'tpc'@'localhost' to database 'master_agent' (SQL: select * from `platform`)  
[2022-06-30 06:36:57] local.DEBUG: -> end  
[2022-06-30 06:37:49] local.DEBUG: error exception | AgentController -> get()  
[2022-06-30 06:37:49] local.DEBUG: user agent : Mozilla/5.0 (Windows NT 6.1) AppleWebKit/537.36 (KHTML, like Gecko) Chrome/102.0.0.0 Safari/537.36  
[2022-06-30 06:37:49] local.DEBUG: -> error string  
[2022-06-30 06:37:49] local.DEBUG: SQLSTATE[HY000] [1044] Access denied for user 'tpc'@'localhost' to database 'master_agent' (SQL: select * from `platform`)  
[2022-06-30 06:37:49] local.DEBUG: -> end  
[2022-06-30 06:37:51] local.DEBUG: error exception | AgentController -> get()  
[2022-06-30 06:37:51] local.DEBUG: user agent : Mozilla/5.0 (Windows NT 6.1) AppleWebKit/537.36 (KHTML, like Gecko) Chrome/102.0.0.0 Safari/537.36  
[2022-06-30 06:37:51] local.DEBUG: -> error string  
[2022-06-30 06:37:51] local.DEBUG: SQLSTATE[HY000] [1044] Access denied for user 'tpc'@'localhost' to database 'master_agent' (SQL: select * from `platform`)  
[2022-06-30 06:37:51] local.DEBUG: -> end  
[2022-06-30 06:38:08] local.DEBUG: error exception | AgentController -> get()  
[2022-06-30 06:38:08] local.DEBUG: user agent : Mozilla/5.0 (Windows NT 6.1) AppleWebKit/537.36 (KHTML, like Gecko) Chrome/102.0.0.0 Safari/537.36  
[2022-06-30 06:38:08] local.DEBUG: -> error string  
[2022-06-30 06:38:08] local.DEBUG: SQLSTATE[HY000] [1044] Access denied for user 'tpc'@'localhost' to database 'master_agent' (SQL: select * from `platform`)  
[2022-06-30 06:38:08] local.DEBUG: -> end  
[2022-06-30 06:38:09] local.DEBUG: error exception | AgentController -> get()  
[2022-06-30 06:38:09] local.DEBUG: user agent : Mozilla/5.0 (Windows NT 6.1) AppleWebKit/537.36 (KHTML, like Gecko) Chrome/102.0.0.0 Safari/537.36  
[2022-06-30 06:38:09] local.DEBUG: -> error string  
[2022-06-30 06:38:09] local.DEBUG: SQLSTATE[HY000] [1044] Access denied for user 'tpc'@'localhost' to database 'master_agent' (SQL: select * from `platform`)  
[2022-06-30 06:38:09] local.DEBUG: -> end  
[2022-06-30 06:38:16] local.DEBUG: error exception | AgentController -> get()  
[2022-06-30 06:38:16] local.DEBUG: user agent : Mozilla/5.0 (Windows NT 6.1) AppleWebKit/537.36 (KHTML, like Gecko) Chrome/102.0.0.0 Safari/537.36  
[2022-06-30 06:38:16] local.DEBUG: -> error string  
[2022-06-30 06:38:16] local.DEBUG: SQLSTATE[HY000] [1044] Access denied for user 'tpc'@'localhost' to database 'master_agent' (SQL: select * from `platform`)  
[2022-06-30 06:38:16] local.DEBUG: -> end  
[2022-06-30 06:38:18] local.DEBUG: error exception | AgentController -> get()  
[2022-06-30 06:38:18] local.DEBUG: user agent : Mozilla/5.0 (Windows NT 6.1) AppleWebKit/537.36 (KHTML, like Gecko) Chrome/102.0.0.0 Safari/537.36  
[2022-06-30 06:38:18] local.DEBUG: -> error string  
[2022-06-30 06:38:18] local.DEBUG: SQLSTATE[HY000] [1044] Access denied for user 'tpc'@'localhost' to database 'master_agent' (SQL: select * from `platform`)  
[2022-06-30 06:38:18] local.DEBUG: -> end  
[2022-06-30 06:38:43] local.DEBUG: error exception | AgentController -> get()  
[2022-06-30 06:38:43] local.DEBUG: user agent : Mozilla/5.0 (Linux; Android 4.1.1; X909 Build/JRO03L) AppleWebKit/537.36 (KHTML, like Gecko) Chrome/30.0.1599.92 Mobile Safari/537.36  
[2022-06-30 06:38:43] local.DEBUG: -> error string  
[2022-06-30 06:38:43] local.DEBUG: SQLSTATE[HY000] [1044] Access denied for user 'tpc'@'localhost' to database 'master_agent' (SQL: select * from `platform`)  
[2022-06-30 06:38:43] local.DEBUG: -> end  
[2022-06-30 06:38:44] local.DEBUG: error exception | AgentController -> get()  
[2022-06-30 06:38:44] local.DEBUG: user agent : Mozilla/5.0 (Linux; Android 4.1.1; X909 Build/JRO03L) AppleWebKit/537.36 (KHTML, like Gecko) Chrome/30.0.1599.92 Mobile Safari/537.36  
[2022-06-30 06:38:44] local.DEBUG: -> error string  
[2022-06-30 06:38:44] local.DEBUG: SQLSTATE[HY000] [1044] Access denied for user 'tpc'@'localhost' to database 'master_agent' (SQL: select * from `platform`)  
[2022-06-30 06:38:44] local.DEBUG: -> end  
[2022-06-30 06:38:53] local.DEBUG: error exception | AgentController -> get()  
[2022-06-30 06:38:53] local.DEBUG: user agent : Mozilla/5.0 (Linux; Android 4.1.1; X909 Build/JRO03L) AppleWebKit/537.36 (KHTML, like Gecko) Chrome/30.0.1599.92 Mobile Safari/537.36  
[2022-06-30 06:38:53] local.DEBUG: -> error string  
[2022-06-30 06:38:53] local.DEBUG: SQLSTATE[HY000] [1044] Access denied for user 'tpc'@'localhost' to database 'master_agent' (SQL: select * from `platform`)  
[2022-06-30 06:38:53] local.DEBUG: -> end  
[2022-06-30 06:38:54] local.DEBUG: error exception | AgentController -> get()  
[2022-06-30 06:38:54] local.DEBUG: user agent : Mozilla/5.0 (Linux; Android 4.1.1; X909 Build/JRO03L) AppleWebKit/537.36 (KHTML, like Gecko) Chrome/30.0.1599.92 Mobile Safari/537.36  
[2022-06-30 06:38:54] local.DEBUG: -> error string  
[2022-06-30 06:38:54] local.DEBUG: SQLSTATE[HY000] [1044] Access denied for user 'tpc'@'localhost' to database 'master_agent' (SQL: select * from `platform`)  
[2022-06-30 06:38:54] local.DEBUG: -> end  
[2022-06-30 06:39:49] local.DEBUG: error exception | AgentController -> get()  
[2022-06-30 06:39:49] local.DEBUG: user agent : Mozilla/5.0 (Windows NT 6.1) AppleWebKit/537.36 (KHTML, like Gecko) Chrome/102.0.0.0 Safari/537.36  
[2022-06-30 06:39:49] local.DEBUG: -> error string  
[2022-06-30 06:39:49] local.DEBUG: SQLSTATE[HY000] [1044] Access denied for user 'tpc'@'localhost' to database 'master_agent' (SQL: select * from `platform`)  
[2022-06-30 06:39:49] local.DEBUG: -> end  
[2022-06-30 06:39:51] local.DEBUG: error exception | AgentController -> get()  
[2022-06-30 06:39:51] local.DEBUG: user agent : Mozilla/5.0 (Windows NT 6.1) AppleWebKit/537.36 (KHTML, like Gecko) Chrome/102.0.0.0 Safari/537.36  
[2022-06-30 06:39:51] local.DEBUG: -> error string  
[2022-06-30 06:39:51] local.DEBUG: SQLSTATE[HY000] [1044] Access denied for user 'tpc'@'localhost' to database 'master_agent' (SQL: select * from `platform`)  
[2022-06-30 06:39:51] local.DEBUG: -> end  
[2022-06-30 06:41:09] local.DEBUG: error exception | AgentController -> get()  
[2022-06-30 06:41:09] local.DEBUG: user agent : Mozilla/5.0 (Windows NT 6.1) AppleWebKit/537.36 (KHTML, like Gecko) Chrome/102.0.0.0 Safari/537.36  
[2022-06-30 06:41:09] local.DEBUG: -> error string  
[2022-06-30 06:41:09] local.DEBUG: SQLSTATE[HY000] [1044] Access denied for user 'tpc'@'localhost' to database 'master_agent' (SQL: select * from `platform`)  
[2022-06-30 06:41:09] local.DEBUG: -> end  
[2022-06-30 06:41:10] local.DEBUG: error exception | AgentController -> get()  
[2022-06-30 06:41:10] local.DEBUG: user agent : Mozilla/5.0 (Windows NT 6.1) AppleWebKit/537.36 (KHTML, like Gecko) Chrome/102.0.0.0 Safari/537.36  
[2022-06-30 06:41:10] local.DEBUG: -> error string  
[2022-06-30 06:41:10] local.DEBUG: SQLSTATE[HY000] [1044] Access denied for user 'tpc'@'localhost' to database 'master_agent' (SQL: select * from `platform`)  
[2022-06-30 06:41:10] local.DEBUG: -> end  
[2022-06-30 06:42:52] local.DEBUG: error exception | AgentController -> get()  
[2022-06-30 06:42:52] local.DEBUG: user agent : Mozilla/5.0 (Windows NT 6.1) AppleWebKit/537.36 (KHTML, like Gecko) Chrome/102.0.0.0 Safari/537.36  
[2022-06-30 06:42:52] local.DEBUG: -> error string  
[2022-06-30 06:42:52] local.DEBUG: SQLSTATE[HY000] [1044] Access denied for user 'tpc'@'localhost' to database 'master_agent' (SQL: select * from `platform`)  
[2022-06-30 06:42:52] local.DEBUG: -> end  
[2022-06-30 06:42:53] local.DEBUG: error exception | AgentController -> get()  
[2022-06-30 06:42:53] local.DEBUG: user agent : Mozilla/5.0 (Windows NT 6.1) AppleWebKit/537.36 (KHTML, like Gecko) Chrome/102.0.0.0 Safari/537.36  
[2022-06-30 06:42:53] local.DEBUG: -> error string  
[2022-06-30 06:42:53] local.DEBUG: SQLSTATE[HY000] [1044] Access denied for user 'tpc'@'localhost' to database 'master_agent' (SQL: select * from `platform`)  
[2022-06-30 06:42:53] local.DEBUG: -> end  
[2022-06-30 06:44:47] local.DEBUG: error exception | AgentController -> get()  
[2022-06-30 06:44:47] local.DEBUG: user agent : Mozilla/5.0 (Windows NT 6.1) AppleWebKit/537.36 (KHTML, like Gecko) Chrome/102.0.0.0 Safari/537.36  
[2022-06-30 06:44:47] local.DEBUG: -> error string  
[2022-06-30 06:44:47] local.DEBUG: SQLSTATE[HY000] [1044] Access denied for user 'tpc'@'localhost' to database 'master_agent' (SQL: select * from `platform`)  
[2022-06-30 06:44:47] local.DEBUG: -> end  
[2022-06-30 06:44:48] local.DEBUG: error exception | AgentController -> get()  
[2022-06-30 06:44:48] local.DEBUG: user agent : Mozilla/5.0 (Windows NT 6.1) AppleWebKit/537.36 (KHTML, like Gecko) Chrome/102.0.0.0 Safari/537.36  
[2022-06-30 06:44:48] local.DEBUG: -> error string  
[2022-06-30 06:44:48] local.DEBUG: SQLSTATE[HY000] [1044] Access denied for user 'tpc'@'localhost' to database 'master_agent' (SQL: select * from `platform`)  
[2022-06-30 06:44:48] local.DEBUG: -> end  
[2022-06-30 06:46:27] local.DEBUG: error exception | AgentController -> get()  
[2022-06-30 06:46:27] local.DEBUG: user agent : Mozilla/5.0 (Windows NT 6.1) AppleWebKit/537.36 (KHTML, like Gecko) Chrome/102.0.0.0 Safari/537.36  
[2022-06-30 06:46:27] local.DEBUG: -> error string  
[2022-06-30 06:46:27] local.DEBUG: SQLSTATE[HY000] [1044] Access denied for user 'tpc'@'localhost' to database 'master_agent' (SQL: select * from `platform`)  
[2022-06-30 06:46:27] local.DEBUG: -> end  
[2022-06-30 06:46:32] local.DEBUG: error exception | AgentController -> get()  
[2022-06-30 06:46:32] local.DEBUG: user agent : Mozilla/5.0 (Windows NT 6.1) AppleWebKit/537.36 (KHTML, like Gecko) Chrome/102.0.0.0 Safari/537.36  
[2022-06-30 06:46:32] local.DEBUG: -> error string  
[2022-06-30 06:46:32] local.DEBUG: SQLSTATE[HY000] [1044] Access denied for user 'tpc'@'localhost' to database 'master_agent' (SQL: select * from `platform`)  
[2022-06-30 06:46:32] local.DEBUG: -> end  
[2022-06-30 06:48:14] local.DEBUG: error exception | AgentController -> get()  
[2022-06-30 06:48:14] local.DEBUG: user agent : Mozilla/5.0 (Windows NT 6.1) AppleWebKit/537.36 (KHTML, like Gecko) Chrome/102.0.0.0 Safari/537.36  
[2022-06-30 06:48:14] local.DEBUG: -> error string  
[2022-06-30 06:48:14] local.DEBUG: SQLSTATE[HY000] [1044] Access denied for user 'tpc'@'localhost' to database 'master_agent' (SQL: select * from `platform`)  
[2022-06-30 06:48:14] local.DEBUG: -> end  
[2022-06-30 06:48:15] local.DEBUG: error exception | AgentController -> get()  
[2022-06-30 06:48:15] local.DEBUG: user agent : Mozilla/5.0 (Windows NT 6.1) AppleWebKit/537.36 (KHTML, like Gecko) Chrome/102.0.0.0 Safari/537.36  
[2022-06-30 06:48:15] local.DEBUG: -> error string  
[2022-06-30 06:48:15] local.DEBUG: SQLSTATE[HY000] [1044] Access denied for user 'tpc'@'localhost' to database 'master_agent' (SQL: select * from `platform`)  
[2022-06-30 06:48:15] local.DEBUG: -> end  
[2022-06-30 06:49:40] local.DEBUG: error exception | AgentController -> get()  
[2022-06-30 06:49:40] local.DEBUG: user agent : Mozilla/5.0 (Windows NT 6.1) AppleWebKit/537.36 (KHTML, like Gecko) Chrome/102.0.0.0 Safari/537.36  
[2022-06-30 06:49:40] local.DEBUG: -> error string  
[2022-06-30 06:49:40] local.DEBUG: SQLSTATE[HY000] [1044] Access denied for user 'tpc'@'localhost' to database 'master_agent' (SQL: select * from `platform`)  
[2022-06-30 06:49:40] local.DEBUG: -> end  
[2022-06-30 06:49:42] local.DEBUG: error exception | AgentController -> get()  
[2022-06-30 06:49:42] local.DEBUG: user agent : Mozilla/5.0 (Windows NT 6.1) AppleWebKit/537.36 (KHTML, like Gecko) Chrome/102.0.0.0 Safari/537.36  
[2022-06-30 06:49:42] local.DEBUG: -> error string  
[2022-06-30 06:49:42] local.DEBUG: SQLSTATE[HY000] [1044] Access denied for user 'tpc'@'localhost' to database 'master_agent' (SQL: select * from `platform`)  
[2022-06-30 06:49:42] local.DEBUG: -> end  
[2022-06-30 06:49:59] local.DEBUG: error exception | AgentController -> get()  
[2022-06-30 06:49:59] local.DEBUG: user agent : Mozilla/5.0 (Windows NT 6.1) AppleWebKit/537.36 (KHTML, like Gecko) Chrome/102.0.0.0 Safari/537.36  
[2022-06-30 06:49:59] local.DEBUG: -> error string  
[2022-06-30 06:49:59] local.DEBUG: SQLSTATE[HY000] [1044] Access denied for user 'tpc'@'localhost' to database 'master_agent' (SQL: select * from `platform`)  
[2022-06-30 06:49:59] local.DEBUG: -> end  
[2022-06-30 06:50:00] local.DEBUG: error exception | AgentController -> get()  
[2022-06-30 06:50:00] local.DEBUG: user agent : Mozilla/5.0 (Windows NT 6.1) AppleWebKit/537.36 (KHTML, like Gecko) Chrome/102.0.0.0 Safari/537.36  
[2022-06-30 06:50:00] local.DEBUG: -> error string  
[2022-06-30 06:50:00] local.DEBUG: SQLSTATE[HY000] [1044] Access denied for user 'tpc'@'localhost' to database 'master_agent' (SQL: select * from `platform`)  
[2022-06-30 06:50:00] local.DEBUG: -> end  
[2022-06-30 06:51:56] local.DEBUG: error exception | AgentController -> get()  
[2022-06-30 06:51:56] local.DEBUG: user agent : Mozilla/5.0 (Linux; Android 4.1.1; X909 Build/JRO03L) AppleWebKit/537.36 (KHTML, like Gecko) Chrome/30.0.1599.92 Mobile Safari/537.36  
[2022-06-30 06:51:56] local.DEBUG: -> error string  
[2022-06-30 06:51:56] local.DEBUG: SQLSTATE[HY000] [1044] Access denied for user 'tpc'@'localhost' to database 'master_agent' (SQL: select * from `platform`)  
[2022-06-30 06:51:56] local.DEBUG: -> end  
[2022-06-30 06:51:58] local.DEBUG: error exception | AgentController -> get()  
[2022-06-30 06:51:58] local.DEBUG: user agent : Mozilla/5.0 (Linux; Android 4.1.1; X909 Build/JRO03L) AppleWebKit/537.36 (KHTML, like Gecko) Chrome/30.0.1599.92 Mobile Safari/537.36  
[2022-06-30 06:51:58] local.DEBUG: -> error string  
[2022-06-30 06:51:58] local.DEBUG: SQLSTATE[HY000] [1044] Access denied for user 'tpc'@'localhost' to database 'master_agent' (SQL: select * from `platform`)  
[2022-06-30 06:51:58] local.DEBUG: -> end  
[2022-06-30 06:53:38] local.DEBUG: error exception | AgentController -> get()  
[2022-06-30 06:53:38] local.DEBUG: user agent : Mozilla/5.0 (Linux; Android 4.1.1; X909 Build/JRO03L) AppleWebKit/537.36 (KHTML, like Gecko) Chrome/30.0.1599.92 Mobile Safari/537.36  
[2022-06-30 06:53:38] local.DEBUG: -> error string  
[2022-06-30 06:53:38] local.DEBUG: SQLSTATE[HY000] [1044] Access denied for user 'tpc'@'localhost' to database 'master_agent' (SQL: select * from `platform`)  
[2022-06-30 06:53:38] local.DEBUG: -> end  
[2022-06-30 06:53:40] local.DEBUG: error exception | AgentController -> get()  
[2022-06-30 06:53:40] local.DEBUG: user agent : Mozilla/5.0 (Linux; Android 4.1.1; X909 Build/JRO03L) AppleWebKit/537.36 (KHTML, like Gecko) Chrome/30.0.1599.92 Mobile Safari/537.36  
[2022-06-30 06:53:40] local.DEBUG: -> error string  
[2022-06-30 06:53:40] local.DEBUG: SQLSTATE[HY000] [1044] Access denied for user 'tpc'@'localhost' to database 'master_agent' (SQL: select * from `platform`)  
[2022-06-30 06:53:40] local.DEBUG: -> end  
[2022-06-30 07:11:36] local.DEBUG: error exception | AgentController -> get()  
[2022-06-30 07:11:36] local.DEBUG: user agent : Mozilla/5.0 (Windows NT 6.1) AppleWebKit/537.36 (KHTML, like Gecko) Chrome/102.0.0.0 Safari/537.36  
[2022-06-30 07:11:36] local.DEBUG: -> error string  
[2022-06-30 07:11:36] local.DEBUG: SQLSTATE[HY000] [1044] Access denied for user 'tpc'@'localhost' to database 'master_agent' (SQL: select * from `platform`)  
[2022-06-30 07:11:36] local.DEBUG: -> end  
[2022-06-30 07:16:15] local.DEBUG: error exception | AgentController -> get()  
[2022-06-30 07:16:15] local.DEBUG: user agent : Mozilla/5.0 (Windows NT 6.1) AppleWebKit/537.36 (KHTML, like Gecko) Chrome/102.0.0.0 Safari/537.36  
[2022-06-30 07:16:15] local.DEBUG: -> error string  
[2022-06-30 07:16:15] local.DEBUG: SQLSTATE[HY000] [1044] Access denied for user 'tpc'@'localhost' to database 'master_agent' (SQL: select * from `platform`)  
[2022-06-30 07:16:15] local.DEBUG: -> end  
[2022-06-30 07:16:17] local.DEBUG: error exception | AgentController -> get()  
[2022-06-30 07:16:17] local.DEBUG: user agent : Mozilla/5.0 (Windows NT 6.1) AppleWebKit/537.36 (KHTML, like Gecko) Chrome/102.0.0.0 Safari/537.36  
[2022-06-30 07:16:17] local.DEBUG: -> error string  
[2022-06-30 07:16:17] local.DEBUG: SQLSTATE[HY000] [1044] Access denied for user 'tpc'@'localhost' to database 'master_agent' (SQL: select * from `platform`)  
[2022-06-30 07:16:17] local.DEBUG: -> end  
[2022-06-30 07:19:29] local.DEBUG: error exception | AgentController -> get()  
[2022-06-30 07:19:29] local.DEBUG: user agent : Mozilla/5.0 (Windows NT 6.1) AppleWebKit/537.36 (KHTML, like Gecko) Chrome/102.0.0.0 Safari/537.36  
[2022-06-30 07:19:29] local.DEBUG: -> error string  
[2022-06-30 07:19:29] local.DEBUG: SQLSTATE[HY000] [1044] Access denied for user 'tpc'@'localhost' to database 'master_agent' (SQL: select * from `platform`)  
[2022-06-30 07:19:29] local.DEBUG: -> end  
[2022-06-30 07:19:30] local.DEBUG: error exception | AgentController -> get()  
[2022-06-30 07:19:30] local.DEBUG: user agent : Mozilla/5.0 (Windows NT 6.1) AppleWebKit/537.36 (KHTML, like Gecko) Chrome/102.0.0.0 Safari/537.36  
[2022-06-30 07:19:30] local.DEBUG: -> error string  
[2022-06-30 07:19:30] local.DEBUG: SQLSTATE[HY000] [1044] Access denied for user 'tpc'@'localhost' to database 'master_agent' (SQL: select * from `platform`)  
[2022-06-30 07:19:30] local.DEBUG: -> end  
[2022-06-30 07:20:22] local.DEBUG: error exception | AgentController -> get()  
[2022-06-30 07:20:22] local.DEBUG: user agent : Mozilla/5.0 (Windows NT 6.1) AppleWebKit/537.36 (KHTML, like Gecko) Chrome/102.0.0.0 Safari/537.36  
[2022-06-30 07:20:22] local.DEBUG: -> error string  
[2022-06-30 07:20:22] local.DEBUG: SQLSTATE[HY000] [1044] Access denied for user 'tpc'@'localhost' to database 'master_agent' (SQL: select * from `platform`)  
[2022-06-30 07:20:22] local.DEBUG: -> end  
[2022-06-30 07:20:23] local.DEBUG: error exception | AgentController -> get()  
[2022-06-30 07:20:23] local.DEBUG: user agent : Mozilla/5.0 (Windows NT 6.1) AppleWebKit/537.36 (KHTML, like Gecko) Chrome/102.0.0.0 Safari/537.36  
[2022-06-30 07:20:23] local.DEBUG: -> error string  
[2022-06-30 07:20:23] local.DEBUG: SQLSTATE[HY000] [1044] Access denied for user 'tpc'@'localhost' to database 'master_agent' (SQL: select * from `platform`)  
[2022-06-30 07:20:23] local.DEBUG: -> end  
[2022-06-30 07:20:47] local.DEBUG: error exception | AgentController -> get()  
[2022-06-30 07:20:47] local.DEBUG: user agent : Mozilla/5.0 (Windows NT 6.1) AppleWebKit/537.36 (KHTML, like Gecko) Chrome/102.0.0.0 Safari/537.36  
[2022-06-30 07:20:47] local.DEBUG: -> error string  
[2022-06-30 07:20:47] local.DEBUG: SQLSTATE[HY000] [1044] Access denied for user 'tpc'@'localhost' to database 'master_agent' (SQL: select * from `platform`)  
[2022-06-30 07:20:47] local.DEBUG: -> end  
[2022-06-30 07:20:49] local.DEBUG: error exception | AgentController -> get()  
[2022-06-30 07:20:49] local.DEBUG: user agent : Mozilla/5.0 (Windows NT 6.1) AppleWebKit/537.36 (KHTML, like Gecko) Chrome/102.0.0.0 Safari/537.36  
[2022-06-30 07:20:49] local.DEBUG: -> error string  
[2022-06-30 07:20:49] local.DEBUG: SQLSTATE[HY000] [1044] Access denied for user 'tpc'@'localhost' to database 'master_agent' (SQL: select * from `platform`)  
[2022-06-30 07:20:49] local.DEBUG: -> end  
[2022-06-30 07:23:26] local.DEBUG: error exception | AgentController -> get()  
[2022-06-30 07:23:26] local.DEBUG: user agent : Mozilla/5.0 (Windows NT 6.1) AppleWebKit/537.36 (KHTML, like Gecko) Chrome/102.0.0.0 Safari/537.36  
[2022-06-30 07:23:26] local.DEBUG: -> error string  
[2022-06-30 07:23:26] local.DEBUG: SQLSTATE[HY000] [1044] Access denied for user 'tpc'@'localhost' to database 'master_agent' (SQL: select * from `platform`)  
[2022-06-30 07:23:26] local.DEBUG: -> end  
[2022-06-30 07:23:27] local.DEBUG: error exception | AgentController -> get()  
[2022-06-30 07:23:27] local.DEBUG: user agent : Mozilla/5.0 (Windows NT 6.1) AppleWebKit/537.36 (KHTML, like Gecko) Chrome/102.0.0.0 Safari/537.36  
[2022-06-30 07:23:27] local.DEBUG: -> error string  
[2022-06-30 07:23:27] local.DEBUG: SQLSTATE[HY000] [1044] Access denied for user 'tpc'@'localhost' to database 'master_agent' (SQL: select * from `platform`)  
[2022-06-30 07:23:27] local.DEBUG: -> end  
[2022-06-30 07:25:13] local.DEBUG: error exception | AgentController -> get()  
[2022-06-30 07:25:13] local.DEBUG: user agent : Mozilla/5.0 (Windows NT 6.1) AppleWebKit/537.36 (KHTML, like Gecko) Chrome/102.0.0.0 Safari/537.36  
[2022-06-30 07:25:13] local.DEBUG: -> error string  
[2022-06-30 07:25:13] local.DEBUG: SQLSTATE[HY000] [1044] Access denied for user 'tpc'@'localhost' to database 'master_agent' (SQL: select * from `platform`)  
[2022-06-30 07:25:13] local.DEBUG: -> end  
[2022-06-30 07:25:14] local.DEBUG: error exception | AgentController -> get()  
[2022-06-30 07:25:14] local.DEBUG: user agent : Mozilla/5.0 (Windows NT 6.1) AppleWebKit/537.36 (KHTML, like Gecko) Chrome/102.0.0.0 Safari/537.36  
[2022-06-30 07:25:14] local.DEBUG: -> error string  
[2022-06-30 07:25:14] local.DEBUG: SQLSTATE[HY000] [1044] Access denied for user 'tpc'@'localhost' to database 'master_agent' (SQL: select * from `platform`)  
[2022-06-30 07:25:14] local.DEBUG: -> end  
[2022-06-30 07:26:25] local.DEBUG: error exception | AgentController -> get()  
[2022-06-30 07:26:25] local.DEBUG: user agent : Mozilla/5.0 (Windows NT 6.1) AppleWebKit/537.36 (KHTML, like Gecko) Chrome/102.0.0.0 Safari/537.36  
[2022-06-30 07:26:25] local.DEBUG: -> error string  
[2022-06-30 07:26:25] local.DEBUG: SQLSTATE[HY000] [1044] Access denied for user 'tpc'@'localhost' to database 'master_agent' (SQL: select * from `platform`)  
[2022-06-30 07:26:25] local.DEBUG: -> end  
[2022-06-30 07:26:27] local.DEBUG: error exception | AgentController -> get()  
[2022-06-30 07:26:27] local.DEBUG: user agent : Mozilla/5.0 (Windows NT 6.1) AppleWebKit/537.36 (KHTML, like Gecko) Chrome/102.0.0.0 Safari/537.36  
[2022-06-30 07:26:27] local.DEBUG: -> error string  
[2022-06-30 07:26:27] local.DEBUG: SQLSTATE[HY000] [1044] Access denied for user 'tpc'@'localhost' to database 'master_agent' (SQL: select * from `platform`)  
[2022-06-30 07:26:27] local.DEBUG: -> end  
[2022-06-30 07:27:38] local.DEBUG: error exception | AgentController -> get()  
[2022-06-30 07:27:38] local.DEBUG: user agent : Mozilla/5.0 (Windows NT 6.1) AppleWebKit/537.36 (KHTML, like Gecko) Chrome/102.0.0.0 Safari/537.36  
[2022-06-30 07:27:38] local.DEBUG: -> error string  
[2022-06-30 07:27:38] local.DEBUG: SQLSTATE[HY000] [1044] Access denied for user 'tpc'@'localhost' to database 'master_agent' (SQL: select * from `platform`)  
[2022-06-30 07:27:38] local.DEBUG: -> end  
[2022-06-30 07:27:40] local.DEBUG: error exception | AgentController -> get()  
[2022-06-30 07:27:40] local.DEBUG: user agent : Mozilla/5.0 (Windows NT 6.1) AppleWebKit/537.36 (KHTML, like Gecko) Chrome/102.0.0.0 Safari/537.36  
[2022-06-30 07:27:40] local.DEBUG: -> error string  
[2022-06-30 07:27:40] local.DEBUG: SQLSTATE[HY000] [1044] Access denied for user 'tpc'@'localhost' to database 'master_agent' (SQL: select * from `platform`)  
[2022-06-30 07:27:40] local.DEBUG: -> end  
[2022-06-30 07:28:45] local.DEBUG: error exception | AgentController -> get()  
[2022-06-30 07:28:45] local.DEBUG: user agent : Mozilla/5.0 (Windows NT 6.1) AppleWebKit/537.36 (KHTML, like Gecko) Chrome/102.0.0.0 Safari/537.36  
[2022-06-30 07:28:45] local.DEBUG: -> error string  
[2022-06-30 07:28:45] local.DEBUG: SQLSTATE[HY000] [1044] Access denied for user 'tpc'@'localhost' to database 'master_agent' (SQL: select * from `platform`)  
[2022-06-30 07:28:45] local.DEBUG: -> end  
[2022-06-30 07:28:47] local.DEBUG: error exception | AgentController -> get()  
[2022-06-30 07:28:47] local.DEBUG: user agent : Mozilla/5.0 (Windows NT 6.1) AppleWebKit/537.36 (KHTML, like Gecko) Chrome/102.0.0.0 Safari/537.36  
[2022-06-30 07:28:47] local.DEBUG: -> error string  
[2022-06-30 07:28:47] local.DEBUG: SQLSTATE[HY000] [1044] Access denied for user 'tpc'@'localhost' to database 'master_agent' (SQL: select * from `platform`)  
[2022-06-30 07:28:47] local.DEBUG: -> end  
[2022-06-30 07:31:49] local.DEBUG: error exception | AgentController -> get()  
[2022-06-30 07:31:49] local.DEBUG: user agent : Mozilla/5.0 (Windows NT 6.1) AppleWebKit/537.36 (KHTML, like Gecko) Chrome/102.0.0.0 Safari/537.36  
[2022-06-30 07:31:49] local.DEBUG: -> error string  
[2022-06-30 07:31:49] local.DEBUG: SQLSTATE[HY000] [1044] Access denied for user 'tpc'@'localhost' to database 'master_agent' (SQL: select * from `platform`)  
[2022-06-30 07:31:49] local.DEBUG: -> end  
[2022-06-30 07:31:51] local.DEBUG: error exception | AgentController -> get()  
[2022-06-30 07:31:51] local.DEBUG: user agent : Mozilla/5.0 (Windows NT 6.1) AppleWebKit/537.36 (KHTML, like Gecko) Chrome/102.0.0.0 Safari/537.36  
[2022-06-30 07:31:51] local.DEBUG: -> error string  
[2022-06-30 07:31:51] local.DEBUG: SQLSTATE[HY000] [1044] Access denied for user 'tpc'@'localhost' to database 'master_agent' (SQL: select * from `platform`)  
[2022-06-30 07:31:51] local.DEBUG: -> end  
[2022-06-30 07:32:24] local.DEBUG: error exception | AgentController -> get()  
[2022-06-30 07:32:24] local.DEBUG: user agent : Mozilla/5.0 (Windows NT 6.1) AppleWebKit/537.36 (KHTML, like Gecko) Chrome/102.0.0.0 Safari/537.36  
[2022-06-30 07:32:24] local.DEBUG: -> error string  
[2022-06-30 07:32:24] local.DEBUG: SQLSTATE[HY000] [1044] Access denied for user 'tpc'@'localhost' to database 'master_agent' (SQL: select * from `platform`)  
[2022-06-30 07:32:24] local.DEBUG: -> end  
[2022-06-30 07:32:27] local.DEBUG: error exception | AgentController -> get()  
[2022-06-30 07:32:27] local.DEBUG: user agent : Mozilla/5.0 (Windows NT 6.1) AppleWebKit/537.36 (KHTML, like Gecko) Chrome/102.0.0.0 Safari/537.36  
[2022-06-30 07:32:27] local.DEBUG: -> error string  
[2022-06-30 07:32:27] local.DEBUG: SQLSTATE[HY000] [1044] Access denied for user 'tpc'@'localhost' to database 'master_agent' (SQL: select * from `platform`)  
[2022-06-30 07:32:27] local.DEBUG: -> end  
[2022-06-30 07:33:32] local.DEBUG: error exception | AgentController -> get()  
[2022-06-30 07:33:32] local.DEBUG: user agent : Mozilla/5.0 (Windows NT 6.1) AppleWebKit/537.36 (KHTML, like Gecko) Chrome/102.0.0.0 Safari/537.36  
[2022-06-30 07:33:32] local.DEBUG: -> error string  
[2022-06-30 07:33:32] local.DEBUG: SQLSTATE[HY000] [1044] Access denied for user 'tpc'@'localhost' to database 'master_agent' (SQL: select * from `platform`)  
[2022-06-30 07:33:32] local.DEBUG: -> end  
[2022-06-30 07:33:35] local.DEBUG: error exception | AgentController -> get()  
[2022-06-30 07:33:35] local.DEBUG: user agent : Mozilla/5.0 (Windows NT 6.1) AppleWebKit/537.36 (KHTML, like Gecko) Chrome/102.0.0.0 Safari/537.36  
[2022-06-30 07:33:35] local.DEBUG: -> error string  
[2022-06-30 07:33:35] local.DEBUG: SQLSTATE[HY000] [1044] Access denied for user 'tpc'@'localhost' to database 'master_agent' (SQL: select * from `platform`)  
[2022-06-30 07:33:35] local.DEBUG: -> end  
[2022-06-30 07:34:18] local.DEBUG: error exception | AgentController -> get()  
[2022-06-30 07:34:18] local.DEBUG: user agent : Mozilla/5.0 (Windows NT 6.1) AppleWebKit/537.36 (KHTML, like Gecko) Chrome/102.0.0.0 Safari/537.36  
[2022-06-30 07:34:18] local.DEBUG: -> error string  
[2022-06-30 07:34:18] local.DEBUG: SQLSTATE[HY000] [1044] Access denied for user 'tpc'@'localhost' to database 'master_agent' (SQL: select * from `platform`)  
[2022-06-30 07:34:18] local.DEBUG: -> end  
[2022-06-30 07:34:20] local.DEBUG: error exception | AgentController -> get()  
[2022-06-30 07:34:20] local.DEBUG: user agent : Mozilla/5.0 (Windows NT 6.1) AppleWebKit/537.36 (KHTML, like Gecko) Chrome/102.0.0.0 Safari/537.36  
[2022-06-30 07:34:20] local.DEBUG: -> error string  
[2022-06-30 07:34:20] local.DEBUG: SQLSTATE[HY000] [1044] Access denied for user 'tpc'@'localhost' to database 'master_agent' (SQL: select * from `platform`)  
[2022-06-30 07:34:20] local.DEBUG: -> end  
[2022-06-30 07:34:54] local.DEBUG: error exception | AgentController -> get()  
[2022-06-30 07:34:54] local.DEBUG: user agent : Mozilla/5.0 (Windows NT 6.1) AppleWebKit/537.36 (KHTML, like Gecko) Chrome/102.0.0.0 Safari/537.36  
[2022-06-30 07:34:54] local.DEBUG: -> error string  
[2022-06-30 07:34:54] local.DEBUG: SQLSTATE[HY000] [1044] Access denied for user 'tpc'@'localhost' to database 'master_agent' (SQL: select * from `platform`)  
[2022-06-30 07:34:54] local.DEBUG: -> end  
[2022-06-30 07:34:56] local.DEBUG: error exception | AgentController -> get()  
[2022-06-30 07:34:56] local.DEBUG: user agent : Mozilla/5.0 (Windows NT 6.1) AppleWebKit/537.36 (KHTML, like Gecko) Chrome/102.0.0.0 Safari/537.36  
[2022-06-30 07:34:56] local.DEBUG: -> error string  
[2022-06-30 07:34:56] local.DEBUG: SQLSTATE[HY000] [1044] Access denied for user 'tpc'@'localhost' to database 'master_agent' (SQL: select * from `platform`)  
[2022-06-30 07:34:56] local.DEBUG: -> end  
[2022-06-30 07:35:31] local.DEBUG: error exception | AgentController -> get()  
[2022-06-30 07:35:31] local.DEBUG: user agent : Mozilla/5.0 (Windows NT 6.1) AppleWebKit/537.36 (KHTML, like Gecko) Chrome/102.0.0.0 Safari/537.36  
[2022-06-30 07:35:31] local.DEBUG: -> error string  
[2022-06-30 07:35:31] local.DEBUG: SQLSTATE[HY000] [1044] Access denied for user 'tpc'@'localhost' to database 'master_agent' (SQL: select * from `platform`)  
[2022-06-30 07:35:31] local.DEBUG: -> end  
[2022-06-30 07:35:32] local.DEBUG: error exception | AgentController -> get()  
[2022-06-30 07:35:32] local.DEBUG: user agent : Mozilla/5.0 (Windows NT 6.1) AppleWebKit/537.36 (KHTML, like Gecko) Chrome/102.0.0.0 Safari/537.36  
[2022-06-30 07:35:32] local.DEBUG: -> error string  
[2022-06-30 07:35:32] local.DEBUG: SQLSTATE[HY000] [1044] Access denied for user 'tpc'@'localhost' to database 'master_agent' (SQL: select * from `platform`)  
[2022-06-30 07:35:32] local.DEBUG: -> end  
[2022-06-30 07:36:15] local.DEBUG: error exception | AgentController -> get()  
[2022-06-30 07:36:15] local.DEBUG: user agent : Mozilla/5.0 (Windows NT 6.1) AppleWebKit/537.36 (KHTML, like Gecko) Chrome/102.0.0.0 Safari/537.36  
[2022-06-30 07:36:15] local.DEBUG: -> error string  
[2022-06-30 07:36:15] local.DEBUG: SQLSTATE[HY000] [1044] Access denied for user 'tpc'@'localhost' to database 'master_agent' (SQL: select * from `platform`)  
[2022-06-30 07:36:15] local.DEBUG: -> end  
[2022-06-30 07:36:17] local.DEBUG: error exception | AgentController -> get()  
[2022-06-30 07:36:17] local.DEBUG: user agent : Mozilla/5.0 (Windows NT 6.1) AppleWebKit/537.36 (KHTML, like Gecko) Chrome/102.0.0.0 Safari/537.36  
[2022-06-30 07:36:17] local.DEBUG: -> error string  
[2022-06-30 07:36:17] local.DEBUG: SQLSTATE[HY000] [1044] Access denied for user 'tpc'@'localhost' to database 'master_agent' (SQL: select * from `platform`)  
[2022-06-30 07:36:17] local.DEBUG: -> end  
[2022-06-30 07:37:20] local.DEBUG: error exception | AgentController -> get()  
[2022-06-30 07:37:20] local.DEBUG: user agent : Mozilla/5.0 (Windows NT 6.1) AppleWebKit/537.36 (KHTML, like Gecko) Chrome/102.0.0.0 Safari/537.36  
[2022-06-30 07:37:20] local.DEBUG: -> error string  
[2022-06-30 07:37:20] local.DEBUG: SQLSTATE[HY000] [1044] Access denied for user 'tpc'@'localhost' to database 'master_agent' (SQL: select * from `platform`)  
[2022-06-30 07:37:20] local.DEBUG: -> end  
[2022-06-30 07:37:27] local.DEBUG: error exception | AgentController -> get()  
[2022-06-30 07:37:27] local.DEBUG: user agent : Mozilla/5.0 (Windows NT 6.1) AppleWebKit/537.36 (KHTML, like Gecko) Chrome/102.0.0.0 Safari/537.36  
[2022-06-30 07:37:27] local.DEBUG: -> error string  
[2022-06-30 07:37:27] local.DEBUG: SQLSTATE[HY000] [1044] Access denied for user 'tpc'@'localhost' to database 'master_agent' (SQL: select * from `platform`)  
[2022-06-30 07:37:27] local.DEBUG: -> end  
[2022-06-30 07:44:38] local.DEBUG: error exception | AgentController -> get()  
[2022-06-30 07:44:38] local.DEBUG: user agent : Mozilla/5.0 (Windows NT 6.1) AppleWebKit/537.36 (KHTML, like Gecko) Chrome/102.0.0.0 Safari/537.36  
[2022-06-30 07:44:38] local.DEBUG: -> error string  
[2022-06-30 07:44:38] local.DEBUG: SQLSTATE[HY000] [1044] Access denied for user 'tpc'@'localhost' to database 'master_agent' (SQL: select * from `platform`)  
[2022-06-30 07:44:38] local.DEBUG: -> end  
[2022-06-30 07:44:39] local.DEBUG: error exception | AgentController -> get()  
[2022-06-30 07:44:39] local.DEBUG: user agent : Mozilla/5.0 (Windows NT 6.1) AppleWebKit/537.36 (KHTML, like Gecko) Chrome/102.0.0.0 Safari/537.36  
[2022-06-30 07:44:39] local.DEBUG: -> error string  
[2022-06-30 07:44:39] local.DEBUG: SQLSTATE[HY000] [1044] Access denied for user 'tpc'@'localhost' to database 'master_agent' (SQL: select * from `platform`)  
[2022-06-30 07:44:39] local.DEBUG: -> end  
[2022-06-30 07:45:44] local.DEBUG: error exception | AgentController -> get()  
[2022-06-30 07:45:44] local.DEBUG: user agent : Mozilla/5.0 (Windows NT 6.1) AppleWebKit/537.36 (KHTML, like Gecko) Chrome/102.0.0.0 Safari/537.36  
[2022-06-30 07:45:44] local.DEBUG: -> error string  
[2022-06-30 07:45:44] local.DEBUG: SQLSTATE[HY000] [1044] Access denied for user 'tpc'@'localhost' to database 'master_agent' (SQL: select * from `platform`)  
[2022-06-30 07:45:44] local.DEBUG: -> end  
[2022-06-30 07:45:45] local.DEBUG: error exception | AgentController -> get()  
[2022-06-30 07:45:45] local.DEBUG: user agent : Mozilla/5.0 (Windows NT 6.1) AppleWebKit/537.36 (KHTML, like Gecko) Chrome/102.0.0.0 Safari/537.36  
[2022-06-30 07:45:45] local.DEBUG: -> error string  
[2022-06-30 07:45:45] local.DEBUG: SQLSTATE[HY000] [1044] Access denied for user 'tpc'@'localhost' to database 'master_agent' (SQL: select * from `platform`)  
[2022-06-30 07:45:45] local.DEBUG: -> end  
[2022-06-30 07:46:26] local.DEBUG: error exception | AgentController -> get()  
[2022-06-30 07:46:26] local.DEBUG: user agent : Mozilla/5.0 (Windows NT 6.1) AppleWebKit/537.36 (KHTML, like Gecko) Chrome/102.0.0.0 Safari/537.36  
[2022-06-30 07:46:26] local.DEBUG: -> error string  
[2022-06-30 07:46:26] local.DEBUG: SQLSTATE[HY000] [1044] Access denied for user 'tpc'@'localhost' to database 'master_agent' (SQL: select * from `platform`)  
[2022-06-30 07:46:26] local.DEBUG: -> end  
[2022-06-30 07:46:27] local.DEBUG: error exception | AgentController -> get()  
[2022-06-30 07:46:27] local.DEBUG: user agent : Mozilla/5.0 (Windows NT 6.1) AppleWebKit/537.36 (KHTML, like Gecko) Chrome/102.0.0.0 Safari/537.36  
[2022-06-30 07:46:27] local.DEBUG: -> error string  
[2022-06-30 07:46:27] local.DEBUG: SQLSTATE[HY000] [1044] Access denied for user 'tpc'@'localhost' to database 'master_agent' (SQL: select * from `platform`)  
[2022-06-30 07:46:27] local.DEBUG: -> end  
[2022-06-30 07:47:16] local.DEBUG: error exception | AgentController -> get()  
[2022-06-30 07:47:16] local.DEBUG: user agent : Mozilla/5.0 (Windows NT 6.1) AppleWebKit/537.36 (KHTML, like Gecko) Chrome/102.0.0.0 Safari/537.36  
[2022-06-30 07:47:16] local.DEBUG: -> error string  
[2022-06-30 07:47:16] local.DEBUG: SQLSTATE[HY000] [1044] Access denied for user 'tpc'@'localhost' to database 'master_agent' (SQL: select * from `platform`)  
[2022-06-30 07:47:16] local.DEBUG: -> end  
[2022-06-30 07:47:17] local.DEBUG: error exception | AgentController -> get()  
[2022-06-30 07:47:17] local.DEBUG: user agent : Mozilla/5.0 (Windows NT 6.1) AppleWebKit/537.36 (KHTML, like Gecko) Chrome/102.0.0.0 Safari/537.36  
[2022-06-30 07:47:17] local.DEBUG: -> error string  
[2022-06-30 07:47:17] local.DEBUG: SQLSTATE[HY000] [1044] Access denied for user 'tpc'@'localhost' to database 'master_agent' (SQL: select * from `platform`)  
[2022-06-30 07:47:17] local.DEBUG: -> end  
[2022-06-30 07:48:29] local.DEBUG: error exception | AgentController -> get()  
[2022-06-30 07:48:29] local.DEBUG: user agent : Mozilla/5.0 (Windows NT 6.1) AppleWebKit/537.36 (KHTML, like Gecko) Chrome/102.0.0.0 Safari/537.36  
[2022-06-30 07:48:29] local.DEBUG: -> error string  
[2022-06-30 07:48:29] local.DEBUG: SQLSTATE[HY000] [1044] Access denied for user 'tpc'@'localhost' to database 'master_agent' (SQL: select * from `platform`)  
[2022-06-30 07:48:29] local.DEBUG: -> end  
[2022-06-30 07:48:30] local.DEBUG: error exception | AgentController -> get()  
[2022-06-30 07:48:30] local.DEBUG: user agent : Mozilla/5.0 (Windows NT 6.1) AppleWebKit/537.36 (KHTML, like Gecko) Chrome/102.0.0.0 Safari/537.36  
[2022-06-30 07:48:30] local.DEBUG: -> error string  
[2022-06-30 07:48:30] local.DEBUG: SQLSTATE[HY000] [1044] Access denied for user 'tpc'@'localhost' to database 'master_agent' (SQL: select * from `platform`)  
[2022-06-30 07:48:30] local.DEBUG: -> end  
[2022-06-30 07:48:52] local.DEBUG: error exception | AgentController -> get()  
[2022-06-30 07:48:52] local.DEBUG: user agent : Mozilla/5.0 (Windows NT 6.1) AppleWebKit/537.36 (KHTML, like Gecko) Chrome/102.0.0.0 Safari/537.36  
[2022-06-30 07:48:52] local.DEBUG: -> error string  
[2022-06-30 07:48:52] local.DEBUG: SQLSTATE[HY000] [1044] Access denied for user 'tpc'@'localhost' to database 'master_agent' (SQL: select * from `platform`)  
[2022-06-30 07:48:52] local.DEBUG: -> end  
[2022-06-30 07:48:53] local.DEBUG: error exception | AgentController -> get()  
[2022-06-30 07:48:53] local.DEBUG: user agent : Mozilla/5.0 (Windows NT 6.1) AppleWebKit/537.36 (KHTML, like Gecko) Chrome/102.0.0.0 Safari/537.36  
[2022-06-30 07:48:53] local.DEBUG: -> error string  
[2022-06-30 07:48:53] local.DEBUG: SQLSTATE[HY000] [1044] Access denied for user 'tpc'@'localhost' to database 'master_agent' (SQL: select * from `platform`)  
[2022-06-30 07:48:53] local.DEBUG: -> end  
[2022-06-30 07:50:26] local.DEBUG: error exception | AgentController -> get()  
[2022-06-30 07:50:26] local.DEBUG: user agent : Mozilla/5.0 (Linux; Android 4.1.1; X909 Build/JRO03L) AppleWebKit/537.36 (KHTML, like Gecko) Chrome/30.0.1599.92 Mobile Safari/537.36  
[2022-06-30 07:50:26] local.DEBUG: -> error string  
[2022-06-30 07:50:26] local.DEBUG: SQLSTATE[HY000] [1044] Access denied for user 'tpc'@'localhost' to database 'master_agent' (SQL: select * from `platform`)  
[2022-06-30 07:50:26] local.DEBUG: -> end  
[2022-06-30 07:50:31] local.DEBUG: error exception | AgentController -> get()  
[2022-06-30 07:50:31] local.DEBUG: user agent : Mozilla/5.0 (Linux; Android 4.1.1; X909 Build/JRO03L) AppleWebKit/537.36 (KHTML, like Gecko) Chrome/30.0.1599.92 Mobile Safari/537.36  
[2022-06-30 07:50:31] local.DEBUG: -> error string  
[2022-06-30 07:50:31] local.DEBUG: SQLSTATE[HY000] [1044] Access denied for user 'tpc'@'localhost' to database 'master_agent' (SQL: select * from `platform`)  
[2022-06-30 07:50:31] local.DEBUG: -> end  
[2022-06-30 07:51:22] local.DEBUG: error exception | AgentController -> get()  
[2022-06-30 07:51:22] local.DEBUG: user agent : Mozilla/5.0 (Linux; Android 4.1.1; X909 Build/JRO03L) AppleWebKit/537.36 (KHTML, like Gecko) Chrome/30.0.1599.92 Mobile Safari/537.36  
[2022-06-30 07:51:22] local.DEBUG: -> error string  
[2022-06-30 07:51:22] local.DEBUG: SQLSTATE[HY000] [1044] Access denied for user 'tpc'@'localhost' to database 'master_agent' (SQL: select * from `platform`)  
[2022-06-30 07:51:22] local.DEBUG: -> end  
[2022-06-30 07:51:23] local.DEBUG: error exception | AgentController -> get()  
[2022-06-30 07:51:23] local.DEBUG: user agent : Mozilla/5.0 (Linux; Android 4.1.1; X909 Build/JRO03L) AppleWebKit/537.36 (KHTML, like Gecko) Chrome/30.0.1599.92 Mobile Safari/537.36  
[2022-06-30 07:51:23] local.DEBUG: -> error string  
[2022-06-30 07:51:23] local.DEBUG: SQLSTATE[HY000] [1044] Access denied for user 'tpc'@'localhost' to database 'master_agent' (SQL: select * from `platform`)  
[2022-06-30 07:51:23] local.DEBUG: -> end  
[2022-06-30 07:52:39] local.DEBUG: error exception | AgentController -> get()  
[2022-06-30 07:52:39] local.DEBUG: user agent : Mozilla/5.0 (Linux; Android 4.1.1; X909 Build/JRO03L) AppleWebKit/537.36 (KHTML, like Gecko) Chrome/30.0.1599.92 Mobile Safari/537.36  
[2022-06-30 07:52:39] local.DEBUG: -> error string  
[2022-06-30 07:52:39] local.DEBUG: SQLSTATE[HY000] [1044] Access denied for user 'tpc'@'localhost' to database 'master_agent' (SQL: select * from `platform`)  
[2022-06-30 07:52:39] local.DEBUG: -> end  
[2022-06-30 07:52:40] local.DEBUG: error exception | AgentController -> get()  
[2022-06-30 07:52:40] local.DEBUG: user agent : Mozilla/5.0 (Linux; Android 4.1.1; X909 Build/JRO03L) AppleWebKit/537.36 (KHTML, like Gecko) Chrome/30.0.1599.92 Mobile Safari/537.36  
[2022-06-30 07:52:40] local.DEBUG: -> error string  
[2022-06-30 07:52:40] local.DEBUG: SQLSTATE[HY000] [1044] Access denied for user 'tpc'@'localhost' to database 'master_agent' (SQL: select * from `platform`)  
[2022-06-30 07:52:40] local.DEBUG: -> end  
[2022-06-30 07:52:57] local.DEBUG: error exception | AgentController -> get()  
[2022-06-30 07:52:57] local.DEBUG: user agent : Mozilla/5.0 (Linux; Android 4.1.1; X909 Build/JRO03L) AppleWebKit/537.36 (KHTML, like Gecko) Chrome/30.0.1599.92 Mobile Safari/537.36  
[2022-06-30 07:52:57] local.DEBUG: -> error string  
[2022-06-30 07:52:57] local.DEBUG: SQLSTATE[HY000] [1044] Access denied for user 'tpc'@'localhost' to database 'master_agent' (SQL: select * from `platform`)  
[2022-06-30 07:52:57] local.DEBUG: -> end  
[2022-06-30 07:52:59] local.DEBUG: error exception | AgentController -> get()  
[2022-06-30 07:52:59] local.DEBUG: user agent : Mozilla/5.0 (Linux; Android 4.1.1; X909 Build/JRO03L) AppleWebKit/537.36 (KHTML, like Gecko) Chrome/30.0.1599.92 Mobile Safari/537.36  
[2022-06-30 07:52:59] local.DEBUG: -> error string  
[2022-06-30 07:52:59] local.DEBUG: SQLSTATE[HY000] [1044] Access denied for user 'tpc'@'localhost' to database 'master_agent' (SQL: select * from `platform`)  
[2022-06-30 07:52:59] local.DEBUG: -> end  
[2022-06-30 07:53:58] local.DEBUG: error exception | AgentController -> get()  
[2022-06-30 07:53:58] local.DEBUG: user agent : Mozilla/5.0 (iPad; CPU OS 13_3 like Mac OS X) AppleWebKit/605.1.15 (KHTML, like Gecko) CriOS/87.0.4280.77 Mobile/15E148 Safari/604.1  
[2022-06-30 07:53:58] local.DEBUG: -> error string  
[2022-06-30 07:53:58] local.DEBUG: SQLSTATE[HY000] [1044] Access denied for user 'tpc'@'localhost' to database 'master_agent' (SQL: select * from `platform`)  
[2022-06-30 07:53:58] local.DEBUG: -> end  
[2022-06-30 07:54:00] local.DEBUG: error exception | AgentController -> get()  
[2022-06-30 07:54:00] local.DEBUG: user agent : Mozilla/5.0 (iPad; CPU OS 13_3 like Mac OS X) AppleWebKit/605.1.15 (KHTML, like Gecko) CriOS/87.0.4280.77 Mobile/15E148 Safari/604.1  
[2022-06-30 07:54:00] local.DEBUG: -> error string  
[2022-06-30 07:54:00] local.DEBUG: SQLSTATE[HY000] [1044] Access denied for user 'tpc'@'localhost' to database 'master_agent' (SQL: select * from `platform`)  
[2022-06-30 07:54:00] local.DEBUG: -> end  
[2022-06-30 07:54:43] local.DEBUG: error exception | AgentController -> get()  
[2022-06-30 07:54:43] local.DEBUG: user agent : Mozilla/5.0 (Windows NT 6.1) AppleWebKit/537.36 (KHTML, like Gecko) Chrome/102.0.0.0 Safari/537.36  
[2022-06-30 07:54:43] local.DEBUG: -> error string  
[2022-06-30 07:54:43] local.DEBUG: SQLSTATE[HY000] [1044] Access denied for user 'tpc'@'localhost' to database 'master_agent' (SQL: select * from `platform`)  
[2022-06-30 07:54:43] local.DEBUG: -> end  
[2022-06-30 07:54:44] local.DEBUG: error exception | AgentController -> get()  
[2022-06-30 07:54:44] local.DEBUG: user agent : Mozilla/5.0 (Windows NT 6.1) AppleWebKit/537.36 (KHTML, like Gecko) Chrome/102.0.0.0 Safari/537.36  
[2022-06-30 07:54:44] local.DEBUG: -> error string  
[2022-06-30 07:54:44] local.DEBUG: SQLSTATE[HY000] [1044] Access denied for user 'tpc'@'localhost' to database 'master_agent' (SQL: select * from `platform`)  
[2022-06-30 07:54:44] local.DEBUG: -> end  
[2022-06-30 07:54:52] local.DEBUG: error exception | AgentController -> get()  
[2022-06-30 07:54:52] local.DEBUG: user agent : Mozilla/5.0 (Windows NT 6.1) AppleWebKit/537.36 (KHTML, like Gecko) Chrome/102.0.0.0 Safari/537.36  
[2022-06-30 07:54:52] local.DEBUG: -> error string  
[2022-06-30 07:54:52] local.DEBUG: SQLSTATE[HY000] [1044] Access denied for user 'tpc'@'localhost' to database 'master_agent' (SQL: select * from `platform`)  
[2022-06-30 07:54:52] local.DEBUG: -> end  
[2022-06-30 08:33:56] local.DEBUG: error exception | AgentController -> get()  
[2022-06-30 08:33:56] local.DEBUG: user agent : Mozilla/5.0 (Windows NT 6.1) AppleWebKit/537.36 (KHTML, like Gecko) Chrome/102.0.0.0 Safari/537.36  
[2022-06-30 08:33:56] local.DEBUG: -> error string  
[2022-06-30 08:33:56] local.DEBUG: SQLSTATE[HY000] [1044] Access denied for user 'tpc'@'localhost' to database 'master_agent' (SQL: select * from `platform`)  
[2022-06-30 08:33:56] local.DEBUG: -> end  
