[2022-07-04 02:19:26] local.DEBUG: error exception | AgentController -> get()  
[2022-07-04 02:19:26] local.DEBUG: user agent : Mozilla/5.0 (Windows NT 6.1) AppleWebKit/537.36 (KHTML, like Gecko) Chrome/103.0.0.0 Safari/537.36  
[2022-07-04 02:19:26] local.DEBUG: -> error string  
[2022-07-04 02:19:26] local.DEBUG: SQLSTATE[HY000] [2002] No connection could be made because the target machine actively refused it.
 (SQL: select * from `platform`)  
[2022-07-04 02:19:26] local.DEBUG: -> end  
[2022-07-04 03:41:19] local.DEBUG: error exception | AgentController -> get()  
[2022-07-04 03:41:20] local.DEBUG: user agent : Mozilla/5.0 (Windows NT 6.1) AppleWebKit/537.36 (KHTML, like Gecko) Chrome/103.0.0.0 Safari/537.36  
[2022-07-04 03:41:20] local.DEBUG: -> error string  
[2022-07-04 03:41:20] local.DEBUG: SQLSTATE[HY000] [1044] Access denied for user 'tpc'@'localhost' to database 'master_agent' (SQL: select * from `platform`)  
[2022-07-04 03:41:20] local.DEBUG: -> end  
[2022-07-04 03:41:59] local.DEBUG: error exception | AgentController -> get()  
[2022-07-04 03:41:59] local.DEBUG: user agent : Mozilla/5.0 (Windows NT 6.1) AppleWebKit/537.36 (KHTML, like Gecko) Chrome/103.0.0.0 Safari/537.36  
[2022-07-04 03:41:59] local.DEBUG: -> error string  
[2022-07-04 03:41:59] local.DEBUG: SQLSTATE[HY000] [1044] Access denied for user 'tpc'@'localhost' to database 'master_agent' (SQL: select * from `platform`)  
[2022-07-04 03:41:59] local.DEBUG: -> end  
[2022-07-04 03:42:27] local.DEBUG: error exception | AgentController -> get()  
[2022-07-04 03:42:27] local.DEBUG: user agent : Mozilla/5.0 (Windows NT 6.1) AppleWebKit/537.36 (KHTML, like Gecko) Chrome/103.0.0.0 Safari/537.36  
[2022-07-04 03:42:27] local.DEBUG: -> error string  
[2022-07-04 03:42:27] local.DEBUG: SQLSTATE[HY000] [1044] Access denied for user 'tpc'@'localhost' to database 'master_agent' (SQL: select * from `platform`)  
[2022-07-04 03:42:27] local.DEBUG: -> end  
[2022-07-04 03:43:18] local.DEBUG: error exception | AgentController -> get()  
[2022-07-04 03:43:18] local.DEBUG: user agent : Mozilla/5.0 (Windows NT 6.1) AppleWebKit/537.36 (KHTML, like Gecko) Chrome/103.0.0.0 Safari/537.36  
[2022-07-04 03:43:18] local.DEBUG: -> error string  
[2022-07-04 03:43:18] local.DEBUG: SQLSTATE[HY000] [1044] Access denied for user 'tpc'@'localhost' to database 'master_agent' (SQL: select * from `platform`)  
[2022-07-04 03:43:18] local.DEBUG: -> end  
[2022-07-04 03:43:18] local.DEBUG: error exception | AgentController -> get()  
[2022-07-04 03:43:18] local.DEBUG: user agent : Mozilla/5.0 (Windows NT 6.1) AppleWebKit/537.36 (KHTML, like Gecko) Chrome/103.0.0.0 Safari/537.36  
[2022-07-04 03:43:18] local.DEBUG: -> error string  
[2022-07-04 03:43:18] local.DEBUG: SQLSTATE[HY000] [1044] Access denied for user 'tpc'@'localhost' to database 'master_agent' (SQL: select * from `platform`)  
[2022-07-04 03:43:18] local.DEBUG: -> end  
[2022-07-04 03:43:18] local.DEBUG: error exception | AgentController -> get()  
[2022-07-04 03:43:18] local.DEBUG: user agent : Mozilla/5.0 (Windows NT 6.1) AppleWebKit/537.36 (KHTML, like Gecko) Chrome/103.0.0.0 Safari/537.36  
[2022-07-04 03:43:18] local.DEBUG: -> error string  
[2022-07-04 03:43:18] local.DEBUG: SQLSTATE[HY000] [1044] Access denied for user 'tpc'@'localhost' to database 'master_agent' (SQL: select * from `platform`)  
[2022-07-04 03:43:18] local.DEBUG: -> end  
[2022-07-04 03:53:38] local.DEBUG: error exception | AgentController -> get()  
[2022-07-04 03:53:38] local.DEBUG: user agent : Mozilla/5.0 (Windows NT 6.1) AppleWebKit/537.36 (KHTML, like Gecko) Chrome/103.0.0.0 Safari/537.36  
[2022-07-04 03:53:38] local.DEBUG: -> error string  
[2022-07-04 03:53:38] local.DEBUG: SQLSTATE[HY000] [1044] Access denied for user 'tpc'@'localhost' to database 'master_agent' (SQL: select * from `platform`)  
[2022-07-04 03:53:38] local.DEBUG: -> end  
[2022-07-04 03:54:57] local.DEBUG: error exception | AgentController -> get()  
[2022-07-04 03:54:57] local.DEBUG: user agent : Mozilla/5.0 (Windows NT 6.1) AppleWebKit/537.36 (KHTML, like Gecko) Chrome/103.0.0.0 Safari/537.36  
[2022-07-04 03:54:57] local.DEBUG: -> error string  
[2022-07-04 03:54:57] local.DEBUG: SQLSTATE[HY000] [1044] Access denied for user 'tpc'@'localhost' to database 'master_agent' (SQL: select * from `platform`)  
[2022-07-04 03:54:57] local.DEBUG: -> end  
[2022-07-04 03:56:04] local.DEBUG: error exception | AgentController -> get()  
[2022-07-04 03:56:04] local.DEBUG: user agent : Mozilla/5.0 (Windows NT 6.1) AppleWebKit/537.36 (KHTML, like Gecko) Chrome/103.0.0.0 Safari/537.36  
[2022-07-04 03:56:04] local.DEBUG: -> error string  
[2022-07-04 03:56:04] local.DEBUG: SQLSTATE[HY000] [1044] Access denied for user 'tpc'@'localhost' to database 'master_agent' (SQL: select * from `platform`)  
[2022-07-04 03:56:04] local.DEBUG: -> end  
[2022-07-04 03:58:39] local.DEBUG: error exception | AgentController -> get()  
[2022-07-04 03:58:39] local.DEBUG: user agent : Mozilla/5.0 (Windows NT 6.1) AppleWebKit/537.36 (KHTML, like Gecko) Chrome/103.0.0.0 Safari/537.36  
[2022-07-04 03:58:39] local.DEBUG: -> error string  
[2022-07-04 03:58:39] local.DEBUG: SQLSTATE[HY000] [1044] Access denied for user 'tpc'@'localhost' to database 'master_agent' (SQL: select * from `platform`)  
[2022-07-04 03:58:39] local.DEBUG: -> end  
[2022-07-04 03:58:51] local.DEBUG: error exception | AgentController -> get()  
[2022-07-04 03:58:51] local.DEBUG: user agent : Mozilla/5.0 (Windows NT 6.1) AppleWebKit/537.36 (KHTML, like Gecko) Chrome/103.0.0.0 Safari/537.36  
[2022-07-04 03:58:51] local.DEBUG: -> error string  
[2022-07-04 03:58:51] local.DEBUG: SQLSTATE[HY000] [1044] Access denied for user 'tpc'@'localhost' to database 'master_agent' (SQL: select * from `platform`)  
[2022-07-04 03:58:51] local.DEBUG: -> end  
[2022-07-04 04:28:54] local.DEBUG: error exception | AgentController -> get()  
[2022-07-04 04:28:54] local.DEBUG: user agent : Mozilla/5.0 (Windows NT 6.1) AppleWebKit/537.36 (KHTML, like Gecko) Chrome/103.0.0.0 Safari/537.36  
[2022-07-04 04:28:54] local.DEBUG: -> error string  
[2022-07-04 04:28:54] local.DEBUG: SQLSTATE[HY000] [1044] Access denied for user 'tpc'@'localhost' to database 'master_agent' (SQL: select * from `platform`)  
[2022-07-04 04:28:54] local.DEBUG: -> end  
[2022-07-04 04:29:38] local.DEBUG: error exception | AgentController -> get()  
[2022-07-04 04:29:38] local.DEBUG: user agent : Mozilla/5.0 (Windows NT 6.1) AppleWebKit/537.36 (KHTML, like Gecko) Chrome/103.0.0.0 Safari/537.36  
[2022-07-04 04:29:38] local.DEBUG: -> error string  
[2022-07-04 04:29:38] local.DEBUG: SQLSTATE[HY000] [1044] Access denied for user 'tpc'@'localhost' to database 'master_agent' (SQL: select * from `platform`)  
[2022-07-04 04:29:38] local.DEBUG: -> end  
[2022-07-04 04:30:29] local.DEBUG: error exception | AgentController -> get()  
[2022-07-04 04:30:29] local.DEBUG: user agent : Mozilla/5.0 (Windows NT 6.1) AppleWebKit/537.36 (KHTML, like Gecko) Chrome/103.0.0.0 Safari/537.36  
[2022-07-04 04:30:29] local.DEBUG: -> error string  
[2022-07-04 04:30:29] local.DEBUG: SQLSTATE[HY000] [1044] Access denied for user 'tpc'@'localhost' to database 'master_agent' (SQL: select * from `platform`)  
[2022-07-04 04:30:29] local.DEBUG: -> end  
[2022-07-04 04:31:03] local.DEBUG: error exception | AgentController -> get()  
[2022-07-04 04:31:03] local.DEBUG: user agent : Mozilla/5.0 (Windows NT 6.1) AppleWebKit/537.36 (KHTML, like Gecko) Chrome/103.0.0.0 Safari/537.36  
[2022-07-04 04:31:03] local.DEBUG: -> error string  
[2022-07-04 04:31:03] local.DEBUG: SQLSTATE[HY000] [1044] Access denied for user 'tpc'@'localhost' to database 'master_agent' (SQL: select * from `platform`)  
[2022-07-04 04:31:03] local.DEBUG: -> end  
[2022-07-04 04:32:40] local.DEBUG: error exception | AgentController -> get()  
[2022-07-04 04:32:40] local.DEBUG: user agent : Mozilla/5.0 (Windows NT 6.1) AppleWebKit/537.36 (KHTML, like Gecko) Chrome/103.0.0.0 Safari/537.36  
[2022-07-04 04:32:40] local.DEBUG: -> error string  
[2022-07-04 04:32:40] local.DEBUG: SQLSTATE[HY000] [1044] Access denied for user 'tpc'@'localhost' to database 'master_agent' (SQL: select * from `platform`)  
[2022-07-04 04:32:40] local.DEBUG: -> end  
[2022-07-04 04:45:32] local.DEBUG: error exception | AgentController -> get()  
[2022-07-04 04:45:32] local.DEBUG: user agent : Mozilla/5.0 (Windows NT 6.1) AppleWebKit/537.36 (KHTML, like Gecko) Chrome/103.0.0.0 Safari/537.36  
[2022-07-04 04:45:32] local.DEBUG: -> error string  
[2022-07-04 04:45:32] local.DEBUG: SQLSTATE[HY000] [1044] Access denied for user 'tpc'@'localhost' to database 'master_agent' (SQL: select * from `platform`)  
[2022-07-04 04:45:32] local.DEBUG: -> end  
[2022-07-04 04:45:58] local.DEBUG: error exception | AgentController -> get()  
[2022-07-04 04:45:58] local.DEBUG: user agent : Mozilla/5.0 (Windows NT 6.1) AppleWebKit/537.36 (KHTML, like Gecko) Chrome/103.0.0.0 Safari/537.36  
[2022-07-04 04:45:58] local.DEBUG: -> error string  
[2022-07-04 04:45:58] local.DEBUG: SQLSTATE[HY000] [1044] Access denied for user 'tpc'@'localhost' to database 'master_agent' (SQL: select * from `platform`)  
[2022-07-04 04:45:58] local.DEBUG: -> end  
[2022-07-04 04:57:26] local.DEBUG: error exception | AgentController -> get()  
[2022-07-04 04:57:26] local.DEBUG: user agent : Mozilla/5.0 (Windows NT 6.1) AppleWebKit/537.36 (KHTML, like Gecko) Chrome/103.0.0.0 Safari/537.36  
[2022-07-04 04:57:26] local.DEBUG: -> error string  
[2022-07-04 04:57:26] local.DEBUG: SQLSTATE[HY000] [1044] Access denied for user 'tpc'@'localhost' to database 'master_agent' (SQL: select * from `platform`)  
[2022-07-04 04:57:26] local.DEBUG: -> end  
[2022-07-04 05:01:24] local.DEBUG: error exception | AgentController -> get()  
[2022-07-04 05:01:24] local.DEBUG: user agent : Mozilla/5.0 (Linux; Android 4.1.1; X909 Build/JRO03L) AppleWebKit/537.36 (KHTML, like Gecko) Chrome/30.0.1599.92 Mobile Safari/537.36  
[2022-07-04 05:01:24] local.DEBUG: -> error string  
[2022-07-04 05:01:24] local.DEBUG: SQLSTATE[HY000] [1044] Access denied for user 'tpc'@'localhost' to database 'master_agent' (SQL: select * from `platform`)  
[2022-07-04 05:01:24] local.DEBUG: -> end  
[2022-07-04 05:08:33] local.DEBUG: error exception | AgentController -> get()  
[2022-07-04 05:08:33] local.DEBUG: user agent : Mozilla/5.0 (Windows NT 6.1) AppleWebKit/537.36 (KHTML, like Gecko) Chrome/103.0.0.0 Safari/537.36  
[2022-07-04 05:08:33] local.DEBUG: -> error string  
[2022-07-04 05:08:33] local.DEBUG: SQLSTATE[HY000] [1044] Access denied for user 'tpc'@'localhost' to database 'master_agent' (SQL: select * from `platform`)  
[2022-07-04 05:08:33] local.DEBUG: -> end  
[2022-07-04 05:21:34] local.DEBUG: error exception | AgentController -> get()  
[2022-07-04 05:21:34] local.DEBUG: user agent : Mozilla/5.0 (Windows NT 6.1) AppleWebKit/537.36 (KHTML, like Gecko) Chrome/103.0.0.0 Safari/537.36  
[2022-07-04 05:21:34] local.DEBUG: -> error string  
[2022-07-04 05:21:34] local.DEBUG: SQLSTATE[HY000] [1044] Access denied for user 'tpc'@'localhost' to database 'master_agent' (SQL: select * from `platform`)  
[2022-07-04 05:21:34] local.DEBUG: -> end  
[2022-07-04 05:22:36] local.DEBUG: error exception | AgentController -> get()  
[2022-07-04 05:22:36] local.DEBUG: user agent : Mozilla/5.0 (Windows NT 6.1) AppleWebKit/537.36 (KHTML, like Gecko) Chrome/103.0.0.0 Safari/537.36  
[2022-07-04 05:22:36] local.DEBUG: -> error string  
[2022-07-04 05:22:36] local.DEBUG: SQLSTATE[HY000] [1044] Access denied for user 'tpc'@'localhost' to database 'master_agent' (SQL: select * from `platform`)  
[2022-07-04 05:22:36] local.DEBUG: -> end  
[2022-07-04 05:29:45] local.DEBUG: error exception | AgentController -> get()  
[2022-07-04 05:29:45] local.DEBUG: user agent : Mozilla/5.0 (Windows NT 6.1) AppleWebKit/537.36 (KHTML, like Gecko) Chrome/103.0.0.0 Safari/537.36  
[2022-07-04 05:29:45] local.DEBUG: -> error string  
[2022-07-04 05:29:45] local.DEBUG: SQLSTATE[HY000] [1044] Access denied for user 'tpc'@'localhost' to database 'master_agent' (SQL: select * from `platform`)  
[2022-07-04 05:29:45] local.DEBUG: -> end  
[2022-07-04 05:31:20] local.DEBUG: error exception | AgentController -> get()  
[2022-07-04 05:31:20] local.DEBUG: user agent : Mozilla/5.0 (Windows NT 6.1) AppleWebKit/537.36 (KHTML, like Gecko) Chrome/103.0.0.0 Safari/537.36  
[2022-07-04 05:31:20] local.DEBUG: -> error string  
[2022-07-04 05:31:20] local.DEBUG: SQLSTATE[HY000] [1044] Access denied for user 'tpc'@'localhost' to database 'master_agent' (SQL: select * from `platform`)  
[2022-07-04 05:31:20] local.DEBUG: -> end  
[2022-07-04 06:54:39] local.DEBUG: error exception | AgentController -> get()  
[2022-07-04 06:54:39] local.DEBUG: user agent : Mozilla/5.0 (Linux; Android 4.1.1; X909 Build/JRO03L) AppleWebKit/537.36 (KHTML, like Gecko) Chrome/30.0.1599.92 Mobile Safari/537.36  
[2022-07-04 06:54:39] local.DEBUG: -> error string  
[2022-07-04 06:54:39] local.DEBUG: SQLSTATE[HY000] [1044] Access denied for user 'tpc'@'localhost' to database 'master_agent' (SQL: select * from `platform`)  
[2022-07-04 06:54:39] local.DEBUG: -> end  
[2022-07-04 06:55:21] local.DEBUG: error exception | AgentController -> get()  
[2022-07-04 06:55:21] local.DEBUG: user agent : Mozilla/5.0 (Linux; Android 4.1.1; X909 Build/JRO03L) AppleWebKit/537.36 (KHTML, like Gecko) Chrome/30.0.1599.92 Mobile Safari/537.36  
[2022-07-04 06:55:21] local.DEBUG: -> error string  
[2022-07-04 06:55:21] local.DEBUG: SQLSTATE[HY000] [1044] Access denied for user 'tpc'@'localhost' to database 'master_agent' (SQL: select * from `platform`)  
[2022-07-04 06:55:21] local.DEBUG: -> end  
[2022-07-04 06:56:17] local.DEBUG: error exception | AgentController -> get()  
[2022-07-04 06:56:17] local.DEBUG: user agent : Mozilla/5.0 (Linux; Android 4.1.1; X909 Build/JRO03L) AppleWebKit/537.36 (KHTML, like Gecko) Chrome/30.0.1599.92 Mobile Safari/537.36  
[2022-07-04 06:56:17] local.DEBUG: -> error string  
[2022-07-04 06:56:17] local.DEBUG: SQLSTATE[HY000] [1044] Access denied for user 'tpc'@'localhost' to database 'master_agent' (SQL: select * from `platform`)  
[2022-07-04 06:56:17] local.DEBUG: -> end  
[2022-07-04 07:00:44] local.DEBUG: error exception | AgentController -> get()  
[2022-07-04 07:00:44] local.DEBUG: user agent : Mozilla/5.0 (Linux; Android 4.1.1; X909 Build/JRO03L) AppleWebKit/537.36 (KHTML, like Gecko) Chrome/30.0.1599.92 Mobile Safari/537.36  
[2022-07-04 07:00:44] local.DEBUG: -> error string  
[2022-07-04 07:00:44] local.DEBUG: SQLSTATE[HY000] [1044] Access denied for user 'tpc'@'localhost' to database 'master_agent' (SQL: select * from `platform`)  
[2022-07-04 07:00:44] local.DEBUG: -> end  
[2022-07-04 07:03:16] local.DEBUG: error exception | AgentController -> get()  
[2022-07-04 07:03:16] local.DEBUG: user agent : Mozilla/5.0 (Linux; Android 4.1.1; X909 Build/JRO03L) AppleWebKit/537.36 (KHTML, like Gecko) Chrome/30.0.1599.92 Mobile Safari/537.36  
[2022-07-04 07:03:16] local.DEBUG: -> error string  
[2022-07-04 07:03:16] local.DEBUG: SQLSTATE[HY000] [1044] Access denied for user 'tpc'@'localhost' to database 'master_agent' (SQL: select * from `platform`)  
[2022-07-04 07:03:16] local.DEBUG: -> end  
[2022-07-04 07:03:36] local.DEBUG: error exception | AgentController -> get()  
[2022-07-04 07:03:36] local.DEBUG: user agent : Mozilla/5.0 (Linux; Android 4.1.1; X909 Build/JRO03L) AppleWebKit/537.36 (KHTML, like Gecko) Chrome/30.0.1599.92 Mobile Safari/537.36  
[2022-07-04 07:03:36] local.DEBUG: -> error string  
[2022-07-04 07:03:36] local.DEBUG: SQLSTATE[HY000] [1044] Access denied for user 'tpc'@'localhost' to database 'master_agent' (SQL: select * from `platform`)  
[2022-07-04 07:03:36] local.DEBUG: -> end  
[2022-07-04 07:05:25] local.DEBUG: error exception | AgentController -> get()  
[2022-07-04 07:05:25] local.DEBUG: user agent : Mozilla/5.0 (Linux; Android 4.1.1; X909 Build/JRO03L) AppleWebKit/537.36 (KHTML, like Gecko) Chrome/30.0.1599.92 Mobile Safari/537.36  
[2022-07-04 07:05:25] local.DEBUG: -> error string  
[2022-07-04 07:05:25] local.DEBUG: SQLSTATE[HY000] [1044] Access denied for user 'tpc'@'localhost' to database 'master_agent' (SQL: select * from `platform`)  
[2022-07-04 07:05:25] local.DEBUG: -> end  
[2022-07-04 07:05:46] local.DEBUG: error exception | AgentController -> get()  
[2022-07-04 07:05:46] local.DEBUG: user agent : Mozilla/5.0 (Linux; Android 4.1.1; X909 Build/JRO03L) AppleWebKit/537.36 (KHTML, like Gecko) Chrome/30.0.1599.92 Mobile Safari/537.36  
[2022-07-04 07:05:46] local.DEBUG: -> error string  
[2022-07-04 07:05:46] local.DEBUG: SQLSTATE[HY000] [1044] Access denied for user 'tpc'@'localhost' to database 'master_agent' (SQL: select * from `platform`)  
[2022-07-04 07:05:46] local.DEBUG: -> end  
[2022-07-04 07:07:46] local.DEBUG: error exception | AgentController -> get()  
[2022-07-04 07:07:46] local.DEBUG: user agent : Mozilla/5.0 (Windows NT 6.1) AppleWebKit/537.36 (KHTML, like Gecko) Chrome/103.0.0.0 Safari/537.36  
[2022-07-04 07:07:46] local.DEBUG: -> error string  
[2022-07-04 07:07:46] local.DEBUG: SQLSTATE[HY000] [1044] Access denied for user 'tpc'@'localhost' to database 'master_agent' (SQL: select * from `platform`)  
[2022-07-04 07:07:46] local.DEBUG: -> end  
[2022-07-04 07:09:01] local.DEBUG: error exception | AgentController -> get()  
[2022-07-04 07:09:01] local.DEBUG: user agent : Mozilla/5.0 (Windows NT 6.1) AppleWebKit/537.36 (KHTML, like Gecko) Chrome/103.0.0.0 Safari/537.36  
[2022-07-04 07:09:01] local.DEBUG: -> error string  
[2022-07-04 07:09:01] local.DEBUG: SQLSTATE[HY000] [1044] Access denied for user 'tpc'@'localhost' to database 'master_agent' (SQL: select * from `platform`)  
[2022-07-04 07:09:01] local.DEBUG: -> end  
[2022-07-04 07:10:45] local.DEBUG: error exception | AgentController -> get()  
[2022-07-04 07:10:45] local.DEBUG: user agent : Mozilla/5.0 (Windows NT 6.1) AppleWebKit/537.36 (KHTML, like Gecko) Chrome/103.0.0.0 Safari/537.36  
[2022-07-04 07:10:45] local.DEBUG: -> error string  
[2022-07-04 07:10:45] local.DEBUG: SQLSTATE[HY000] [1044] Access denied for user 'tpc'@'localhost' to database 'master_agent' (SQL: select * from `platform`)  
[2022-07-04 07:10:45] local.DEBUG: -> end  
[2022-07-04 07:10:50] local.DEBUG: error exception | AgentController -> get()  
[2022-07-04 07:10:50] local.DEBUG: user agent : Mozilla/5.0 (Windows NT 6.1) AppleWebKit/537.36 (KHTML, like Gecko) Chrome/103.0.0.0 Safari/537.36  
[2022-07-04 07:10:50] local.DEBUG: -> error string  
[2022-07-04 07:10:50] local.DEBUG: SQLSTATE[HY000] [1044] Access denied for user 'tpc'@'localhost' to database 'master_agent' (SQL: select * from `platform`)  
[2022-07-04 07:10:50] local.DEBUG: -> end  
[2022-07-04 07:16:14] local.DEBUG: error exception | AgentController -> get()  
[2022-07-04 07:16:14] local.DEBUG: user agent : Mozilla/5.0 (Windows NT 6.1) AppleWebKit/537.36 (KHTML, like Gecko) Chrome/103.0.0.0 Safari/537.36  
[2022-07-04 07:16:14] local.DEBUG: -> error string  
[2022-07-04 07:16:14] local.DEBUG: SQLSTATE[HY000] [1044] Access denied for user 'tpc'@'localhost' to database 'master_agent' (SQL: select * from `platform`)  
[2022-07-04 07:16:14] local.DEBUG: -> end  
[2022-07-04 07:22:17] local.DEBUG: error exception | AgentController -> get()  
[2022-07-04 07:22:17] local.DEBUG: user agent : Mozilla/5.0 (Windows NT 6.1) AppleWebKit/537.36 (KHTML, like Gecko) Chrome/103.0.0.0 Safari/537.36  
[2022-07-04 07:22:17] local.DEBUG: -> error string  
[2022-07-04 07:22:17] local.DEBUG: SQLSTATE[HY000] [1044] Access denied for user 'tpc'@'localhost' to database 'master_agent' (SQL: select * from `platform`)  
[2022-07-04 07:22:17] local.DEBUG: -> end  
[2022-07-04 07:22:18] local.DEBUG: error exception | AgentController -> get()  
[2022-07-04 07:22:18] local.DEBUG: user agent : Mozilla/5.0 (Windows NT 6.1) AppleWebKit/537.36 (KHTML, like Gecko) Chrome/103.0.0.0 Safari/537.36  
[2022-07-04 07:22:18] local.DEBUG: -> error string  
[2022-07-04 07:22:18] local.DEBUG: SQLSTATE[HY000] [1044] Access denied for user 'tpc'@'localhost' to database 'master_agent' (SQL: select * from `platform`)  
[2022-07-04 07:22:18] local.DEBUG: -> end  
